Looking for git in: git
Using git 2.17.1 from git
> git rev-parse --show-toplevel
> git rev-parse --git-dir
Open repository: /home/anna/bootcamp2019/GoBarber
> git status -z -u
> git symbolic-ref --short HEAD
> git rev-parse branch1
> git rev-parse --symbolic-full-name branch1@{u}
> git show :src/app/models/File.js
fatal: no upstream configured for branch 'branch1'
> git for-each-ref --format %(refname) %(objectname) --sort -committerdate
> git remote --verbose
> git config --get commit.template
> git check-ignore -v -z --stdin
> git show :src/app.js
> git status -z -u
> git symbolic-ref --short HEAD
> git rev-parse branch1
> git rev-parse --symbolic-full-name branch1@{u}
fatal: no upstream configured for branch 'branch1'
> git for-each-ref --format %(refname) %(objectname) --sort -committerdate
> git remote --verbose
> git config --get commit.template
> git status -z -u
> git symbolic-ref --short HEAD
> git rev-parse branch1
> git rev-parse --symbolic-full-name branch1@{u}
fatal: no upstream configured for branch 'branch1'
> git for-each-ref --format %(refname) %(objectname) --sort -committerdate
> git remote --verbose
> git config --get commit.template
> git check-ignore -v -z --stdin
> git show :node_modules/pirates/lib/index.js
> git check-ignore -v -z --stdin
> git show :src/app.js
> git check-ignore -v -z --stdin
> git show :src/app/models/File.js
> git status -z -u
> git symbolic-ref --short HEAD
> git rev-parse branch1
> git rev-parse --symbolic-full-name branch1@{u}
fatal: no upstream configured for branch 'branch1'
> git for-each-ref --format %(refname) %(objectname) --sort -committerdate
> git remote --verbose
> git config --get commit.template
> git show :src/app.js
> git status -z -u
> git symbolic-ref --short HEAD
> git rev-parse branch1
> git rev-parse --symbolic-full-name branch1@{u}
fatal: no upstream configured for branch 'branch1'
> git for-each-ref --format %(refname) %(objectname) --sort -committerdate
> git remote --verbose
> git config --get commit.template
> git show :src/app/models/File.js
> git status -z -u
> git symbolic-ref --short HEAD
> git rev-parse branch1
> git rev-parse --symbolic-full-name branch1@{u}
fatal: no upstream configured for branch 'branch1'
> git for-each-ref --format %(refname) %(objectname) --sort -committerdate
> git remote --verbose
> git config --get commit.template
> git status -z -u
> git show :src/app/models/File.js
> git symbolic-ref --short HEAD
> git rev-parse branch1
> git rev-parse --symbolic-full-name branch1@{u}
fatal: no upstream configured for branch 'branch1'
> git for-each-ref --format %(refname) %(objectname) --sort -committerdate
> git remote --verbose
> git config --get commit.template
> git status -z -u
> git show :src/app/models/File.js
> git symbolic-ref --short HEAD
> git rev-parse branch1
> git rev-parse --symbolic-full-name branch1@{u}
fatal: no upstream configured for branch 'branch1'
> git for-each-ref --format %(refname) %(objectname) --sort -committerdate
> git remote --verbose
> git config --get commit.template
> git status -z -u
> git symbolic-ref --short HEAD
> git rev-parse branch1
> git rev-parse --symbolic-full-name branch1@{u}
fatal: no upstream configured for branch 'branch1'
> git for-each-ref --format %(refname) %(objectname) --sort -committerdate
> git remote --verbose
> git config --get commit.template
> git show :src/app.js
> git show :src/app/controllers/ProviderController.js
> git check-ignore -v -z --stdin
> git show :src/app/controllers/FileController.js
> git check-ignore -v -z --stdin
> git show :src/routes.js
> git check-ignore -v -z --stdin
> git show :src/database/migrations/20200105154116-add-avatar-field-to-users.js
> git show :src/database/migrations/20200105042520-create-files.js
> git show :src/database/migrations/20200105175714-create-appointments.js
> git status -z -u
> git symbolic-ref --short HEAD
> git rev-parse branch1
> git rev-parse --symbolic-full-name branch1@{u}
fatal: no upstream configured for branch 'branch1'
> git for-each-ref --format %(refname) %(objectname) --sort -committerdate
> git remote --verbose
> git config --get commit.template
> git status -z -u
> git symbolic-ref --short HEAD
> git rev-parse branch1
> git rev-parse --symbolic-full-name branch1@{u}
fatal: no upstream configured for branch 'branch1'
> git for-each-ref --format %(refname) %(objectname) --sort -committerdate
> git remote --verbose
> git config --get commit.template
> git status -z -u
> git symbolic-ref --short HEAD
> git rev-parse branch1
> git rev-parse --symbolic-full-name branch1@{u}
fatal: no upstream configured for branch 'branch1'
> git for-each-ref --format %(refname) %(objectname) --sort -committerdate
> git remote --verbose
> git config --get commit.template
> git show :src/database/migrations/20200105154116-add-avatar-field-to-users.js
> git show :src/database/migrations/20200105175714-create-appointments.js
> git status -z -u
> git symbolic-ref --short HEAD
> git rev-parse branch1
> git rev-parse --symbolic-full-name branch1@{u}
fatal: no upstream configured for branch 'branch1'
> git for-each-ref --format %(refname) %(objectname) --sort -committerdate
> git remote --verbose
> git config --get commit.template
> git status -z -u
> git symbolic-ref --short HEAD
> git rev-parse branch1
> git rev-parse --symbolic-full-name branch1@{u}
fatal: no upstream configured for branch 'branch1'
> git for-each-ref --format %(refname) %(objectname) --sort -committerdate
> git remote --verbose
> git config --get commit.template
> git status -z -u
> git symbolic-ref --short HEAD
> git rev-parse branch1
> git rev-parse --symbolic-full-name branch1@{u}
fatal: no upstream configured for branch 'branch1'
> git for-each-ref --format %(refname) %(objectname) --sort -committerdate
> git remote --verbose
> git config --get commit.template
> git status -z -u
> git symbolic-ref --short HEAD
> git rev-parse branch1
> git rev-parse --symbolic-full-name branch1@{u}
fatal: no upstream configured for branch 'branch1'
> git for-each-ref --format %(refname) %(objectname) --sort -committerdate
> git remote --verbose
> git config --get commit.template
> git status -z -u
> git symbolic-ref --short HEAD
> git rev-parse branch1
> git rev-parse --symbolic-full-name branch1@{u}
fatal: no upstream configured for branch 'branch1'
> git for-each-ref --format %(refname) %(objectname) --sort -committerdate
> git remote --verbose
> git config --get commit.template
> git show :src/routes.js
> git show :src/database/migrations/20200105175714-create-appointments.js
> git status -z -u
> git symbolic-ref --short HEAD
> git rev-parse branch1
> git rev-parse --symbolic-full-name branch1@{u}
fatal: no upstream configured for branch 'branch1'
> git for-each-ref --format %(refname) %(objectname) --sort -committerdate
> git remote --verbose
> git config --get commit.template
> git check-ignore -v -z --stdin
> git show :src/database/migrations/20200105180416-create-appointments.js
> git show :src/database/migrations/20200105175714-create-appointments.js
> git status -z -u
> git symbolic-ref --short HEAD
> git rev-parse branch1
> git rev-parse --symbolic-full-name branch1@{u}
fatal: no upstream configured for branch 'branch1'
> git for-each-ref --format %(refname) %(objectname) --sort -committerdate
> git remote --verbose
> git config --get commit.template
> git show :src/config/multer.js
> git check-ignore -v -z --stdin
> git show :src/database/migrations/20200105175714-create-appointments.js
> git show :src/database/migrations/20200105154116-add-avatar-field-to-users.js
> git show :src/database/migrations/20200105175714-create-appointments.js
> git show :src/database/migrations/20200105154116-add-avatar-field-to-users.js
> git show :src/database/migrations/20200105175714-create-appointments.js
> git show :src/database/migrations/20200105154116-add-avatar-field-to-users.js
> git show :src/database/migrations/20200105175714-create-appointments.js
> git status -z -u
> git symbolic-ref --short HEAD
> git rev-parse branch1
> git rev-parse --symbolic-full-name branch1@{u}
fatal: no upstream configured for branch 'branch1'
> git for-each-ref --format %(refname) %(objectname) --sort -committerdate
> git remote --verbose
> git config --get commit.template
> git status -z -u
> git symbolic-ref --short HEAD
> git rev-parse branch1
> git rev-parse --symbolic-full-name branch1@{u}
fatal: no upstream configured for branch 'branch1'
> git for-each-ref --format %(refname) %(objectname) --sort -committerdate
> git remote --verbose
> git config --get commit.template
> git check-ignore -v -z --stdin
> git show :node_modules/express/lib/application.js
> git check-ignore -v -z --stdin
> git show :src/database/migrations/20200105175714-create-appointments.js
> git show :src/app/models/File.js
> git status -z -u
> git symbolic-ref --short HEAD
> git rev-parse branch1
> git rev-parse --symbolic-full-name branch1@{u}
fatal: no upstream configured for branch 'branch1'
> git for-each-ref --format %(refname) %(objectname) --sort -committerdate
> git remote --verbose
> git config --get commit.template
> git status -z -u
> git symbolic-ref --short HEAD
> git rev-parse branch1
> git rev-parse --symbolic-full-name branch1@{u}
fatal: no upstream configured for branch 'branch1'
> git for-each-ref --format %(refname) %(objectname) --sort -committerdate
> git remote --verbose
> git config --get commit.template
> git show :src/app/models/Appointment.js
> git check-ignore -v -z --stdin
> git status -z -u
> git symbolic-ref --short HEAD
> git rev-parse branch1
> git rev-parse --symbolic-full-name branch1@{u}
fatal: no upstream configured for branch 'branch1'
> git for-each-ref --format %(refname) %(objectname) --sort -committerdate
> git remote --verbose
> git config --get commit.template
> git show :src/app/models/File.js
> git show :src/app/models/Appointment.js
> git status -z -u
> git symbolic-ref --short HEAD
> git rev-parse branch1
> git rev-parse --symbolic-full-name branch1@{u}
fatal: no upstream configured for branch 'branch1'
> git for-each-ref --format %(refname) %(objectname) --sort -committerdate
> git remote --verbose
> git config --get commit.template
> git status -z -u
> git symbolic-ref --short HEAD
> git rev-parse branch1
> git rev-parse --symbolic-full-name branch1@{u}
fatal: no upstream configured for branch 'branch1'
> git for-each-ref --format %(refname) %(objectname) --sort -committerdate
> git remote --verbose
> git config --get commit.template
> git show :src/database/index.js
> git status -z -u
> git symbolic-ref --short HEAD
> git rev-parse branch1
> git rev-parse --symbolic-full-name branch1@{u}
fatal: no upstream configured for branch 'branch1'
> git for-each-ref --format %(refname) %(objectname) --sort -committerdate
> git remote --verbose
> git config --get commit.template
> git status -z -u
> git show :src/database/index.js
> git symbolic-ref --short HEAD
> git rev-parse branch1
> git rev-parse --symbolic-full-name branch1@{u}
fatal: no upstream configured for branch 'branch1'
> git for-each-ref --format %(refname) %(objectname) --sort -committerdate
> git remote --verbose
> git config --get commit.template
> git status -z -u
> git symbolic-ref --short HEAD
> git rev-parse branch1
> git show :src/database/index.js
> git rev-parse --symbolic-full-name branch1@{u}
fatal: no upstream configured for branch 'branch1'
> git for-each-ref --format %(refname) %(objectname) --sort -committerdate
> git remote --verbose
> git config --get commit.template
> git show :src/app/models/Appointment.js
> git status -z -u
> git symbolic-ref --short HEAD
> git rev-parse branch1
> git rev-parse --symbolic-full-name branch1@{u}
fatal: no upstream configured for branch 'branch1'
> git for-each-ref --format %(refname) %(objectname) --sort -committerdate
> git remote --verbose
> git config --get commit.template
> git show :src/routes.js
> git show :src/app/models/File.js
> git status -z -u
> git symbolic-ref --short HEAD
> git rev-parse branch1
> git rev-parse --symbolic-full-name branch1@{u}
fatal: no upstream configured for branch 'branch1'
> git for-each-ref --format %(refname) %(objectname) --sort -committerdate
> git remote --verbose
> git config --get commit.template
> git status -z -u
> git symbolic-ref --short HEAD
> git rev-parse branch1
> git rev-parse --symbolic-full-name branch1@{u}
fatal: no upstream configured for branch 'branch1'
> git for-each-ref --format %(refname) %(objectname) --sort -committerdate
> git remote --verbose
> git config --get commit.template
> git status -z -u
> git symbolic-ref --short HEAD
> git show :src/app/models/File.js
> git rev-parse branch1
> git rev-parse --symbolic-full-name branch1@{u}
fatal: no upstream configured for branch 'branch1'
> git for-each-ref --format %(refname) %(objectname) --sort -committerdate
> git remote --verbose
> git config --get commit.template
> git status -z -u
> git show :src/app/models/File.js
> git symbolic-ref --short HEAD
> git rev-parse branch1
> git rev-parse --symbolic-full-name branch1@{u}
fatal: no upstream configured for branch 'branch1'
> git for-each-ref --format %(refname) %(objectname) --sort -committerdate
> git remote --verbose
> git config --get commit.template
> git check-ignore -v -z --stdin
> git show :src/app/controllers/AppointmentController.js
> git check-ignore -v -z --stdin
> git status -z -u
> git symbolic-ref --short HEAD
> git rev-parse branch1
> git rev-parse --symbolic-full-name branch1@{u}
fatal: no upstream configured for branch 'branch1'
> git for-each-ref --format %(refname) %(objectname) --sort -committerdate
> git remote --verbose
> git config --get commit.template
> git status -z -u
> git symbolic-ref --short HEAD
> git rev-parse branch1
> git rev-parse --symbolic-full-name branch1@{u}
fatal: no upstream configured for branch 'branch1'
> git for-each-ref --format %(refname) %(objectname) --sort -committerdate
> git remote --verbose
> git config --get commit.template
> git show :src/routes.js
> git status -z -u
> git symbolic-ref --short HEAD
> git rev-parse branch1
> git rev-parse --symbolic-full-name branch1@{u}
fatal: no upstream configured for branch 'branch1'
> git for-each-ref --format %(refname) %(objectname) --sort -committerdate
> git remote --verbose
> git config --get commit.template
> git show :src/app/controllers/AppointmentController.js
> git status -z -u
> git symbolic-ref --short HEAD
> git rev-parse branch1
> git rev-parse --symbolic-full-name branch1@{u}
fatal: no upstream configured for branch 'branch1'
> git for-each-ref --format %(refname) %(objectname) --sort -committerdate
> git remote --verbose
> git config --get commit.template
> git status -z -u
> git symbolic-ref --short HEAD
> git rev-parse branch1
> git rev-parse --symbolic-full-name branch1@{u}
fatal: no upstream configured for branch 'branch1'
> git for-each-ref --format %(refname) %(objectname) --sort -committerdate
> git remote --verbose
> git config --get commit.template
> git status -z -u
> git symbolic-ref --short HEAD
> git rev-parse branch1
> git rev-parse --symbolic-full-name branch1@{u}
fatal: no upstream configured for branch 'branch1'
> git for-each-ref --format %(refname) %(objectname) --sort -committerdate
> git remote --verbose
> git config --get commit.template
> git status -z -u
> git symbolic-ref --short HEAD
> git rev-parse branch1
> git rev-parse --symbolic-full-name branch1@{u}
fatal: no upstream configured for branch 'branch1'
> git for-each-ref --format %(refname) %(objectname) --sort -committerdate
> git remote --verbose
> git config --get commit.template
> git status -z -u
> git symbolic-ref --short HEAD
> git rev-parse branch1
> git rev-parse --symbolic-full-name branch1@{u}
fatal: no upstream configured for branch 'branch1'
> git for-each-ref --format %(refname) %(objectname) --sort -committerdate
> git remote --verbose
> git config --get commit.template
> git status -z -u
> git symbolic-ref --short HEAD
> git rev-parse branch1
> git rev-parse --symbolic-full-name branch1@{u}
fatal: no upstream configured for branch 'branch1'
> git for-each-ref --format %(refname) %(objectname) --sort -committerdate
> git remote --verbose
> git config --get commit.template
> git status -z -u
> git symbolic-ref --short HEAD
> git rev-parse branch1
> git rev-parse --symbolic-full-name branch1@{u}
fatal: no upstream configured for branch 'branch1'
> git for-each-ref --format %(refname) %(objectname) --sort -committerdate
> git remote --verbose
> git config --get commit.template
> git status -z -u
> git symbolic-ref --short HEAD
> git rev-parse branch1
> git rev-parse --symbolic-full-name branch1@{u}
fatal: no upstream configured for branch 'branch1'
> git for-each-ref --format %(refname) %(objectname) --sort -committerdate
> git remote --verbose
> git config --get commit.template
> git status -z -u
> git symbolic-ref --short HEAD
> git rev-parse branch1
> git rev-parse --symbolic-full-name branch1@{u}
fatal: no upstream configured for branch 'branch1'
> git for-each-ref --format %(refname) %(objectname) --sort -committerdate
> git remote --verbose
> git config --get commit.template
> git status -z -u
> git symbolic-ref --short HEAD
> git rev-parse branch1
> git rev-parse --symbolic-full-name branch1@{u}
fatal: no upstream configured for branch 'branch1'
> git for-each-ref --format %(refname) %(objectname) --sort -committerdate
> git remote --verbose
> git config --get commit.template
> git status -z -u
> git symbolic-ref --short HEAD
> git rev-parse branch1
> git rev-parse --symbolic-full-name branch1@{u}
fatal: no upstream configured for branch 'branch1'
> git for-each-ref --format %(refname) %(objectname) --sort -committerdate
> git remote --verbose
> git config --get commit.template
> git status -z -u
> git symbolic-ref --short HEAD
> git rev-parse branch1
> git rev-parse --symbolic-full-name branch1@{u}
fatal: no upstream configured for branch 'branch1'
> git for-each-ref --format %(refname) %(objectname) --sort -committerdate
> git remote --verbose
> git config --get commit.template
> git status -z -u
> git symbolic-ref --short HEAD
> git rev-parse branch1
> git rev-parse --symbolic-full-name branch1@{u}
fatal: no upstream configured for branch 'branch1'
> git for-each-ref --format %(refname) %(objectname) --sort -committerdate
> git remote --verbose
> git config --get commit.template
> git status -z -u
> git symbolic-ref --short HEAD
> git rev-parse branch1
> git rev-parse --symbolic-full-name branch1@{u}
fatal: no upstream configured for branch 'branch1'
> git for-each-ref --format %(refname) %(objectname) --sort -committerdate
> git remote --verbose
> git config --get commit.template
> git show :src/routes.js
> git show :src/app/controllers/AppointmentController.js
> git show :src/routes.js
> git show :src/app/controllers/AppointmentController.js
> git status -z -u
> git symbolic-ref --short HEAD
> git rev-parse branch1
> git rev-parse --symbolic-full-name branch1@{u}
fatal: no upstream configured for branch 'branch1'
> git for-each-ref --format %(refname) %(objectname) --sort -committerdate
> git remote --verbose
> git config --get commit.template
> git status -z -u
> git symbolic-ref --short HEAD
> git rev-parse branch1
> git rev-parse --symbolic-full-name branch1@{u}
fatal: no upstream configured for branch 'branch1'
> git for-each-ref --format %(refname) %(objectname) --sort -committerdate
> git remote --verbose
> git config --get commit.template
> git status -z -u
> git symbolic-ref --short HEAD
> git rev-parse branch1
> git rev-parse --symbolic-full-name branch1@{u}
fatal: no upstream configured for branch 'branch1'
> git for-each-ref --format %(refname) %(objectname) --sort -committerdate
> git remote --verbose
> git config --get commit.template
> git status -z -u
> git symbolic-ref --short HEAD
> git rev-parse branch1
> git rev-parse --symbolic-full-name branch1@{u}
fatal: no upstream configured for branch 'branch1'
> git for-each-ref --format %(refname) %(objectname) --sort -committerdate
> git remote --verbose
> git config --get commit.template
> git status -z -u
> git symbolic-ref --short HEAD
> git rev-parse branch1
> git rev-parse --symbolic-full-name branch1@{u}
fatal: no upstream configured for branch 'branch1'
> git for-each-ref --format %(refname) %(objectname) --sort -committerdate
> git remote --verbose
> git config --get commit.template
> git status -z -u
> git symbolic-ref --short HEAD
> git rev-parse branch1
> git rev-parse --symbolic-full-name branch1@{u}
fatal: no upstream configured for branch 'branch1'
> git for-each-ref --format %(refname) %(objectname) --sort -committerdate
> git remote --verbose
> git config --get commit.template
> git status -z -u
> git symbolic-ref --short HEAD
> git rev-parse branch1
> git rev-parse --symbolic-full-name branch1@{u}
fatal: no upstream configured for branch 'branch1'
> git for-each-ref --format %(refname) %(objectname) --sort -committerdate
> git remote --verbose
> git config --get commit.template
> git status -z -u
> git symbolic-ref --short HEAD
> git rev-parse branch1
> git rev-parse --symbolic-full-name branch1@{u}
fatal: no upstream configured for branch 'branch1'
> git for-each-ref --format %(refname) %(objectname) --sort -committerdate
> git remote --verbose
> git config --get commit.template
> git status -z -u
> git symbolic-ref --short HEAD
> git rev-parse branch1
> git rev-parse --symbolic-full-name branch1@{u}
fatal: no upstream configured for branch 'branch1'
> git for-each-ref --format %(refname) %(objectname) --sort -committerdate
> git remote --verbose
> git config --get commit.template
> git status -z -u
> git symbolic-ref --short HEAD
> git rev-parse branch1
> git rev-parse --symbolic-full-name branch1@{u}
fatal: no upstream configured for branch 'branch1'
> git for-each-ref --format %(refname) %(objectname) --sort -committerdate
> git remote --verbose
> git config --get commit.template
> git status -z -u
> git symbolic-ref --short HEAD
> git rev-parse branch1
> git rev-parse --symbolic-full-name branch1@{u}
fatal: no upstream configured for branch 'branch1'
> git for-each-ref --format %(refname) %(objectname) --sort -committerdate
> git remote --verbose
> git config --get commit.template
> git status -z -u
> git symbolic-ref --short HEAD
> git rev-parse branch1
> git rev-parse --symbolic-full-name branch1@{u}
fatal: no upstream configured for branch 'branch1'
> git for-each-ref --format %(refname) %(objectname) --sort -committerdate
> git remote --verbose
> git config --get commit.template
> git status -z -u
> git symbolic-ref --short HEAD
> git rev-parse branch1
> git rev-parse --symbolic-full-name branch1@{u}
fatal: no upstream configured for branch 'branch1'
> git for-each-ref --format %(refname) %(objectname) --sort -committerdate
> git remote --verbose
> git config --get commit.template
> git status -z -u
> git symbolic-ref --short HEAD
> git rev-parse branch1
> git rev-parse --symbolic-full-name branch1@{u}
fatal: no upstream configured for branch 'branch1'
> git for-each-ref --format %(refname) %(objectname) --sort -committerdate
> git remote --verbose
> git config --get commit.template
> git status -z -u
> git symbolic-ref --short HEAD
> git rev-parse branch1
> git rev-parse --symbolic-full-name branch1@{u}
fatal: no upstream configured for branch 'branch1'
> git for-each-ref --format %(refname) %(objectname) --sort -committerdate
> git remote --verbose
> git config --get commit.template
> git status -z -u
> git symbolic-ref --short HEAD
> git rev-parse branch1
> git rev-parse --symbolic-full-name branch1@{u}
fatal: no upstream configured for branch 'branch1'
> git for-each-ref --format %(refname) %(objectname) --sort -committerdate
> git remote --verbose
> git config --get commit.template
> git status -z -u
> git symbolic-ref --short HEAD
> git rev-parse branch1
> git rev-parse --symbolic-full-name branch1@{u}
fatal: no upstream configured for branch 'branch1'
> git for-each-ref --format %(refname) %(objectname) --sort -committerdate
> git remote --verbose
> git config --get commit.template
> git status -z -u
> git show :src/app/controllers/AppointmentController.js
> git symbolic-ref --short HEAD
> git rev-parse branch1
> git rev-parse --symbolic-full-name branch1@{u}
fatal: no upstream configured for branch 'branch1'
> git for-each-ref --format %(refname) %(objectname) --sort -committerdate
> git remote --verbose
> git config --get commit.template
> git status -z -u
> git show :src/app/controllers/AppointmentController.js
> git symbolic-ref --short HEAD
> git rev-parse branch1
> git rev-parse --symbolic-full-name branch1@{u}
fatal: no upstream configured for branch 'branch1'
> git for-each-ref --format %(refname) %(objectname) --sort -committerdate
> git remote --verbose
> git config --get commit.template
> git status -z -u
> git symbolic-ref --short HEAD
> git rev-parse branch1
> git rev-parse --symbolic-full-name branch1@{u}
fatal: no upstream configured for branch 'branch1'
> git for-each-ref --format %(refname) %(objectname) --sort -committerdate
> git remote --verbose
> git config --get commit.template
> git status -z -u
> git symbolic-ref --short HEAD
> git rev-parse branch1
> git rev-parse --symbolic-full-name branch1@{u}
fatal: no upstream configured for branch 'branch1'
> git for-each-ref --format %(refname) %(objectname) --sort -committerdate
> git remote --verbose
> git config --get commit.template
> git status -z -u
> git symbolic-ref --short HEAD
> git rev-parse branch1
> git rev-parse --symbolic-full-name branch1@{u}
fatal: no upstream configured for branch 'branch1'
> git for-each-ref --format %(refname) %(objectname) --sort -committerdate
> git remote --verbose
> git config --get commit.template
> git status -z -u
> git symbolic-ref --short HEAD
> git rev-parse branch1
> git rev-parse --symbolic-full-name branch1@{u}
fatal: no upstream configured for branch 'branch1'
> git for-each-ref --format %(refname) %(objectname) --sort -committerdate
> git remote --verbose
> git config --get commit.template
> git status -z -u
> git symbolic-ref --short HEAD
> git rev-parse branch1
> git rev-parse --symbolic-full-name branch1@{u}
fatal: no upstream configured for branch 'branch1'
> git for-each-ref --format %(refname) %(objectname) --sort -committerdate
> git remote --verbose
> git config --get commit.template
> git status -z -u
> git symbolic-ref --short HEAD
> git rev-parse branch1
> git rev-parse --symbolic-full-name branch1@{u}
fatal: no upstream configured for branch 'branch1'
> git for-each-ref --format %(refname) %(objectname) --sort -committerdate
> git remote --verbose
> git config --get commit.template
> git status -z -u
> git symbolic-ref --short HEAD
> git rev-parse branch1
> git rev-parse --symbolic-full-name branch1@{u}
fatal: no upstream configured for branch 'branch1'
> git for-each-ref --format %(refname) %(objectname) --sort -committerdate
> git remote --verbose
> git config --get commit.template
> git status -z -u
> git symbolic-ref --short HEAD
> git rev-parse branch1
> git rev-parse --symbolic-full-name branch1@{u}
fatal: no upstream configured for branch 'branch1'
> git for-each-ref --format %(refname) %(objectname) --sort -committerdate
> git remote --verbose
> git config --get commit.template
> git status -z -u
> git symbolic-ref --short HEAD
> git rev-parse branch1
> git rev-parse --symbolic-full-name branch1@{u}
fatal: no upstream configured for branch 'branch1'
> git for-each-ref --format %(refname) %(objectname) --sort -committerdate
> git remote --verbose
> git config --get commit.template
> git status -z -u
> git symbolic-ref --short HEAD
> git rev-parse branch1
> git rev-parse --symbolic-full-name branch1@{u}
fatal: no upstream configured for branch 'branch1'
> git for-each-ref --format %(refname) %(objectname) --sort -committerdate
> git remote --verbose
> git config --get commit.template
> git show :src/app/models/Appointment.js
> git show :src/app/controllers/AppointmentController.js
> git show :src/database/index.js
> git show :src/app/controllers/AppointmentController.js
> git show :src/routes.js
> git status -z -u
> git symbolic-ref --short HEAD
> git rev-parse branch1
> git rev-parse --symbolic-full-name branch1@{u}
fatal: no upstream configured for branch 'branch1'
> git for-each-ref --format %(refname) %(objectname) --sort -committerdate
> git remote --verbose
> git config --get commit.template
> git show :src/app/controllers/AppointmentController.js
> git status -z -u
> git symbolic-ref --short HEAD
> git rev-parse branch1
> git rev-parse --symbolic-full-name branch1@{u}
fatal: no upstream configured for branch 'branch1'
> git for-each-ref --format %(refname) %(objectname) --sort -committerdate
> git remote --verbose
> git config --get commit.template
> git status -z -u
> git symbolic-ref --short HEAD
> git rev-parse branch1
> git rev-parse --symbolic-full-name branch1@{u}
fatal: no upstream configured for branch 'branch1'
> git for-each-ref --format %(refname) %(objectname) --sort -committerdate
> git remote --verbose
> git config --get commit.template
> git status -z -u
> git symbolic-ref --short HEAD
> git rev-parse branch1
> git rev-parse --symbolic-full-name branch1@{u}
fatal: no upstream configured for branch 'branch1'
> git for-each-ref --format %(refname) %(objectname) --sort -committerdate
> git remote --verbose
> git config --get commit.template
> git status -z -u
> git symbolic-ref --short HEAD
> git rev-parse branch1
> git rev-parse --symbolic-full-name branch1@{u}
fatal: no upstream configured for branch 'branch1'
> git for-each-ref --format %(refname) %(objectname) --sort -committerdate
> git remote --verbose
> git config --get commit.template
> git status -z -u
> git symbolic-ref --short HEAD
> git rev-parse branch1
> git rev-parse --symbolic-full-name branch1@{u}
fatal: no upstream configured for branch 'branch1'
> git for-each-ref --format %(refname) %(objectname) --sort -committerdate
> git remote --verbose
> git config --get commit.template
> git show :src/app/controllers/UserController.js
> git status -z -u
> git symbolic-ref --short HEAD
> git rev-parse branch1
> git rev-parse --symbolic-full-name branch1@{u}
fatal: no upstream configured for branch 'branch1'
> git for-each-ref --format %(refname) %(objectname) --sort -committerdate
> git remote --verbose
> git config --get commit.template
> git show :src/app/controllers/AppointmentController.js
> git status -z -u
> git symbolic-ref --short HEAD
> git rev-parse branch1
> git rev-parse --symbolic-full-name branch1@{u}
fatal: no upstream configured for branch 'branch1'
> git for-each-ref --format %(refname) %(objectname) --sort -committerdate
> git remote --verbose
> git config --get commit.template
> git check-ignore -v -z --stdin
> git check-ignore -v -z --stdin
> git status -z -u
> git show :src/routes.js
> git show :src/app/middlewares/auth.js
> git symbolic-ref --short HEAD
> git rev-parse branch1
> git rev-parse --symbolic-full-name branch1@{u}
fatal: no upstream configured for branch 'branch1'
> git for-each-ref --format %(refname) %(objectname) --sort -committerdate
> git remote --verbose
> git config --get commit.template
> git show :src/app/controllers/SessionController.js
> git show :src/app/middlewares/auth.js
> git status -z -u
> git symbolic-ref --short HEAD
> git rev-parse branch1
> git rev-parse --symbolic-full-name branch1@{u}
fatal: no upstream configured for branch 'branch1'
> git for-each-ref --format %(refname) %(objectname) --sort -committerdate
> git remote --verbose
> git config --get commit.template
> git show :src/app/controllers/AppointmentController.js
> git status -z -u
> git symbolic-ref --short HEAD
> git rev-parse branch1
> git rev-parse --symbolic-full-name branch1@{u}
fatal: no upstream configured for branch 'branch1'
> git for-each-ref --format %(refname) %(objectname) --sort -committerdate
> git remote --verbose
> git config --get commit.template
> git show :src/app/middlewares/auth.js
> git show :src/app/controllers/AppointmentController.js
> git show :src/app/middlewares/auth.js
> git status -z -u
> git symbolic-ref --short HEAD
> git rev-parse branch1
> git rev-parse --symbolic-full-name branch1@{u}
fatal: no upstream configured for branch 'branch1'
> git for-each-ref --format %(refname) %(objectname) --sort -committerdate
> git remote --verbose
> git config --get commit.template
> git show :src/routes.js
> git status -z -u
> git symbolic-ref --short HEAD
> git rev-parse branch1
> git rev-parse --symbolic-full-name branch1@{u}
fatal: no upstream configured for branch 'branch1'
> git for-each-ref --format %(refname) %(objectname) --sort -committerdate
> git remote --verbose
> git config --get commit.template
> git status -z -u
> git symbolic-ref --short HEAD
> git rev-parse branch1
> git rev-parse --symbolic-full-name branch1@{u}
fatal: no upstream configured for branch 'branch1'
> git for-each-ref --format %(refname) %(objectname) --sort -committerdate
> git remote --verbose
> git config --get commit.template
> git status -z -u
> git symbolic-ref --short HEAD
> git rev-parse branch1
> git rev-parse --symbolic-full-name branch1@{u}
fatal: no upstream configured for branch 'branch1'
> git for-each-ref --format %(refname) %(objectname) --sort -committerdate
> git remote --verbose
> git config --get commit.template
> git status -z -u
> git symbolic-ref --short HEAD
> git rev-parse branch1
> git rev-parse --symbolic-full-name branch1@{u}
fatal: no upstream configured for branch 'branch1'
> git for-each-ref --format %(refname) %(objectname) --sort -committerdate
> git remote --verbose
> git config --get commit.template
> git show :src/app/controllers/AppointmentController.js
> git status -z -u
> git symbolic-ref --short HEAD
> git rev-parse branch1
> git rev-parse --symbolic-full-name branch1@{u}
fatal: no upstream configured for branch 'branch1'
> git for-each-ref --format %(refname) %(objectname) --sort -committerdate
> git remote --verbose
> git config --get commit.template
> git status -z -u
> git symbolic-ref --short HEAD
> git rev-parse branch1
> git rev-parse --symbolic-full-name branch1@{u}
fatal: no upstream configured for branch 'branch1'
> git for-each-ref --format %(refname) %(objectname) --sort -committerdate
> git remote --verbose
> git config --get commit.template
> git status -z -u
> git symbolic-ref --short HEAD
> git rev-parse branch1
> git rev-parse --symbolic-full-name branch1@{u}
fatal: no upstream configured for branch 'branch1'
> git for-each-ref --format %(refname) %(objectname) --sort -committerdate
> git remote --verbose
> git config --get commit.template
> git status -z -u
> git symbolic-ref --short HEAD
> git rev-parse branch1
> git rev-parse --symbolic-full-name branch1@{u}
fatal: no upstream configured for branch 'branch1'
> git for-each-ref --format %(refname) %(objectname) --sort -committerdate
> git remote --verbose
> git config --get commit.template
> git status -z -u
> git symbolic-ref --short HEAD
> git rev-parse branch1
> git rev-parse --symbolic-full-name branch1@{u}
fatal: no upstream configured for branch 'branch1'
> git for-each-ref --format %(refname) %(objectname) --sort -committerdate
> git remote --verbose
> git config --get commit.template
> git status -z -u
> git symbolic-ref --short HEAD
> git rev-parse branch1
> git rev-parse --symbolic-full-name branch1@{u}
fatal: no upstream configured for branch 'branch1'
> git for-each-ref --format %(refname) %(objectname) --sort -committerdate
> git remote --verbose
> git config --get commit.template
> git status -z -u
> git symbolic-ref --short HEAD
> git rev-parse branch1
> git rev-parse --symbolic-full-name branch1@{u}
fatal: no upstream configured for branch 'branch1'
> git for-each-ref --format %(refname) %(objectname) --sort -committerdate
> git remote --verbose
> git config --get commit.template
> git status -z -u
> git symbolic-ref --short HEAD
> git rev-parse branch1
> git rev-parse --symbolic-full-name branch1@{u}
fatal: no upstream configured for branch 'branch1'
> git for-each-ref --format %(refname) %(objectname) --sort -committerdate
> git remote --verbose
> git config --get commit.template
> git show :src/routes.js
> git status -z -u
> git symbolic-ref --short HEAD
> git rev-parse branch1
> git rev-parse --symbolic-full-name branch1@{u}
fatal: no upstream configured for branch 'branch1'
> git for-each-ref --format %(refname) %(objectname) --sort -committerdate
> git remote --verbose
> git config --get commit.template
> git show :src/app/controllers/AppointmentController.js
> git status -z -u
> git symbolic-ref --short HEAD
> git rev-parse branch1
> git rev-parse --symbolic-full-name branch1@{u}
fatal: no upstream configured for branch 'branch1'
> git for-each-ref --format %(refname) %(objectname) --sort -committerdate
> git remote --verbose
> git config --get commit.template
> git status -z -u
> git symbolic-ref --short HEAD
> git rev-parse branch1
> git rev-parse --symbolic-full-name branch1@{u}
fatal: no upstream configured for branch 'branch1'
> git for-each-ref --format %(refname) %(objectname) --sort -committerdate
> git remote --verbose
> git config --get commit.template
> git show :node_modules/express/lib/router/route.js
> git show :src/app/controllers/AppointmentController.js
> git status -z -u
> git symbolic-ref --short HEAD
> git rev-parse branch1
> git rev-parse --symbolic-full-name branch1@{u}
fatal: no upstream configured for branch 'branch1'
> git for-each-ref --format %(refname) %(objectname) --sort -committerdate
> git remote --verbose
> git config --get commit.template
> git status -z -u
> git symbolic-ref --short HEAD
> git rev-parse branch1
> git rev-parse --symbolic-full-name branch1@{u}
fatal: no upstream configured for branch 'branch1'
> git for-each-ref --format %(refname) %(objectname) --sort -committerdate
> git remote --verbose
> git config --get commit.template
> git status -z -u
> git symbolic-ref --short HEAD
> git rev-parse branch1
> git rev-parse --symbolic-full-name branch1@{u}
fatal: no upstream configured for branch 'branch1'
> git for-each-ref --format %(refname) %(objectname) --sort -committerdate
> git remote --verbose
> git config --get commit.template
> git status -z -u
> git symbolic-ref --short HEAD
> git rev-parse branch1
> git rev-parse --symbolic-full-name branch1@{u}
fatal: no upstream configured for branch 'branch1'
> git for-each-ref --format %(refname) %(objectname) --sort -committerdate
> git remote --verbose
> git config --get commit.template
> git status -z -u
> git symbolic-ref --short HEAD
> git rev-parse branch1
> git rev-parse --symbolic-full-name branch1@{u}
fatal: no upstream configured for branch 'branch1'
> git for-each-ref --format %(refname) %(objectname) --sort -committerdate
> git remote --verbose
> git config --get commit.template
> git status -z -u
> git symbolic-ref --short HEAD
> git rev-parse branch1
> git rev-parse --symbolic-full-name branch1@{u}
fatal: no upstream configured for branch 'branch1'
> git for-each-ref --format %(refname) %(objectname) --sort -committerdate
> git remote --verbose
> git config --get commit.template
> git status -z -u
> git symbolic-ref --short HEAD
> git rev-parse branch1
> git rev-parse --symbolic-full-name branch1@{u}
fatal: no upstream configured for branch 'branch1'
> git for-each-ref --format %(refname) %(objectname) --sort -committerdate
> git remote --verbose
> git config --get commit.template
> git status -z -u
> git symbolic-ref --short HEAD
> git rev-parse branch1
> git rev-parse --symbolic-full-name branch1@{u}
fatal: no upstream configured for branch 'branch1'
> git for-each-ref --format %(refname) %(objectname) --sort -committerdate
> git remote --verbose
> git config --get commit.template
> git status -z -u
> git symbolic-ref --short HEAD
> git rev-parse branch1
> git rev-parse --symbolic-full-name branch1@{u}
fatal: no upstream configured for branch 'branch1'
> git for-each-ref --format %(refname) %(objectname) --sort -committerdate
> git remote --verbose
> git config --get commit.template
> git status -z -u
> git symbolic-ref --short HEAD
> git rev-parse branch1
> git rev-parse --symbolic-full-name branch1@{u}
fatal: no upstream configured for branch 'branch1'
> git for-each-ref --format %(refname) %(objectname) --sort -committerdate
> git remote --verbose
> git config --get commit.template
> git status -z -u
> git symbolic-ref --short HEAD
> git rev-parse branch1
> git rev-parse --symbolic-full-name branch1@{u}
fatal: no upstream configured for branch 'branch1'
> git for-each-ref --format %(refname) %(objectname) --sort -committerdate
> git remote --verbose
> git config --get commit.template
> git status -z -u
> git symbolic-ref --short HEAD
> git rev-parse branch1
> git rev-parse --symbolic-full-name branch1@{u}
fatal: no upstream configured for branch 'branch1'
> git for-each-ref --format %(refname) %(objectname) --sort -committerdate
> git remote --verbose
> git config --get commit.template
> git status -z -u
> git symbolic-ref --short HEAD
> git rev-parse branch1
> git rev-parse --symbolic-full-name branch1@{u}
fatal: no upstream configured for branch 'branch1'
> git for-each-ref --format %(refname) %(objectname) --sort -committerdate
> git remote --verbose
> git config --get commit.template
> git status -z -u
> git symbolic-ref --short HEAD
> git rev-parse branch1
> git rev-parse --symbolic-full-name branch1@{u}
fatal: no upstream configured for branch 'branch1'
> git for-each-ref --format %(refname) %(objectname) --sort -committerdate
> git remote --verbose
> git config --get commit.template
> git status -z -u
> git symbolic-ref --short HEAD
> git rev-parse branch1
> git rev-parse --symbolic-full-name branch1@{u}
fatal: no upstream configured for branch 'branch1'
> git for-each-ref --format %(refname) %(objectname) --sort -committerdate
> git remote --verbose
> git config --get commit.template
> git status -z -u
> git symbolic-ref --short HEAD
> git rev-parse branch1
> git rev-parse --symbolic-full-name branch1@{u}
fatal: no upstream configured for branch 'branch1'
> git for-each-ref --format %(refname) %(objectname) --sort -committerdate
> git remote --verbose
> git config --get commit.template
> git status -z -u
> git symbolic-ref --short HEAD
> git rev-parse branch1
> git rev-parse --symbolic-full-name branch1@{u}
fatal: no upstream configured for branch 'branch1'
> git for-each-ref --format %(refname) %(objectname) --sort -committerdate
> git remote --verbose
> git config --get commit.template
> git status -z -u
> git symbolic-ref --short HEAD
> git rev-parse branch1
> git rev-parse --symbolic-full-name branch1@{u}
fatal: no upstream configured for branch 'branch1'
> git for-each-ref --format %(refname) %(objectname) --sort -committerdate
> git remote --verbose
> git config --get commit.template
> git show :node_modules/express/lib/router/route.js
> git show :node_modules/express/lib/router/index.js
> git show :src/app/middlewares/auth.js
> git status -z -u
> git symbolic-ref --short HEAD
> git rev-parse branch1
> git rev-parse --symbolic-full-name branch1@{u}
fatal: no upstream configured for branch 'branch1'
> git for-each-ref --format %(refname) %(objectname) --sort -committerdate
> git remote --verbose
> git config --get commit.template
> git show :src/app/controllers/AppointmentController.js
> git status -z -u
> git symbolic-ref --short HEAD
> git rev-parse branch1
> git rev-parse --symbolic-full-name branch1@{u}
fatal: no upstream configured for branch 'branch1'
> git for-each-ref --format %(refname) %(objectname) --sort -committerdate
> git remote --verbose
> git config --get commit.template
> git status -z -u
> git symbolic-ref --short HEAD
> git rev-parse branch1
> git rev-parse --symbolic-full-name branch1@{u}
fatal: no upstream configured for branch 'branch1'
> git for-each-ref --format %(refname) %(objectname) --sort -committerdate
> git remote --verbose
> git config --get commit.template
> git status -z -u
> git show :src/app/controllers/AppointmentController.js
> git symbolic-ref --short HEAD
> git rev-parse branch1
> git rev-parse --symbolic-full-name branch1@{u}
fatal: no upstream configured for branch 'branch1'
> git for-each-ref --format %(refname) %(objectname) --sort -committerdate
> git remote --verbose
> git config --get commit.template
> git status -z -u
> git show :src/app/controllers/AppointmentController.js
> git symbolic-ref --short HEAD
> git rev-parse branch1
> git rev-parse --symbolic-full-name branch1@{u}
fatal: no upstream configured for branch 'branch1'
> git for-each-ref --format %(refname) %(objectname) --sort -committerdate
> git remote --verbose
> git config --get commit.template
> git status -z -u
> git show :src/app/controllers/AppointmentController.js
> git symbolic-ref --short HEAD
> git rev-parse branch1
> git rev-parse --symbolic-full-name branch1@{u}
fatal: no upstream configured for branch 'branch1'
> git for-each-ref --format %(refname) %(objectname) --sort -committerdate
> git remote --verbose
> git config --get commit.template
> git status -z -u
> git symbolic-ref --short HEAD
> git rev-parse branch1
> git rev-parse --symbolic-full-name branch1@{u}
fatal: no upstream configured for branch 'branch1'
> git for-each-ref --format %(refname) %(objectname) --sort -committerdate
> git remote --verbose
> git config --get commit.template
> git status -z -u
> git symbolic-ref --short HEAD
> git rev-parse branch1
> git rev-parse --symbolic-full-name branch1@{u}
fatal: no upstream configured for branch 'branch1'
> git for-each-ref --format %(refname) %(objectname) --sort -committerdate
> git remote --verbose
> git config --get commit.template
> git status -z -u
> git symbolic-ref --short HEAD
> git rev-parse branch1
> git rev-parse --symbolic-full-name branch1@{u}
fatal: no upstream configured for branch 'branch1'
> git for-each-ref --format %(refname) %(objectname) --sort -committerdate
> git remote --verbose
> git config --get commit.template
> git status -z -u
> git show :src/app/controllers/AppointmentController.js
> git symbolic-ref --short HEAD
> git rev-parse branch1
> git rev-parse --symbolic-full-name branch1@{u}
fatal: no upstream configured for branch 'branch1'
> git for-each-ref --format %(refname) %(objectname) --sort -committerdate
> git remote --verbose
> git config --get commit.template
> git status -z -u
> git show :src/app/controllers/AppointmentController.js
> git symbolic-ref --short HEAD
> git rev-parse branch1
> git rev-parse --symbolic-full-name branch1@{u}
fatal: no upstream configured for branch 'branch1'
> git for-each-ref --format %(refname) %(objectname) --sort -committerdate
> git remote --verbose
> git config --get commit.template
> git check-ignore -v -z --stdin
> git check-ignore -v -z --stdin
> git check-ignore -v -z --stdin
> git show :src/app/controllers/ScheduleController.js
> git check-ignore -v -z --stdin
> git status -z -u
> git symbolic-ref --short HEAD
> git rev-parse branch1
> git rev-parse --symbolic-full-name branch1@{u}
fatal: no upstream configured for branch 'branch1'
> git for-each-ref --format %(refname) %(objectname) --sort -committerdate
> git remote --verbose
> git config --get commit.template
> git status -z -u
> git symbolic-ref --short HEAD
> git rev-parse branch1
> git rev-parse --symbolic-full-name branch1@{u}
fatal: no upstream configured for branch 'branch1'
> git for-each-ref --format %(refname) %(objectname) --sort -committerdate
> git remote --verbose
> git config --get commit.template
> git show :src/routes.js
> git status -z -u
> git symbolic-ref --short HEAD
> git rev-parse branch1
> git rev-parse --symbolic-full-name branch1@{u}
fatal: no upstream configured for branch 'branch1'
> git for-each-ref --format %(refname) %(objectname) --sort -committerdate
> git remote --verbose
> git config --get commit.template
> git status -z -u
> git symbolic-ref --short HEAD
> git rev-parse branch1
> git rev-parse --symbolic-full-name branch1@{u}
fatal: no upstream configured for branch 'branch1'
> git for-each-ref --format %(refname) %(objectname) --sort -committerdate
> git remote --verbose
> git config --get commit.template
> git show :src/app/controllers/AppointmentController.js
> git show :src/app/controllers/ScheduleController.js
> git show :src/app/controllers/ScheduleController.js
> git show :node_modules/express/lib/router/route.js
> git show :src/app/controllers/ScheduleController.js
> git status -z -u
> git symbolic-ref --short HEAD
> git rev-parse branch1
> git rev-parse --symbolic-full-name branch1@{u}
fatal: no upstream configured for branch 'branch1'
> git for-each-ref --format %(refname) %(objectname) --sort -committerdate
> git remote --verbose
> git config --get commit.template
> git status -z -u
> git symbolic-ref --short HEAD
> git rev-parse branch1
> git rev-parse --symbolic-full-name branch1@{u}
fatal: no upstream configured for branch 'branch1'
> git for-each-ref --format %(refname) %(objectname) --sort -committerdate
> git remote --verbose
> git config --get commit.template
> git status -z -u
> git symbolic-ref --short HEAD
> git rev-parse branch1
> git rev-parse --symbolic-full-name branch1@{u}
fatal: no upstream configured for branch 'branch1'
> git for-each-ref --format %(refname) %(objectname) --sort -committerdate
> git remote --verbose
> git config --get commit.template
> git status -z -u
> git symbolic-ref --short HEAD
> git rev-parse branch1
> git rev-parse --symbolic-full-name branch1@{u}
fatal: no upstream configured for branch 'branch1'
> git for-each-ref --format %(refname) %(objectname) --sort -committerdate
> git remote --verbose
> git config --get commit.template
> git status -z -u
> git symbolic-ref --short HEAD
> git rev-parse branch1
> git rev-parse --symbolic-full-name branch1@{u}
fatal: no upstream configured for branch 'branch1'
> git for-each-ref --format %(refname) %(objectname) --sort -committerdate
> git remote --verbose
> git config --get commit.template
> git status -z -u
> git symbolic-ref --short HEAD
> git rev-parse branch1
> git rev-parse --symbolic-full-name branch1@{u}
fatal: no upstream configured for branch 'branch1'
> git for-each-ref --format %(refname) %(objectname) --sort -committerdate
> git remote --verbose
> git config --get commit.template
> git status -z -u
> git symbolic-ref --short HEAD
> git rev-parse branch1
> git rev-parse --symbolic-full-name branch1@{u}
fatal: no upstream configured for branch 'branch1'
> git for-each-ref --format %(refname) %(objectname) --sort -committerdate
> git remote --verbose
> git config --get commit.template
> git status -z -u
> git symbolic-ref --short HEAD
> git rev-parse branch1
> git rev-parse --symbolic-full-name branch1@{u}
fatal: no upstream configured for branch 'branch1'
> git for-each-ref --format %(refname) %(objectname) --sort -committerdate
> git remote --verbose
> git config --get commit.template
> git status -z -u
> git symbolic-ref --short HEAD
> git rev-parse branch1
> git rev-parse --symbolic-full-name branch1@{u}
fatal: no upstream configured for branch 'branch1'
> git for-each-ref --format %(refname) %(objectname) --sort -committerdate
> git remote --verbose
> git config --get commit.template
> git status -z -u
> git symbolic-ref --short HEAD
> git rev-parse branch1
> git rev-parse --symbolic-full-name branch1@{u}
fatal: no upstream configured for branch 'branch1'
> git for-each-ref --format %(refname) %(objectname) --sort -committerdate
> git remote --verbose
> git config --get commit.template
> git status -z -u
> git symbolic-ref --short HEAD
> git rev-parse branch1
> git rev-parse --symbolic-full-name branch1@{u}
fatal: no upstream configured for branch 'branch1'
> git for-each-ref --format %(refname) %(objectname) --sort -committerdate
> git remote --verbose
> git config --get commit.template
> git status -z -u
> git symbolic-ref --short HEAD
> git rev-parse branch1
> git rev-parse --symbolic-full-name branch1@{u}
fatal: no upstream configured for branch 'branch1'
> git for-each-ref --format %(refname) %(objectname) --sort -committerdate
> git remote --verbose
> git config --get commit.template
> git status -z -u
> git symbolic-ref --short HEAD
> git rev-parse branch1
> git rev-parse --symbolic-full-name branch1@{u}
fatal: no upstream configured for branch 'branch1'
> git for-each-ref --format %(refname) %(objectname) --sort -committerdate
> git remote --verbose
> git config --get commit.template
> git status -z -u
> git symbolic-ref --short HEAD
> git rev-parse branch1
> git rev-parse --symbolic-full-name branch1@{u}
fatal: no upstream configured for branch 'branch1'
> git for-each-ref --format %(refname) %(objectname) --sort -committerdate
> git remote --verbose
> git config --get commit.template
> git status -z -u
> git symbolic-ref --short HEAD
> git rev-parse branch1
> git rev-parse --symbolic-full-name branch1@{u}
fatal: no upstream configured for branch 'branch1'
> git for-each-ref --format %(refname) %(objectname) --sort -committerdate
> git remote --verbose
> git config --get commit.template
> git status -z -u
> git show :src/app/controllers/ScheduleController.js
> git symbolic-ref --short HEAD
> git rev-parse branch1
> git rev-parse --symbolic-full-name branch1@{u}
fatal: no upstream configured for branch 'branch1'
> git for-each-ref --format %(refname) %(objectname) --sort -committerdate
> git remote --verbose
> git config --get commit.template
> git status -z -u
> git show :src/app/controllers/ScheduleController.js
> git symbolic-ref --short HEAD
> git rev-parse branch1
> git rev-parse --symbolic-full-name branch1@{u}
fatal: no upstream configured for branch 'branch1'
> git for-each-ref --format %(refname) %(objectname) --sort -committerdate
> git remote --verbose
> git config --get commit.template
> git show :src/database/index.js
> git check-ignore -v -z --stdin
> git show :node_modules/sequelize/lib/dialects/postgres/connection-manager.js
> git check-ignore -v -z --stdin
> git show :node_modules/sequelize/lib/dialects/postgres/index.js
> git check-ignore -v -z --stdin
> git show :node_modules/sequelize/lib/sequelize.js
> git show :src/database/index.js
> git check-ignore -v -z --stdin
> git show :src/app/schemas/Notifications.js
> git check-ignore -v -z --stdin
> git show :src/app/schemas/Notification.js
> git check-ignore -v -z --stdin
> git show :src/database/index.js
> git show :src/app/schemas/Notification.js
> git show :node_modules/sequelize/lib/dialects/postgres/connection-manager.js
> git show :src/app/schemas/Notification.js
> git check-ignore -v -z --stdin
> git show :src/app/controllers/AppointmentController.js
> git status -z -u
> git show :src/app/controllers/AppointmentController.js
> git symbolic-ref --short HEAD
> git rev-parse branch1
> git rev-parse --symbolic-full-name branch1@{u}
fatal: no upstream configured for branch 'branch1'
> git for-each-ref --format %(refname) %(objectname) --sort -committerdate
> git remote --verbose
> git config --get commit.template
> git status -z -u
> git show :src/app/controllers/AppointmentController.js
> git symbolic-ref --short HEAD
> git rev-parse branch1
> git rev-parse --symbolic-full-name branch1@{u}
fatal: no upstream configured for branch 'branch1'
> git for-each-ref --format %(refname) %(objectname) --sort -committerdate
> git remote --verbose
> git config --get commit.template
> git show :src/routes.js
> git show :src/app/controllers/NotificationController.ks
> git check-ignore -v -z --stdin
> git show :src/app/controllers/NotificationController.js
> git check-ignore -v -z --stdin
