[Info  - 15:39:32] ESLint server stopped.
[Info  - 15:39:33] ESLint server running in node v12.4.0
[Info  - 15:39:33] ESLint server is running.
[Info  - 15:39:38] ESLint library loaded from: /home/anna/bootcamp2019/GoBarber/node_modules/eslint/lib/api.js
[Info  - 15:39:38] Failed to load config "airbnb-base" to extend from. Referenced from: /home/anna/bootcamp2019/GoBarber/.eslintrc.js
[Info  - 15:40:31] Failed to load config "airbnb-base" to extend from. Referenced from: /home/anna/bootcamp2019/GoBarber/.eslintrc.js
[Info  - 15:40:45] Failed to load config "airbnb-base" to extend from. Referenced from: /home/anna/bootcamp2019/GoBarber/.eslintrc.js
[Info  - 15:40:49] Failed to load config "airbnb-base" to extend from. Referenced from: /home/anna/bootcamp2019/GoBarber/.eslintrc.js
[Info  - 15:40:49] Failed to load config "airbnb-base" to extend from. Referenced from: /home/anna/bootcamp2019/GoBarber/.eslintrc.js
[Info  - 15:40:49] Failed to load config "airbnb-base" to extend from. Referenced from: /home/anna/bootcamp2019/GoBarber/.eslintrc.js
[Info  - 15:40:49] Failed to load config "airbnb-base" to extend from. Referenced from: /home/anna/bootcamp2019/GoBarber/.eslintrc.js
[Info  - 15:40:49] Failed to load config "airbnb-base" to extend from. Referenced from: /home/anna/bootcamp2019/GoBarber/.eslintrc.js
[Info  - 15:40:49] Failed to load config "airbnb-base" to extend from. Referenced from: /home/anna/bootcamp2019/GoBarber/.eslintrc.js
[Info  - 15:40:50] Failed to load config "airbnb-base" to extend from. Referenced from: /home/anna/bootcamp2019/GoBarber/.eslintrc.js
[Info  - 15:40:50] Failed to load config "airbnb-base" to extend from. Referenced from: /home/anna/bootcamp2019/GoBarber/.eslintrc.js
[Info  - 15:40:51] Failed to load config "airbnb-base" to extend from. Referenced from: /home/anna/bootcamp2019/GoBarber/.eslintrc.js
[Info  - 15:40:51] Failed to load config "airbnb-base" to extend from. Referenced from: /home/anna/bootcamp2019/GoBarber/.eslintrc.js
[Info  - 15:40:51] Failed to load config "airbnb-base" to extend from. Referenced from: /home/anna/bootcamp2019/GoBarber/.eslintrc.js
[Info  - 15:40:52] Failed to load config "airbnb-base" to extend from. Referenced from: /home/anna/bootcamp2019/GoBarber/.eslintrc.js
[Info  - 15:40:52] Failed to load config "airbnb-base" to extend from. Referenced from: /home/anna/bootcamp2019/GoBarber/.eslintrc.js
[Info  - 15:40:52] Failed to load config "airbnb-base" to extend from. Referenced from: /home/anna/bootcamp2019/GoBarber/.eslintrc.js
[Info  - 15:40:53] Failed to load config "airbnb-base" to extend from. Referenced from: /home/anna/bootcamp2019/GoBarber/.eslintrc.js
[Info  - 15:40:53] Failed to load config "airbnb-base" to extend from. Referenced from: /home/anna/bootcamp2019/GoBarber/.eslintrc.js
[Info  - 15:40:53] Failed to load config "airbnb-base" to extend from. Referenced from: /home/anna/bootcamp2019/GoBarber/.eslintrc.js
[Info  - 15:40:55] Failed to load config "airbnb-base" to extend from. Referenced from: /home/anna/bootcamp2019/GoBarber/.eslintrc.js
[Info  - 15:40:55] Failed to load config "airbnb-base" to extend from. Referenced from: /home/anna/bootcamp2019/GoBarber/.eslintrc.js
[Info  - 15:40:55] Failed to load config "airbnb-base" to extend from. Referenced from: /home/anna/bootcamp2019/GoBarber/.eslintrc.js
[Info  - 15:40:56] Failed to load config "airbnb-base" to extend from. Referenced from: /home/anna/bootcamp2019/GoBarber/.eslintrc.js
[Info  - 15:40:57] Failed to load config "airbnb-base" to extend from. Referenced from: /home/anna/bootcamp2019/GoBarber/.eslintrc.js
[Info  - 15:40:57] Failed to load config "airbnb-base" to extend from. Referenced from: /home/anna/bootcamp2019/GoBarber/.eslintrc.js
[Info  - 15:40:58] Failed to load config "airbnb-base" to extend from. Referenced from: /home/anna/bootcamp2019/GoBarber/.eslintrc.js
[Info  - 15:40:58] Failed to load config "airbnb-base" to extend from. Referenced from: /home/anna/bootcamp2019/GoBarber/.eslintrc.js
[Info  - 15:40:58] Failed to load config "airbnb-base" to extend from. Referenced from: /home/anna/bootcamp2019/GoBarber/.eslintrc.js
[Info  - 15:40:58] Failed to load config "airbnb-base" to extend from. Referenced from: /home/anna/bootcamp2019/GoBarber/.eslintrc.js
[Info  - 15:40:59] Failed to load config "airbnb-base" to extend from. Referenced from: /home/anna/bootcamp2019/GoBarber/.eslintrc.js
[Info  - 15:41:00] Failed to load config "airbnb-base" to extend from. Referenced from: /home/anna/bootcamp2019/GoBarber/.eslintrc.js
[Info  - 15:41:01] Failed to load config "airbnb-base" to extend from. Referenced from: /home/anna/bootcamp2019/GoBarber/.eslintrc.js
[Info  - 15:41:03] Failed to load config "airbnb-base" to extend from. Referenced from: /home/anna/bootcamp2019/GoBarber/.eslintrc.js
[Info  - 15:41:03] Failed to load config "airbnb-base" to extend from. Referenced from: /home/anna/bootcamp2019/GoBarber/.eslintrc.js
[Info  - 15:41:03] Failed to load config "airbnb-base" to extend from. Referenced from: /home/anna/bootcamp2019/GoBarber/.eslintrc.js
[Info  - 15:41:04] Failed to load config "airbnb-base" to extend from. Referenced from: /home/anna/bootcamp2019/GoBarber/.eslintrc.js
[Info  - 15:41:04] Failed to load config "airbnb-base" to extend from. Referenced from: /home/anna/bootcamp2019/GoBarber/.eslintrc.js
[Info  - 15:41:04] Failed to load config "airbnb-base" to extend from. Referenced from: /home/anna/bootcamp2019/GoBarber/.eslintrc.js
[Info  - 15:41:05] Failed to load config "airbnb-base" to extend from. Referenced from: /home/anna/bootcamp2019/GoBarber/.eslintrc.js
[Info  - 15:41:05] Failed to load config "airbnb-base" to extend from. Referenced from: /home/anna/bootcamp2019/GoBarber/.eslintrc.js
[Info  - 15:41:06] Failed to load config "airbnb-base" to extend from. Referenced from: /home/anna/bootcamp2019/GoBarber/.eslintrc.js
[Info  - 15:41:06] Failed to load config "airbnb-base" to extend from. Referenced from: /home/anna/bootcamp2019/GoBarber/.eslintrc.js
[Info  - 15:41:06] Failed to load config "airbnb-base" to extend from. Referenced from: /home/anna/bootcamp2019/GoBarber/.eslintrc.js
[Info  - 15:41:06] Failed to load config "airbnb-base" to extend from. Referenced from: /home/anna/bootcamp2019/GoBarber/.eslintrc.js
[Info  - 15:41:06] Failed to load config "airbnb-base" to extend from. Referenced from: /home/anna/bootcamp2019/GoBarber/.eslintrc.js
[Info  - 15:41:08] Failed to load config "airbnb-base" to extend from. Referenced from: /home/anna/bootcamp2019/GoBarber/.eslintrc.js
[Info  - 15:41:08] Failed to load config "airbnb-base" to extend from. Referenced from: /home/anna/bootcamp2019/GoBarber/.eslintrc.js
[Info  - 15:41:08] Failed to load config "airbnb-base" to extend from. Referenced from: /home/anna/bootcamp2019/GoBarber/.eslintrc.js
[Info  - 15:41:08] Failed to load config "airbnb-base" to extend from. Referenced from: /home/anna/bootcamp2019/GoBarber/.eslintrc.js
[Info  - 15:41:08] Failed to load config "airbnb-base" to extend from. Referenced from: /home/anna/bootcamp2019/GoBarber/.eslintrc.js
[Info  - 15:41:08] Failed to load config "airbnb-base" to extend from. Referenced from: /home/anna/bootcamp2019/GoBarber/.eslintrc.js
[Info  - 15:41:09] Failed to load config "airbnb-base" to extend from. Referenced from: /home/anna/bootcamp2019/GoBarber/.eslintrc.js
[Info  - 15:41:09] Failed to load config "airbnb-base" to extend from. Referenced from: /home/anna/bootcamp2019/GoBarber/.eslintrc.js
[Info  - 15:41:09] Failed to load config "airbnb-base" to extend from. Referenced from: /home/anna/bootcamp2019/GoBarber/.eslintrc.js
[Info  - 15:41:10] Failed to load config "airbnb-base" to extend from. Referenced from: /home/anna/bootcamp2019/GoBarber/.eslintrc.js
[Info  - 15:41:10] Failed to load config "airbnb-base" to extend from. Referenced from: /home/anna/bootcamp2019/GoBarber/.eslintrc.js
[Info  - 15:41:10] Failed to load config "airbnb-base" to extend from. Referenced from: /home/anna/bootcamp2019/GoBarber/.eslintrc.js
[Info  - 15:41:10] Failed to load config "airbnb-base" to extend from. Referenced from: /home/anna/bootcamp2019/GoBarber/.eslintrc.js
[Info  - 15:41:10] Failed to load config "airbnb-base" to extend from. Referenced from: /home/anna/bootcamp2019/GoBarber/.eslintrc.js
[Info  - 15:41:11] Failed to load config "airbnb-base" to extend from. Referenced from: /home/anna/bootcamp2019/GoBarber/.eslintrc.js
[Info  - 15:41:11] Failed to load config "airbnb-base" to extend from. Referenced from: /home/anna/bootcamp2019/GoBarber/.eslintrc.js
[Info  - 15:41:12] Failed to load config "airbnb-base" to extend from. Referenced from: /home/anna/bootcamp2019/GoBarber/.eslintrc.js
[Info  - 15:41:12] Failed to load config "airbnb-base" to extend from. Referenced from: /home/anna/bootcamp2019/GoBarber/.eslintrc.js
[Info  - 15:41:13] Failed to load config "airbnb-base" to extend from. Referenced from: /home/anna/bootcamp2019/GoBarber/.eslintrc.js
[Info  - 15:41:14] Failed to load config "airbnb-base" to extend from. Referenced from: /home/anna/bootcamp2019/GoBarber/.eslintrc.js
[Info  - 15:41:14] Failed to load config "airbnb-base" to extend from. Referenced from: /home/anna/bootcamp2019/GoBarber/.eslintrc.js
[Info  - 15:41:14] Failed to load config "airbnb-base" to extend from. Referenced from: /home/anna/bootcamp2019/GoBarber/.eslintrc.js
[Info  - 15:41:14] Failed to load config "airbnb-base" to extend from. Referenced from: /home/anna/bootcamp2019/GoBarber/.eslintrc.js
[Info  - 15:41:14] Failed to load config "airbnb-base" to extend from. Referenced from: /home/anna/bootcamp2019/GoBarber/.eslintrc.js
[Info  - 15:41:14] Failed to load config "airbnb-base" to extend from. Referenced from: /home/anna/bootcamp2019/GoBarber/.eslintrc.js
[Info  - 15:41:14] Failed to load config "airbnb-base" to extend from. Referenced from: /home/anna/bootcamp2019/GoBarber/.eslintrc.js
[Info  - 15:41:15] Failed to load config "airbnb-base" to extend from. Referenced from: /home/anna/bootcamp2019/GoBarber/.eslintrc.js
[Info  - 15:41:15] Failed to load config "airbnb-base" to extend from. Referenced from: /home/anna/bootcamp2019/GoBarber/.eslintrc.js
[Info  - 15:41:16] Failed to load config "airbnb-base" to extend from. Referenced from: /home/anna/bootcamp2019/GoBarber/.eslintrc.js
[Info  - 15:41:16] Failed to load config "airbnb-base" to extend from. Referenced from: /home/anna/bootcamp2019/GoBarber/.eslintrc.js
[Info  - 15:41:16] Failed to load config "airbnb-base" to extend from. Referenced from: /home/anna/bootcamp2019/GoBarber/.eslintrc.js
[Info  - 15:41:17] Failed to load config "airbnb-base" to extend from. Referenced from: /home/anna/bootcamp2019/GoBarber/.eslintrc.js
[Info  - 15:41:17] Failed to load config "airbnb-base" to extend from. Referenced from: /home/anna/bootcamp2019/GoBarber/.eslintrc.js
[Info  - 15:41:20] Failed to load config "airbnb-base" to extend from. Referenced from: /home/anna/bootcamp2019/GoBarber/.eslintrc.js
[Info  - 15:41:21] Failed to load config "airbnb-base" to extend from. Referenced from: /home/anna/bootcamp2019/GoBarber/.eslintrc.js
[Info  - 15:41:21] Failed to load config "airbnb-base" to extend from. Referenced from: /home/anna/bootcamp2019/GoBarber/.eslintrc.js
[Info  - 15:41:22] Failed to load config "airbnb-base" to extend from. Referenced from: /home/anna/bootcamp2019/GoBarber/.eslintrc.js
[Info  - 15:41:22] Failed to load config "airbnb-base" to extend from. Referenced from: /home/anna/bootcamp2019/GoBarber/.eslintrc.js
[Info  - 15:41:23] Failed to load config "airbnb-base" to extend from. Referenced from: /home/anna/bootcamp2019/GoBarber/.eslintrc.js
[Info  - 15:41:24] Failed to load config "airbnb-base" to extend from. Referenced from: /home/anna/bootcamp2019/GoBarber/.eslintrc.js
[Info  - 15:41:25] Failed to load config "airbnb-base" to extend from. Referenced from: /home/anna/bootcamp2019/GoBarber/.eslintrc.js
[Info  - 15:41:26] Failed to load config "airbnb-base" to extend from. Referenced from: /home/anna/bootcamp2019/GoBarber/.eslintrc.js
[Info  - 15:41:26] Failed to load config "airbnb-base" to extend from. Referenced from: /home/anna/bootcamp2019/GoBarber/.eslintrc.js
[Info  - 15:41:26] Failed to load config "airbnb-base" to extend from. Referenced from: /home/anna/bootcamp2019/GoBarber/.eslintrc.js
[Info  - 15:41:27] Failed to load config "airbnb-base" to extend from. Referenced from: /home/anna/bootcamp2019/GoBarber/.eslintrc.js
[Info  - 15:41:27] Failed to load config "airbnb-base" to extend from. Referenced from: /home/anna/bootcamp2019/GoBarber/.eslintrc.js
[Info  - 15:41:27] Failed to load config "airbnb-base" to extend from. Referenced from: /home/anna/bootcamp2019/GoBarber/.eslintrc.js
[Info  - 15:41:27] Failed to load config "airbnb-base" to extend from. Referenced from: /home/anna/bootcamp2019/GoBarber/.eslintrc.js
[Info  - 15:41:39] Failed to load config "airbnb-base" to extend from. Referenced from: /home/anna/bootcamp2019/GoBarber/.eslintrc.js
[Info  - 15:41:52] Failed to load config "airbnb-base" to extend from. Referenced from: /home/anna/bootcamp2019/GoBarber/.eslintrc.js
[Info  - 15:41:57] Failed to load config "airbnb-base" to extend from. Referenced from: /home/anna/bootcamp2019/GoBarber/.eslintrc.js
[Info  - 15:41:58] Failed to load config "airbnb-base" to extend from. Referenced from: /home/anna/bootcamp2019/GoBarber/.eslintrc.js
[Info  - 15:41:58] Failed to load config "airbnb-base" to extend from. Referenced from: /home/anna/bootcamp2019/GoBarber/.eslintrc.js
[Info  - 15:41:59] Failed to load config "airbnb-base" to extend from. Referenced from: /home/anna/bootcamp2019/GoBarber/.eslintrc.js
[Info  - 15:41:59] Failed to load config "airbnb-base" to extend from. Referenced from: /home/anna/bootcamp2019/GoBarber/.eslintrc.js
[Info  - 15:41:59] Failed to load config "airbnb-base" to extend from. Referenced from: /home/anna/bootcamp2019/GoBarber/.eslintrc.js
[Info  - 15:41:59] Failed to load config "airbnb-base" to extend from. Referenced from: /home/anna/bootcamp2019/GoBarber/.eslintrc.js
[Info  - 15:42:04] Failed to load config "airbnb-base" to extend from. Referenced from: /home/anna/bootcamp2019/GoBarber/.eslintrc.js
[Info  - 15:42:06] Failed to load config "airbnb-base" to extend from. Referenced from: /home/anna/bootcamp2019/GoBarber/.eslintrc.js
[Info  - 15:42:06] Failed to load config "airbnb-base" to extend from. Referenced from: /home/anna/bootcamp2019/GoBarber/.eslintrc.js
[Info  - 15:42:06] Failed to load config "airbnb-base" to extend from. Referenced from: /home/anna/bootcamp2019/GoBarber/.eslintrc.js
[Info  - 15:42:06] Failed to load config "airbnb-base" to extend from. Referenced from: /home/anna/bootcamp2019/GoBarber/.eslintrc.js
[Info  - 15:42:07] Failed to load config "airbnb-base" to extend from. Referenced from: /home/anna/bootcamp2019/GoBarber/.eslintrc.js
[Info  - 15:42:07] Failed to load config "airbnb-base" to extend from. Referenced from: /home/anna/bootcamp2019/GoBarber/.eslintrc.js
[Info  - 15:42:07] Failed to load config "airbnb-base" to extend from. Referenced from: /home/anna/bootcamp2019/GoBarber/.eslintrc.js
[Info  - 15:42:07] Failed to load config "airbnb-base" to extend from. Referenced from: /home/anna/bootcamp2019/GoBarber/.eslintrc.js
[Info  - 15:42:07] Failed to load config "airbnb-base" to extend from. Referenced from: /home/anna/bootcamp2019/GoBarber/.eslintrc.js
[Info  - 15:42:08] Failed to load config "airbnb-base" to extend from. Referenced from: /home/anna/bootcamp2019/GoBarber/.eslintrc.js
[Info  - 15:42:08] Failed to load config "airbnb-base" to extend from. Referenced from: /home/anna/bootcamp2019/GoBarber/.eslintrc.js
[Info  - 15:42:08] Failed to load config "airbnb-base" to extend from. Referenced from: /home/anna/bootcamp2019/GoBarber/.eslintrc.js
[Info  - 15:42:08] Failed to load config "airbnb-base" to extend from. Referenced from: /home/anna/bootcamp2019/GoBarber/.eslintrc.js
[Info  - 15:42:08] Failed to load config "airbnb-base" to extend from. Referenced from: /home/anna/bootcamp2019/GoBarber/.eslintrc.js
[Info  - 15:42:08] Failed to load config "airbnb-base" to extend from. Referenced from: /home/anna/bootcamp2019/GoBarber/.eslintrc.js
[Info  - 15:42:10] Failed to load config "airbnb-base" to extend from. Referenced from: /home/anna/bootcamp2019/GoBarber/.eslintrc.js
[Info  - 15:42:26] Failed to load config "airbnb-base" to extend from. Referenced from: /home/anna/bootcamp2019/GoBarber/.eslintrc.js
[Info  - 15:43:29] Failed to load config "airbnb-base" to extend from. Referenced from: /home/anna/bootcamp2019/GoBarber/.eslintrc.js
[Info  - 15:43:30] Failed to load config "airbnb-base" to extend from. Referenced from: /home/anna/bootcamp2019/GoBarber/.eslintrc.js
[Info  - 15:49:54] Failed to load config "airbnb-base" to extend from. Referenced from: /home/anna/bootcamp2019/GoBarber/.eslintrc.js
[Info  - 15:49:54] Failed to load config "airbnb-base" to extend from. Referenced from: /home/anna/bootcamp2019/GoBarber/.eslintrc.js
[Info  - 15:49:56] Failed to load config "airbnb-base" to extend from. Referenced from: /home/anna/bootcamp2019/GoBarber/.eslintrc.js
[Info  - 15:49:57] Failed to load config "airbnb-base" to extend from. Referenced from: /home/anna/bootcamp2019/GoBarber/.eslintrc.js
[Info  - 15:50:41] Failed to load config "airbnb-base" to extend from. Referenced from: /home/anna/bootcamp2019/GoBarber/.eslintrc.js
[Info  - 15:50:41] Failed to load config "airbnb-base" to extend from. Referenced from: /home/anna/bootcamp2019/GoBarber/.eslintrc.js
[Info  - 15:57:41] Failed to load config "airbnb-base" to extend from. Referenced from: /home/anna/bootcamp2019/GoBarber/.eslintrc.js
[Info  - 15:57:43] Failed to load config "airbnb-base" to extend from. Referenced from: /home/anna/bootcamp2019/GoBarber/.eslintrc.js
[Info  - 15:57:45] Failed to load config "airbnb-base" to extend from. Referenced from: /home/anna/bootcamp2019/GoBarber/.eslintrc.js
[Info  - 15:57:49] Failed to load config "airbnb-base" to extend from. Referenced from: /home/anna/bootcamp2019/GoBarber/.eslintrc.js
[Info  - 15:57:52] Failed to load config "airbnb-base" to extend from. Referenced from: /home/anna/bootcamp2019/GoBarber/.eslintrc.js
[Info  - 15:57:57] Failed to load config "airbnb-base" to extend from. Referenced from: /home/anna/bootcamp2019/GoBarber/.eslintrc.js
[Info  - 15:58:00] Failed to load config "airbnb-base" to extend from. Referenced from: /home/anna/bootcamp2019/GoBarber/.eslintrc.js
[Info  - 15:58:07] Failed to load config "airbnb-base" to extend from. Referenced from: /home/anna/bootcamp2019/GoBarber/.eslintrc.js
[Info  - 15:58:07] Failed to load config "airbnb-base" to extend from. Referenced from: /home/anna/bootcamp2019/GoBarber/.eslintrc.js
[Info  - 15:58:07] Failed to load config "airbnb-base" to extend from. Referenced from: /home/anna/bootcamp2019/GoBarber/.eslintrc.js
[Info  - 15:58:07] Failed to load config "airbnb-base" to extend from. Referenced from: /home/anna/bootcamp2019/GoBarber/.eslintrc.js
[Info  - 15:58:07] Failed to load config "airbnb-base" to extend from. Referenced from: /home/anna/bootcamp2019/GoBarber/.eslintrc.js
[Info  - 15:58:07] Failed to load config "airbnb-base" to extend from. Referenced from: /home/anna/bootcamp2019/GoBarber/.eslintrc.js
[Info  - 15:58:08] Failed to load config "airbnb-base" to extend from. Referenced from: /home/anna/bootcamp2019/GoBarber/.eslintrc.js
[Info  - 15:58:08] Failed to load config "airbnb-base" to extend from. Referenced from: /home/anna/bootcamp2019/GoBarber/.eslintrc.js
[Info  - 15:58:08] Failed to load config "airbnb-base" to extend from. Referenced from: /home/anna/bootcamp2019/GoBarber/.eslintrc.js
[Info  - 15:58:08] Failed to load config "airbnb-base" to extend from. Referenced from: /home/anna/bootcamp2019/GoBarber/.eslintrc.js
[Info  - 15:58:08] Failed to load config "airbnb-base" to extend from. Referenced from: /home/anna/bootcamp2019/GoBarber/.eslintrc.js
[Info  - 15:58:08] Failed to load config "airbnb-base" to extend from. Referenced from: /home/anna/bootcamp2019/GoBarber/.eslintrc.js
[Info  - 15:58:15] Failed to load config "airbnb-base" to extend from. Referenced from: /home/anna/bootcamp2019/GoBarber/.eslintrc.js
[Info  - 15:58:15] Failed to load config "airbnb-base" to extend from. Referenced from: /home/anna/bootcamp2019/GoBarber/.eslintrc.js
[Info  - 15:58:15] Failed to load config "airbnb-base" to extend from. Referenced from: /home/anna/bootcamp2019/GoBarber/.eslintrc.js
[Info  - 15:58:16] Failed to load config "airbnb-base" to extend from. Referenced from: /home/anna/bootcamp2019/GoBarber/.eslintrc.js
[Info  - 15:58:16] Failed to load config "airbnb-base" to extend from. Referenced from: /home/anna/bootcamp2019/GoBarber/.eslintrc.js
[Info  - 15:58:16] Failed to load config "airbnb-base" to extend from. Referenced from: /home/anna/bootcamp2019/GoBarber/.eslintrc.js
[Info  - 15:58:16] Failed to load config "airbnb-base" to extend from. Referenced from: /home/anna/bootcamp2019/GoBarber/.eslintrc.js
[Info  - 15:58:17] Failed to load config "airbnb-base" to extend from. Referenced from: /home/anna/bootcamp2019/GoBarber/.eslintrc.js
[Info  - 15:58:17] Failed to load config "airbnb-base" to extend from. Referenced from: /home/anna/bootcamp2019/GoBarber/.eslintrc.js
[Info  - 15:58:17] Failed to load config "airbnb-base" to extend from. Referenced from: /home/anna/bootcamp2019/GoBarber/.eslintrc.js
[Info  - 15:58:17] Failed to load config "airbnb-base" to extend from. Referenced from: /home/anna/bootcamp2019/GoBarber/.eslintrc.js
[Info  - 15:58:18] Failed to load config "airbnb-base" to extend from. Referenced from: /home/anna/bootcamp2019/GoBarber/.eslintrc.js
[Info  - 15:58:18] Failed to load config "airbnb-base" to extend from. Referenced from: /home/anna/bootcamp2019/GoBarber/.eslintrc.js
[Info  - 15:58:19] Failed to load config "airbnb-base" to extend from. Referenced from: /home/anna/bootcamp2019/GoBarber/.eslintrc.js
[Info  - 15:58:19] Failed to load config "airbnb-base" to extend from. Referenced from: /home/anna/bootcamp2019/GoBarber/.eslintrc.js
[Info  - 15:58:19] Failed to load config "airbnb-base" to extend from. Referenced from: /home/anna/bootcamp2019/GoBarber/.eslintrc.js
[Info  - 15:58:19] Failed to load config "airbnb-base" to extend from. Referenced from: /home/anna/bootcamp2019/GoBarber/.eslintrc.js
[Info  - 15:58:36] Failed to load config "airbnb-base" to extend from. Referenced from: /home/anna/bootcamp2019/GoBarber/.eslintrc.js
[Info  - 15:58:36] Failed to load config "airbnb-base" to extend from. Referenced from: /home/anna/bootcamp2019/GoBarber/.eslintrc.js
[Info  - 15:58:37] Failed to load config "airbnb-base" to extend from. Referenced from: /home/anna/bootcamp2019/GoBarber/.eslintrc.js
[Info  - 15:58:37] Failed to load config "airbnb-base" to extend from. Referenced from: /home/anna/bootcamp2019/GoBarber/.eslintrc.js
[Info  - 15:58:37] Failed to load config "airbnb-base" to extend from. Referenced from: /home/anna/bootcamp2019/GoBarber/.eslintrc.js
[Info  - 15:58:38] Failed to load config "airbnb-base" to extend from. Referenced from: /home/anna/bootcamp2019/GoBarber/.eslintrc.js
[Info  - 15:58:38] Failed to load config "airbnb-base" to extend from. Referenced from: /home/anna/bootcamp2019/GoBarber/.eslintrc.js
[Info  - 15:58:39] Failed to load config "airbnb-base" to extend from. Referenced from: /home/anna/bootcamp2019/GoBarber/.eslintrc.js
[Info  - 15:58:39] Failed to load config "airbnb-base" to extend from. Referenced from: /home/anna/bootcamp2019/GoBarber/.eslintrc.js
[Info  - 15:58:39] Failed to load config "airbnb-base" to extend from. Referenced from: /home/anna/bootcamp2019/GoBarber/.eslintrc.js
[Info  - 15:58:39] Failed to load config "airbnb-base" to extend from. Referenced from: /home/anna/bootcamp2019/GoBarber/.eslintrc.js
[Info  - 15:58:39] Failed to load config "airbnb-base" to extend from. Referenced from: /home/anna/bootcamp2019/GoBarber/.eslintrc.js
[Info  - 15:58:40] Failed to load config "airbnb-base" to extend from. Referenced from: /home/anna/bootcamp2019/GoBarber/.eslintrc.js
[Info  - 15:58:40] Failed to load config "airbnb-base" to extend from. Referenced from: /home/anna/bootcamp2019/GoBarber/.eslintrc.js
[Info  - 15:58:40] Failed to load config "airbnb-base" to extend from. Referenced from: /home/anna/bootcamp2019/GoBarber/.eslintrc.js
[Info  - 15:58:41] Failed to load config "airbnb-base" to extend from. Referenced from: /home/anna/bootcamp2019/GoBarber/.eslintrc.js
[Info  - 15:58:42] Failed to load config "airbnb-base" to extend from. Referenced from: /home/anna/bootcamp2019/GoBarber/.eslintrc.js
[Info  - 15:58:42] Failed to load config "airbnb-base" to extend from. Referenced from: /home/anna/bootcamp2019/GoBarber/.eslintrc.js
[Info  - 15:58:42] Failed to load config "airbnb-base" to extend from. Referenced from: /home/anna/bootcamp2019/GoBarber/.eslintrc.js
[Info  - 15:58:43] Failed to load config "airbnb-base" to extend from. Referenced from: /home/anna/bootcamp2019/GoBarber/.eslintrc.js
[Info  - 15:58:43] Failed to load config "airbnb-base" to extend from. Referenced from: /home/anna/bootcamp2019/GoBarber/.eslintrc.js
[Info  - 15:58:43] Failed to load config "airbnb-base" to extend from. Referenced from: /home/anna/bootcamp2019/GoBarber/.eslintrc.js
[Info  - 15:58:43] Failed to load config "airbnb-base" to extend from. Referenced from: /home/anna/bootcamp2019/GoBarber/.eslintrc.js
[Info  - 15:58:43] Failed to load config "airbnb-base" to extend from. Referenced from: /home/anna/bootcamp2019/GoBarber/.eslintrc.js
[Info  - 15:58:44] Failed to load config "airbnb-base" to extend from. Referenced from: /home/anna/bootcamp2019/GoBarber/.eslintrc.js
[Info  - 15:58:44] Failed to load config "airbnb-base" to extend from. Referenced from: /home/anna/bootcamp2019/GoBarber/.eslintrc.js
[Info  - 15:58:45] Failed to load config "airbnb-base" to extend from. Referenced from: /home/anna/bootcamp2019/GoBarber/.eslintrc.js
[Info  - 15:58:45] Failed to load config "airbnb-base" to extend from. Referenced from: /home/anna/bootcamp2019/GoBarber/.eslintrc.js
[Info  - 15:58:45] Failed to load config "airbnb-base" to extend from. Referenced from: /home/anna/bootcamp2019/GoBarber/.eslintrc.js
[Info  - 15:58:45] Failed to load config "airbnb-base" to extend from. Referenced from: /home/anna/bootcamp2019/GoBarber/.eslintrc.js
[Info  - 15:58:46] Failed to load config "airbnb-base" to extend from. Referenced from: /home/anna/bootcamp2019/GoBarber/.eslintrc.js
[Info  - 15:58:46] Failed to load config "airbnb-base" to extend from. Referenced from: /home/anna/bootcamp2019/GoBarber/.eslintrc.js
[Info  - 15:58:47] Failed to load config "airbnb-base" to extend from. Referenced from: /home/anna/bootcamp2019/GoBarber/.eslintrc.js
[Info  - 15:58:47] Failed to load config "airbnb-base" to extend from. Referenced from: /home/anna/bootcamp2019/GoBarber/.eslintrc.js
[Info  - 15:58:47] Failed to load config "airbnb-base" to extend from. Referenced from: /home/anna/bootcamp2019/GoBarber/.eslintrc.js
[Info  - 15:58:48] Failed to load config "airbnb-base" to extend from. Referenced from: /home/anna/bootcamp2019/GoBarber/.eslintrc.js
[Info  - 15:58:48] Failed to load config "airbnb-base" to extend from. Referenced from: /home/anna/bootcamp2019/GoBarber/.eslintrc.js
[Info  - 15:58:48] Failed to load config "airbnb-base" to extend from. Referenced from: /home/anna/bootcamp2019/GoBarber/.eslintrc.js
[Info  - 15:58:48] Failed to load config "airbnb-base" to extend from. Referenced from: /home/anna/bootcamp2019/GoBarber/.eslintrc.js
[Info  - 15:58:49] Failed to load config "airbnb-base" to extend from. Referenced from: /home/anna/bootcamp2019/GoBarber/.eslintrc.js
[Info  - 15:58:49] Failed to load config "airbnb-base" to extend from. Referenced from: /home/anna/bootcamp2019/GoBarber/.eslintrc.js
[Info  - 15:58:49] Failed to load config "airbnb-base" to extend from. Referenced from: /home/anna/bootcamp2019/GoBarber/.eslintrc.js
[Info  - 15:58:49] Failed to load config "airbnb-base" to extend from. Referenced from: /home/anna/bootcamp2019/GoBarber/.eslintrc.js
[Info  - 15:58:49] Failed to load config "airbnb-base" to extend from. Referenced from: /home/anna/bootcamp2019/GoBarber/.eslintrc.js
[Info  - 15:58:50] Failed to load config "airbnb-base" to extend from. Referenced from: /home/anna/bootcamp2019/GoBarber/.eslintrc.js
[Info  - 15:58:53] Failed to load config "airbnb-base" to extend from. Referenced from: /home/anna/bootcamp2019/GoBarber/.eslintrc.js
[Info  - 15:59:04] Failed to load config "airbnb-base" to extend from. Referenced from: /home/anna/bootcamp2019/GoBarber/.eslintrc.js
[Info  - 15:59:11] Failed to load config "airbnb-base" to extend from. Referenced from: /home/anna/bootcamp2019/GoBarber/.eslintrc.js
[Info  - 15:59:12] Failed to load config "airbnb-base" to extend from. Referenced from: /home/anna/bootcamp2019/GoBarber/.eslintrc.js
[Info  - 15:59:12] Failed to load config "airbnb-base" to extend from. Referenced from: /home/anna/bootcamp2019/GoBarber/.eslintrc.js
[Info  - 15:59:12] Failed to load config "airbnb-base" to extend from. Referenced from: /home/anna/bootcamp2019/GoBarber/.eslintrc.js
[Info  - 15:59:13] Failed to load config "airbnb-base" to extend from. Referenced from: /home/anna/bootcamp2019/GoBarber/.eslintrc.js
[Info  - 15:59:13] Failed to load config "airbnb-base" to extend from. Referenced from: /home/anna/bootcamp2019/GoBarber/.eslintrc.js
[Info  - 15:59:13] Failed to load config "airbnb-base" to extend from. Referenced from: /home/anna/bootcamp2019/GoBarber/.eslintrc.js
[Info  - 15:59:13] Failed to load config "airbnb-base" to extend from. Referenced from: /home/anna/bootcamp2019/GoBarber/.eslintrc.js
[Info  - 15:59:15] Failed to load config "airbnb-base" to extend from. Referenced from: /home/anna/bootcamp2019/GoBarber/.eslintrc.js
[Info  - 15:59:15] Failed to load config "airbnb-base" to extend from. Referenced from: /home/anna/bootcamp2019/GoBarber/.eslintrc.js
[Info  - 15:59:15] Failed to load config "airbnb-base" to extend from. Referenced from: /home/anna/bootcamp2019/GoBarber/.eslintrc.js
[Info  - 15:59:16] Failed to load config "airbnb-base" to extend from. Referenced from: /home/anna/bootcamp2019/GoBarber/.eslintrc.js
[Info  - 15:59:17] Failed to load config "airbnb-base" to extend from. Referenced from: /home/anna/bootcamp2019/GoBarber/.eslintrc.js
[Info  - 15:59:18] Failed to load config "airbnb-base" to extend from. Referenced from: /home/anna/bootcamp2019/GoBarber/.eslintrc.js
[Info  - 15:59:19] Failed to load config "airbnb-base" to extend from. Referenced from: /home/anna/bootcamp2019/GoBarber/.eslintrc.js
[Info  - 15:59:27] Failed to load config "airbnb-base" to extend from. Referenced from: /home/anna/bootcamp2019/GoBarber/.eslintrc.js
[Info  - 15:59:27] Failed to load config "airbnb-base" to extend from. Referenced from: /home/anna/bootcamp2019/GoBarber/.eslintrc.js
[Info  - 15:59:28] Failed to load config "airbnb-base" to extend from. Referenced from: /home/anna/bootcamp2019/GoBarber/.eslintrc.js
[Info  - 15:59:28] Failed to load config "airbnb-base" to extend from. Referenced from: /home/anna/bootcamp2019/GoBarber/.eslintrc.js
[Info  - 15:59:28] Failed to load config "airbnb-base" to extend from. Referenced from: /home/anna/bootcamp2019/GoBarber/.eslintrc.js
[Info  - 15:59:33] Failed to load config "airbnb-base" to extend from. Referenced from: /home/anna/bootcamp2019/GoBarber/.eslintrc.js
[Info  - 15:59:34] Failed to load config "airbnb-base" to extend from. Referenced from: /home/anna/bootcamp2019/GoBarber/.eslintrc.js
[Info  - 15:59:48] Failed to load config "airbnb-base" to extend from. Referenced from: /home/anna/bootcamp2019/GoBarber/.eslintrc.js
[Info  - 15:59:49] Failed to load config "airbnb-base" to extend from. Referenced from: /home/anna/bootcamp2019/GoBarber/.eslintrc.js
[Info  - 15:59:50] Failed to load config "airbnb-base" to extend from. Referenced from: /home/anna/bootcamp2019/GoBarber/.eslintrc.js
[Info  - 15:59:50] Failed to load config "airbnb-base" to extend from. Referenced from: /home/anna/bootcamp2019/GoBarber/.eslintrc.js
[Info  - 15:59:50] Failed to load config "airbnb-base" to extend from. Referenced from: /home/anna/bootcamp2019/GoBarber/.eslintrc.js
[Info  - 15:59:50] Failed to load config "airbnb-base" to extend from. Referenced from: /home/anna/bootcamp2019/GoBarber/.eslintrc.js
[Info  - 15:59:50] Failed to load config "airbnb-base" to extend from. Referenced from: /home/anna/bootcamp2019/GoBarber/.eslintrc.js
[Info  - 15:59:50] Failed to load config "airbnb-base" to extend from. Referenced from: /home/anna/bootcamp2019/GoBarber/.eslintrc.js
[Info  - 15:59:51] Failed to load config "airbnb-base" to extend from. Referenced from: /home/anna/bootcamp2019/GoBarber/.eslintrc.js
[Info  - 15:59:51] Failed to load config "airbnb-base" to extend from. Referenced from: /home/anna/bootcamp2019/GoBarber/.eslintrc.js
[Info  - 15:59:51] Failed to load config "airbnb-base" to extend from. Referenced from: /home/anna/bootcamp2019/GoBarber/.eslintrc.js
[Info  - 15:59:51] Failed to load config "airbnb-base" to extend from. Referenced from: /home/anna/bootcamp2019/GoBarber/.eslintrc.js
[Info  - 15:59:53] Failed to load config "airbnb-base" to extend from. Referenced from: /home/anna/bootcamp2019/GoBarber/.eslintrc.js
[Info  - 15:59:54] Failed to load config "airbnb-base" to extend from. Referenced from: /home/anna/bootcamp2019/GoBarber/.eslintrc.js
[Info  - 15:59:54] Failed to load config "airbnb-base" to extend from. Referenced from: /home/anna/bootcamp2019/GoBarber/.eslintrc.js
[Info  - 15:59:56] Failed to load config "airbnb-base" to extend from. Referenced from: /home/anna/bootcamp2019/GoBarber/.eslintrc.js
[Info  - 15:59:56] Failed to load config "airbnb-base" to extend from. Referenced from: /home/anna/bootcamp2019/GoBarber/.eslintrc.js
[Info  - 15:59:56] Failed to load config "airbnb-base" to extend from. Referenced from: /home/anna/bootcamp2019/GoBarber/.eslintrc.js
[Info  - 15:59:57] Failed to load config "airbnb-base" to extend from. Referenced from: /home/anna/bootcamp2019/GoBarber/.eslintrc.js
[Info  - 15:59:58] Failed to load config "airbnb-base" to extend from. Referenced from: /home/anna/bootcamp2019/GoBarber/.eslintrc.js
[Info  - 15:59:58] Failed to load config "airbnb-base" to extend from. Referenced from: /home/anna/bootcamp2019/GoBarber/.eslintrc.js
[Info  - 15:59:59] Failed to load config "airbnb-base" to extend from. Referenced from: /home/anna/bootcamp2019/GoBarber/.eslintrc.js
[Info  - 16:00:00] Failed to load config "airbnb-base" to extend from. Referenced from: /home/anna/bootcamp2019/GoBarber/.eslintrc.js
[Info  - 16:00:01] Failed to load config "airbnb-base" to extend from. Referenced from: /home/anna/bootcamp2019/GoBarber/.eslintrc.js
[Info  - 16:00:01] Failed to load config "airbnb-base" to extend from. Referenced from: /home/anna/bootcamp2019/GoBarber/.eslintrc.js
[Info  - 16:00:01] Failed to load config "airbnb-base" to extend from. Referenced from: /home/anna/bootcamp2019/GoBarber/.eslintrc.js
[Info  - 16:00:01] Failed to load config "airbnb-base" to extend from. Referenced from: /home/anna/bootcamp2019/GoBarber/.eslintrc.js
[Info  - 16:00:02] Failed to load config "airbnb-base" to extend from. Referenced from: /home/anna/bootcamp2019/GoBarber/.eslintrc.js
[Info  - 16:00:02] Failed to load config "airbnb-base" to extend from. Referenced from: /home/anna/bootcamp2019/GoBarber/.eslintrc.js
[Info  - 16:00:03] Failed to load config "airbnb-base" to extend from. Referenced from: /home/anna/bootcamp2019/GoBarber/.eslintrc.js
[Info  - 16:00:03] Failed to load config "airbnb-base" to extend from. Referenced from: /home/anna/bootcamp2019/GoBarber/.eslintrc.js
[Info  - 16:00:04] Failed to load config "airbnb-base" to extend from. Referenced from: /home/anna/bootcamp2019/GoBarber/.eslintrc.js
[Info  - 16:00:05] Failed to load config "airbnb-base" to extend from. Referenced from: /home/anna/bootcamp2019/GoBarber/.eslintrc.js
[Info  - 16:00:05] Failed to load config "airbnb-base" to extend from. Referenced from: /home/anna/bootcamp2019/GoBarber/.eslintrc.js
[Info  - 16:00:05] Failed to load config "airbnb-base" to extend from. Referenced from: /home/anna/bootcamp2019/GoBarber/.eslintrc.js
[Info  - 16:00:05] Failed to load config "airbnb-base" to extend from. Referenced from: /home/anna/bootcamp2019/GoBarber/.eslintrc.js
[Info  - 16:00:06] Failed to load config "airbnb-base" to extend from. Referenced from: /home/anna/bootcamp2019/GoBarber/.eslintrc.js
[Info  - 16:00:06] Failed to load config "airbnb-base" to extend from. Referenced from: /home/anna/bootcamp2019/GoBarber/.eslintrc.js
[Info  - 16:00:06] Failed to load config "airbnb-base" to extend from. Referenced from: /home/anna/bootcamp2019/GoBarber/.eslintrc.js
[Info  - 16:00:07] Failed to load config "airbnb-base" to extend from. Referenced from: /home/anna/bootcamp2019/GoBarber/.eslintrc.js
[Info  - 16:00:08] Failed to load config "airbnb-base" to extend from. Referenced from: /home/anna/bootcamp2019/GoBarber/.eslintrc.js
[Info  - 16:00:09] Failed to load config "airbnb-base" to extend from. Referenced from: /home/anna/bootcamp2019/GoBarber/.eslintrc.js
[Info  - 16:00:09] Failed to load config "airbnb-base" to extend from. Referenced from: /home/anna/bootcamp2019/GoBarber/.eslintrc.js
[Info  - 16:00:10] Failed to load config "airbnb-base" to extend from. Referenced from: /home/anna/bootcamp2019/GoBarber/.eslintrc.js
[Info  - 16:00:10] Failed to load config "airbnb-base" to extend from. Referenced from: /home/anna/bootcamp2019/GoBarber/.eslintrc.js
[Info  - 16:00:10] Failed to load config "airbnb-base" to extend from. Referenced from: /home/anna/bootcamp2019/GoBarber/.eslintrc.js
[Info  - 16:00:10] Failed to load config "airbnb-base" to extend from. Referenced from: /home/anna/bootcamp2019/GoBarber/.eslintrc.js
[Info  - 16:00:10] Failed to load config "airbnb-base" to extend from. Referenced from: /home/anna/bootcamp2019/GoBarber/.eslintrc.js
[Info  - 16:00:10] Failed to load config "airbnb-base" to extend from. Referenced from: /home/anna/bootcamp2019/GoBarber/.eslintrc.js
[Info  - 16:00:10] Failed to load config "airbnb-base" to extend from. Referenced from: /home/anna/bootcamp2019/GoBarber/.eslintrc.js
[Info  - 16:00:11] Failed to load config "airbnb-base" to extend from. Referenced from: /home/anna/bootcamp2019/GoBarber/.eslintrc.js
[Info  - 16:00:11] Failed to load config "airbnb-base" to extend from. Referenced from: /home/anna/bootcamp2019/GoBarber/.eslintrc.js
[Info  - 16:00:12] Failed to load config "airbnb-base" to extend from. Referenced from: /home/anna/bootcamp2019/GoBarber/.eslintrc.js
[Info  - 16:00:12] Failed to load config "airbnb-base" to extend from. Referenced from: /home/anna/bootcamp2019/GoBarber/.eslintrc.js
[Info  - 16:00:12] Failed to load config "airbnb-base" to extend from. Referenced from: /home/anna/bootcamp2019/GoBarber/.eslintrc.js
[Info  - 16:00:13] Failed to load config "airbnb-base" to extend from. Referenced from: /home/anna/bootcamp2019/GoBarber/.eslintrc.js
[Info  - 16:00:13] Failed to load config "airbnb-base" to extend from. Referenced from: /home/anna/bootcamp2019/GoBarber/.eslintrc.js
[Info  - 16:00:13] Failed to load config "airbnb-base" to extend from. Referenced from: /home/anna/bootcamp2019/GoBarber/.eslintrc.js
[Info  - 16:00:13] Failed to load config "airbnb-base" to extend from. Referenced from: /home/anna/bootcamp2019/GoBarber/.eslintrc.js
[Info  - 16:00:13] Failed to load config "airbnb-base" to extend from. Referenced from: /home/anna/bootcamp2019/GoBarber/.eslintrc.js
[Info  - 16:00:14] Failed to load config "airbnb-base" to extend from. Referenced from: /home/anna/bootcamp2019/GoBarber/.eslintrc.js
[Info  - 16:00:14] Failed to load config "airbnb-base" to extend from. Referenced from: /home/anna/bootcamp2019/GoBarber/.eslintrc.js
[Info  - 16:00:14] Failed to load config "airbnb-base" to extend from. Referenced from: /home/anna/bootcamp2019/GoBarber/.eslintrc.js
[Info  - 16:00:14] Failed to load config "airbnb-base" to extend from. Referenced from: /home/anna/bootcamp2019/GoBarber/.eslintrc.js
[Info  - 16:00:15] Failed to load config "airbnb-base" to extend from. Referenced from: /home/anna/bootcamp2019/GoBarber/.eslintrc.js
[Info  - 16:00:16] Failed to load config "airbnb-base" to extend from. Referenced from: /home/anna/bootcamp2019/GoBarber/.eslintrc.js
[Info  - 16:00:16] Failed to load config "airbnb-base" to extend from. Referenced from: /home/anna/bootcamp2019/GoBarber/.eslintrc.js
[Info  - 16:00:16] Failed to load config "airbnb-base" to extend from. Referenced from: /home/anna/bootcamp2019/GoBarber/.eslintrc.js
[Info  - 16:00:20] Failed to load config "airbnb-base" to extend from. Referenced from: /home/anna/bootcamp2019/GoBarber/.eslintrc.js
[Info  - 16:00:20] Failed to load config "airbnb-base" to extend from. Referenced from: /home/anna/bootcamp2019/GoBarber/.eslintrc.js
[Info  - 16:00:20] Failed to load config "airbnb-base" to extend from. Referenced from: /home/anna/bootcamp2019/GoBarber/.eslintrc.js
[Info  - 16:00:20] Failed to load config "airbnb-base" to extend from. Referenced from: /home/anna/bootcamp2019/GoBarber/.eslintrc.js
[Info  - 16:00:20] Failed to load config "airbnb-base" to extend from. Referenced from: /home/anna/bootcamp2019/GoBarber/.eslintrc.js
[Info  - 16:00:21] Failed to load config "airbnb-base" to extend from. Referenced from: /home/anna/bootcamp2019/GoBarber/.eslintrc.js
[Info  - 16:00:21] Failed to load config "airbnb-base" to extend from. Referenced from: /home/anna/bootcamp2019/GoBarber/.eslintrc.js
[Info  - 16:00:21] Failed to load config "airbnb-base" to extend from. Referenced from: /home/anna/bootcamp2019/GoBarber/.eslintrc.js
[Info  - 16:00:22] Failed to load config "airbnb-base" to extend from. Referenced from: /home/anna/bootcamp2019/GoBarber/.eslintrc.js
[Info  - 16:00:22] Failed to load config "airbnb-base" to extend from. Referenced from: /home/anna/bootcamp2019/GoBarber/.eslintrc.js
[Info  - 16:00:26] Failed to load config "airbnb-base" to extend from. Referenced from: /home/anna/bootcamp2019/GoBarber/.eslintrc.js
[Info  - 16:00:43] Failed to load config "airbnb-base" to extend from. Referenced from: /home/anna/bootcamp2019/GoBarber/.eslintrc.js
[Info  - 16:00:44] Failed to load config "airbnb-base" to extend from. Referenced from: /home/anna/bootcamp2019/GoBarber/.eslintrc.js
[Info  - 16:00:46] Failed to load config "airbnb-base" to extend from. Referenced from: /home/anna/bootcamp2019/GoBarber/.eslintrc.js
[Info  - 16:00:49] Failed to load config "airbnb-base" to extend from. Referenced from: /home/anna/bootcamp2019/GoBarber/.eslintrc.js
[Info  - 16:00:50] Failed to load config "airbnb-base" to extend from. Referenced from: /home/anna/bootcamp2019/GoBarber/.eslintrc.js
[Info  - 16:00:50] Failed to load config "airbnb-base" to extend from. Referenced from: /home/anna/bootcamp2019/GoBarber/.eslintrc.js
[Info  - 16:00:50] Failed to load config "airbnb-base" to extend from. Referenced from: /home/anna/bootcamp2019/GoBarber/.eslintrc.js
[Info  - 16:00:51] Failed to load config "airbnb-base" to extend from. Referenced from: /home/anna/bootcamp2019/GoBarber/.eslintrc.js
[Info  - 16:00:51] Failed to load config "airbnb-base" to extend from. Referenced from: /home/anna/bootcamp2019/GoBarber/.eslintrc.js
[Info  - 16:00:51] Failed to load config "airbnb-base" to extend from. Referenced from: /home/anna/bootcamp2019/GoBarber/.eslintrc.js
[Info  - 16:00:51] Failed to load config "airbnb-base" to extend from. Referenced from: /home/anna/bootcamp2019/GoBarber/.eslintrc.js
[Info  - 16:00:51] Failed to load config "airbnb-base" to extend from. Referenced from: /home/anna/bootcamp2019/GoBarber/.eslintrc.js
[Info  - 16:00:52] Failed to load config "airbnb-base" to extend from. Referenced from: /home/anna/bootcamp2019/GoBarber/.eslintrc.js
[Info  - 16:00:52] Failed to load config "airbnb-base" to extend from. Referenced from: /home/anna/bootcamp2019/GoBarber/.eslintrc.js
[Info  - 16:00:52] Failed to load config "airbnb-base" to extend from. Referenced from: /home/anna/bootcamp2019/GoBarber/.eslintrc.js
[Info  - 16:00:53] Failed to load config "airbnb-base" to extend from. Referenced from: /home/anna/bootcamp2019/GoBarber/.eslintrc.js
[Info  - 16:00:53] Failed to load config "airbnb-base" to extend from. Referenced from: /home/anna/bootcamp2019/GoBarber/.eslintrc.js
[Info  - 16:00:54] Failed to load config "airbnb-base" to extend from. Referenced from: /home/anna/bootcamp2019/GoBarber/.eslintrc.js
[Info  - 16:00:54] Failed to load config "airbnb-base" to extend from. Referenced from: /home/anna/bootcamp2019/GoBarber/.eslintrc.js
[Info  - 16:00:56] Failed to load config "airbnb-base" to extend from. Referenced from: /home/anna/bootcamp2019/GoBarber/.eslintrc.js
[Info  - 16:00:56] Failed to load config "airbnb-base" to extend from. Referenced from: /home/anna/bootcamp2019/GoBarber/.eslintrc.js
[Info  - 16:00:56] Failed to load config "airbnb-base" to extend from. Referenced from: /home/anna/bootcamp2019/GoBarber/.eslintrc.js
[Info  - 16:00:56] Failed to load config "airbnb-base" to extend from. Referenced from: /home/anna/bootcamp2019/GoBarber/.eslintrc.js
[Info  - 16:00:57] Failed to load config "airbnb-base" to extend from. Referenced from: /home/anna/bootcamp2019/GoBarber/.eslintrc.js
[Info  - 16:00:57] Failed to load config "airbnb-base" to extend from. Referenced from: /home/anna/bootcamp2019/GoBarber/.eslintrc.js
[Info  - 16:00:57] Failed to load config "airbnb-base" to extend from. Referenced from: /home/anna/bootcamp2019/GoBarber/.eslintrc.js
[Info  - 16:00:57] Failed to load config "airbnb-base" to extend from. Referenced from: /home/anna/bootcamp2019/GoBarber/.eslintrc.js
[Info  - 16:00:57] Failed to load config "airbnb-base" to extend from. Referenced from: /home/anna/bootcamp2019/GoBarber/.eslintrc.js
[Info  - 16:00:57] Failed to load config "airbnb-base" to extend from. Referenced from: /home/anna/bootcamp2019/GoBarber/.eslintrc.js
[Info  - 16:00:58] Failed to load config "airbnb-base" to extend from. Referenced from: /home/anna/bootcamp2019/GoBarber/.eslintrc.js
[Info  - 16:00:59] Failed to load config "airbnb-base" to extend from. Referenced from: /home/anna/bootcamp2019/GoBarber/.eslintrc.js
[Info  - 16:00:59] Failed to load config "airbnb-base" to extend from. Referenced from: /home/anna/bootcamp2019/GoBarber/.eslintrc.js
[Info  - 16:00:59] Failed to load config "airbnb-base" to extend from. Referenced from: /home/anna/bootcamp2019/GoBarber/.eslintrc.js
[Info  - 16:00:59] Failed to load config "airbnb-base" to extend from. Referenced from: /home/anna/bootcamp2019/GoBarber/.eslintrc.js
[Info  - 16:00:59] Failed to load config "airbnb-base" to extend from. Referenced from: /home/anna/bootcamp2019/GoBarber/.eslintrc.js
[Info  - 16:01:01] Failed to load config "airbnb-base" to extend from. Referenced from: /home/anna/bootcamp2019/GoBarber/.eslintrc.js
[Info  - 16:01:02] Failed to load config "airbnb-base" to extend from. Referenced from: /home/anna/bootcamp2019/GoBarber/.eslintrc.js
[Info  - 16:01:02] Failed to load config "airbnb-base" to extend from. Referenced from: /home/anna/bootcamp2019/GoBarber/.eslintrc.js
[Info  - 16:01:04] Failed to load config "airbnb-base" to extend from. Referenced from: /home/anna/bootcamp2019/GoBarber/.eslintrc.js
[Info  - 16:01:05] Failed to load config "airbnb-base" to extend from. Referenced from: /home/anna/bootcamp2019/GoBarber/.eslintrc.js
[Info  - 16:01:05] Failed to load config "airbnb-base" to extend from. Referenced from: /home/anna/bootcamp2019/GoBarber/.eslintrc.js
[Info  - 16:01:05] Failed to load config "airbnb-base" to extend from. Referenced from: /home/anna/bootcamp2019/GoBarber/.eslintrc.js
[Info  - 16:01:05] Failed to load config "airbnb-base" to extend from. Referenced from: /home/anna/bootcamp2019/GoBarber/.eslintrc.js
[Info  - 16:01:06] Failed to load config "airbnb-base" to extend from. Referenced from: /home/anna/bootcamp2019/GoBarber/.eslintrc.js
[Info  - 16:01:06] Failed to load config "airbnb-base" to extend from. Referenced from: /home/anna/bootcamp2019/GoBarber/.eslintrc.js
[Info  - 16:01:07] Failed to load config "airbnb-base" to extend from. Referenced from: /home/anna/bootcamp2019/GoBarber/.eslintrc.js
[Info  - 16:01:08] Failed to load config "airbnb-base" to extend from. Referenced from: /home/anna/bootcamp2019/GoBarber/.eslintrc.js
[Info  - 16:01:08] Failed to load config "airbnb-base" to extend from. Referenced from: /home/anna/bootcamp2019/GoBarber/.eslintrc.js
[Info  - 16:01:08] Failed to load config "airbnb-base" to extend from. Referenced from: /home/anna/bootcamp2019/GoBarber/.eslintrc.js
[Info  - 16:01:08] Failed to load config "airbnb-base" to extend from. Referenced from: /home/anna/bootcamp2019/GoBarber/.eslintrc.js
[Info  - 16:01:08] Failed to load config "airbnb-base" to extend from. Referenced from: /home/anna/bootcamp2019/GoBarber/.eslintrc.js
[Info  - 16:01:09] Failed to load config "airbnb-base" to extend from. Referenced from: /home/anna/bootcamp2019/GoBarber/.eslintrc.js
[Info  - 16:01:09] Failed to load config "airbnb-base" to extend from. Referenced from: /home/anna/bootcamp2019/GoBarber/.eslintrc.js
[Info  - 16:01:09] Failed to load config "airbnb-base" to extend from. Referenced from: /home/anna/bootcamp2019/GoBarber/.eslintrc.js
[Info  - 16:01:13] Failed to load config "airbnb-base" to extend from. Referenced from: /home/anna/bootcamp2019/GoBarber/.eslintrc.js
[Info  - 16:01:13] Failed to load config "airbnb-base" to extend from. Referenced from: /home/anna/bootcamp2019/GoBarber/.eslintrc.js
[Info  - 16:01:13] Failed to load config "airbnb-base" to extend from. Referenced from: /home/anna/bootcamp2019/GoBarber/.eslintrc.js
[Info  - 16:01:13] Failed to load config "airbnb-base" to extend from. Referenced from: /home/anna/bootcamp2019/GoBarber/.eslintrc.js
[Info  - 16:01:39] Failed to load config "airbnb-base" to extend from. Referenced from: /home/anna/bootcamp2019/GoBarber/.eslintrc.js
[Info  - 16:01:43] Failed to load config "airbnb-base" to extend from. Referenced from: /home/anna/bootcamp2019/GoBarber/.eslintrc.js
[Info  - 16:04:24] Failed to load config "airbnb-base" to extend from. Referenced from: /home/anna/bootcamp2019/GoBarber/.eslintrc.js
[Info  - 16:05:47] Failed to load config "airbnb-base" to extend from. Referenced from: /home/anna/bootcamp2019/GoBarber/.eslintrc.js
[Info  - 16:08:45] Failed to load config "airbnb-base" to extend from. Referenced from: /home/anna/bootcamp2019/GoBarber/.eslintrc.js
[Info  - 16:09:11] Failed to load config "airbnb-base" to extend from. Referenced from: /home/anna/bootcamp2019/GoBarber/.eslintrc.js
[Info  - 16:09:35] Failed to load config "airbnb-base" to extend from. Referenced from: /home/anna/bootcamp2019/GoBarber/.eslintrc.js
[Info  - 16:09:36] Failed to load config "airbnb-base" to extend from. Referenced from: /home/anna/bootcamp2019/GoBarber/.eslintrc.js
[Info  - 16:09:36] Failed to load config "airbnb-base" to extend from. Referenced from: /home/anna/bootcamp2019/GoBarber/.eslintrc.js
[Info  - 16:09:36] Failed to load config "airbnb-base" to extend from. Referenced from: /home/anna/bootcamp2019/GoBarber/.eslintrc.js
[Info  - 16:10:59] Failed to load config "airbnb-base" to extend from. Referenced from: /home/anna/bootcamp2019/GoBarber/.eslintrc.js
[Info  - 16:11:23] Failed to load config "airbnb-base" to extend from. Referenced from: /home/anna/bootcamp2019/GoBarber/.eslintrc.js
[Info  - 16:11:26] Failed to load config "airbnb-base" to extend from. Referenced from: /home/anna/bootcamp2019/GoBarber/.eslintrc.js
[Info  - 16:11:26] Failed to load config "airbnb-base" to extend from. Referenced from: /home/anna/bootcamp2019/GoBarber/.eslintrc.js
[Info  - 16:11:38] Failed to load config "airbnb-base" to extend from. Referenced from: /home/anna/bootcamp2019/GoBarber/.eslintrc.js
[Info  - 16:11:38] Failed to load config "airbnb-base" to extend from. Referenced from: /home/anna/bootcamp2019/GoBarber/.eslintrc.js
[Info  - 16:12:22] Failed to load config "airbnb-base" to extend from. Referenced from: /home/anna/bootcamp2019/GoBarber/.eslintrc.js
[Info  - 16:12:29] Failed to load config "airbnb-base" to extend from. Referenced from: /home/anna/bootcamp2019/GoBarber/.eslintrc.js
[Info  - 16:14:01] Failed to load config "airbnb-base" to extend from. Referenced from: /home/anna/bootcamp2019/GoBarber/.eslintrc.js
[Info  - 16:14:02] Failed to load config "airbnb-base" to extend from. Referenced from: /home/anna/bootcamp2019/GoBarber/.eslintrc.js
[Info  - 16:14:02] Failed to load config "airbnb-base" to extend from. Referenced from: /home/anna/bootcamp2019/GoBarber/.eslintrc.js
[Info  - 16:14:02] Failed to load config "airbnb-base" to extend from. Referenced from: /home/anna/bootcamp2019/GoBarber/.eslintrc.js
[Info  - 16:14:02] Failed to load config "airbnb-base" to extend from. Referenced from: /home/anna/bootcamp2019/GoBarber/.eslintrc.js
[Info  - 16:14:02] Failed to load config "airbnb-base" to extend from. Referenced from: /home/anna/bootcamp2019/GoBarber/.eslintrc.js
[Info  - 16:14:03] Failed to load config "airbnb-base" to extend from. Referenced from: /home/anna/bootcamp2019/GoBarber/.eslintrc.js
[Info  - 16:14:03] Failed to load config "airbnb-base" to extend from. Referenced from: /home/anna/bootcamp2019/GoBarber/.eslintrc.js
[Info  - 16:14:03] Failed to load config "airbnb-base" to extend from. Referenced from: /home/anna/bootcamp2019/GoBarber/.eslintrc.js
[Info  - 16:14:03] Failed to load config "airbnb-base" to extend from. Referenced from: /home/anna/bootcamp2019/GoBarber/.eslintrc.js
[Info  - 16:14:03] Failed to load config "airbnb-base" to extend from. Referenced from: /home/anna/bootcamp2019/GoBarber/.eslintrc.js
[Info  - 16:14:08] Failed to load config "airbnb-base" to extend from. Referenced from: /home/anna/bootcamp2019/GoBarber/.eslintrc.js
[Info  - 16:14:08] Failed to load config "airbnb-base" to extend from. Referenced from: /home/anna/bootcamp2019/GoBarber/.eslintrc.js
[Info  - 16:14:08] Failed to load config "airbnb-base" to extend from. Referenced from: /home/anna/bootcamp2019/GoBarber/.eslintrc.js
[Info  - 16:14:08] Failed to load config "airbnb-base" to extend from. Referenced from: /home/anna/bootcamp2019/GoBarber/.eslintrc.js
[Info  - 16:14:13] Failed to load config "airbnb-base" to extend from. Referenced from: /home/anna/bootcamp2019/GoBarber/.eslintrc.js
[Info  - 16:14:13] Failed to load config "airbnb-base" to extend from. Referenced from: /home/anna/bootcamp2019/GoBarber/.eslintrc.js
[Info  - 16:14:13] Failed to load config "airbnb-base" to extend from. Referenced from: /home/anna/bootcamp2019/GoBarber/.eslintrc.js
[Info  - 16:14:13] Failed to load config "airbnb-base" to extend from. Referenced from: /home/anna/bootcamp2019/GoBarber/.eslintrc.js
[Info  - 16:14:15] Failed to load config "airbnb-base" to extend from. Referenced from: /home/anna/bootcamp2019/GoBarber/.eslintrc.js
[Info  - 16:14:19] Failed to load config "airbnb-base" to extend from. Referenced from: /home/anna/bootcamp2019/GoBarber/.eslintrc.js
[Info  - 16:14:19] Failed to load config "airbnb-base" to extend from. Referenced from: /home/anna/bootcamp2019/GoBarber/.eslintrc.js
[Info  - 16:14:19] Failed to load config "airbnb-base" to extend from. Referenced from: /home/anna/bootcamp2019/GoBarber/.eslintrc.js
[Info  - 16:14:19] Failed to load config "airbnb-base" to extend from. Referenced from: /home/anna/bootcamp2019/GoBarber/.eslintrc.js
[Info  - 16:14:23] Failed to load config "airbnb-base" to extend from. Referenced from: /home/anna/bootcamp2019/GoBarber/.eslintrc.js
[Info  - 16:14:23] Failed to load config "airbnb-base" to extend from. Referenced from: /home/anna/bootcamp2019/GoBarber/.eslintrc.js
[Info  - 16:14:23] Failed to load config "airbnb-base" to extend from. Referenced from: /home/anna/bootcamp2019/GoBarber/.eslintrc.js
[Info  - 16:14:23] Failed to load config "airbnb-base" to extend from. Referenced from: /home/anna/bootcamp2019/GoBarber/.eslintrc.js
[Info  - 16:14:23] Failed to load config "airbnb-base" to extend from. Referenced from: /home/anna/bootcamp2019/GoBarber/.eslintrc.js
[Info  - 16:14:23] Failed to load config "airbnb-base" to extend from. Referenced from: /home/anna/bootcamp2019/GoBarber/.eslintrc.js
[Info  - 16:14:24] Failed to load config "airbnb-base" to extend from. Referenced from: /home/anna/bootcamp2019/GoBarber/.eslintrc.js
[Info  - 16:14:24] Failed to load config "airbnb-base" to extend from. Referenced from: /home/anna/bootcamp2019/GoBarber/.eslintrc.js
[Info  - 16:14:24] Failed to load config "airbnb-base" to extend from. Referenced from: /home/anna/bootcamp2019/GoBarber/.eslintrc.js
[Info  - 16:14:25] Failed to load config "airbnb-base" to extend from. Referenced from: /home/anna/bootcamp2019/GoBarber/.eslintrc.js
[Info  - 16:14:25] Failed to load config "airbnb-base" to extend from. Referenced from: /home/anna/bootcamp2019/GoBarber/.eslintrc.js
[Info  - 16:14:34] Failed to load config "airbnb-base" to extend from. Referenced from: /home/anna/bootcamp2019/GoBarber/.eslintrc.js
[Info  - 16:14:36] Failed to load config "airbnb-base" to extend from. Referenced from: /home/anna/bootcamp2019/GoBarber/.eslintrc.js
[Info  - 16:14:36] Failed to load config "airbnb-base" to extend from. Referenced from: /home/anna/bootcamp2019/GoBarber/.eslintrc.js
[Info  - 16:14:36] Failed to load config "airbnb-base" to extend from. Referenced from: /home/anna/bootcamp2019/GoBarber/.eslintrc.js
[Info  - 16:14:36] Failed to load config "airbnb-base" to extend from. Referenced from: /home/anna/bootcamp2019/GoBarber/.eslintrc.js
[Info  - 16:14:51] Failed to load config "airbnb-base" to extend from. Referenced from: /home/anna/bootcamp2019/GoBarber/.eslintrc.js
[Info  - 16:14:51] Failed to load config "airbnb-base" to extend from. Referenced from: /home/anna/bootcamp2019/GoBarber/.eslintrc.js
[Info  - 16:14:52] Failed to load config "airbnb-base" to extend from. Referenced from: /home/anna/bootcamp2019/GoBarber/.eslintrc.js
[Info  - 16:14:54] Failed to load config "airbnb-base" to extend from. Referenced from: /home/anna/bootcamp2019/GoBarber/.eslintrc.js
[Info  - 16:14:54] Failed to load config "airbnb-base" to extend from. Referenced from: /home/anna/bootcamp2019/GoBarber/.eslintrc.js
[Info  - 16:14:54] Failed to load config "airbnb-base" to extend from. Referenced from: /home/anna/bootcamp2019/GoBarber/.eslintrc.js
[Info  - 16:14:54] Failed to load config "airbnb-base" to extend from. Referenced from: /home/anna/bootcamp2019/GoBarber/.eslintrc.js
[Info  - 16:14:55] Failed to load config "airbnb-base" to extend from. Referenced from: /home/anna/bootcamp2019/GoBarber/.eslintrc.js
[Info  - 16:14:55] Failed to load config "airbnb-base" to extend from. Referenced from: /home/anna/bootcamp2019/GoBarber/.eslintrc.js
[Info  - 16:14:55] Failed to load config "airbnb-base" to extend from. Referenced from: /home/anna/bootcamp2019/GoBarber/.eslintrc.js
[Info  - 16:14:55] Failed to load config "airbnb-base" to extend from. Referenced from: /home/anna/bootcamp2019/GoBarber/.eslintrc.js
[Info  - 16:14:55] Failed to load config "airbnb-base" to extend from. Referenced from: /home/anna/bootcamp2019/GoBarber/.eslintrc.js
[Info  - 16:14:55] Failed to load config "airbnb-base" to extend from. Referenced from: /home/anna/bootcamp2019/GoBarber/.eslintrc.js
[Info  - 16:14:56] Failed to load config "airbnb-base" to extend from. Referenced from: /home/anna/bootcamp2019/GoBarber/.eslintrc.js
[Info  - 16:14:56] Failed to load config "airbnb-base" to extend from. Referenced from: /home/anna/bootcamp2019/GoBarber/.eslintrc.js
[Info  - 16:14:57] Failed to load config "airbnb-base" to extend from. Referenced from: /home/anna/bootcamp2019/GoBarber/.eslintrc.js
[Info  - 16:14:57] Failed to load config "airbnb-base" to extend from. Referenced from: /home/anna/bootcamp2019/GoBarber/.eslintrc.js
[Info  - 16:14:57] Failed to load config "airbnb-base" to extend from. Referenced from: /home/anna/bootcamp2019/GoBarber/.eslintrc.js
[Info  - 16:14:57] Failed to load config "airbnb-base" to extend from. Referenced from: /home/anna/bootcamp2019/GoBarber/.eslintrc.js
[Info  - 16:14:57] Failed to load config "airbnb-base" to extend from. Referenced from: /home/anna/bootcamp2019/GoBarber/.eslintrc.js
[Info  - 16:14:58] Failed to load config "airbnb-base" to extend from. Referenced from: /home/anna/bootcamp2019/GoBarber/.eslintrc.js
[Info  - 16:14:59] Failed to load config "airbnb-base" to extend from. Referenced from: /home/anna/bootcamp2019/GoBarber/.eslintrc.js
[Info  - 16:14:59] Failed to load config "airbnb-base" to extend from. Referenced from: /home/anna/bootcamp2019/GoBarber/.eslintrc.js
[Info  - 16:14:59] Failed to load config "airbnb-base" to extend from. Referenced from: /home/anna/bootcamp2019/GoBarber/.eslintrc.js
[Info  - 16:14:59] Failed to load config "airbnb-base" to extend from. Referenced from: /home/anna/bootcamp2019/GoBarber/.eslintrc.js
[Info  - 16:14:59] Failed to load config "airbnb-base" to extend from. Referenced from: /home/anna/bootcamp2019/GoBarber/.eslintrc.js
[Info  - 16:14:59] Failed to load config "airbnb-base" to extend from. Referenced from: /home/anna/bootcamp2019/GoBarber/.eslintrc.js
[Info  - 16:15:00] Failed to load config "airbnb-base" to extend from. Referenced from: /home/anna/bootcamp2019/GoBarber/.eslintrc.js
[Info  - 16:15:02] Failed to load config "airbnb-base" to extend from. Referenced from: /home/anna/bootcamp2019/GoBarber/.eslintrc.js
[Info  - 16:15:03] Failed to load config "airbnb-base" to extend from. Referenced from: /home/anna/bootcamp2019/GoBarber/.eslintrc.js
[Info  - 16:15:04] Failed to load config "airbnb-base" to extend from. Referenced from: /home/anna/bootcamp2019/GoBarber/.eslintrc.js
[Info  - 16:15:05] Failed to load config "airbnb-base" to extend from. Referenced from: /home/anna/bootcamp2019/GoBarber/.eslintrc.js
[Info  - 16:15:05] Failed to load config "airbnb-base" to extend from. Referenced from: /home/anna/bootcamp2019/GoBarber/.eslintrc.js
[Info  - 16:15:05] Failed to load config "airbnb-base" to extend from. Referenced from: /home/anna/bootcamp2019/GoBarber/.eslintrc.js
[Info  - 16:15:06] Failed to load config "airbnb-base" to extend from. Referenced from: /home/anna/bootcamp2019/GoBarber/.eslintrc.js
[Info  - 16:15:06] Failed to load config "airbnb-base" to extend from. Referenced from: /home/anna/bootcamp2019/GoBarber/.eslintrc.js
[Info  - 16:15:06] Failed to load config "airbnb-base" to extend from. Referenced from: /home/anna/bootcamp2019/GoBarber/.eslintrc.js
[Info  - 16:15:06] Failed to load config "airbnb-base" to extend from. Referenced from: /home/anna/bootcamp2019/GoBarber/.eslintrc.js
[Info  - 16:15:06] Failed to load config "airbnb-base" to extend from. Referenced from: /home/anna/bootcamp2019/GoBarber/.eslintrc.js
[Info  - 16:15:06] Failed to load config "airbnb-base" to extend from. Referenced from: /home/anna/bootcamp2019/GoBarber/.eslintrc.js
[Info  - 16:15:06] Failed to load config "airbnb-base" to extend from. Referenced from: /home/anna/bootcamp2019/GoBarber/.eslintrc.js
[Info  - 16:15:07] Failed to load config "airbnb-base" to extend from. Referenced from: /home/anna/bootcamp2019/GoBarber/.eslintrc.js
[Info  - 16:15:07] Failed to load config "airbnb-base" to extend from. Referenced from: /home/anna/bootcamp2019/GoBarber/.eslintrc.js
[Info  - 16:15:08] Failed to load config "airbnb-base" to extend from. Referenced from: /home/anna/bootcamp2019/GoBarber/.eslintrc.js
[Info  - 16:15:09] Failed to load config "airbnb-base" to extend from. Referenced from: /home/anna/bootcamp2019/GoBarber/.eslintrc.js
[Info  - 16:15:09] Failed to load config "airbnb-base" to extend from. Referenced from: /home/anna/bootcamp2019/GoBarber/.eslintrc.js
[Info  - 16:15:09] Failed to load config "airbnb-base" to extend from. Referenced from: /home/anna/bootcamp2019/GoBarber/.eslintrc.js
[Info  - 16:15:09] Failed to load config "airbnb-base" to extend from. Referenced from: /home/anna/bootcamp2019/GoBarber/.eslintrc.js
[Info  - 16:15:10] Failed to load config "airbnb-base" to extend from. Referenced from: /home/anna/bootcamp2019/GoBarber/.eslintrc.js
[Info  - 16:15:11] Failed to load config "airbnb-base" to extend from. Referenced from: /home/anna/bootcamp2019/GoBarber/.eslintrc.js
[Info  - 16:15:11] Failed to load config "airbnb-base" to extend from. Referenced from: /home/anna/bootcamp2019/GoBarber/.eslintrc.js
[Info  - 16:15:12] Failed to load config "airbnb-base" to extend from. Referenced from: /home/anna/bootcamp2019/GoBarber/.eslintrc.js
[Info  - 16:15:12] Failed to load config "airbnb-base" to extend from. Referenced from: /home/anna/bootcamp2019/GoBarber/.eslintrc.js
[Info  - 16:15:12] Failed to load config "airbnb-base" to extend from. Referenced from: /home/anna/bootcamp2019/GoBarber/.eslintrc.js
[Info  - 16:15:12] Failed to load config "airbnb-base" to extend from. Referenced from: /home/anna/bootcamp2019/GoBarber/.eslintrc.js
[Info  - 16:15:12] Failed to load config "airbnb-base" to extend from. Referenced from: /home/anna/bootcamp2019/GoBarber/.eslintrc.js
[Info  - 16:15:13] Failed to load config "airbnb-base" to extend from. Referenced from: /home/anna/bootcamp2019/GoBarber/.eslintrc.js
[Info  - 16:15:13] Failed to load config "airbnb-base" to extend from. Referenced from: /home/anna/bootcamp2019/GoBarber/.eslintrc.js
[Info  - 16:15:14] Failed to load config "airbnb-base" to extend from. Referenced from: /home/anna/bootcamp2019/GoBarber/.eslintrc.js
[Info  - 16:15:14] Failed to load config "airbnb-base" to extend from. Referenced from: /home/anna/bootcamp2019/GoBarber/.eslintrc.js
[Info  - 16:15:14] Failed to load config "airbnb-base" to extend from. Referenced from: /home/anna/bootcamp2019/GoBarber/.eslintrc.js
[Info  - 16:15:15] Failed to load config "airbnb-base" to extend from. Referenced from: /home/anna/bootcamp2019/GoBarber/.eslintrc.js
[Info  - 16:15:15] Failed to load config "airbnb-base" to extend from. Referenced from: /home/anna/bootcamp2019/GoBarber/.eslintrc.js
[Info  - 16:15:15] Failed to load config "airbnb-base" to extend from. Referenced from: /home/anna/bootcamp2019/GoBarber/.eslintrc.js
[Info  - 16:15:17] Failed to load config "airbnb-base" to extend from. Referenced from: /home/anna/bootcamp2019/GoBarber/.eslintrc.js
[Info  - 16:15:17] Failed to load config "airbnb-base" to extend from. Referenced from: /home/anna/bootcamp2019/GoBarber/.eslintrc.js
[Info  - 16:15:18] Failed to load config "airbnb-base" to extend from. Referenced from: /home/anna/bootcamp2019/GoBarber/.eslintrc.js
[Info  - 16:15:19] Failed to load config "airbnb-base" to extend from. Referenced from: /home/anna/bootcamp2019/GoBarber/.eslintrc.js
[Info  - 16:15:19] Failed to load config "airbnb-base" to extend from. Referenced from: /home/anna/bootcamp2019/GoBarber/.eslintrc.js
[Info  - 16:15:19] Failed to load config "airbnb-base" to extend from. Referenced from: /home/anna/bootcamp2019/GoBarber/.eslintrc.js
[Info  - 16:15:19] Failed to load config "airbnb-base" to extend from. Referenced from: /home/anna/bootcamp2019/GoBarber/.eslintrc.js
[Info  - 16:15:19] Failed to load config "airbnb-base" to extend from. Referenced from: /home/anna/bootcamp2019/GoBarber/.eslintrc.js
[Info  - 16:15:20] Failed to load config "airbnb-base" to extend from. Referenced from: /home/anna/bootcamp2019/GoBarber/.eslintrc.js
[Info  - 16:15:20] Failed to load config "airbnb-base" to extend from. Referenced from: /home/anna/bootcamp2019/GoBarber/.eslintrc.js
[Info  - 16:15:20] Failed to load config "airbnb-base" to extend from. Referenced from: /home/anna/bootcamp2019/GoBarber/.eslintrc.js
[Info  - 16:15:21] Failed to load config "airbnb-base" to extend from. Referenced from: /home/anna/bootcamp2019/GoBarber/.eslintrc.js
[Info  - 16:15:21] Failed to load config "airbnb-base" to extend from. Referenced from: /home/anna/bootcamp2019/GoBarber/.eslintrc.js
[Info  - 16:15:21] Failed to load config "airbnb-base" to extend from. Referenced from: /home/anna/bootcamp2019/GoBarber/.eslintrc.js
[Info  - 16:15:22] Failed to load config "airbnb-base" to extend from. Referenced from: /home/anna/bootcamp2019/GoBarber/.eslintrc.js
[Info  - 16:15:22] Failed to load config "airbnb-base" to extend from. Referenced from: /home/anna/bootcamp2019/GoBarber/.eslintrc.js
[Info  - 16:15:23] Failed to load config "airbnb-base" to extend from. Referenced from: /home/anna/bootcamp2019/GoBarber/.eslintrc.js
[Info  - 16:15:24] Failed to load config "airbnb-base" to extend from. Referenced from: /home/anna/bootcamp2019/GoBarber/.eslintrc.js
[Info  - 16:15:25] Failed to load config "airbnb-base" to extend from. Referenced from: /home/anna/bootcamp2019/GoBarber/.eslintrc.js
[Info  - 16:15:25] Failed to load config "airbnb-base" to extend from. Referenced from: /home/anna/bootcamp2019/GoBarber/.eslintrc.js
[Info  - 16:15:26] Failed to load config "airbnb-base" to extend from. Referenced from: /home/anna/bootcamp2019/GoBarber/.eslintrc.js
[Info  - 16:15:26] Failed to load config "airbnb-base" to extend from. Referenced from: /home/anna/bootcamp2019/GoBarber/.eslintrc.js
[Info  - 16:15:26] Failed to load config "airbnb-base" to extend from. Referenced from: /home/anna/bootcamp2019/GoBarber/.eslintrc.js
[Info  - 16:15:28] Failed to load config "airbnb-base" to extend from. Referenced from: /home/anna/bootcamp2019/GoBarber/.eslintrc.js
[Info  - 16:15:28] Failed to load config "airbnb-base" to extend from. Referenced from: /home/anna/bootcamp2019/GoBarber/.eslintrc.js
[Info  - 16:15:28] Failed to load config "airbnb-base" to extend from. Referenced from: /home/anna/bootcamp2019/GoBarber/.eslintrc.js
[Info  - 16:15:29] Failed to load config "airbnb-base" to extend from. Referenced from: /home/anna/bootcamp2019/GoBarber/.eslintrc.js
[Info  - 16:15:29] Failed to load config "airbnb-base" to extend from. Referenced from: /home/anna/bootcamp2019/GoBarber/.eslintrc.js
[Info  - 16:15:30] Failed to load config "airbnb-base" to extend from. Referenced from: /home/anna/bootcamp2019/GoBarber/.eslintrc.js
[Info  - 16:15:30] Failed to load config "airbnb-base" to extend from. Referenced from: /home/anna/bootcamp2019/GoBarber/.eslintrc.js
[Info  - 16:15:32] Failed to load config "airbnb-base" to extend from. Referenced from: /home/anna/bootcamp2019/GoBarber/.eslintrc.js
[Info  - 16:15:32] Failed to load config "airbnb-base" to extend from. Referenced from: /home/anna/bootcamp2019/GoBarber/.eslintrc.js
[Info  - 16:15:32] Failed to load config "airbnb-base" to extend from. Referenced from: /home/anna/bootcamp2019/GoBarber/.eslintrc.js
[Info  - 16:15:32] Failed to load config "airbnb-base" to extend from. Referenced from: /home/anna/bootcamp2019/GoBarber/.eslintrc.js
[Info  - 16:15:50] Failed to load config "airbnb-base" to extend from. Referenced from: /home/anna/bootcamp2019/GoBarber/.eslintrc.js
[Info  - 16:15:53] Failed to load config "airbnb-base" to extend from. Referenced from: /home/anna/bootcamp2019/GoBarber/.eslintrc.js
[Info  - 16:15:54] Failed to load config "airbnb-base" to extend from. Referenced from: /home/anna/bootcamp2019/GoBarber/.eslintrc.js
[Info  - 16:15:56] Failed to load config "airbnb-base" to extend from. Referenced from: /home/anna/bootcamp2019/GoBarber/.eslintrc.js
[Info  - 16:15:56] Failed to load config "airbnb-base" to extend from. Referenced from: /home/anna/bootcamp2019/GoBarber/.eslintrc.js
[Info  - 16:15:57] Failed to load config "airbnb-base" to extend from. Referenced from: /home/anna/bootcamp2019/GoBarber/.eslintrc.js
[Info  - 16:15:57] Failed to load config "airbnb-base" to extend from. Referenced from: /home/anna/bootcamp2019/GoBarber/.eslintrc.js
[Info  - 16:15:57] Failed to load config "airbnb-base" to extend from. Referenced from: /home/anna/bootcamp2019/GoBarber/.eslintrc.js
[Info  - 16:15:57] Failed to load config "airbnb-base" to extend from. Referenced from: /home/anna/bootcamp2019/GoBarber/.eslintrc.js
[Info  - 16:15:58] Failed to load config "airbnb-base" to extend from. Referenced from: /home/anna/bootcamp2019/GoBarber/.eslintrc.js
[Info  - 16:15:58] Failed to load config "airbnb-base" to extend from. Referenced from: /home/anna/bootcamp2019/GoBarber/.eslintrc.js
[Info  - 16:15:58] Failed to load config "airbnb-base" to extend from. Referenced from: /home/anna/bootcamp2019/GoBarber/.eslintrc.js
[Info  - 16:15:58] Failed to load config "airbnb-base" to extend from. Referenced from: /home/anna/bootcamp2019/GoBarber/.eslintrc.js
[Info  - 16:15:58] Failed to load config "airbnb-base" to extend from. Referenced from: /home/anna/bootcamp2019/GoBarber/.eslintrc.js
[Info  - 16:15:59] Failed to load config "airbnb-base" to extend from. Referenced from: /home/anna/bootcamp2019/GoBarber/.eslintrc.js
[Info  - 16:16:01] Failed to load config "airbnb-base" to extend from. Referenced from: /home/anna/bootcamp2019/GoBarber/.eslintrc.js
[Info  - 16:16:01] Failed to load config "airbnb-base" to extend from. Referenced from: /home/anna/bootcamp2019/GoBarber/.eslintrc.js
[Info  - 16:16:02] Failed to load config "airbnb-base" to extend from. Referenced from: /home/anna/bootcamp2019/GoBarber/.eslintrc.js
[Info  - 16:16:03] Failed to load config "airbnb-base" to extend from. Referenced from: /home/anna/bootcamp2019/GoBarber/.eslintrc.js
[Info  - 16:16:03] Failed to load config "airbnb-base" to extend from. Referenced from: /home/anna/bootcamp2019/GoBarber/.eslintrc.js
[Info  - 16:16:03] Failed to load config "airbnb-base" to extend from. Referenced from: /home/anna/bootcamp2019/GoBarber/.eslintrc.js
[Info  - 16:16:03] Failed to load config "airbnb-base" to extend from. Referenced from: /home/anna/bootcamp2019/GoBarber/.eslintrc.js
[Info  - 16:16:03] Failed to load config "airbnb-base" to extend from. Referenced from: /home/anna/bootcamp2019/GoBarber/.eslintrc.js
[Info  - 16:16:03] Failed to load config "airbnb-base" to extend from. Referenced from: /home/anna/bootcamp2019/GoBarber/.eslintrc.js
[Info  - 16:16:04] Failed to load config "airbnb-base" to extend from. Referenced from: /home/anna/bootcamp2019/GoBarber/.eslintrc.js
[Info  - 16:23:04] Failed to load config "airbnb-base" to extend from. Referenced from: /home/anna/bootcamp2019/GoBarber/.eslintrc.js
[Info  - 16:23:10] Failed to load config "airbnb-base" to extend from. Referenced from: /home/anna/bootcamp2019/GoBarber/.eslintrc.js
[Info  - 16:23:11] Failed to load config "airbnb-base" to extend from. Referenced from: /home/anna/bootcamp2019/GoBarber/.eslintrc.js
[Info  - 16:23:13] Failed to load config "airbnb-base" to extend from. Referenced from: /home/anna/bootcamp2019/GoBarber/.eslintrc.js
[Info  - 16:23:14] Failed to load config "airbnb-base" to extend from. Referenced from: /home/anna/bootcamp2019/GoBarber/.eslintrc.js
[Info  - 16:23:14] Failed to load config "airbnb-base" to extend from. Referenced from: /home/anna/bootcamp2019/GoBarber/.eslintrc.js
[Info  - 16:23:14] Failed to load config "airbnb-base" to extend from. Referenced from: /home/anna/bootcamp2019/GoBarber/.eslintrc.js
[Info  - 16:23:14] Failed to load config "airbnb-base" to extend from. Referenced from: /home/anna/bootcamp2019/GoBarber/.eslintrc.js
[Info  - 16:23:15] Failed to load config "airbnb-base" to extend from. Referenced from: /home/anna/bootcamp2019/GoBarber/.eslintrc.js
[Info  - 16:23:15] Failed to load config "airbnb-base" to extend from. Referenced from: /home/anna/bootcamp2019/GoBarber/.eslintrc.js
[Info  - 16:23:15] Failed to load config "airbnb-base" to extend from. Referenced from: /home/anna/bootcamp2019/GoBarber/.eslintrc.js
[Info  - 16:23:15] Failed to load config "airbnb-base" to extend from. Referenced from: /home/anna/bootcamp2019/GoBarber/.eslintrc.js
[Info  - 16:23:15] Failed to load config "airbnb-base" to extend from. Referenced from: /home/anna/bootcamp2019/GoBarber/.eslintrc.js
[Info  - 16:23:16] Failed to load config "airbnb-base" to extend from. Referenced from: /home/anna/bootcamp2019/GoBarber/.eslintrc.js
[Info  - 16:23:20] Failed to load config "airbnb-base" to extend from. Referenced from: /home/anna/bootcamp2019/GoBarber/.eslintrc.js
[Info  - 16:23:20] Failed to load config "airbnb-base" to extend from. Referenced from: /home/anna/bootcamp2019/GoBarber/.eslintrc.js
[Info  - 16:23:20] Failed to load config "airbnb-base" to extend from. Referenced from: /home/anna/bootcamp2019/GoBarber/.eslintrc.js
[Info  - 16:23:21] Failed to load config "airbnb-base" to extend from. Referenced from: /home/anna/bootcamp2019/GoBarber/.eslintrc.js
[Info  - 16:23:21] Failed to load config "airbnb-base" to extend from. Referenced from: /home/anna/bootcamp2019/GoBarber/.eslintrc.js
[Info  - 16:23:21] Failed to load config "airbnb-base" to extend from. Referenced from: /home/anna/bootcamp2019/GoBarber/.eslintrc.js
[Info  - 16:23:21] Failed to load config "airbnb-base" to extend from. Referenced from: /home/anna/bootcamp2019/GoBarber/.eslintrc.js
[Info  - 16:23:21] Failed to load config "airbnb-base" to extend from. Referenced from: /home/anna/bootcamp2019/GoBarber/.eslintrc.js
[Info  - 16:23:22] Failed to load config "airbnb-base" to extend from. Referenced from: /home/anna/bootcamp2019/GoBarber/.eslintrc.js
[Info  - 16:23:22] Failed to load config "airbnb-base" to extend from. Referenced from: /home/anna/bootcamp2019/GoBarber/.eslintrc.js
[Info  - 16:23:22] Failed to load config "airbnb-base" to extend from. Referenced from: /home/anna/bootcamp2019/GoBarber/.eslintrc.js
[Info  - 16:23:25] Failed to load config "airbnb-base" to extend from. Referenced from: /home/anna/bootcamp2019/GoBarber/.eslintrc.js
[Info  - 16:23:25] Failed to load config "airbnb-base" to extend from. Referenced from: /home/anna/bootcamp2019/GoBarber/.eslintrc.js
[Info  - 16:23:25] Failed to load config "airbnb-base" to extend from. Referenced from: /home/anna/bootcamp2019/GoBarber/.eslintrc.js
[Info  - 16:23:26] Failed to load config "airbnb-base" to extend from. Referenced from: /home/anna/bootcamp2019/GoBarber/.eslintrc.js
[Info  - 16:23:26] Failed to load config "airbnb-base" to extend from. Referenced from: /home/anna/bootcamp2019/GoBarber/.eslintrc.js
[Info  - 16:23:26] Failed to load config "airbnb-base" to extend from. Referenced from: /home/anna/bootcamp2019/GoBarber/.eslintrc.js
[Info  - 16:23:26] Failed to load config "airbnb-base" to extend from. Referenced from: /home/anna/bootcamp2019/GoBarber/.eslintrc.js
[Info  - 16:23:27] Failed to load config "airbnb-base" to extend from. Referenced from: /home/anna/bootcamp2019/GoBarber/.eslintrc.js
[Info  - 16:25:26] Failed to load config "airbnb-base" to extend from. Referenced from: /home/anna/bootcamp2019/GoBarber/.eslintrc.js
[Info  - 16:25:26] Failed to load config "airbnb-base" to extend from. Referenced from: /home/anna/bootcamp2019/GoBarber/.eslintrc.js
[Info  - 16:25:26] Failed to load config "airbnb-base" to extend from. Referenced from: /home/anna/bootcamp2019/GoBarber/.eslintrc.js
[Info  - 16:25:27] Failed to load config "airbnb-base" to extend from. Referenced from: /home/anna/bootcamp2019/GoBarber/.eslintrc.js
[Info  - 16:25:27] Failed to load config "airbnb-base" to extend from. Referenced from: /home/anna/bootcamp2019/GoBarber/.eslintrc.js
[Info  - 16:25:28] Failed to load config "airbnb-base" to extend from. Referenced from: /home/anna/bootcamp2019/GoBarber/.eslintrc.js
[Info  - 16:25:28] Failed to load config "airbnb-base" to extend from. Referenced from: /home/anna/bootcamp2019/GoBarber/.eslintrc.js
[Info  - 16:25:28] Failed to load config "airbnb-base" to extend from. Referenced from: /home/anna/bootcamp2019/GoBarber/.eslintrc.js
[Info  - 16:25:28] Failed to load config "airbnb-base" to extend from. Referenced from: /home/anna/bootcamp2019/GoBarber/.eslintrc.js
[Info  - 16:25:28] Failed to load config "airbnb-base" to extend from. Referenced from: /home/anna/bootcamp2019/GoBarber/.eslintrc.js
[Info  - 16:25:28] Failed to load config "airbnb-base" to extend from. Referenced from: /home/anna/bootcamp2019/GoBarber/.eslintrc.js
[Info  - 16:25:29] Failed to load config "airbnb-base" to extend from. Referenced from: /home/anna/bootcamp2019/GoBarber/.eslintrc.js
[Info  - 16:25:29] Failed to load config "airbnb-base" to extend from. Referenced from: /home/anna/bootcamp2019/GoBarber/.eslintrc.js
[Info  - 16:25:29] Failed to load config "airbnb-base" to extend from. Referenced from: /home/anna/bootcamp2019/GoBarber/.eslintrc.js
[Info  - 16:25:29] Failed to load config "airbnb-base" to extend from. Referenced from: /home/anna/bootcamp2019/GoBarber/.eslintrc.js
[Info  - 16:26:00] Failed to load config "airbnb-base" to extend from. Referenced from: /home/anna/bootcamp2019/GoBarber/.eslintrc.js
[Info  - 16:26:03] Failed to load config "airbnb-base" to extend from. Referenced from: /home/anna/bootcamp2019/GoBarber/.eslintrc.js
[Info  - 16:26:03] Failed to load config "airbnb-base" to extend from. Referenced from: /home/anna/bootcamp2019/GoBarber/.eslintrc.js
[Info  - 16:26:07] Failed to load config "airbnb-base" to extend from. Referenced from: /home/anna/bootcamp2019/GoBarber/.eslintrc.js
[Info  - 16:26:07] Failed to load config "airbnb-base" to extend from. Referenced from: /home/anna/bootcamp2019/GoBarber/.eslintrc.js
