Initializing document watcher...
GoBarber/src/app.js: {}
GoBarber/src/app.js: {}
GoBarber/src/app.js: {}
GoBarber/src/app.js: Using EditorConfig core...
GoBarber/src/app.js: Using EditorConfig core...
GoBarber/node_modules/pirates/lib/index.js: {}
GoBarber/src/app.js: {}
GoBarber/src/app/models/File.js: {}
GoBarber/src/app/models/File.js: Using EditorConfig core...
GoBarber/src/app/models/File.js: {}
GoBarber/src/app.js: {}
GoBarber/src/app.js: {}
GoBarber/src/app.js: {}
GoBarber/src/app.js: Using EditorConfig core...
GoBarber/src/app/models/File.js: {}
GoBarber/src/app/models/File.js: Using EditorConfig core...
GoBarber/src/app/models/File.js: {}
GoBarber/src/app/models/File.js: {}
GoBarber/src/app/models/File.js: {}
GoBarber/src/app/models/File.js: {}
GoBarber/src/app/models/File.js: {}
GoBarber/src/app.js: {}
GoBarber/src/app/controllers/ProviderController.js: {}
GoBarber/src/app/controllers/FileController.js: {}
GoBarber/src/routes.js: {}
GoBarber/src/database/migrations/20200105154116-add-avatar-field-to-users.js: {}
GoBarber/src/database/migrations/20200105042520-create-files.js: {}
GoBarber/src/database/migrations/20200105175714-create-appointments.js: {}
GoBarber/src/database/migrations/20200105175714-create-appointments.js: Using EditorConfig core...
GoBarber/src/database/migrations/20200105175714-create-appointments.js: Using EditorConfig core...
GoBarber/src/database/migrations/20200105175714-create-appointments.js: {}
GoBarber/src/database/migrations/20200105175714-create-appointments.js: Using EditorConfig core...
GoBarber/src/database/migrations/20200105154116-add-avatar-field-to-users.js: {}
GoBarber/src/database/migrations/20200105175714-create-appointments.js: {}
GoBarber/src/database/migrations/20200105175714-create-appointments.js: Using EditorConfig core...
GoBarber/src/database/migrations/20200105175714-create-appointments.js: {}
GoBarber/src/database/migrations/20200105175714-create-appointments.js: Using EditorConfig core...
GoBarber/src/database/migrations/20200105175714-create-appointments.js: Using EditorConfig core...
GoBarber/src/database/migrations/20200105175714-create-appointments.js: {}
GoBarber/src/database/migrations/20200105175714-create-appointments.js: {}
GoBarber/src/database/migrations/20200105175714-create-appointments.js: Using EditorConfig core...
GoBarber/src/database/migrations/20200105175714-create-appointments.js: Using EditorConfig core...
GoBarber/src/database/migrations/20200105175714-create-appointments.js: {}
GoBarber/src/database/migrations/20200105175714-create-appointments.js: {}
GoBarber/src/routes.js: {}
GoBarber/src/database/migrations/20200105175714-create-appointments.js: {}
GoBarber/src/database/migrations/20200105180416-create-appointments.js: {}
GoBarber/src/database/migrations/20200105180416-create-appointments.js: {}
GoBarber/src/database/migrations/20200105180416-create-appointments.js: {}
GoBarber/src/database/migrations/20200105175714-create-appointments.js: {}
GoBarber/src/database/migrations/20200105175714-create-appointments.js: {}
GoBarber/src/config/multer.js: {}
GoBarber/src/database/migrations/20200105175714-create-appointments.js: {}
GoBarber/src/database/migrations/20200105175714-create-appointments.js: {}
GoBarber/src/database/migrations/20200105175714-create-appointments.js: {}
GoBarber/src/database/migrations/20200105175714-create-appointments.js: {}
GoBarber/src/database/migrations/20200105154116-add-avatar-field-to-users.js: {}
GoBarber/src/database/migrations/20200105175714-create-appointments.js: {}
GoBarber/src/database/migrations/20200105154116-add-avatar-field-to-users.js: {}
GoBarber/src/database/migrations/20200105175714-create-appointments.js: {}
GoBarber/src/database/migrations/20200105154116-add-avatar-field-to-users.js: {}
GoBarber/src/database/migrations/20200105175714-create-appointments.js: {}
GoBarber/src/database/migrations/20200105175714-create-appointments.js: Using EditorConfig core...
GoBarber/src/database/migrations/20200105175714-create-appointments.js: Using EditorConfig core...
GoBarber/src/database/migrations/20200105175714-create-appointments.js: {}
GoBarber/node_modules/express/lib/application.js: {}
GoBarber/src/database/migrations/20200105175714-create-appointments.js: {}
GoBarber/src/database/migrations/20200105175714-create-appointments.js: {}
GoBarber/src/app/models/File.js: {}
GoBarber/src/app/models/File.js: Using EditorConfig core...
GoBarber/src/app/models/File.js: Using EditorConfig core...
GoBarber/src/app/models/File.js: {}
GoBarber/src/app/models/Appointment.js: {}
GoBarber/src/app/models/File.js: {}
GoBarber/src/app/models/Appointment.js: {}
GoBarber/src/app/models/Appointment.js: {}
GoBarber/src/app/models/Appointment.js: Using EditorConfig core...
GoBarber/src/app/models/Appointment.js: {}
GoBarber/src/app/models/Appointment.js: Using EditorConfig core...
GoBarber/src/app/models/Appointment.js: {}
GoBarber/src/database/index.js: {}
GoBarber/src/database/index.js: Using EditorConfig core...
GoBarber/src/database/index.js: {}
GoBarber/src/app/models/Appointment.js: {}
GoBarber/src/app/models/Appointment.js: Using EditorConfig core...
GoBarber/src/routes.js: {}
GoBarber/src/app/models/File.js: {}
GoBarber/src/app/models/File.js: Using EditorConfig core...
GoBarber/src/app/models/File.js: Using EditorConfig core...
GoBarber/src/app/models/File.js: {}
GoBarber/src/app/controllers/AppointmentController.js: {}
GoBarber/src/app/controllers/AppointmentController.js: {}
GoBarber/src/app/controllers/AppointmentController.js: Using EditorConfig core...
GoBarber/src/routes.js: {}
GoBarber/src/routes.js: Using EditorConfig core...
GoBarber/src/routes.js: {}
GoBarber/src/routes.js: {}
GoBarber/src/app/controllers/AppointmentController.js: {}
GoBarber/src/app/controllers/AppointmentController.js: {}
GoBarber/src/app/controllers/AppointmentController.js: Using EditorConfig core...
GoBarber/src/app/controllers/AppointmentController.js: {}
GoBarber/src/app/controllers/AppointmentController.js: {}
GoBarber/src/app/controllers/AppointmentController.js: {}
GoBarber/src/app/controllers/AppointmentController.js: {}
GoBarber/src/app/controllers/AppointmentController.js: {}
GoBarber/src/app/controllers/AppointmentController.js: Using EditorConfig core...
GoBarber/src/app/controllers/AppointmentController.js: {}
GoBarber/src/app/controllers/AppointmentController.js: Using EditorConfig core...
GoBarber/src/app/controllers/AppointmentController.js: Using EditorConfig core...
GoBarber/src/app/controllers/AppointmentController.js: Using EditorConfig core...
GoBarber/src/app/controllers/AppointmentController.js: {}
GoBarber/src/app/controllers/AppointmentController.js: {}
GoBarber/src/app/controllers/AppointmentController.js: Using EditorConfig core...
GoBarber/src/app/controllers/AppointmentController.js: Using EditorConfig core...
GoBarber/src/app/controllers/AppointmentController.js: {}
GoBarber/src/app/controllers/AppointmentController.js: Using EditorConfig core...
GoBarber/src/app/controllers/AppointmentController.js: {}
GoBarber/src/app/controllers/AppointmentController.js: {}
GoBarber/src/app/controllers/AppointmentController.js: Using EditorConfig core...
GoBarber/src/app/controllers/AppointmentController.js: {}
GoBarber/src/app/controllers/AppointmentController.js: Using EditorConfig core...
GoBarber/src/app/controllers/AppointmentController.js: {}
GoBarber/src/app/controllers/AppointmentController.js: {}
GoBarber/src/app/controllers/AppointmentController.js: Using EditorConfig core...
GoBarber/src/app/controllers/AppointmentController.js: Using EditorConfig core...
GoBarber/src/app/controllers/AppointmentController.js: {}
GoBarber/src/app/controllers/AppointmentController.js: {}
GoBarber/src/app/controllers/AppointmentController.js: {}
GoBarber/src/app/controllers/AppointmentController.js: Using EditorConfig core...
GoBarber/src/app/controllers/AppointmentController.js: {}
GoBarber/src/app/controllers/AppointmentController.js: {}
GoBarber/src/app/controllers/AppointmentController.js: Using EditorConfig core...
GoBarber/src/app/controllers/AppointmentController.js: {}
GoBarber/src/routes.js: {}
GoBarber/src/routes.js: {}
GoBarber/src/app/controllers/AppointmentController.js: {}
GoBarber/src/routes.js: {}
GoBarber/src/routes.js: {}
GoBarber/src/app/controllers/AppointmentController.js: {}
GoBarber/src/app/controllers/AppointmentController.js: {}
GoBarber/src/app/controllers/AppointmentController.js: Using EditorConfig core...
GoBarber/src/app/controllers/AppointmentController.js: {}
GoBarber/src/app/controllers/AppointmentController.js: Using EditorConfig core...
GoBarber/src/app/controllers/AppointmentController.js: {}
GoBarber/src/app/controllers/AppointmentController.js: Using EditorConfig core...
GoBarber/src/app/controllers/AppointmentController.js: Using EditorConfig core...
GoBarber/src/app/controllers/AppointmentController.js: {}
GoBarber/src/app/controllers/AppointmentController.js: Using EditorConfig core...
GoBarber/src/app/controllers/AppointmentController.js: {}
GoBarber/src/app/controllers/AppointmentController.js: Using EditorConfig core...
GoBarber/src/app/controllers/AppointmentController.js: {}
GoBarber/src/app/controllers/AppointmentController.js: Using EditorConfig core...
GoBarber/src/app/controllers/AppointmentController.js: Using EditorConfig core...
GoBarber/src/app/controllers/AppointmentController.js: {}
GoBarber/src/app/controllers/AppointmentController.js: Using EditorConfig core...
GoBarber/src/app/controllers/AppointmentController.js: {}
GoBarber/src/app/controllers/AppointmentController.js: Using EditorConfig core...
GoBarber/src/app/controllers/AppointmentController.js: {}
GoBarber/src/app/controllers/AppointmentController.js: {}
GoBarber/src/app/controllers/AppointmentController.js: Using EditorConfig core...
GoBarber/src/app/controllers/AppointmentController.js: {}
GoBarber/src/app/controllers/AppointmentController.js: {}
GoBarber/src/app/controllers/AppointmentController.js: Using EditorConfig core...
GoBarber/src/app/controllers/AppointmentController.js: Using EditorConfig core...
GoBarber/src/app/controllers/AppointmentController.js: {}
GoBarber/src/app/controllers/AppointmentController.js: {}
GoBarber/src/app/controllers/AppointmentController.js: {}
GoBarber/src/app/controllers/AppointmentController.js: {}
GoBarber/src/app/controllers/AppointmentController.js: Using EditorConfig core...
GoBarber/src/app/controllers/AppointmentController.js: {}
GoBarber/src/app/controllers/AppointmentController.js: {}
GoBarber/src/app/controllers/AppointmentController.js: Using EditorConfig core...
GoBarber/src/app/controllers/AppointmentController.js: {}
GoBarber/src/app/controllers/AppointmentController.js: Using EditorConfig core...
GoBarber/src/app/controllers/AppointmentController.js: Using EditorConfig core...
GoBarber/src/app/controllers/AppointmentController.js: {}
GoBarber/src/app/controllers/AppointmentController.js: {}
GoBarber/src/app/controllers/AppointmentController.js: {}
GoBarber/src/app/controllers/AppointmentController.js: {}
GoBarber/src/app/controllers/AppointmentController.js: {}
GoBarber/src/app/controllers/AppointmentController.js: {}
GoBarber/src/app/controllers/AppointmentController.js: {}
GoBarber/src/app/controllers/AppointmentController.js: {}
GoBarber/src/app/controllers/AppointmentController.js: Using EditorConfig core...
GoBarber/src/app/controllers/AppointmentController.js: {}
GoBarber/src/app/controllers/AppointmentController.js: Using EditorConfig core...
GoBarber/src/app/controllers/AppointmentController.js: {}
GoBarber/src/app/controllers/AppointmentController.js: Using EditorConfig core...
GoBarber/src/app/controllers/AppointmentController.js: {}
GoBarber/src/app/controllers/AppointmentController.js: {}
GoBarber/src/app/controllers/AppointmentController.js: {}
GoBarber/src/app/controllers/AppointmentController.js: Using EditorConfig core...
GoBarber/src/app/controllers/AppointmentController.js: {}
GoBarber/src/app/controllers/AppointmentController.js: Using EditorConfig core...
GoBarber/src/app/controllers/AppointmentController.js: Using EditorConfig core...
GoBarber/src/app/controllers/AppointmentController.js: Using EditorConfig core...
GoBarber/src/app/controllers/AppointmentController.js: {}
GoBarber/src/app/controllers/AppointmentController.js: Using EditorConfig core...
GoBarber/src/app/controllers/AppointmentController.js: {}
GoBarber/src/app/controllers/AppointmentController.js: {}
GoBarber/src/app/controllers/AppointmentController.js: Using EditorConfig core...
GoBarber/src/app/models/Appointment.js: {}
GoBarber/src/app/controllers/AppointmentController.js: {}
GoBarber/src/database/index.js: {}
GoBarber/src/app/controllers/AppointmentController.js: {}
GoBarber/src/routes.js: {}
GoBarber/src/routes.js: Using EditorConfig core...
GoBarber/src/routes.js: {}
GoBarber/src/app/controllers/AppointmentController.js: {}
GoBarber/src/app/controllers/AppointmentController.js: {}
GoBarber/src/app/controllers/AppointmentController.js: Using EditorConfig core...
GoBarber/src/app/controllers/AppointmentController.js: {}
GoBarber/src/app/controllers/AppointmentController.js: {}
GoBarber/src/app/controllers/AppointmentController.js: {}
GoBarber/src/app/controllers/AppointmentController.js: {}
GoBarber/src/app/controllers/AppointmentController.js: {}
GoBarber/src/app/controllers/AppointmentController.js: {}
GoBarber/src/app/controllers/AppointmentController.js: {}
GoBarber/src/app/controllers/AppointmentController.js: Using EditorConfig core...
GoBarber/src/app/controllers/AppointmentController.js: {}
GoBarber/src/app/controllers/AppointmentController.js: {}
GoBarber/src/app/controllers/AppointmentController.js: Using EditorConfig core...
GoBarber/src/app/controllers/AppointmentController.js: {}
GoBarber/src/app/controllers/AppointmentController.js: {}
GoBarber/src/app/controllers/AppointmentController.js: {}
GoBarber/src/app/controllers/AppointmentController.js: Using EditorConfig core...
GoBarber/src/app/controllers/AppointmentController.js: {}
GoBarber/src/app/controllers/AppointmentController.js: Using EditorConfig core...
GoBarber/src/app/controllers/AppointmentController.js: {}
GoBarber/src/app/controllers/AppointmentController.js: {}
GoBarber/src/app/controllers/AppointmentController.js: {}
GoBarber/src/app/controllers/AppointmentController.js: {}
GoBarber/src/app/controllers/AppointmentController.js: {}
GoBarber/src/app/controllers/AppointmentController.js: {}
GoBarber/src/app/controllers/AppointmentController.js: {}
GoBarber/src/app/controllers/UserController.js: {}
GoBarber/src/app/controllers/UserController.js: Using EditorConfig core...
GoBarber/src/app/controllers/AppointmentController.js: {}
GoBarber/src/app/controllers/AppointmentController.js: {}
GoBarber/src/app/controllers/AppointmentController.js: {}
GoBarber/src/app/controllers/AppointmentController.js: Using EditorConfig core...
GoBarber/src/app/controllers/AppointmentController.js: {}
GoBarber/src/app/controllers/AppointmentController.js: {}
GoBarber/src/app/controllers/AppointmentController.js: {}
GoBarber/src/app/controllers/AppointmentController.js: {}
GoBarber/src/app/controllers/AppointmentController.js: {}
GoBarber/src/app/controllers/AppointmentController.js: {}
GoBarber/src/app/controllers/AppointmentController.js: Using EditorConfig core...
GoBarber/src/routes.js: {}
GoBarber/src/app/middlewares/auth.js: {}
GoBarber/src/app/controllers/SessionController.js: {}
GoBarber/src/app/middlewares/auth.js: {}
GoBarber/src/app/middlewares/auth.js: Using EditorConfig core...
GoBarber/src/app/controllers/AppointmentController.js: {}
GoBarber/src/app/controllers/AppointmentController.js: Using EditorConfig core...
GoBarber/src/app/controllers/AppointmentController.js: {}
GoBarber/src/app/middlewares/auth.js: {}
GoBarber/src/app/controllers/AppointmentController.js: {}
GoBarber/src/app/middlewares/auth.js: {}
GoBarber/src/app/middlewares/auth.js: Using EditorConfig core...
GoBarber/src/routes.js: {}
GoBarber/src/routes.js: Using EditorConfig core...
GoBarber/src/routes.js: {}
GoBarber/src/routes.js: Using EditorConfig core...
GoBarber/src/routes.js: Using EditorConfig core...
GoBarber/src/routes.js: Using EditorConfig core...
GoBarber/src/app/controllers/AppointmentController.js: {}
GoBarber/src/app/controllers/AppointmentController.js: Using EditorConfig core...
GoBarber/src/app/controllers/AppointmentController.js: {}
GoBarber/src/app/controllers/AppointmentController.js: {}
GoBarber/src/app/controllers/AppointmentController.js: Using EditorConfig core...
GoBarber/src/app/controllers/AppointmentController.js: {}
GoBarber/src/app/controllers/AppointmentController.js: Using EditorConfig core...
GoBarber/src/app/controllers/AppointmentController.js: {}
GoBarber/src/app/controllers/AppointmentController.js: Using EditorConfig core...
GoBarber/src/app/controllers/AppointmentController.js: {}
GoBarber/src/app/controllers/AppointmentController.js: Using EditorConfig core...
GoBarber/src/app/controllers/AppointmentController.js: Using EditorConfig core...
GoBarber/src/app/controllers/AppointmentController.js: Using EditorConfig core...
GoBarber/src/app/controllers/AppointmentController.js: {}
GoBarber/src/app/controllers/AppointmentController.js: Using EditorConfig core...
GoBarber/src/app/controllers/AppointmentController.js: {}
GoBarber/src/routes.js: {}
GoBarber/src/routes.js: Using EditorConfig core...
GoBarber/src/routes.js: {}
GoBarber/src/app/controllers/AppointmentController.js: {}
GoBarber/src/app/controllers/AppointmentController.js: {}
GoBarber/src/app/controllers/AppointmentController.js: Using EditorConfig core...
GoBarber/src/app/controllers/AppointmentController.js: Using EditorConfig core...
GoBarber/src/app/controllers/AppointmentController.js: {}
GoBarber/src/app/controllers/AppointmentController.js: {}
GoBarber/src/app/controllers/AppointmentController.js: {}
GoBarber/node_modules/express/lib/router/route.js: {}
GoBarber/src/app/controllers/AppointmentController.js: {}
GoBarber/src/app/controllers/AppointmentController.js: Using EditorConfig core...
GoBarber/src/app/controllers/AppointmentController.js: {}
GoBarber/src/app/controllers/AppointmentController.js: Using EditorConfig core...
GoBarber/src/app/controllers/AppointmentController.js: {}
GoBarber/src/app/controllers/AppointmentController.js: Using EditorConfig core...
GoBarber/src/app/controllers/AppointmentController.js: {}
GoBarber/src/app/controllers/AppointmentController.js: Using EditorConfig core...
GoBarber/src/app/controllers/AppointmentController.js: {}
GoBarber/src/app/controllers/AppointmentController.js: {}
GoBarber/src/app/controllers/AppointmentController.js: {}
GoBarber/src/app/controllers/AppointmentController.js: {}
GoBarber/src/app/controllers/AppointmentController.js: Using EditorConfig core...
GoBarber/src/app/controllers/AppointmentController.js: {}
GoBarber/src/app/controllers/AppointmentController.js: Using EditorConfig core...
GoBarber/src/app/controllers/AppointmentController.js: {}
GoBarber/src/app/controllers/AppointmentController.js: {}
GoBarber/src/app/controllers/AppointmentController.js: Using EditorConfig core...
GoBarber/src/app/controllers/AppointmentController.js: Using EditorConfig core...
GoBarber/src/app/controllers/AppointmentController.js: {}
GoBarber/src/app/controllers/AppointmentController.js: {}
GoBarber/src/app/controllers/AppointmentController.js: Using EditorConfig core...
GoBarber/src/app/controllers/AppointmentController.js: {}
GoBarber/src/app/controllers/AppointmentController.js: Using EditorConfig core...
GoBarber/src/app/controllers/AppointmentController.js: {}
GoBarber/src/app/controllers/AppointmentController.js: {}
GoBarber/src/app/controllers/AppointmentController.js: Using EditorConfig core...
GoBarber/src/app/controllers/AppointmentController.js: {}
GoBarber/src/app/controllers/AppointmentController.js: {}
GoBarber/src/app/controllers/AppointmentController.js: Using EditorConfig core...
GoBarber/src/app/controllers/AppointmentController.js: Using EditorConfig core...
GoBarber/src/app/controllers/AppointmentController.js: {}
GoBarber/src/app/controllers/AppointmentController.js: {}
GoBarber/src/app/controllers/AppointmentController.js: Using EditorConfig core...
GoBarber/src/app/controllers/AppointmentController.js: {}
GoBarber/src/app/controllers/AppointmentController.js: Using EditorConfig core...
GoBarber/src/app/controllers/AppointmentController.js: {}
GoBarber/src/app/controllers/AppointmentController.js: Using EditorConfig core...
GoBarber/src/app/controllers/AppointmentController.js: {}
GoBarber/src/app/controllers/AppointmentController.js: Using EditorConfig core...
GoBarber/src/app/controllers/AppointmentController.js: {}
GoBarber/src/app/controllers/AppointmentController.js: Using EditorConfig core...
GoBarber/src/app/controllers/AppointmentController.js: {}
GoBarber/src/app/controllers/AppointmentController.js: {}
GoBarber/node_modules/express/lib/router/route.js: {}
GoBarber/node_modules/express/lib/router/index.js: {}
GoBarber/src/app/middlewares/auth.js: {}
GoBarber/src/app/middlewares/auth.js: Using EditorConfig core...
GoBarber/src/app/controllers/AppointmentController.js: {}
GoBarber/src/app/controllers/AppointmentController.js: Using EditorConfig core...
GoBarber/src/app/controllers/AppointmentController.js: {}
GoBarber/src/app/controllers/AppointmentController.js: {}
GoBarber/src/app/controllers/AppointmentController.js: Using EditorConfig core...
GoBarber/src/app/controllers/AppointmentController.js: {}
GoBarber/src/app/controllers/AppointmentController.js: {}
GoBarber/src/app/controllers/AppointmentController.js: {}
GoBarber/src/app/controllers/AppointmentController.js: {}
GoBarber/src/app/controllers/AppointmentController.js: {}
GoBarber/src/app/controllers/AppointmentController.js: Using EditorConfig core...
GoBarber/src/app/controllers/AppointmentController.js: Using EditorConfig core...
GoBarber/src/app/controllers/AppointmentController.js: Using EditorConfig core...
GoBarber/src/app/controllers/AppointmentController.js: {}
GoBarber/src/app/controllers/AppointmentController.js: {}
GoBarber/src/app/controllers/AppointmentController.js: {}
GoBarber/src/app/controllers/AppointmentController.js: {}
GoBarber/src/app/controllers/ScheduleController.js: {}
GoBarber/src/app/controllers/ScheduleController.js: Using EditorConfig core...
GoBarber/src/app/controllers/ScheduleController.js: {}
GoBarber/src/app/controllers/ScheduleController.js: {}
GoBarber/src/routes.js: {}
GoBarber/src/routes.js: Using EditorConfig core...
GoBarber/src/routes.js: Using EditorConfig core...
GoBarber/src/app/controllers/AppointmentController.js: {}
GoBarber/src/app/controllers/ScheduleController.js: {}
GoBarber/src/app/middlewares/auth.js: {}
GoBarber/src/app/controllers/ScheduleController.js: {}
GoBarber/node_modules/express/lib/router/route.js: {}
GoBarber/src/app/controllers/ScheduleController.js: {}
GoBarber/src/app/controllers/ScheduleController.js: {}
GoBarber/src/app/controllers/ScheduleController.js: {}
GoBarber/src/app/controllers/ScheduleController.js: {}
GoBarber/src/app/controllers/ScheduleController.js: {}
GoBarber/src/app/controllers/ScheduleController.js: Using EditorConfig core...
GoBarber/src/app/controllers/ScheduleController.js: Using EditorConfig core...
GoBarber/src/app/controllers/ScheduleController.js: {}
GoBarber/src/app/controllers/ScheduleController.js: Using EditorConfig core...
GoBarber/src/app/controllers/ScheduleController.js: {}
GoBarber/src/app/controllers/ScheduleController.js: Using EditorConfig core...
GoBarber/src/app/controllers/ScheduleController.js: {}
GoBarber/src/app/controllers/ScheduleController.js: {}
GoBarber/src/app/controllers/ScheduleController.js: {}
GoBarber/src/app/controllers/ScheduleController.js: Using EditorConfig core...
GoBarber/src/app/controllers/ScheduleController.js: Using EditorConfig core...
GoBarber/src/app/controllers/ScheduleController.js: {}
GoBarber/src/app/controllers/ScheduleController.js: {}
GoBarber/src/app/controllers/ScheduleController.js: {}
GoBarber/src/app/controllers/ScheduleController.js: Using EditorConfig core...
GoBarber/src/app/controllers/ScheduleController.js: Using EditorConfig core...
GoBarber/src/app/controllers/ScheduleController.js: {}
GoBarber/src/app/controllers/ScheduleController.js: {}
GoBarber/src/app/controllers/ScheduleController.js: Using EditorConfig core...
GoBarber/src/app/controllers/ScheduleController.js: Using EditorConfig core...
GoBarber/src/app/controllers/ScheduleController.js: Using EditorConfig core...
GoBarber/src/app/controllers/ScheduleController.js: {}
GoBarber/src/app/controllers/ScheduleController.js: Using EditorConfig core...
GoBarber/src/app/controllers/ScheduleController.js: {}
GoBarber/src/app/controllers/ScheduleController.js: Using EditorConfig core...
GoBarber/src/app/controllers/ScheduleController.js: {}
GoBarber/src/app/controllers/ScheduleController.js: {}
GoBarber/src/app/controllers/ScheduleController.js: Using EditorConfig core...
GoBarber/src/app/controllers/ScheduleController.js: {}
GoBarber/src/app/controllers/ScheduleController.js: {}
GoBarber/src/app/controllers/ScheduleController.js: {}
GoBarber/src/app/controllers/ScheduleController.js: Using EditorConfig core...
GoBarber/src/app/controllers/ScheduleController.js: {}
GoBarber/src/app/controllers/ScheduleController.js: {}
GoBarber/src/app/controllers/ScheduleController.js: {}
GoBarber/src/app/controllers/ScheduleController.js: {}
GoBarber/src/database/index.js: {}
GoBarber/src/database/index.js: {}
GoBarber/src/database/index.js: Using EditorConfig core...
GoBarber/src/database/index.js: Using EditorConfig core...
GoBarber/src/database/index.js: Using EditorConfig core...
GoBarber/src/database/index.js: {}
GoBarber/src/database/index.js: {}
GoBarber/node_modules/sequelize/lib/dialects/postgres/connection-manager.js: {}
GoBarber/node_modules/sequelize/lib/dialects/postgres/index.js: {}
GoBarber/node_modules/sequelize/lib/sequelize.js: {}
GoBarber/src/database/index.js: {}
GoBarber/src/database/index.js: {}
GoBarber/src/database/index.js: {}
GoBarber/src/database/index.js: {}
GoBarber/src/app/schemas/Notifications.js: {}
GoBarber/src/app/schemas/Notifications.js: {}
GoBarber/src/app/schemas/Notification.js: {}
GoBarber/src/app/schemas/Notification.js: {}
GoBarber/src/app/schemas/Notification.js: Using EditorConfig core...
GoBarber/src/app/schemas/Notification.js: Using EditorConfig core...
GoBarber/src/app/schemas/Notification.js: {}
GoBarber/src/database/index.js: {}
GoBarber/src/app/schemas/Notification.js: {}
GoBarber/node_modules/sequelize/lib/dialects/postgres/connection-manager.js: {}
GoBarber/src/app/schemas/Notification.js: {}
GoBarber/src/app/controllers/AppointmentController.js: {}
GoBarber/src/app/controllers/AppointmentController.js: Using EditorConfig core...
GoBarber/src/app/controllers/AppointmentController.js: {}
GoBarber/src/app/controllers/AppointmentController.js: {}
GoBarber/src/app/controllers/AppointmentController.js: {}
GoBarber/src/app/controllers/AppointmentController.js: Using EditorConfig core...
GoBarber/src/app/controllers/AppointmentController.js: {}
GoBarber/src/app/controllers/AppointmentController.js: Using EditorConfig core...
GoBarber/src/app/controllers/AppointmentController.js: {}
GoBarber/src/app/controllers/AppointmentController.js: Using EditorConfig core...
GoBarber/src/app/controllers/AppointmentController.js: Using EditorConfig core...
GoBarber/src/app/controllers/AppointmentController.js: {}
GoBarber/src/app/controllers/AppointmentController.js: Using EditorConfig core...
GoBarber/src/app/controllers/AppointmentController.js: {}
GoBarber/src/app/controllers/AppointmentController.js: Using EditorConfig core...
GoBarber/src/app/controllers/AppointmentController.js: Using EditorConfig core...
GoBarber/src/app/controllers/AppointmentController.js: {}
GoBarber/src/app/controllers/AppointmentController.js: Using EditorConfig core...
GoBarber/src/app/controllers/AppointmentController.js: {}
GoBarber/src/app/controllers/AppointmentController.js: Using EditorConfig core...
GoBarber/src/app/controllers/AppointmentController.js: Using EditorConfig core...
GoBarber/src/app/controllers/AppointmentController.js: {}
GoBarber/src/app/controllers/AppointmentController.js: Using EditorConfig core...
GoBarber/src/app/controllers/AppointmentController.js: Using EditorConfig core...
GoBarber/src/app/controllers/AppointmentController.js: {}
GoBarber/src/app/controllers/AppointmentController.js: {}
GoBarber/src/app/controllers/AppointmentController.js: {}
GoBarber/src/app/controllers/AppointmentController.js: {}
GoBarber/src/app/controllers/AppointmentController.js: {}
GoBarber/src/app/controllers/AppointmentController.js: {}
GoBarber/src/routes.js: {}
GoBarber/src/routes.js: Using EditorConfig core...
GoBarber/src/routes.js: Using EditorConfig core...
GoBarber/src/routes.js: {}
GoBarber/src/routes.js: Using EditorConfig core...
GoBarber/src/app/controllers/NotificationController.ks: {}
GoBarber/src/app/controllers/NotificationController.js: {}
GoBarber/src/app/controllers/NotificationController.js: Using EditorConfig core...
GoBarber/src/app/controllers/NotificationController.js: Using EditorConfig core...
GoBarber/src/app/controllers/NotificationController.js: {}
GoBarber/src/app/controllers/NotificationController.js: {}
GoBarber/src/app/controllers/NotificationController.js: {}
GoBarber/src/app/controllers/NotificationController.js: Using EditorConfig core...
GoBarber/src/app/controllers/NotificationController.js: {}
GoBarber/src/app/controllers/NotificationController.js: {}
GoBarber/src/app/controllers/NotificationController.js: Using EditorConfig core...
GoBarber/src/app/controllers/NotificationController.js: {}
GoBarber/src/app/controllers/NotificationController.js: Using EditorConfig core...
GoBarber/src/app/controllers/NotificationController.js: {}
GoBarber/src/app/controllers/NotificationController.js: Using EditorConfig core...
GoBarber/src/app/controllers/NotificationController.js: {}
GoBarber/src/app/controllers/NotificationController.js: {}
GoBarber/src/app/controllers/NotificationController.js: {}
GoBarber/src/app/controllers/NotificationController.js: {}
GoBarber/src/app/controllers/NotificationController.js: Using EditorConfig core...
GoBarber/src/app/controllers/NotificationController.js: {}
GoBarber/src/app/controllers/NotificationController.js: Using EditorConfig core...
GoBarber/src/app/controllers/NotificationController.js: Using EditorConfig core...
GoBarber/src/app/controllers/NotificationController.js: Using EditorConfig core...
GoBarber/src/app/controllers/NotificationController.js: Using EditorConfig core...
GoBarber/src/app/controllers/NotificationController.js: {}
GoBarber/src/app/controllers/NotificationController.js: Using EditorConfig core...
GoBarber/src/app/controllers/NotificationController.js: Using EditorConfig core...
GoBarber/src/app/controllers/NotificationController.js: Using EditorConfig core...
GoBarber/src/app/controllers/NotificationController.js: {}
GoBarber/src/app/controllers/NotificationController.js: Using EditorConfig core...
GoBarber/src/app/controllers/NotificationController.js: {}
GoBarber/src/app/controllers/NotificationController.js: Using EditorConfig core...
GoBarber/src/app/controllers/NotificationController.js: {}
