[Info  - 18:54:33] ESLint server stopped.
[Info  - 18:54:34] ESLint server running in node v12.4.0
[Info  - 18:54:34] ESLint server is running.
[Info  - 18:54:40] ESLint library loaded from: /home/anna/bootcamp2019/GoBarber/node_modules/eslint/lib/api.js
[Info  - 18:54:40] Failed to load config "airbnb-base" to extend from. Referenced from: /home/anna/bootcamp2019/GoBarber/.eslintrc.js
[Info  - 18:54:40] Failed to load config "airbnb-base" to extend from. Referenced from: /home/anna/bootcamp2019/GoBarber/.eslintrc.js
[Info  - 18:54:40] Failed to load config "airbnb-base" to extend from. Referenced from: /home/anna/bootcamp2019/GoBarber/.eslintrc.js
[Info  - 18:54:40] Failed to load config "airbnb-base" to extend from. Referenced from: /home/anna/bootcamp2019/GoBarber/.eslintrc.js
[Info  - 18:54:48] Failed to load config "airbnb-base" to extend from. Referenced from: /home/anna/bootcamp2019/GoBarber/.eslintrc.js
[Info  - 18:54:49] Failed to load config "airbnb-base" to extend from. Referenced from: /home/anna/bootcamp2019/GoBarber/.eslintrc.js
[Info  - 18:54:49] Failed to load config "airbnb-base" to extend from. Referenced from: /home/anna/bootcamp2019/GoBarber/.eslintrc.js
[Info  - 18:54:49] Failed to load config "airbnb-base" to extend from. Referenced from: /home/anna/bootcamp2019/GoBarber/.eslintrc.js
[Info  - 18:54:50] Failed to load config "airbnb-base" to extend from. Referenced from: /home/anna/bootcamp2019/GoBarber/.eslintrc.js
[Info  - 18:54:50] Failed to load config "airbnb-base" to extend from. Referenced from: /home/anna/bootcamp2019/GoBarber/.eslintrc.js
[Info  - 18:54:50] Failed to load config "airbnb-base" to extend from. Referenced from: /home/anna/bootcamp2019/GoBarber/.eslintrc.js
[Info  - 18:54:50] Failed to load config "airbnb-base" to extend from. Referenced from: /home/anna/bootcamp2019/GoBarber/.eslintrc.js
[Info  - 18:54:50] Failed to load config "airbnb-base" to extend from. Referenced from: /home/anna/bootcamp2019/GoBarber/.eslintrc.js
[Info  - 18:54:51] Failed to load config "airbnb-base" to extend from. Referenced from: /home/anna/bootcamp2019/GoBarber/.eslintrc.js
[Info  - 18:54:52] Failed to load config "airbnb-base" to extend from. Referenced from: /home/anna/bootcamp2019/GoBarber/.eslintrc.js
[Info  - 18:54:53] Failed to load config "airbnb-base" to extend from. Referenced from: /home/anna/bootcamp2019/GoBarber/.eslintrc.js
[Info  - 18:54:53] Failed to load config "airbnb-base" to extend from. Referenced from: /home/anna/bootcamp2019/GoBarber/.eslintrc.js
[Info  - 18:54:54] Failed to load config "airbnb-base" to extend from. Referenced from: /home/anna/bootcamp2019/GoBarber/.eslintrc.js
[Info  - 18:54:54] Failed to load config "airbnb-base" to extend from. Referenced from: /home/anna/bootcamp2019/GoBarber/.eslintrc.js
[Info  - 18:54:54] Failed to load config "airbnb-base" to extend from. Referenced from: /home/anna/bootcamp2019/GoBarber/.eslintrc.js
[Info  - 18:54:54] Failed to load config "airbnb-base" to extend from. Referenced from: /home/anna/bootcamp2019/GoBarber/.eslintrc.js
[Info  - 18:54:54] Failed to load config "airbnb-base" to extend from. Referenced from: /home/anna/bootcamp2019/GoBarber/.eslintrc.js
[Info  - 18:54:54] Failed to load config "airbnb-base" to extend from. Referenced from: /home/anna/bootcamp2019/GoBarber/.eslintrc.js
[Info  - 18:54:55] Failed to load config "airbnb-base" to extend from. Referenced from: /home/anna/bootcamp2019/GoBarber/.eslintrc.js
[Info  - 18:54:55] Failed to load config "airbnb-base" to extend from. Referenced from: /home/anna/bootcamp2019/GoBarber/.eslintrc.js
[Info  - 18:54:55] Failed to load config "airbnb-base" to extend from. Referenced from: /home/anna/bootcamp2019/GoBarber/.eslintrc.js
[Info  - 18:54:55] Failed to load config "airbnb-base" to extend from. Referenced from: /home/anna/bootcamp2019/GoBarber/.eslintrc.js
[Info  - 18:54:55] Failed to load config "airbnb-base" to extend from. Referenced from: /home/anna/bootcamp2019/GoBarber/.eslintrc.js
[Info  - 18:54:55] Failed to load config "airbnb-base" to extend from. Referenced from: /home/anna/bootcamp2019/GoBarber/.eslintrc.js
[Info  - 18:54:56] Failed to load config "airbnb-base" to extend from. Referenced from: /home/anna/bootcamp2019/GoBarber/.eslintrc.js
[Info  - 18:54:56] Failed to load config "airbnb-base" to extend from. Referenced from: /home/anna/bootcamp2019/GoBarber/.eslintrc.js
[Info  - 18:54:56] Failed to load config "airbnb-base" to extend from. Referenced from: /home/anna/bootcamp2019/GoBarber/.eslintrc.js
[Info  - 18:54:56] Failed to load config "airbnb-base" to extend from. Referenced from: /home/anna/bootcamp2019/GoBarber/.eslintrc.js
[Info  - 18:55:02] Failed to load config "airbnb-base" to extend from. Referenced from: /home/anna/bootcamp2019/GoBarber/.eslintrc.js
[Info  - 18:55:03] Failed to load config "airbnb-base" to extend from. Referenced from: /home/anna/bootcamp2019/GoBarber/.eslintrc.js
[Info  - 18:55:03] Failed to load config "airbnb-base" to extend from. Referenced from: /home/anna/bootcamp2019/GoBarber/.eslintrc.js
[Info  - 18:55:03] Failed to load config "airbnb-base" to extend from. Referenced from: /home/anna/bootcamp2019/GoBarber/.eslintrc.js
[Info  - 18:55:21] Failed to load config "airbnb-base" to extend from. Referenced from: /home/anna/bootcamp2019/GoBarber/.eslintrc.js
[Info  - 18:57:50] ESLint server stopped.
