[2019-12-27 15:00:24.568] [renderer1] [error] <semantic> TypeScript Server Error (3.7.3)
Cannot read property 'exportSymbol' of undefined
TypeError: Cannot read property 'exportSymbol' of undefined
    at getTypeOfSymbolAtLocation (tsserver.js:51216:29)
    at Object.getTypeOfSymbolAtLocation (tsserver.js:33149:35)
    at tsserver.js:107605:130
    at Object.flatMap (tsserver.js:468:25)
    at tryGetClassLikeCompletionSymbols (tsserver.js:107603:42)
    at tryGetGlobalSymbols (tsserver.js:107013:24)
    at getCompletionData (tsserver.js:106813:22)
    at Object.getCompletionsAtPosition (tsserver.js:106177:34)
    at Object.getCompletionsAtPosition (tsserver.js:130777:35)
    at IOSession.Session.getCompletions (tsserver.js:140414:64)
    at Session.handlers.ts.createMapFromTemplate._a.<computed> (tsserver.js:139394:61)
    at tsserver.js:140929:88
    at IOSession.Session.executeWithRequestId (tsserver.js:140920:28)
    at IOSession.Session.executeCommand (tsserver.js:140929:33)
    at IOSession.Session.onMessage (tsserver.js:140952:35)
    at Interface.<anonymous> (tsserver.js:142267:27)
    at Interface.emit (events.js:200:13)
    at Interface._onLine (readline.js:314:10)
    at Interface._normalWrite (readline.js:459:12)
    at Socket.ondata (readline.js:170:10)
    at Socket.emit (events.js:200:13)
    at addChunk (_stream_readable.js:294:12)
    at readableAddChunk (_stream_readable.js:275:11)
    at Socket.Readable.push (_stream_readable.js:210:10)
    at Pipe.onStreamRead (internal/stream_base_commons.js:166:17): Error: <semantic> TypeScript Server Error (3.7.3)
Cannot read property 'exportSymbol' of undefined
TypeError: Cannot read property 'exportSymbol' of undefined
    at getTypeOfSymbolAtLocation (tsserver.js:51216:29)
    at Object.getTypeOfSymbolAtLocation (tsserver.js:33149:35)
    at tsserver.js:107605:130
    at Object.flatMap (tsserver.js:468:25)
    at tryGetClassLikeCompletionSymbols (tsserver.js:107603:42)
    at tryGetGlobalSymbols (tsserver.js:107013:24)
    at getCompletionData (tsserver.js:106813:22)
    at Object.getCompletionsAtPosition (tsserver.js:106177:34)
    at Object.getCompletionsAtPosition (tsserver.js:130777:35)
    at IOSession.Session.getCompletions (tsserver.js:140414:64)
    at Session.handlers.ts.createMapFromTemplate._a.<computed> (tsserver.js:139394:61)
    at tsserver.js:140929:88
    at IOSession.Session.executeWithRequestId (tsserver.js:140920:28)
    at IOSession.Session.executeCommand (tsserver.js:140929:33)
    at IOSession.Session.onMessage (tsserver.js:140952:35)
    at Interface.<anonymous> (tsserver.js:142267:27)
    at Interface.emit (events.js:200:13)
    at Interface._onLine (readline.js:314:10)
    at Interface._normalWrite (readline.js:459:12)
    at Socket.ondata (readline.js:170:10)
    at Socket.emit (events.js:200:13)
    at addChunk (_stream_readable.js:294:12)
    at readableAddChunk (_stream_readable.js:275:11)
    at Socket.Readable.push (_stream_readable.js:210:10)
    at Pipe.onStreamRead (internal/stream_base_commons.js:166:17)
	at Function.create (/snap/code/22/usr/share/code/resources/app/extensions/typescript-language-features/dist/extension.js:1:47388)
	at h.dispatchResponse (/snap/code/22/usr/share/code/resources/app/extensions/typescript-language-features/dist/extension.js:1:206361)
	at h.dispatchMessage (/snap/code/22/usr/share/code/resources/app/extensions/typescript-language-features/dist/extension.js:1:205259)
	at /snap/code/22/usr/share/code/resources/app/extensions/typescript-language-features/dist/extension.js:1:204735
	at l.fire (/snap/code/22/usr/share/code/resources/app/out/vs/workbench/services/extensions/node/extensionHostProcess.js:46:893)
	at t.Reader.onLengthData (/snap/code/22/usr/share/code/resources/app/extensions/typescript-language-features/dist/extension.js:1:211825)
	at Socket.<anonymous> (/snap/code/22/usr/share/code/resources/app/extensions/typescript-language-features/dist/extension.js:1:211473)
	at Socket.emit (events.js:200:13)
	at addChunk (_stream_readable.js:294:12)
	at readableAddChunk (_stream_readable.js:275:11)
	at Socket.Readable.push (_stream_readable.js:210:10)
	at Pipe.onStreamRead (internal/stream_base_commons.js:166:17)
[2019-12-27 16:24:13.247] [renderer1] [error] <semantic> TypeScript Server Error (3.7.3)
Debug Failure. Special property assignment kind does not have a module as its parent. Assignment is { name: exports; flags: Property; declarations: PropertySignature }, parent is { name: Module; flags: Interface; declarations: InterfaceDeclaration }
Error: Debug Failure. Special property assignment kind does not have a module as its parent. Assignment is { name: exports; flags: Property; declarations: PropertySignature }, parent is { name: Module; flags: Interface; declarations: InterfaceDeclaration }
    at getSpecialPropertyExport (tsserver.js:109268:34)
    at getExport (tsserver.js:109238:32)
    at Object.getImportOrExportSymbol (tsserver.js:109197:53)
    at getImportOrExportReferences (tsserver.js:110638:56)
    at getReferencesAtLocation (tsserver.js:110568:17)
    at getReferencesInContainer (tsserver.js:110512:21)
    at getReferencesInContainerOrFiles (tsserver.js:110071:21)
    at getReferencedSymbolsForSymbol (tsserver.js:110062:21)
    at Object.getReferencedSymbolsForNode (tsserver.js:109865:34)
    at Object.getReferenceEntriesForNode (tsserver.js:109592:58)
    at getSemanticDocumentHighlights (tsserver.js:108282:57)
    at Object.getDocumentHighlights (tsserver.js:108270:20)
    at Object.getDocumentHighlights (tsserver.js:130873:42)
    at IOSession.Session.getDocumentHighlights (tsserver.js:140079:71)
    at Session.handlers.ts.createMapFromTemplate._a.<computed> (tsserver.js:139501:61)
    at tsserver.js:140929:88
    at IOSession.Session.executeWithRequestId (tsserver.js:140920:28)
    at IOSession.Session.executeCommand (tsserver.js:140929:33)
    at IOSession.Session.onMessage (tsserver.js:140952:35)
    at Interface.<anonymous> (tsserver.js:142267:27)
    at Interface.emit (events.js:200:13)
    at Interface._onLine (readline.js:314:10)
    at Interface._normalWrite (readline.js:459:12)
    at Socket.ondata (readline.js:170:10)
    at Socket.emit (events.js:200:13)
    at addChunk (_stream_readable.js:294:12)
    at readableAddChunk (_stream_readable.js:275:11)
    at Socket.Readable.push (_stream_readable.js:210:10)
    at Pipe.onStreamRead (internal/stream_base_commons.js:166:17): Error: <semantic> TypeScript Server Error (3.7.3)
Debug Failure. Special property assignment kind does not have a module as its parent. Assignment is { name: exports; flags: Property; declarations: PropertySignature }, parent is { name: Module; flags: Interface; declarations: InterfaceDeclaration }
Error: Debug Failure. Special property assignment kind does not have a module as its parent. Assignment is { name: exports; flags: Property; declarations: PropertySignature }, parent is { name: Module; flags: Interface; declarations: InterfaceDeclaration }
    at getSpecialPropertyExport (tsserver.js:109268:34)
    at getExport (tsserver.js:109238:32)
    at Object.getImportOrExportSymbol (tsserver.js:109197:53)
    at getImportOrExportReferences (tsserver.js:110638:56)
    at getReferencesAtLocation (tsserver.js:110568:17)
    at getReferencesInContainer (tsserver.js:110512:21)
    at getReferencesInContainerOrFiles (tsserver.js:110071:21)
    at getReferencedSymbolsForSymbol (tsserver.js:110062:21)
    at Object.getReferencedSymbolsForNode (tsserver.js:109865:34)
    at Object.getReferenceEntriesForNode (tsserver.js:109592:58)
    at getSemanticDocumentHighlights (tsserver.js:108282:57)
    at Object.getDocumentHighlights (tsserver.js:108270:20)
    at Object.getDocumentHighlights (tsserver.js:130873:42)
    at IOSession.Session.getDocumentHighlights (tsserver.js:140079:71)
    at Session.handlers.ts.createMapFromTemplate._a.<computed> (tsserver.js:139501:61)
    at tsserver.js:140929:88
    at IOSession.Session.executeWithRequestId (tsserver.js:140920:28)
    at IOSession.Session.executeCommand (tsserver.js:140929:33)
    at IOSession.Session.onMessage (tsserver.js:140952:35)
    at Interface.<anonymous> (tsserver.js:142267:27)
    at Interface.emit (events.js:200:13)
    at Interface._onLine (readline.js:314:10)
    at Interface._normalWrite (readline.js:459:12)
    at Socket.ondata (readline.js:170:10)
    at Socket.emit (events.js:200:13)
    at addChunk (_stream_readable.js:294:12)
    at readableAddChunk (_stream_readable.js:275:11)
    at Socket.Readable.push (_stream_readable.js:210:10)
    at Pipe.onStreamRead (internal/stream_base_commons.js:166:17)
	at Function.create (/snap/code/22/usr/share/code/resources/app/extensions/typescript-language-features/dist/extension.js:1:47388)
	at h.dispatchResponse (/snap/code/22/usr/share/code/resources/app/extensions/typescript-language-features/dist/extension.js:1:206361)
	at h.dispatchMessage (/snap/code/22/usr/share/code/resources/app/extensions/typescript-language-features/dist/extension.js:1:205259)
	at /snap/code/22/usr/share/code/resources/app/extensions/typescript-language-features/dist/extension.js:1:204735
	at l.fire (/snap/code/22/usr/share/code/resources/app/out/vs/workbench/services/extensions/node/extensionHostProcess.js:46:893)
	at t.Reader.onLengthData (/snap/code/22/usr/share/code/resources/app/extensions/typescript-language-features/dist/extension.js:1:211825)
	at Socket.<anonymous> (/snap/code/22/usr/share/code/resources/app/extensions/typescript-language-features/dist/extension.js:1:211473)
	at Socket.emit (events.js:200:13)
	at addChunk (_stream_readable.js:294:12)
	at readableAddChunk (_stream_readable.js:275:11)
	at Socket.Readable.push (_stream_readable.js:210:10)
	at Pipe.onStreamRead (internal/stream_base_commons.js:166:17)
[2019-12-27 16:34:18.964] [renderer1] [error] <semantic> TypeScript Server Error (3.7.3)
Debug Failure. Special property assignment kind does not have a module as its parent. Assignment is { name: exports; flags: Property; declarations: PropertySignature }, parent is { name: Module; flags: Interface; declarations: InterfaceDeclaration }
Error: Debug Failure. Special property assignment kind does not have a module as its parent. Assignment is { name: exports; flags: Property; declarations: PropertySignature }, parent is { name: Module; flags: Interface; declarations: InterfaceDeclaration }
    at getSpecialPropertyExport (tsserver.js:109268:34)
    at getExport (tsserver.js:109241:32)
    at Object.getImportOrExportSymbol (tsserver.js:109197:53)
    at getImportOrExportReferences (tsserver.js:110638:56)
    at getReferencesAtLocation (tsserver.js:110568:17)
    at getReferencesInContainer (tsserver.js:110512:21)
    at getReferencesInSourceFile (tsserver.js:110499:24)
    at searchForName (tsserver.js:110302:21)
    at getReferencesInContainerOrFiles (tsserver.js:110078:25)
    at getReferencedSymbolsForSymbol (tsserver.js:110062:21)
    at Object.getReferencedSymbolsForNode (tsserver.js:109865:34)
    at Object.getReferenceEntriesForNode (tsserver.js:109592:58)
    at getSemanticDocumentHighlights (tsserver.js:108282:57)
    at Object.getDocumentHighlights (tsserver.js:108270:20)
    at Object.getDocumentHighlights (tsserver.js:130873:42)
    at IOSession.Session.getDocumentHighlights (tsserver.js:140079:71)
    at Session.handlers.ts.createMapFromTemplate._a.<computed> (tsserver.js:139501:61)
    at tsserver.js:140929:88
    at IOSession.Session.executeWithRequestId (tsserver.js:140920:28)
    at IOSession.Session.executeCommand (tsserver.js:140929:33)
    at IOSession.Session.onMessage (tsserver.js:140952:35)
    at Interface.<anonymous> (tsserver.js:142267:27)
    at Interface.emit (events.js:200:13)
    at Interface._onLine (readline.js:314:10)
    at Interface._normalWrite (readline.js:459:12)
    at Socket.ondata (readline.js:170:10)
    at Socket.emit (events.js:200:13)
    at addChunk (_stream_readable.js:294:12)
    at readableAddChunk (_stream_readable.js:275:11)
    at Socket.Readable.push (_stream_readable.js:210:10)
    at Pipe.onStreamRead (internal/stream_base_commons.js:166:17): Error: <semantic> TypeScript Server Error (3.7.3)
Debug Failure. Special property assignment kind does not have a module as its parent. Assignment is { name: exports; flags: Property; declarations: PropertySignature }, parent is { name: Module; flags: Interface; declarations: InterfaceDeclaration }
Error: Debug Failure. Special property assignment kind does not have a module as its parent. Assignment is { name: exports; flags: Property; declarations: PropertySignature }, parent is { name: Module; flags: Interface; declarations: InterfaceDeclaration }
    at getSpecialPropertyExport (tsserver.js:109268:34)
    at getExport (tsserver.js:109241:32)
    at Object.getImportOrExportSymbol (tsserver.js:109197:53)
    at getImportOrExportReferences (tsserver.js:110638:56)
    at getReferencesAtLocation (tsserver.js:110568:17)
    at getReferencesInContainer (tsserver.js:110512:21)
    at getReferencesInSourceFile (tsserver.js:110499:24)
    at searchForName (tsserver.js:110302:21)
    at getReferencesInContainerOrFiles (tsserver.js:110078:25)
    at getReferencedSymbolsForSymbol (tsserver.js:110062:21)
    at Object.getReferencedSymbolsForNode (tsserver.js:109865:34)
    at Object.getReferenceEntriesForNode (tsserver.js:109592:58)
    at getSemanticDocumentHighlights (tsserver.js:108282:57)
    at Object.getDocumentHighlights (tsserver.js:108270:20)
    at Object.getDocumentHighlights (tsserver.js:130873:42)
    at IOSession.Session.getDocumentHighlights (tsserver.js:140079:71)
    at Session.handlers.ts.createMapFromTemplate._a.<computed> (tsserver.js:139501:61)
    at tsserver.js:140929:88
    at IOSession.Session.executeWithRequestId (tsserver.js:140920:28)
    at IOSession.Session.executeCommand (tsserver.js:140929:33)
    at IOSession.Session.onMessage (tsserver.js:140952:35)
    at Interface.<anonymous> (tsserver.js:142267:27)
    at Interface.emit (events.js:200:13)
    at Interface._onLine (readline.js:314:10)
    at Interface._normalWrite (readline.js:459:12)
    at Socket.ondata (readline.js:170:10)
    at Socket.emit (events.js:200:13)
    at addChunk (_stream_readable.js:294:12)
    at readableAddChunk (_stream_readable.js:275:11)
    at Socket.Readable.push (_stream_readable.js:210:10)
    at Pipe.onStreamRead (internal/stream_base_commons.js:166:17)
	at Function.create (/snap/code/22/usr/share/code/resources/app/extensions/typescript-language-features/dist/extension.js:1:47388)
	at h.dispatchResponse (/snap/code/22/usr/share/code/resources/app/extensions/typescript-language-features/dist/extension.js:1:206361)
	at h.dispatchMessage (/snap/code/22/usr/share/code/resources/app/extensions/typescript-language-features/dist/extension.js:1:205259)
	at /snap/code/22/usr/share/code/resources/app/extensions/typescript-language-features/dist/extension.js:1:204735
	at l.fire (/snap/code/22/usr/share/code/resources/app/out/vs/workbench/services/extensions/node/extensionHostProcess.js:46:893)
	at t.Reader.onLengthData (/snap/code/22/usr/share/code/resources/app/extensions/typescript-language-features/dist/extension.js:1:211825)
	at Socket.<anonymous> (/snap/code/22/usr/share/code/resources/app/extensions/typescript-language-features/dist/extension.js:1:211473)
	at Socket.emit (events.js:200:13)
	at addChunk (_stream_readable.js:294:12)
	at readableAddChunk (_stream_readable.js:275:11)
	at Socket.Readable.push (_stream_readable.js:210:10)
	at Pipe.onStreamRead (internal/stream_base_commons.js:166:17)
