[2019-12-28 14:54:47.913] [exthost] [info] extension host started
[2019-12-28 14:54:48.122] [exthost] [info] ExtensionService#_doActivateExtension vscode.configuration-editing {"startup":false,"extensionId":{"value":"vscode.configuration-editing","_lower":"vscode.configuration-editing"},"activationEvent":"onLanguage:jsonc"}
[2019-12-28 14:54:48.124] [exthost] [info] ExtensionService#loadCommonJSModule file:///snap/code/22/usr/share/code/resources/app/extensions/configuration-editing/dist/extension
[2019-12-28 14:54:48.136] [exthost] [info] ExtensionService#_doActivateExtension vscode.json-language-features {"startup":false,"extensionId":{"value":"vscode.json-language-features","_lower":"vscode.json-language-features"},"activationEvent":"onLanguage:jsonc"}
[2019-12-28 14:54:48.136] [exthost] [info] ExtensionService#loadCommonJSModule file:///snap/code/22/usr/share/code/resources/app/extensions/json-language-features/client/dist/jsonMain
[2019-12-28 14:54:48.234] [exthost] [info] ExtensionService#_doActivateExtension vscode.typescript-language-features {"startup":false,"extensionId":{"value":"vscode.typescript-language-features","_lower":"vscode.typescript-language-features"},"activationEvent":"onLanguage:jsonc"}
[2019-12-28 14:54:48.234] [exthost] [info] ExtensionService#loadCommonJSModule file:///snap/code/22/usr/share/code/resources/app/extensions/typescript-language-features/dist/extension
[2019-12-28 14:54:48.397] [exthost] [info] ExtensionService#_doActivateExtension vscode.debug-auto-launch {"startup":true,"extensionId":{"value":"vscode.debug-auto-launch","_lower":"vscode.debug-auto-launch"},"activationEvent":"*"}
[2019-12-28 14:54:48.397] [exthost] [info] ExtensionService#loadCommonJSModule file:///snap/code/22/usr/share/code/resources/app/extensions/debug-auto-launch/dist/extension
[2019-12-28 14:54:48.411] [exthost] [info] ExtensionService#_doActivateExtension vscode.emmet {"startup":true,"extensionId":{"value":"vscode.emmet","_lower":"vscode.emmet"},"activationEvent":"*"}
[2019-12-28 14:54:48.412] [exthost] [info] ExtensionService#loadCommonJSModule file:///snap/code/22/usr/share/code/resources/app/extensions/emmet/dist/extension
[2019-12-28 14:54:48.466] [exthost] [info] ExtensionService#_doActivateExtension vscode.git {"startup":true,"extensionId":{"value":"vscode.git","_lower":"vscode.git"},"activationEvent":"*"}
[2019-12-28 14:54:48.466] [exthost] [info] ExtensionService#loadCommonJSModule file:///snap/code/22/usr/share/code/resources/app/extensions/git/dist/main
[2019-12-28 14:54:48.623] [exthost] [info] ExtensionService#_doActivateExtension vscode.merge-conflict {"startup":true,"extensionId":{"value":"vscode.merge-conflict","_lower":"vscode.merge-conflict"},"activationEvent":"*"}
[2019-12-28 14:54:48.623] [exthost] [info] ExtensionService#loadCommonJSModule file:///snap/code/22/usr/share/code/resources/app/extensions/merge-conflict/dist/extension
[2019-12-28 14:54:48.638] [exthost] [info] ExtensionService#_doActivateExtension vscode.search-result {"startup":true,"extensionId":{"value":"vscode.search-result","_lower":"vscode.search-result"},"activationEvent":"*"}
[2019-12-28 14:54:48.638] [exthost] [info] ExtensionService#loadCommonJSModule file:///snap/code/22/usr/share/code/resources/app/extensions/search-result/dist/extension.js
[2019-12-28 14:54:48.646] [exthost] [info] ExtensionService#_doActivateExtension CoenraadS.bracket-pair-colorizer {"startup":true,"extensionId":{"value":"CoenraadS.bracket-pair-colorizer","_lower":"coenraads.bracket-pair-colorizer"},"activationEvent":"*"}
[2019-12-28 14:54:48.646] [exthost] [info] ExtensionService#loadCommonJSModule file:///home/anna/.vscode/extensions/coenraads.bracket-pair-colorizer-1.0.61/out/src/extension
[2019-12-28 14:54:48.695] [exthost] [info] ExtensionService#_doActivateExtension dbaeumer.vscode-eslint {"startup":true,"extensionId":{"value":"dbaeumer.vscode-eslint","_lower":"dbaeumer.vscode-eslint"},"activationEvent":"*"}
[2019-12-28 14:54:48.695] [exthost] [info] ExtensionService#loadCommonJSModule file:///home/anna/.vscode/extensions/dbaeumer.vscode-eslint-2.0.11/client/out/extension
[2019-12-28 14:54:48.707] [exthost] [info] ExtensionService#_doActivateExtension EditorConfig.EditorConfig {"startup":true,"extensionId":{"value":"EditorConfig.EditorConfig","_lower":"editorconfig.editorconfig"},"activationEvent":"*"}
[2019-12-28 14:54:48.707] [exthost] [info] ExtensionService#loadCommonJSModule file:///home/anna/.vscode/extensions/editorconfig.editorconfig-0.14.4/out/editorConfigMain.js
[2019-12-28 14:54:48.785] [exthost] [info] ExtensionService#_doActivateExtension esbenp.prettier-vscode {"startup":true,"extensionId":{"value":"esbenp.prettier-vscode","_lower":"esbenp.prettier-vscode"},"activationEvent":"*"}
[2019-12-28 14:54:48.786] [exthost] [info] ExtensionService#loadCommonJSModule file:///home/anna/.vscode/extensions/esbenp.prettier-vscode-3.18.0/dist/extension
[2019-12-28 14:54:48.866] [exthost] [info] ExtensionService#_doActivateExtension naumovs.color-highlight {"startup":true,"extensionId":{"value":"naumovs.color-highlight","_lower":"naumovs.color-highlight"},"activationEvent":"*"}
[2019-12-28 14:54:48.867] [exthost] [info] ExtensionService#loadCommonJSModule file:///home/anna/.vscode/extensions/naumovs.color-highlight-2.3.0/dist/extension
[2019-12-28 14:54:48.890] [exthost] [info] ExtensionService#_doActivateExtension PKief.material-icon-theme {"startup":true,"extensionId":{"value":"PKief.material-icon-theme","_lower":"pkief.material-icon-theme"},"activationEvent":"*"}
[2019-12-28 14:54:48.890] [exthost] [info] ExtensionService#loadCommonJSModule file:///home/anna/.vscode/extensions/pkief.material-icon-theme-3.9.2/dist/extension
[2019-12-28 14:54:48.926] [exthost] [info] ExtensionService#_doActivateExtension remimarsal.prettier-now {"startup":true,"extensionId":{"value":"remimarsal.prettier-now","_lower":"remimarsal.prettier-now"},"activationEvent":"*"}
[2019-12-28 14:54:48.926] [exthost] [info] ExtensionService#loadCommonJSModule file:///home/anna/.vscode/extensions/remimarsal.prettier-now-1.4.9/out/src/extension
[2019-12-28 14:54:49.003] [exthost] [info] ExtensionService#_doActivateExtension wayou.vscode-todo-highlight {"startup":true,"extensionId":{"value":"wayou.vscode-todo-highlight","_lower":"wayou.vscode-todo-highlight"},"activationEvent":"*"}
[2019-12-28 14:54:49.003] [exthost] [info] ExtensionService#loadCommonJSModule file:///home/anna/.vscode/extensions/wayou.vscode-todo-highlight-1.0.4/src/extension
[2019-12-28 14:54:49.010] [exthost] [info] ExtensionService#_doActivateExtension vscode.npm {"startup":true,"extensionId":{"value":"vscode.npm","_lower":"vscode.npm"},"activationEvent":"workspaceContains:package.json"}
[2019-12-28 14:54:49.011] [exthost] [info] ExtensionService#loadCommonJSModule file:///snap/code/22/usr/share/code/resources/app/extensions/npm/dist/main
[2019-12-28 14:54:49.422] [exthost] [info] eager extensions activated
[2019-12-28 15:15:10.651] [exthost] [info] ExtensionService#_doActivateExtension msjsdiag.debugger-for-edge {"startup":false,"extensionId":{"value":"msjsdiag.debugger-for-edge","_lower":"msjsdiag.debugger-for-edge"},"activationEvent":"onDebug"}
[2019-12-28 15:15:10.652] [exthost] [info] ExtensionService#loadCommonJSModule file:///home/anna/.vscode/extensions/msjsdiag.debugger-for-edge-1.0.13/out/src/extension
[2019-12-28 15:15:11.040] [exthost] [info] ExtensionService#_doActivateExtension vscode.debug-server-ready {"startup":false,"extensionId":{"value":"vscode.debug-server-ready","_lower":"vscode.debug-server-ready"},"activationEvent":"onDebugResolve"}
[2019-12-28 15:15:11.041] [exthost] [info] ExtensionService#loadCommonJSModule file:///snap/code/22/usr/share/code/resources/app/extensions/debug-server-ready/dist/extension
[2019-12-28 15:15:11.049] [exthost] [info] ExtensionService#_doActivateExtension ms-vscode.node-debug2 {"startup":false,"extensionId":{"value":"ms-vscode.node-debug","_lower":"ms-vscode.node-debug"},"activationEvent":"onDebugResolve:node"}
[2019-12-28 15:15:11.049] [exthost] [info] ExtensionService#loadCommonJSModule file:///snap/code/22/usr/share/code/resources/app/extensions/ms-vscode.node-debug2/out/src/extension
[2019-12-28 15:15:11.058] [exthost] [info] ExtensionService#_doActivateExtension ms-vscode.node-debug {"startup":false,"extensionId":{"value":"ms-vscode.node-debug","_lower":"ms-vscode.node-debug"},"activationEvent":"onDebugResolve:node"}
[2019-12-28 15:15:11.058] [exthost] [info] ExtensionService#loadCommonJSModule file:///snap/code/22/usr/share/code/resources/app/extensions/ms-vscode.node-debug/dist/extension.js
[2019-12-28 15:15:51.729] [exthost] [info] ExtensionService#_doActivateExtension vscode.extension-editing {"startup":false,"extensionId":{"value":"vscode.extension-editing","_lower":"vscode.extension-editing"},"activationEvent":"onLanguage:json"}
[2019-12-28 15:15:51.729] [exthost] [info] ExtensionService#loadCommonJSModule file:///snap/code/22/usr/share/code/resources/app/extensions/extension-editing/dist/extension
