Looking for git in: git
Using git 2.17.1 from git
> git rev-parse --show-toplevel
> git rev-parse --git-dir
Open repository: /home/anna/bootcamp2019/GoBarber
> git status -z -u
> git check-ignore -v -z --stdin
> git check-ignore -v -z --stdin
> git check-ignore -v -z --stdin
> git check-ignore -v -z --stdin
> git show :src/app/models/User.js
> git check-ignore -v -z --stdin
> git show :src/app/models/User.js
> git show :src/app/models/User.js
> git show :src/app/models/User.js
> git show :src/app/models/User.js
> git show :src/app/models/User.js
> git show :src/app/models/User.js
> git show :src/app/models/User.js
> git show :src/app/models/User.js
> git show :src/app/models/User.js
> git show :src/app/models/User.js
> git check-ignore -v -z --stdin
> git show :src/database/migrations/index.js
> git check-ignore -v -z --stdin
> git show :src/database/index.js
> git check-ignore -v -z --stdin
> git show :src/app/models/User.js
> git show :src/database/index.js
> git show :src/app/models/User.js
> git show :src/database/index.js
> git show :src/app.js
> git show :src/routes.js
> git show :src/app.js
> git show :src/database/index.js
> git show :src/app.js
> git show :src/routes.js
> git show :src/app.js
> git show :src/database/index.js
> git show :src/app.js
> git show :src/database/index.js
> git show :src/app.js
> git show :src/routes.js
> git show :src/app.js
> git show :src/database/index.js
> git show :src/routes.js
> git show :.vscode/launch.json
> git check-ignore -v -z --stdin
> git show :src/routes.js
> git show :src/app.js
> git show :src/database/index.js
> git show :src/app/models/User.js
> git show :src/app.js
> git show :src/database/index.js
> git show :src/routes.js
> git show :.vscode/launch.json
> git show :src/app.js
> git show :src/database/index.js
> git show :src/app.js
> git show :src/app/models/User.js
> git show :.vscode/launch.json
> git show :src/app/models/User.js
> git show :src/app.js
> git show :src/routes.js
> git show :src/database/index.js
> git show :.vscode/launch.json
> git show :nodemon.json
> git show :src/database/index.js
> git show :src/server.js
> git show :src/database/index.js
> git show :src/app/models/User.js
> git show :src/database/index.js
> git show :nodemon.json
> git show :src/server.js
> git show :src/app.js
> git show :src/routes.js
> git show :src/server.js
> git show :src/database/index.js
> git show :src/app/models/User.js
> git show :src/server.js
> git show :.sequelizerc
> git show :.vscode/launch.json
> git show :src/database/index.js
> git show :src/routes.js
> git show :.vscode/launch.json
> git show :src/database/index.js
> git show :nodemon.json
> git show :src/database/index.js
> git show :src/app/models/User.js
> git show :src/app.js
> git show :src/routes.js
> git show :.vscode/launch.json
> git show :src/routes.js
> git show :src/app.js
> git show :nodemon.json
> git show :src/database/index.js
> git show :src/app/models/User.js
> git show :src/database/index.js
> git show :src/app/models/User.js
> git show :src/database/index.js
> git show :nodemon.json
> git show :src/app.js
> git show :src/routes.js
> git show :src/database/index.js
> git show :src/app/models/User.js
> git show :nodemon.json
> git show :src/app.js
> git show :src/routes.js
> git show :src/app.js
> git show :src/routes.js
> git show :nodemon.json
> git show :src/database/index.js
> git show :src/app/models/User.js
> git show :src/database/index.js
> git show :nodemon.json
> git show :src/app.js
> git show :src/routes.js
> git show :.vscode/launch.json
> git show :nodemon.json
> git show :src/database/index.js
> git show :nodemon.json
> git show :src/database/index.js
> git show :nodemon.json
> git show :src/database/index.js
> git show :.vscode/launch.json
> git show :nodemon.json
> git show :src/database/index.js
> git show :src/app/models/User.js
> git show :src/app.js
> git show :src/routes.js
> git show :.vscode/launch.json
> git show :src/routes.js
> git show :src/app.js
> git show :nodemon.json
> git show :src/database/index.js
> git show :src/app/models/User.js
> git show :src/database/index.js
> git show :nodemon.json
> git show :src/app.js
> git show :src/routes.js
> git show :.vscode/launch.json
> git show :nodemon.json
> git show :src/app.js
> git show :nodemon.json
> git show :src/database/index.js
> git show :.eslintrc.js
> git show :.sequelizerc
> git show :src/config/database.js
> git check-ignore -v -z --stdin
> git show :src/database/migrations/20191226191350-create-users.js
> git show :nodemon.json
> git show :src/app.js
> git show :src/routes.js
> git show :src/app.js
> git show :nodemon.json
> git show :src/database/migrations/20191226191350-create-users.js
> git show :.sequelizerc
> git show :src/database/index.js
> git show :src/app/models/User.js
> git show :src/database/index.js
> git show :src/app/models/User.js
> git show :.sequelizerc
> git show :src/database/migrations/20191226191350-create-users.js
> git show :.sequelizerc
> git show :src/database/index.js
> git show :nodemon.json
> git show :src/database/migrations/20191226191350-create-users.js
> git show :.sequelizerc
> git show :src/database/index.js
> git show :src/app/models/User.js
> git show :src/routes.js
> git show :src/app/models/User.js
> git show :.vscode/launch.json
