Initializing document watcher...
GoBarber/src/app/models/User.js: {}
GoBarber/src/app/models/User.js: Using EditorConfig core...
GoBarber/src/app/models/User.js: {}
GoBarber/src/app/models/User.js: {}
GoBarber/src/app/models/User.js: Using EditorConfig core...
GoBarber/src/app/models/User.js: {}
GoBarber/src/app/models/User.js: {}
GoBarber/src/app/models/User.js: {}
GoBarber/src/app/models/User.js: {}
GoBarber/src/app/models/User.js: {}
GoBarber/src/app/models/User.js: {}
GoBarber/src/app/models/User.js: {}
GoBarber/src/app/models/User.js: {}
GoBarber/src/app/models/User.js: {}
GoBarber/src/app/models/User.js: {}
GoBarber/src/app/models/User.js: {}
GoBarber/src/app/models/User.js: {}
GoBarber/src/app/models/User.js: {}
GoBarber/src/app/models/User.js: {}
GoBarber/src/app/models/User.js: {}
GoBarber/src/app/models/User.js: {}
GoBarber/src/app/models/User.js: {}
GoBarber/src/app/models/User.js: {}
GoBarber/src/app/models/User.js: {}
GoBarber/src/app/models/User.js: {}
GoBarber/src/app/models/User.js: {}
GoBarber/src/app/models/User.js: {}
GoBarber/src/app/models/User.js: {}
GoBarber/src/app/models/User.js: {}
GoBarber/src/app/models/User.js: {}
GoBarber/src/app/models/User.js: {}
GoBarber/src/app/models/User.js: {}
GoBarber/src/app/models/User.js: {}
GoBarber/src/app/models/User.js: {}
GoBarber/src/app/models/User.js: {}
GoBarber/src/app/models/User.js: {}
GoBarber/src/app/models/User.js: {}
GoBarber/src/app/models/User.js: {}
GoBarber/src/app/models/User.js: Using EditorConfig core...
GoBarber/src/app/models/User.js: {}
GoBarber/src/app/models/User.js: {}
GoBarber/src/database/migrations/index.js: {}
GoBarber/src/database/migrations/index.js: {}
GoBarber/src/database/migrations/index.js: {}
GoBarber/src/database/migrations/index.js: {}
GoBarber/src/database/index.js: {}
GoBarber/src/database/index.js: {}
GoBarber/src/database/index.js: Using EditorConfig core...
GoBarber/src/database/index.js: Using EditorConfig core...
GoBarber/src/database/index.js: Using EditorConfig core...
GoBarber/src/database/index.js: {}
GoBarber/src/database/index.js: {}
GoBarber/src/app/models/User.js: {}
GoBarber/src/app/models/User.js: Using EditorConfig core...
GoBarber/src/app/models/User.js: Using EditorConfig core...
GoBarber/src/app/models/User.js: {}
GoBarber/src/database/index.js: {}
GoBarber/src/database/index.js: Using EditorConfig core...
GoBarber/src/database/index.js: Using EditorConfig core...
GoBarber/src/database/index.js: {}
GoBarber/src/app/models/User.js: {}
GoBarber/src/database/index.js: {}
GoBarber/src/app.js: {}
GoBarber/src/app.js: {}
GoBarber/src/app.js: Using EditorConfig core...
GoBarber/src/app.js: {}
GoBarber/src/routes.js: {}
GoBarber/src/routes.js: Using EditorConfig core...
GoBarber/src/routes.js: Using EditorConfig core...
GoBarber/src/routes.js: {}
GoBarber/src/routes.js: {}
GoBarber/src/app.js: {}
GoBarber/src/database/index.js: {}
GoBarber/src/database/index.js: {}
GoBarber/src/database/index.js: Using EditorConfig core...
GoBarber/src/database/index.js: {}
GoBarber/src/database/index.js: {}
GoBarber/src/app.js: {}
GoBarber/src/app.js: {}
GoBarber/src/routes.js: {}
GoBarber/src/routes.js: Using EditorConfig core...
GoBarber/src/app.js: {}
GoBarber/src/database/index.js: {}
GoBarber/src/database/index.js: {}
GoBarber/src/app.js: {}
GoBarber/src/app.js: {}
GoBarber/src/app.js: {}
GoBarber/src/database/index.js: {}
GoBarber/src/app.js: {}
GoBarber/src/routes.js: {}
GoBarber/src/app.js: {}
GoBarber/src/database/index.js: {}
GoBarber/src/routes.js: {}
GoBarber/src/routes.js: Using EditorConfig core...
GoBarber/src/routes.js: {}
GoBarber/src/routes.js: {}
GoBarber/.vscode/launch.json: {}
GoBarber/src/routes.js: {}
GoBarber/src/app.js: {}
GoBarber/src/database/index.js: {}
GoBarber/src/app/models/User.js: {}
GoBarber/src/app/models/User.js: {}
GoBarber/src/app.js: {}
GoBarber/src/database/index.js: {}
GoBarber/src/routes.js: {}
GoBarber/src/routes.js: {}
GoBarber/src/routes.js: {}
GoBarber/src/routes.js: {}
GoBarber/src/routes.js: {}
GoBarber/.vscode/launch.json: {}
GoBarber/src/app.js: {}
GoBarber/src/database/index.js: {}
GoBarber/src/database/index.js: Using EditorConfig core...
GoBarber/src/database/index.js: {}
GoBarber/src/database/index.js: {}
GoBarber/src/database/index.js: Using EditorConfig core...
GoBarber/src/app.js: {}
GoBarber/src/app/models/User.js: {}
GoBarber/.vscode/launch.json: {}
GoBarber/src/app/models/User.js: {}
GoBarber/src/app/models/User.js: {}
GoBarber/src/app/models/User.js: {}
GoBarber/src/app.js: {}
GoBarber/src/routes.js: {}
GoBarber/src/database/index.js: {}
GoBarber/src/database/index.js: {}
GoBarber/src/database/index.js: {}
GoBarber/.vscode/launch.json: {}
GoBarber/.vscode/launch.json: {}
GoBarber/.vscode/launch.json: {}
GoBarber/nodemon.json: {}
GoBarber/nodemon.json: {}
GoBarber/nodemon.json: {}
GoBarber/nodemon.json: Using EditorConfig core...
GoBarber/nodemon.json: {}
GoBarber/nodemon.json: {}
GoBarber/nodemon.json: {}
GoBarber/src/database/index.js: {}
GoBarber/src/server.js: {}
GoBarber/src/database/index.js: {}
GoBarber/src/app/models/User.js: {}
GoBarber/src/database/index.js: {}
GoBarber/nodemon.json: {}
GoBarber/src/server.js: {}
GoBarber/src/app.js: {}
GoBarber/src/routes.js: {}
GoBarber/src/server.js: {}
GoBarber/src/database/index.js: {}
GoBarber/src/app/models/User.js: {}
GoBarber/src/server.js: {}
GoBarber/.sequelizerc: {}
GoBarber/.vscode/launch.json: {}
GoBarber/.vscode/launch.json: {}
GoBarber/.vscode/launch.json: {}
GoBarber/.vscode/launch.json: {}
GoBarber/src/database/index.js: {}
GoBarber/src/database/index.js: {}
GoBarber/src/database/index.js: {}
GoBarber/src/routes.js: {}
GoBarber/.vscode/launch.json: {}
GoBarber/src/database/index.js: {}
GoBarber/src/database/index.js: {}
GoBarber/src/database/index.js: {}
GoBarber/nodemon.json: {}
GoBarber/src/database/index.js: {}
GoBarber/src/app/models/User.js: {}
GoBarber/src/app.js: {}
GoBarber/src/routes.js: {}
GoBarber/src/routes.js: {}
GoBarber/src/routes.js: {}
GoBarber/.vscode/launch.json: {}
GoBarber/src/routes.js: {}
GoBarber/src/app.js: {}
GoBarber/nodemon.json: {}
GoBarber/src/database/index.js: {}
GoBarber/src/app/models/User.js: {}
GoBarber/src/database/index.js: {}
GoBarber/src/app/models/User.js: {}
GoBarber/src/database/index.js: {}
GoBarber/nodemon.json: {}
GoBarber/src/app.js: {}
GoBarber/src/routes.js: {}
GoBarber/src/database/index.js: {}
GoBarber/src/app/models/User.js: {}
GoBarber/src/app/models/User.js: {}
GoBarber/nodemon.json: {}
GoBarber/src/app.js: {}
GoBarber/src/routes.js: {}
GoBarber/src/app.js: {}
GoBarber/src/routes.js: {}
GoBarber/src/routes.js: {}
GoBarber/nodemon.json: {}
GoBarber/src/database/index.js: {}
GoBarber/src/app/models/User.js: {}
GoBarber/src/database/index.js: {}
GoBarber/nodemon.json: {}
GoBarber/src/app.js: {}
GoBarber/src/routes.js: {}
GoBarber/src/routes.js: {}
GoBarber/src/routes.js: {}
GoBarber/.vscode/launch.json: {}
GoBarber/.vscode/launch.json: {}
GoBarber/.vscode/launch.json: {}
GoBarber/nodemon.json: {}
GoBarber/src/database/index.js: {}
GoBarber/nodemon.json: {}
GoBarber/src/database/index.js: {}
GoBarber/nodemon.json: {}
GoBarber/src/database/index.js: {}
GoBarber/src/database/index.js: {}
GoBarber/src/database/index.js: {}
GoBarber/.vscode/launch.json: {}
GoBarber/.vscode/launch.json: {}
GoBarber/nodemon.json: {}
GoBarber/src/database/index.js: {}
GoBarber/src/app/models/User.js: {}
GoBarber/src/app.js: {}
GoBarber/src/routes.js: {}
GoBarber/.vscode/launch.json: {}
GoBarber/.vscode/launch.json: {}
GoBarber/.vscode/launch.json: {}
GoBarber/.vscode/launch.json: {}
GoBarber/.vscode/launch.json: {}
GoBarber/src/routes.js: {}
GoBarber/src/app.js: {}
GoBarber/nodemon.json: {}
GoBarber/src/database/index.js: {}
GoBarber/src/app/models/User.js: {}
GoBarber/src/app/models/User.js: {}
GoBarber/src/database/index.js: {}
GoBarber/nodemon.json: {}
GoBarber/src/app.js: {}
GoBarber/src/routes.js: {}
GoBarber/.vscode/launch.json: {}
GoBarber/.vscode/launch.json: {}
GoBarber/nodemon.json: {}
GoBarber/src/app.js: {}
GoBarber/nodemon.json: {}
GoBarber/nodemon.json: {}
GoBarber/src/database/index.js: {}
GoBarber/.eslintrc.js: {}
GoBarber/.sequelizerc: {}
GoBarber/.sequelizerc: Using EditorConfig core...
GoBarber/src/config/database.js: {}
GoBarber/src/database/migrations/20191226191350-create-users.js: {}
GoBarber/src/database/migrations/20191226191350-create-users.js: {}
GoBarber/nodemon.json: {}
GoBarber/src/app.js: {}
GoBarber/src/routes.js: {}
GoBarber/src/app.js: {}
GoBarber/nodemon.json: {}
GoBarber/src/database/migrations/20191226191350-create-users.js: {}
GoBarber/.sequelizerc: {}
GoBarber/src/database/index.js: {}
GoBarber/src/app/models/User.js: {}
GoBarber/src/app/models/User.js: {}
GoBarber/src/database/index.js: {}
GoBarber/src/database/index.js: {}
GoBarber/src/app/models/User.js: {}
GoBarber/.sequelizerc: {}
GoBarber/src/database/migrations/20191226191350-create-users.js: {}
GoBarber/.sequelizerc: {}
GoBarber/src/database/index.js: {}
GoBarber/nodemon.json: {}
GoBarber/src/database/migrations/20191226191350-create-users.js: {}
GoBarber/.sequelizerc: {}
GoBarber/src/database/index.js: {}
GoBarber/src/app/models/User.js: {}
GoBarber/src/app/models/User.js: {}
GoBarber/src/app/models/User.js: {}
GoBarber/src/routes.js: {}
GoBarber/src/app/models/User.js: {}
GoBarber/src/app/models/User.js: {}
GoBarber/src/app/models/User.js: Using EditorConfig core...
GoBarber/.vscode/launch.json: {}
GoBarber/.vscode/launch.json: {}
