["INFO" - 15:59:38] Extension Name: "prettier-vscode".
["INFO" - 15:59:38] Extension Version: "3.18.0".
["INFO" - 15:59:39] Loaded module 'prettier@1.19.1' from '/home/anna/bootcamp2019/GoBarber/node_modules/prettier/index.js'
["INFO" - 15:59:39] Enabling prettier for languages
[
  "css",
  "graphql",
  "html",
  "javascript",
  "javascriptreact",
  "json",
  "json5",
  "jsonc",
  "less",
  "markdown",
  "mdx",
  "mongo",
  "postcss",
  "scss",
  "typescript",
  "typescriptreact",
  "vue",
  "yaml"
]
["INFO" - 15:59:39] Enabling prettier for range supported languages
[
  "graphql",
  "javascript",
  "javascriptreact",
  "json",
  "typescript",
  "typescriptreact"
]
["INFO" - 15:59:51] Loaded module 'prettier@1.19.1' from '/home/anna/bootcamp2019/GoBarber/node_modules/prettier/index.js'
["INFO" - 17:09:49] Loaded module 'prettier@1.19.1' from '/home/anna/bootcamp2019/GoBarber/node_modules/prettier/index.js'
["INFO" - 17:10:05] Loaded module 'prettier@1.19.1' from '/home/anna/bootcamp2019/GoBarber/node_modules/prettier/index.js'
["INFO" - 17:17:11] Loaded module 'prettier@1.19.1' from '/home/anna/bootcamp2019/GoBarber/node_modules/prettier/index.js'
["INFO" - 17:19:09] Loaded module 'prettier@1.19.1' from '/home/anna/bootcamp2019/GoBarber/node_modules/prettier/index.js'
["INFO" - 17:20:29] Loaded module 'prettier@1.19.1' from '/home/anna/bootcamp2019/GoBarber/node_modules/prettier/index.js'
["INFO" - 17:20:32] Loaded module 'prettier@1.19.1' from '/home/anna/bootcamp2019/GoBarber/node_modules/prettier/index.js'
["INFO" - 17:20:36] Loaded module 'prettier@1.19.1' from '/home/anna/bootcamp2019/GoBarber/node_modules/prettier/index.js'
["INFO" - 17:22:31] Loaded module 'prettier@1.19.1' from '/home/anna/bootcamp2019/GoBarber/node_modules/prettier/index.js'
["INFO" - 17:27:02] Loaded module 'prettier@1.19.1' from '/home/anna/bootcamp2019/GoBarber/node_modules/prettier/index.js'
["INFO" - 17:27:04] Loaded module 'prettier@1.19.1' from '/home/anna/bootcamp2019/GoBarber/node_modules/prettier/index.js'
["INFO" - 17:33:32] Loaded module 'prettier@1.19.1' from '/home/anna/bootcamp2019/GoBarber/node_modules/prettier/index.js'
["INFO" - 17:34:04] Loaded module 'prettier@1.19.1' from '/home/anna/bootcamp2019/GoBarber/node_modules/prettier/index.js'
["INFO" - 17:34:45] Loaded module 'prettier@1.19.1' from '/home/anna/bootcamp2019/GoBarber/node_modules/prettier/index.js'
["INFO" - 17:34:49] Loaded module 'prettier@1.19.1' from '/home/anna/bootcamp2019/GoBarber/node_modules/prettier/index.js'
["INFO" - 17:38:01] Loaded module 'prettier@1.19.1' from '/home/anna/bootcamp2019/GoBarber/node_modules/prettier/index.js'
["INFO" - 17:38:22] Loaded module 'prettier@1.19.1' from '/home/anna/bootcamp2019/GoBarber/node_modules/prettier/index.js'
["INFO" - 17:38:28] Loaded module 'prettier@1.19.1' from '/home/anna/bootcamp2019/GoBarber/node_modules/prettier/index.js'
["INFO" - 17:38:30] Loaded module 'prettier@1.19.1' from '/home/anna/bootcamp2019/GoBarber/node_modules/prettier/index.js'
["INFO" - 17:38:36] Loaded module 'prettier@1.19.1' from '/home/anna/bootcamp2019/GoBarber/node_modules/prettier/index.js'
["INFO" - 17:38:38] Loaded module 'prettier@1.19.1' from '/home/anna/bootcamp2019/GoBarber/node_modules/prettier/index.js'
["INFO" - 17:38:40] Loaded module 'prettier@1.19.1' from '/home/anna/bootcamp2019/GoBarber/node_modules/prettier/index.js'
["INFO" - 17:39:18] Loaded module 'prettier@1.19.1' from '/home/anna/bootcamp2019/GoBarber/node_modules/prettier/index.js'
["INFO" - 17:40:13] Loaded module 'prettier@1.19.1' from '/home/anna/bootcamp2019/GoBarber/node_modules/prettier/index.js'
["INFO" - 17:40:18] Loaded module 'prettier@1.19.1' from '/home/anna/bootcamp2019/GoBarber/node_modules/prettier/index.js'
["INFO" - 17:40:26] Loaded module 'prettier@1.19.1' from '/home/anna/bootcamp2019/GoBarber/node_modules/prettier/index.js'
["INFO" - 17:40:38] Loaded module 'prettier@1.19.1' from '/home/anna/bootcamp2019/GoBarber/node_modules/prettier/index.js'
["INFO" - 17:49:13] Loaded module 'prettier@1.19.1' from '/home/anna/bootcamp2019/GoBarber/node_modules/prettier/index.js'
["INFO" - 17:49:14] Loaded module 'prettier@1.19.1' from '/home/anna/bootcamp2019/GoBarber/node_modules/prettier/index.js'
["INFO" - 17:49:15] Loaded module 'prettier@1.19.1' from '/home/anna/bootcamp2019/GoBarber/node_modules/prettier/index.js'
["INFO" - 17:50:03] Loaded module 'prettier@1.19.1' from '/home/anna/bootcamp2019/GoBarber/node_modules/prettier/index.js'
["INFO" - 17:50:04] Loaded module 'prettier@1.19.1' from '/home/anna/bootcamp2019/GoBarber/node_modules/prettier/index.js'
["INFO" - 17:50:06] Loaded module 'prettier@1.19.1' from '/home/anna/bootcamp2019/GoBarber/node_modules/prettier/index.js'
["INFO" - 17:50:46] Loaded module 'prettier@1.19.1' from '/home/anna/bootcamp2019/GoBarber/node_modules/prettier/index.js'
["INFO" - 17:50:48] Loaded module 'prettier@1.19.1' from '/home/anna/bootcamp2019/GoBarber/node_modules/prettier/index.js'
["INFO" - 17:50:53] Loaded module 'prettier@1.19.1' from '/home/anna/bootcamp2019/GoBarber/node_modules/prettier/index.js'
["INFO" - 17:50:54] Loaded module 'prettier@1.19.1' from '/home/anna/bootcamp2019/GoBarber/node_modules/prettier/index.js'
["INFO" - 17:50:58] Loaded module 'prettier@1.19.1' from '/home/anna/bootcamp2019/GoBarber/node_modules/prettier/index.js'
["INFO" - 17:51:01] Loaded module 'prettier@1.19.1' from '/home/anna/bootcamp2019/GoBarber/node_modules/prettier/index.js'
["INFO" - 17:51:03] Loaded module 'prettier@1.19.1' from '/home/anna/bootcamp2019/GoBarber/node_modules/prettier/index.js'
["INFO" - 17:51:35] Loaded module 'prettier@1.19.1' from '/home/anna/bootcamp2019/GoBarber/node_modules/prettier/index.js'
["INFO" - 17:55:11] Loaded module 'prettier@1.19.1' from '/home/anna/bootcamp2019/GoBarber/node_modules/prettier/index.js'
["INFO" - 18:09:36] Loaded module 'prettier@1.19.1' from '/home/anna/bootcamp2019/GoBarber/node_modules/prettier/index.js'
["INFO" - 18:10:31] Loaded module 'prettier@1.19.1' from '/home/anna/bootcamp2019/GoBarber/node_modules/prettier/index.js'
["INFO" - 18:11:00] Loaded module 'prettier@1.19.1' from '/home/anna/bootcamp2019/GoBarber/node_modules/prettier/index.js'
["INFO" - 18:11:04] Loaded module 'prettier@1.19.1' from '/home/anna/bootcamp2019/GoBarber/node_modules/prettier/index.js'
["INFO" - 18:11:05] Loaded module 'prettier@1.19.1' from '/home/anna/bootcamp2019/GoBarber/node_modules/prettier/index.js'
["INFO" - 18:11:16] Loaded module 'prettier@1.19.1' from '/home/anna/bootcamp2019/GoBarber/node_modules/prettier/index.js'
["INFO" - 18:11:17] Loaded module 'prettier@1.19.1' from '/home/anna/bootcamp2019/GoBarber/node_modules/prettier/index.js'
["INFO" - 18:11:18] Loaded module 'prettier@1.19.1' from '/home/anna/bootcamp2019/GoBarber/node_modules/prettier/index.js'
["INFO" - 18:11:20] Loaded module 'prettier@1.19.1' from '/home/anna/bootcamp2019/GoBarber/node_modules/prettier/index.js'
["INFO" - 18:11:22] Loaded module 'prettier@1.19.1' from '/home/anna/bootcamp2019/GoBarber/node_modules/prettier/index.js'
["INFO" - 18:11:23] Loaded module 'prettier@1.19.1' from '/home/anna/bootcamp2019/GoBarber/node_modules/prettier/index.js'
["INFO" - 18:11:24] Loaded module 'prettier@1.19.1' from '/home/anna/bootcamp2019/GoBarber/node_modules/prettier/index.js'
["INFO" - 18:11:26] Loaded module 'prettier@1.19.1' from '/home/anna/bootcamp2019/GoBarber/node_modules/prettier/index.js'
["INFO" - 18:11:28] Loaded module 'prettier@1.19.1' from '/home/anna/bootcamp2019/GoBarber/node_modules/prettier/index.js'
["INFO" - 18:13:21] Loaded module 'prettier@1.19.1' from '/home/anna/bootcamp2019/GoBarber/node_modules/prettier/index.js'
["INFO" - 18:15:49] Loaded module 'prettier@1.19.1' from '/home/anna/bootcamp2019/GoBarber/node_modules/prettier/index.js'
["INFO" - 18:16:19] Loaded module 'prettier@1.19.1' from '/home/anna/bootcamp2019/GoBarber/node_modules/prettier/index.js'
["INFO" - 18:16:23] Loaded module 'prettier@1.19.1' from '/home/anna/bootcamp2019/GoBarber/node_modules/prettier/index.js'
["INFO" - 18:16:23] Loaded module 'prettier@1.19.1' from '/home/anna/bootcamp2019/GoBarber/node_modules/prettier/index.js'
["INFO" - 18:16:51] Loaded module 'prettier@1.19.1' from '/home/anna/bootcamp2019/GoBarber/node_modules/prettier/index.js'
["INFO" - 18:16:53] Loaded module 'prettier@1.19.1' from '/home/anna/bootcamp2019/GoBarber/node_modules/prettier/index.js'
["INFO" - 18:16:57] Loaded module 'prettier@1.19.1' from '/home/anna/bootcamp2019/GoBarber/node_modules/prettier/index.js'
["INFO" - 18:16:59] Loaded module 'prettier@1.19.1' from '/home/anna/bootcamp2019/GoBarber/node_modules/prettier/index.js'
["INFO" - 18:17:00] Loaded module 'prettier@1.19.1' from '/home/anna/bootcamp2019/GoBarber/node_modules/prettier/index.js'
["INFO" - 18:17:48] Loaded module 'prettier@1.19.1' from '/home/anna/bootcamp2019/GoBarber/node_modules/prettier/index.js'
["INFO" - 18:17:49] Loaded module 'prettier@1.19.1' from '/home/anna/bootcamp2019/GoBarber/node_modules/prettier/index.js'
["INFO" - 18:17:50] Loaded module 'prettier@1.19.1' from '/home/anna/bootcamp2019/GoBarber/node_modules/prettier/index.js'
["INFO" - 18:17:52] Loaded module 'prettier@1.19.1' from '/home/anna/bootcamp2019/GoBarber/node_modules/prettier/index.js'
["INFO" - 18:17:53] Loaded module 'prettier@1.19.1' from '/home/anna/bootcamp2019/GoBarber/node_modules/prettier/index.js'
["INFO" - 18:18:05] Loaded module 'prettier@1.19.1' from '/home/anna/bootcamp2019/GoBarber/node_modules/prettier/index.js'
["INFO" - 18:18:06] Loaded module 'prettier@1.19.1' from '/home/anna/bootcamp2019/GoBarber/node_modules/prettier/index.js'
["INFO" - 18:18:33] Loaded module 'prettier@1.19.1' from '/home/anna/bootcamp2019/GoBarber/node_modules/prettier/index.js'
["INFO" - 18:18:34] Loaded module 'prettier@1.19.1' from '/home/anna/bootcamp2019/GoBarber/node_modules/prettier/index.js'
["INFO" - 18:18:35] Loaded module 'prettier@1.19.1' from '/home/anna/bootcamp2019/GoBarber/node_modules/prettier/index.js'
["INFO" - 18:19:11] Loaded module 'prettier@1.19.1' from '/home/anna/bootcamp2019/GoBarber/node_modules/prettier/index.js'
["INFO" - 18:19:12] Loaded module 'prettier@1.19.1' from '/home/anna/bootcamp2019/GoBarber/node_modules/prettier/index.js'
["INFO" - 18:19:14] Loaded module 'prettier@1.19.1' from '/home/anna/bootcamp2019/GoBarber/node_modules/prettier/index.js'
["INFO" - 18:19:15] Loaded module 'prettier@1.19.1' from '/home/anna/bootcamp2019/GoBarber/node_modules/prettier/index.js'
["INFO" - 18:19:48] Loaded module 'prettier@1.19.1' from '/home/anna/bootcamp2019/GoBarber/node_modules/prettier/index.js'
["INFO" - 18:19:49] Loaded module 'prettier@1.19.1' from '/home/anna/bootcamp2019/GoBarber/node_modules/prettier/index.js'
["INFO" - 18:19:53] Loaded module 'prettier@1.19.1' from '/home/anna/bootcamp2019/GoBarber/node_modules/prettier/index.js'
["INFO" - 18:20:24] Loaded module 'prettier@1.19.1' from '/home/anna/bootcamp2019/GoBarber/node_modules/prettier/index.js'
["INFO" - 18:20:25] Loaded module 'prettier@1.19.1' from '/home/anna/bootcamp2019/GoBarber/node_modules/prettier/index.js'
["INFO" - 18:20:30] Loaded module 'prettier@1.19.1' from '/home/anna/bootcamp2019/GoBarber/node_modules/prettier/index.js'
["INFO" - 18:20:31] Loaded module 'prettier@1.19.1' from '/home/anna/bootcamp2019/GoBarber/node_modules/prettier/index.js'
["INFO" - 18:20:33] Loaded module 'prettier@1.19.1' from '/home/anna/bootcamp2019/GoBarber/node_modules/prettier/index.js'
["INFO" - 18:20:35] Loaded module 'prettier@1.19.1' from '/home/anna/bootcamp2019/GoBarber/node_modules/prettier/index.js'
["INFO" - 18:20:36] Loaded module 'prettier@1.19.1' from '/home/anna/bootcamp2019/GoBarber/node_modules/prettier/index.js'
["INFO" - 18:20:37] Loaded module 'prettier@1.19.1' from '/home/anna/bootcamp2019/GoBarber/node_modules/prettier/index.js'
["INFO" - 18:20:40] Loaded module 'prettier@1.19.1' from '/home/anna/bootcamp2019/GoBarber/node_modules/prettier/index.js'
["INFO" - 18:21:15] Loaded module 'prettier@1.19.1' from '/home/anna/bootcamp2019/GoBarber/node_modules/prettier/index.js'
["INFO" - 18:24:25] Loaded module 'prettier@1.19.1' from '/home/anna/bootcamp2019/GoBarber/node_modules/prettier/index.js'
["INFO" - 18:24:26] Loaded module 'prettier@1.19.1' from '/home/anna/bootcamp2019/GoBarber/node_modules/prettier/index.js'
["INFO" - 18:24:27] Loaded module 'prettier@1.19.1' from '/home/anna/bootcamp2019/GoBarber/node_modules/prettier/index.js'
["INFO" - 18:24:31] Loaded module 'prettier@1.19.1' from '/home/anna/bootcamp2019/GoBarber/node_modules/prettier/index.js'
["INFO" - 18:26:15] Loaded module 'prettier@1.19.1' from '/home/anna/bootcamp2019/GoBarber/node_modules/prettier/index.js'
["INFO" - 18:26:16] Loaded module 'prettier@1.19.1' from '/home/anna/bootcamp2019/GoBarber/node_modules/prettier/index.js'
["INFO" - 18:28:08] Loaded module 'prettier@1.19.1' from '/home/anna/bootcamp2019/GoBarber/node_modules/prettier/index.js'
["INFO" - 18:29:25] Loaded module 'prettier@1.19.1' from '/home/anna/bootcamp2019/GoBarber/node_modules/prettier/index.js'
["INFO" - 18:29:25] Loaded module 'prettier@1.19.1' from '/home/anna/bootcamp2019/GoBarber/node_modules/prettier/index.js'
["INFO" - 18:29:27] Loaded module 'prettier@1.19.1' from '/home/anna/bootcamp2019/GoBarber/node_modules/prettier/index.js'
["INFO" - 18:29:28] Loaded module 'prettier@1.19.1' from '/home/anna/bootcamp2019/GoBarber/node_modules/prettier/index.js'
["INFO" - 18:29:29] Loaded module 'prettier@1.19.1' from '/home/anna/bootcamp2019/GoBarber/node_modules/prettier/index.js'
["INFO" - 18:29:30] Loaded module 'prettier@1.19.1' from '/home/anna/bootcamp2019/GoBarber/node_modules/prettier/index.js'
["INFO" - 18:33:17] Loaded module 'prettier@1.19.1' from '/home/anna/bootcamp2019/GoBarber/node_modules/prettier/index.js'
["INFO" - 18:33:18] Loaded module 'prettier@1.19.1' from '/home/anna/bootcamp2019/GoBarber/node_modules/prettier/index.js'
["INFO" - 18:33:19] Loaded module 'prettier@1.19.1' from '/home/anna/bootcamp2019/GoBarber/node_modules/prettier/index.js'
["INFO" - 18:33:20] Loaded module 'prettier@1.19.1' from '/home/anna/bootcamp2019/GoBarber/node_modules/prettier/index.js'
["INFO" - 18:33:21] Loaded module 'prettier@1.19.1' from '/home/anna/bootcamp2019/GoBarber/node_modules/prettier/index.js'
["INFO" - 18:33:40] Loaded module 'prettier@1.19.1' from '/home/anna/bootcamp2019/GoBarber/node_modules/prettier/index.js'
["INFO" - 18:33:41] Loaded module 'prettier@1.19.1' from '/home/anna/bootcamp2019/GoBarber/node_modules/prettier/index.js'
["INFO" - 18:33:42] Loaded module 'prettier@1.19.1' from '/home/anna/bootcamp2019/GoBarber/node_modules/prettier/index.js'
["INFO" - 18:33:43] Loaded module 'prettier@1.19.1' from '/home/anna/bootcamp2019/GoBarber/node_modules/prettier/index.js'
["INFO" - 18:33:44] Loaded module 'prettier@1.19.1' from '/home/anna/bootcamp2019/GoBarber/node_modules/prettier/index.js'
["INFO" - 18:35:11] Loaded module 'prettier@1.19.1' from '/home/anna/bootcamp2019/GoBarber/node_modules/prettier/index.js'
["INFO" - 18:35:19] Loaded module 'prettier@1.19.1' from '/home/anna/bootcamp2019/GoBarber/node_modules/prettier/index.js'
["INFO" - 18:35:20] Loaded module 'prettier@1.19.1' from '/home/anna/bootcamp2019/GoBarber/node_modules/prettier/index.js'
["INFO" - 18:36:59] Loaded module 'prettier@1.19.1' from '/home/anna/bootcamp2019/GoBarber/node_modules/prettier/index.js'
["INFO" - 18:37:07] Loaded module 'prettier@1.19.1' from '/home/anna/bootcamp2019/GoBarber/node_modules/prettier/index.js'
["INFO" - 18:37:09] Loaded module 'prettier@1.19.1' from '/home/anna/bootcamp2019/GoBarber/node_modules/prettier/index.js'
["INFO" - 18:37:32] Loaded module 'prettier@1.19.1' from '/home/anna/bootcamp2019/GoBarber/node_modules/prettier/index.js'
["INFO" - 18:37:35] Loaded module 'prettier@1.19.1' from '/home/anna/bootcamp2019/GoBarber/node_modules/prettier/index.js'
["INFO" - 18:38:31] Loaded module 'prettier@1.19.1' from '/home/anna/bootcamp2019/GoBarber/node_modules/prettier/index.js'
["INFO" - 18:38:32] Loaded module 'prettier@1.19.1' from '/home/anna/bootcamp2019/GoBarber/node_modules/prettier/index.js'
["INFO" - 18:38:44] Loaded module 'prettier@1.19.1' from '/home/anna/bootcamp2019/GoBarber/node_modules/prettier/index.js'
["INFO" - 18:38:49] Loaded module 'prettier@1.19.1' from '/home/anna/bootcamp2019/GoBarber/node_modules/prettier/index.js'
["INFO" - 18:38:50] Loaded module 'prettier@1.19.1' from '/home/anna/bootcamp2019/GoBarber/node_modules/prettier/index.js'
["INFO" - 18:38:52] Loaded module 'prettier@1.19.1' from '/home/anna/bootcamp2019/GoBarber/node_modules/prettier/index.js'
["INFO" - 18:38:57] Loaded module 'prettier@1.19.1' from '/home/anna/bootcamp2019/GoBarber/node_modules/prettier/index.js'
["INFO" - 18:38:58] Loaded module 'prettier@1.19.1' from '/home/anna/bootcamp2019/GoBarber/node_modules/prettier/index.js'
["INFO" - 18:39:01] Loaded module 'prettier@1.19.1' from '/home/anna/bootcamp2019/GoBarber/node_modules/prettier/index.js'
["INFO" - 18:44:13] Loaded module 'prettier@1.19.1' from '/home/anna/bootcamp2019/GoBarber/node_modules/prettier/index.js'
["INFO" - 18:46:34] Loaded module 'prettier@1.19.1' from '/home/anna/bootcamp2019/GoBarber/node_modules/prettier/index.js'
["INFO" - 18:46:37] Loaded module 'prettier@1.19.1' from '/home/anna/bootcamp2019/GoBarber/node_modules/prettier/index.js'
["INFO" - 18:47:02] Loaded module 'prettier@1.19.1' from '/home/anna/bootcamp2019/GoBarber/node_modules/prettier/index.js'
["INFO" - 18:47:05] Loaded module 'prettier@1.19.1' from '/home/anna/bootcamp2019/GoBarber/node_modules/prettier/index.js'
["INFO" - 18:47:05] Loaded module 'prettier@1.19.1' from '/home/anna/bootcamp2019/GoBarber/node_modules/prettier/index.js'
["INFO" - 18:47:07] Loaded module 'prettier@1.19.1' from '/home/anna/bootcamp2019/GoBarber/node_modules/prettier/index.js'
["INFO" - 18:47:09] Loaded module 'prettier@1.19.1' from '/home/anna/bootcamp2019/GoBarber/node_modules/prettier/index.js'
["INFO" - 18:47:10] Loaded module 'prettier@1.19.1' from '/home/anna/bootcamp2019/GoBarber/node_modules/prettier/index.js'
["INFO" - 18:47:12] Loaded module 'prettier@1.19.1' from '/home/anna/bootcamp2019/GoBarber/node_modules/prettier/index.js'
["INFO" - 18:47:13] Loaded module 'prettier@1.19.1' from '/home/anna/bootcamp2019/GoBarber/node_modules/prettier/index.js'
["INFO" - 18:47:37] Loaded module 'prettier@1.19.1' from '/home/anna/bootcamp2019/GoBarber/node_modules/prettier/index.js'
["INFO" - 18:47:44] Loaded module 'prettier@1.19.1' from '/home/anna/bootcamp2019/GoBarber/node_modules/prettier/index.js'
["INFO" - 18:51:48] Loaded module 'prettier@1.19.1' from '/home/anna/bootcamp2019/GoBarber/node_modules/prettier/index.js'
