Looking for git in: git
Using git 2.17.1 from git
> git rev-parse --show-toplevel
> git rev-parse --git-dir
Open repository: /home/anna/bootcamp2019/GoBarber
> git status -z -u
> git symbolic-ref --short HEAD
> git show :src/lib/Mail.js
> git rev-parse branch1
> git rev-parse --symbolic-full-name branch1@{u}
fatal: no upstream configured for branch 'branch1'
> git for-each-ref --format %(refname) %(objectname) --sort -committerdate
> git remote --verbose
> git check-ignore -v -z --stdin
> git config --get commit.template
> git status -z -u
> git symbolic-ref --short HEAD
> git rev-parse branch1
> git rev-parse --symbolic-full-name branch1@{u}
fatal: no upstream configured for branch 'branch1'
> git for-each-ref --format %(refname) %(objectname) --sort -committerdate
> git remote --verbose
> git config --get commit.template
> git status -z -u
> git symbolic-ref --short HEAD
> git rev-parse branch1
> git rev-parse --symbolic-full-name branch1@{u}
fatal: no upstream configured for branch 'branch1'
> git for-each-ref --format %(refname) %(objectname) --sort -committerdate
> git remote --verbose
> git config --get commit.template
> git status -z -u
> git symbolic-ref --short HEAD
> git rev-parse branch1
> git rev-parse --symbolic-full-name branch1@{u}
fatal: no upstream configured for branch 'branch1'
> git for-each-ref --format %(refname) %(objectname) --sort -committerdate
> git remote --verbose
> git config --get commit.template
> git status -z -u
> git symbolic-ref --short HEAD
> git rev-parse branch1
> git rev-parse --symbolic-full-name branch1@{u}
fatal: no upstream configured for branch 'branch1'
> git for-each-ref --format %(refname) %(objectname) --sort -committerdate
> git remote --verbose
> git config --get commit.template
> git status -z -u
> git symbolic-ref --short HEAD
> git rev-parse branch1
> git rev-parse --symbolic-full-name branch1@{u}
fatal: no upstream configured for branch 'branch1'
> git for-each-ref --format %(refname) %(objectname) --sort -committerdate
> git remote --verbose
> git config --get commit.template
> git status -z -u
> git symbolic-ref --short HEAD
> git rev-parse branch1
> git rev-parse --symbolic-full-name branch1@{u}
fatal: no upstream configured for branch 'branch1'
> git for-each-ref --format %(refname) %(objectname) --sort -committerdate
> git remote --verbose
> git config --get commit.template
> git show :src/app/views/emails/layouts/default.hbs
> git check-ignore -v -z --stdin
> git status -z -u
> git symbolic-ref --short HEAD
> git rev-parse branch1
> git rev-parse --symbolic-full-name branch1@{u}
fatal: no upstream configured for branch 'branch1'
> git for-each-ref --format %(refname) %(objectname) --sort -committerdate
> git remote --verbose
> git config --get commit.template
> git status -z -u
> git symbolic-ref --short HEAD
> git rev-parse branch1
> git rev-parse --symbolic-full-name branch1@{u}
fatal: no upstream configured for branch 'branch1'
> git for-each-ref --format %(refname) %(objectname) --sort -committerdate
> git remote --verbose
> git config --get commit.template
> git status -z -u
> git symbolic-ref --short HEAD
> git rev-parse branch1
> git rev-parse --symbolic-full-name branch1@{u}
fatal: no upstream configured for branch 'branch1'
> git for-each-ref --format %(refname) %(objectname) --sort -committerdate
> git remote --verbose
> git config --get commit.template
> git status -z -u
> git symbolic-ref --short HEAD
> git rev-parse branch1
> git rev-parse --symbolic-full-name branch1@{u}
fatal: no upstream configured for branch 'branch1'
> git for-each-ref --format %(refname) %(objectname) --sort -committerdate
> git remote --verbose
> git config --get commit.template
> git show :src/app/views/emails/partials/footer.hbs
> git check-ignore -v -z --stdin
> git status -z -u
> git symbolic-ref --short HEAD
> git rev-parse branch1
> git rev-parse --symbolic-full-name branch1@{u}
fatal: no upstream configured for branch 'branch1'
> git for-each-ref --format %(refname) %(objectname) --sort -committerdate
> git remote --verbose
> git config --get commit.template
> git check-ignore -v -z --stdin
> git status -z -u
> git symbolic-ref --short HEAD
> git rev-parse branch1
> git rev-parse --symbolic-full-name branch1@{u}
fatal: no upstream configured for branch 'branch1'
> git for-each-ref --format %(refname) %(objectname) --sort -committerdate
> git remote --verbose
> git config --get commit.template
> git check-ignore -v -z --stdin
> git status -z -u
> git symbolic-ref --short HEAD
> git rev-parse branch1
> git rev-parse --symbolic-full-name branch1@{u}
fatal: no upstream configured for branch 'branch1'
> git for-each-ref --format %(refname) %(objectname) --sort -committerdate
> git remote --verbose
> git config --get commit.template
> git show :src/app/views/emails/layouts/default.hbs
> git status -z -u
> git symbolic-ref --short HEAD
> git rev-parse branch1
> git rev-parse --symbolic-full-name branch1@{u}
fatal: no upstream configured for branch 'branch1'
> git for-each-ref --format %(refname) %(objectname) --sort -committerdate
> git remote --verbose
> git config --get commit.template
> git show :src/app/views/emails/partials/footer.hbs
> git show :src/app/views/emails/layouts/default.hbs
> git status -z -u
> git symbolic-ref --short HEAD
> git rev-parse branch1
> git rev-parse --symbolic-full-name branch1@{u}
fatal: no upstream configured for branch 'branch1'
> git for-each-ref --format %(refname) %(objectname) --sort -committerdate
> git remote --verbose
> git config --get commit.template
> git status -z -u
> git symbolic-ref --short HEAD
> git rev-parse branch1
> git rev-parse --symbolic-full-name branch1@{u}
fatal: no upstream configured for branch 'branch1'
> git for-each-ref --format %(refname) %(objectname) --sort -committerdate
> git remote --verbose
> git config --get commit.template
> git show :src/app/views/emails/partials/footer.hbs
> git show :src/app/views/emails/cancellation.hbs
> git status -z -u
> git symbolic-ref --short HEAD
> git rev-parse branch1
> git rev-parse --symbolic-full-name branch1@{u}
fatal: no upstream configured for branch 'branch1'
> git for-each-ref --format %(refname) %(objectname) --sort -committerdate
> git remote --verbose
> git config --get commit.template
> git status -z -u
> git symbolic-ref --short HEAD
> git rev-parse branch1
> git rev-parse --symbolic-full-name branch1@{u}
fatal: no upstream configured for branch 'branch1'
> git for-each-ref --format %(refname) %(objectname) --sort -committerdate
> git remote --verbose
> git config --get commit.template
> git status -z -u
> git symbolic-ref --short HEAD
> git rev-parse branch1
> git rev-parse --symbolic-full-name branch1@{u}
fatal: no upstream configured for branch 'branch1'
> git for-each-ref --format %(refname) %(objectname) --sort -committerdate
> git remote --verbose
> git config --get commit.template
> git status -z -u
> git symbolic-ref --short HEAD
> git rev-parse branch1
> git rev-parse --symbolic-full-name branch1@{u}
fatal: no upstream configured for branch 'branch1'
> git for-each-ref --format %(refname) %(objectname) --sort -committerdate
> git remote --verbose
> git config --get commit.template
> git show :src/app/controllers/AppointmentController.js
> git check-ignore -v -z --stdin
> git status -z -u
> git symbolic-ref --short HEAD
> git rev-parse branch1
> git rev-parse --symbolic-full-name branch1@{u}
fatal: no upstream configured for branch 'branch1'
> git for-each-ref --format %(refname) %(objectname) --sort -committerdate
> git remote --verbose
> git config --get commit.template
> git status -z -u
> git symbolic-ref --short HEAD
> git rev-parse branch1
> git rev-parse --symbolic-full-name branch1@{u}
fatal: no upstream configured for branch 'branch1'
> git for-each-ref --format %(refname) %(objectname) --sort -committerdate
> git remote --verbose
> git config --get commit.template
> git status -z -u
> git symbolic-ref --short HEAD
> git rev-parse branch1
> git rev-parse --symbolic-full-name branch1@{u}
fatal: no upstream configured for branch 'branch1'
> git for-each-ref --format %(refname) %(objectname) --sort -committerdate
> git remote --verbose
> git config --get commit.template
> git status -z -u
> git symbolic-ref --short HEAD
> git rev-parse branch1
> git rev-parse --symbolic-full-name branch1@{u}
fatal: no upstream configured for branch 'branch1'
> git for-each-ref --format %(refname) %(objectname) --sort -committerdate
> git remote --verbose
> git config --get commit.template
> git status -z -u
> git symbolic-ref --short HEAD
> git rev-parse branch1
> git rev-parse --symbolic-full-name branch1@{u}
fatal: no upstream configured for branch 'branch1'
> git for-each-ref --format %(refname) %(objectname) --sort -committerdate
> git remote --verbose
> git config --get commit.template
> git status -z -u
> git symbolic-ref --short HEAD
> git rev-parse branch1
> git rev-parse --symbolic-full-name branch1@{u}
fatal: no upstream configured for branch 'branch1'
> git for-each-ref --format %(refname) %(objectname) --sort -committerdate
> git remote --verbose
> git config --get commit.template
> git show :src/config/mail.js
> git show :src/app/controllers/AppointmentController.js
> git show :src/lib/Mail.js
> git status -z -u
> git symbolic-ref --short HEAD
> git rev-parse branch1
> git rev-parse --symbolic-full-name branch1@{u}
fatal: no upstream configured for branch 'branch1'
> git for-each-ref --format %(refname) %(objectname) --sort -committerdate
> git remote --verbose
> git config --get commit.template
> git status -z -u
> git symbolic-ref --short HEAD
> git rev-parse branch1
> git rev-parse --symbolic-full-name branch1@{u}
fatal: no upstream configured for branch 'branch1'
> git for-each-ref --format %(refname) %(objectname) --sort -committerdate
> git remote --verbose
> git config --get commit.template
> git status -z -u
> git symbolic-ref --short HEAD
> git rev-parse branch1
> git rev-parse --symbolic-full-name branch1@{u}
fatal: no upstream configured for branch 'branch1'
> git for-each-ref --format %(refname) %(objectname) --sort -committerdate
> git remote --verbose
> git config --get commit.template
> git status -z -u
> git symbolic-ref --short HEAD
> git rev-parse branch1
> git rev-parse --symbolic-full-name branch1@{u}
fatal: no upstream configured for branch 'branch1'
> git for-each-ref --format %(refname) %(objectname) --sort -committerdate
> git remote --verbose
> git config --get commit.template
> git show :src/app/controllers/AppointmentController.js
> git show :src/lib/Mail.js
> git show :src/app/views/emails/cancellation.hbs
> git show :node_modules/sequelize/lib/dialects/postgres/index.js
> git check-ignore -v -z --stdin
> git show :src/app/views/emails/cancellation.hbs
> git check-ignore -v -z --stdin
> git show :node_modules/sequelize/lib/sequelize.js
> git check-ignore -v -z --stdin
> git show :src/app/views/emails/cancellation.hbs
> git show :src/app/controllers/UserController.js
> git show :src/app/views/emails/cancellation.hbs
> git show :src/app/views/emails/partials/footer.hbs
> git show :src/app/views/emails/layouts/default.hbs
> git show :src/lib/Mail.js
> git show :src/app/controllers/AppointmentController.js
> git status -z -u
> git symbolic-ref --short HEAD
> git rev-parse branch1
> git rev-parse --symbolic-full-name branch1@{u}
fatal: no upstream configured for branch 'branch1'
> git for-each-ref --format %(refname) %(objectname) --sort -committerdate
> git remote --verbose
> git config --get commit.template
> git status -z -u
> git show :src/app/controllers/AppointmentController.js
> git symbolic-ref --short HEAD
> git rev-parse branch1
> git rev-parse --symbolic-full-name branch1@{u}
fatal: no upstream configured for branch 'branch1'
> git for-each-ref --format %(refname) %(objectname) --sort -committerdate
> git remote --verbose
> git config --get commit.template
> git status -z -u
> git show :src/app/controllers/AppointmentController.js
> git symbolic-ref --short HEAD
> git rev-parse branch1
> git rev-parse --symbolic-full-name branch1@{u}
fatal: no upstream configured for branch 'branch1'
> git for-each-ref --format %(refname) %(objectname) --sort -committerdate
> git remote --verbose
> git config --get commit.template
> git status -z -u
> git symbolic-ref --short HEAD
> git rev-parse branch1
> git rev-parse --symbolic-full-name branch1@{u}
fatal: no upstream configured for branch 'branch1'
> git for-each-ref --format %(refname) %(objectname) --sort -committerdate
> git remote --verbose
> git config --get commit.template
> git show :src/lib/Queue.js
> git check-ignore -v -z --stdin
> git status -z -u
> git symbolic-ref --short HEAD
> git rev-parse branch1
> git rev-parse --symbolic-full-name branch1@{u}
fatal: no upstream configured for branch 'branch1'
> git for-each-ref --format %(refname) %(objectname) --sort -committerdate
> git remote --verbose
> git config --get commit.template
> git status -z -u
> git symbolic-ref --short HEAD
> git rev-parse branch1
> git rev-parse --symbolic-full-name branch1@{u}
fatal: no upstream configured for branch 'branch1'
> git for-each-ref --format %(refname) %(objectname) --sort -committerdate
> git remote --verbose
> git config --get commit.template
> git status -z -u
> git symbolic-ref --short HEAD
> git rev-parse branch1
> git rev-parse --symbolic-full-name branch1@{u}
fatal: no upstream configured for branch 'branch1'
> git for-each-ref --format %(refname) %(objectname) --sort -committerdate
> git remote --verbose
> git config --get commit.template
> git status -z -u
> git symbolic-ref --short HEAD
> git rev-parse branch1
> git rev-parse --symbolic-full-name branch1@{u}
fatal: no upstream configured for branch 'branch1'
> git for-each-ref --format %(refname) %(objectname) --sort -committerdate
> git remote --verbose
> git config --get commit.template
> git check-ignore -v -z --stdin
> git check-ignore -v -z --stdin
> git status -z -u
> git symbolic-ref --short HEAD
> git rev-parse branch1
> git rev-parse --symbolic-full-name branch1@{u}
fatal: no upstream configured for branch 'branch1'
> git for-each-ref --format %(refname) %(objectname) --sort -committerdate
> git remote --verbose
> git config --get commit.template
> git show :src/app/jobs/CancellationMail
> git check-ignore -v -z --stdin
> git status -z -u
> git symbolic-ref --short HEAD
> git rev-parse branch1
> git rev-parse --symbolic-full-name branch1@{u}
fatal: no upstream configured for branch 'branch1'
> git for-each-ref --format %(refname) %(objectname) --sort -committerdate
> git remote --verbose
> git config --get commit.template
> git check-ignore -v -z --stdin
> git check-ignore -v -z --stdin
> git check-ignore -v -z --stdin
> git show :src/app/jobs/CancellationMail.js
> git check-ignore -v -z --stdin
> git status -z -u
> git symbolic-ref --short HEAD
> git rev-parse branch1
> git rev-parse --symbolic-full-name branch1@{u}
fatal: no upstream configured for branch 'branch1'
> git for-each-ref --format %(refname) %(objectname) --sort -committerdate
> git remote --verbose
> git config --get commit.template
> git status -z -u
> git symbolic-ref --short HEAD
> git rev-parse branch1
> git rev-parse --symbolic-full-name branch1@{u}
fatal: no upstream configured for branch 'branch1'
> git for-each-ref --format %(refname) %(objectname) --sort -committerdate
> git remote --verbose
> git config --get commit.template
> git status -z -u
> git symbolic-ref --short HEAD
> git rev-parse branch1
> git rev-parse --symbolic-full-name branch1@{u}
fatal: no upstream configured for branch 'branch1'
> git for-each-ref --format %(refname) %(objectname) --sort -committerdate
> git remote --verbose
> git config --get commit.template
> git status -z -u
> git symbolic-ref --short HEAD
> git rev-parse branch1
> git rev-parse --symbolic-full-name branch1@{u}
fatal: no upstream configured for branch 'branch1'
> git for-each-ref --format %(refname) %(objectname) --sort -committerdate
> git remote --verbose
> git config --get commit.template
> git show :src/lib/Queue.js
> git show :src/app/jobs/CancellationMail.js
> git status -z -u
> git symbolic-ref --short HEAD
> git rev-parse branch1
> git rev-parse --symbolic-full-name branch1@{u}
fatal: no upstream configured for branch 'branch1'
> git for-each-ref --format %(refname) %(objectname) --sort -committerdate
> git remote --verbose
> git config --get commit.template
> git show :src/app/controllers/AppointmentController.js
> git show :src/lib/Queue.js
> git show :src/app/jobs/CancellationMail.js
> git status -z -u
> git symbolic-ref --short HEAD
> git rev-parse branch1
> git rev-parse --symbolic-full-name branch1@{u}
fatal: no upstream configured for branch 'branch1'
> git for-each-ref --format %(refname) %(objectname) --sort -committerdate
> git remote --verbose
> git config --get commit.template
> git status -z -u
> git symbolic-ref --short HEAD
> git rev-parse branch1
> git rev-parse --symbolic-full-name branch1@{u}
fatal: no upstream configured for branch 'branch1'
> git for-each-ref --format %(refname) %(objectname) --sort -committerdate
> git remote --verbose
> git config --get commit.template
> git status -z -u
> git symbolic-ref --short HEAD
> git rev-parse branch1
> git rev-parse --symbolic-full-name branch1@{u}
fatal: no upstream configured for branch 'branch1'
> git for-each-ref --format %(refname) %(objectname) --sort -committerdate
> git remote --verbose
> git config --get commit.template
> git status -z -u
> git symbolic-ref --short HEAD
> git rev-parse branch1
> git rev-parse --symbolic-full-name branch1@{u}
fatal: no upstream configured for branch 'branch1'
> git for-each-ref --format %(refname) %(objectname) --sort -committerdate
> git remote --verbose
> git config --get commit.template
> git show :src/lib/Queue.js
> git status -z -u
> git symbolic-ref --short HEAD
> git rev-parse branch1
> git rev-parse --symbolic-full-name branch1@{u}
fatal: no upstream configured for branch 'branch1'
> git for-each-ref --format %(refname) %(objectname) --sort -committerdate
> git remote --verbose
> git config --get commit.template
> git show :src/app/jobs/CancellationMail.js
> git show :src/lib/Queue.js
> git status -z -u
> git symbolic-ref --short HEAD
> git rev-parse branch1
> git rev-parse --symbolic-full-name branch1@{u}
fatal: no upstream configured for branch 'branch1'
> git for-each-ref --format %(refname) %(objectname) --sort -committerdate
> git remote --verbose
> git config --get commit.template
> git status -z -u
> git symbolic-ref --short HEAD
> git rev-parse branch1
> git rev-parse --symbolic-full-name branch1@{u}
fatal: no upstream configured for branch 'branch1'
> git for-each-ref --format %(refname) %(objectname) --sort -committerdate
> git remote --verbose
> git config --get commit.template
> git status -z -u
> git symbolic-ref --short HEAD
> git rev-parse branch1
> git rev-parse --symbolic-full-name branch1@{u}
fatal: no upstream configured for branch 'branch1'
> git for-each-ref --format %(refname) %(objectname) --sort -committerdate
> git remote --verbose
> git config --get commit.template
> git check-ignore -v -z --stdin
> git show :src/config/redis.js
> git status -z -u
> git symbolic-ref --short HEAD
> git rev-parse branch1
> git rev-parse --symbolic-full-name branch1@{u}
fatal: no upstream configured for branch 'branch1'
> git for-each-ref --format %(refname) %(objectname) --sort -committerdate
> git remote --verbose
> git config --get commit.template
> git status -z -u
> git symbolic-ref --short HEAD
> git rev-parse branch1
> git rev-parse --symbolic-full-name branch1@{u}
fatal: no upstream configured for branch 'branch1'
> git for-each-ref --format %(refname) %(objectname) --sort -committerdate
> git remote --verbose
> git config --get commit.template
> git show :src/lib/Queue.js
> git status -z -u
> git symbolic-ref --short HEAD
> git rev-parse branch1
> git rev-parse --symbolic-full-name branch1@{u}
fatal: no upstream configured for branch 'branch1'
> git for-each-ref --format %(refname) %(objectname) --sort -committerdate
> git remote --verbose
> git config --get commit.template
> git status -z -u
> git symbolic-ref --short HEAD
> git rev-parse branch1
> git rev-parse --symbolic-full-name branch1@{u}
fatal: no upstream configured for branch 'branch1'
> git for-each-ref --format %(refname) %(objectname) --sort -committerdate
> git remote --verbose
> git config --get commit.template
> git status -z -u
> git symbolic-ref --short HEAD
> git rev-parse branch1
> git rev-parse --symbolic-full-name branch1@{u}
fatal: no upstream configured for branch 'branch1'
> git for-each-ref --format %(refname) %(objectname) --sort -committerdate
> git remote --verbose
> git config --get commit.template
> git status -z -u
> git symbolic-ref --short HEAD
> git rev-parse branch1
> git rev-parse --symbolic-full-name branch1@{u}
fatal: no upstream configured for branch 'branch1'
> git for-each-ref --format %(refname) %(objectname) --sort -committerdate
> git remote --verbose
> git config --get commit.template
> git status -z -u
> git symbolic-ref --short HEAD
> git rev-parse branch1
> git rev-parse --symbolic-full-name branch1@{u}
fatal: no upstream configured for branch 'branch1'
> git for-each-ref --format %(refname) %(objectname) --sort -committerdate
> git remote --verbose
> git config --get commit.template
> git status -z -u
> git symbolic-ref --short HEAD
> git rev-parse branch1
> git rev-parse --symbolic-full-name branch1@{u}
fatal: no upstream configured for branch 'branch1'
> git for-each-ref --format %(refname) %(objectname) --sort -committerdate
> git remote --verbose
> git config --get commit.template
> git status -z -u
> git symbolic-ref --short HEAD
> git rev-parse branch1
> git rev-parse --symbolic-full-name branch1@{u}
fatal: no upstream configured for branch 'branch1'
> git for-each-ref --format %(refname) %(objectname) --sort -committerdate
> git remote --verbose
> git config --get commit.template
> git status -z -u
> git symbolic-ref --short HEAD
> git rev-parse branch1
> git rev-parse --symbolic-full-name branch1@{u}
fatal: no upstream configured for branch 'branch1'
> git for-each-ref --format %(refname) %(objectname) --sort -committerdate
> git remote --verbose
> git config --get commit.template
> git status -z -u
> git symbolic-ref --short HEAD
> git rev-parse branch1
> git rev-parse --symbolic-full-name branch1@{u}
fatal: no upstream configured for branch 'branch1'
> git for-each-ref --format %(refname) %(objectname) --sort -committerdate
> git remote --verbose
> git config --get commit.template
> git status -z -u
> git symbolic-ref --short HEAD
> git rev-parse branch1
> git rev-parse --symbolic-full-name branch1@{u}
fatal: no upstream configured for branch 'branch1'
> git for-each-ref --format %(refname) %(objectname) --sort -committerdate
> git remote --verbose
> git config --get commit.template
> git status -z -u
> git symbolic-ref --short HEAD
> git rev-parse branch1
> git rev-parse --symbolic-full-name branch1@{u}
fatal: no upstream configured for branch 'branch1'
> git for-each-ref --format %(refname) %(objectname) --sort -committerdate
> git remote --verbose
> git config --get commit.template
> git status -z -u
> git symbolic-ref --short HEAD
> git rev-parse branch1
> git rev-parse --symbolic-full-name branch1@{u}
fatal: no upstream configured for branch 'branch1'
> git for-each-ref --format %(refname) %(objectname) --sort -committerdate
> git remote --verbose
> git config --get commit.template
> git status -z -u
> git symbolic-ref --short HEAD
> git rev-parse branch1
> git rev-parse --symbolic-full-name branch1@{u}
fatal: no upstream configured for branch 'branch1'
> git for-each-ref --format %(refname) %(objectname) --sort -committerdate
> git remote --verbose
> git config --get commit.template
> git show :src/app/controllers/AppointmentController.js
> git status -z -u
> git symbolic-ref --short HEAD
> git rev-parse branch1
> git rev-parse --symbolic-full-name branch1@{u}
fatal: no upstream configured for branch 'branch1'
> git for-each-ref --format %(refname) %(objectname) --sort -committerdate
> git remote --verbose
> git config --get commit.template
> git status -z -u
> git symbolic-ref --short HEAD
> git rev-parse branch1
> git rev-parse --symbolic-full-name branch1@{u}
fatal: no upstream configured for branch 'branch1'
> git for-each-ref --format %(refname) %(objectname) --sort -committerdate
> git remote --verbose
> git config --get commit.template
> git status -z -u
> git symbolic-ref --short HEAD
> git rev-parse branch1
> git rev-parse --symbolic-full-name branch1@{u}
fatal: no upstream configured for branch 'branch1'
> git for-each-ref --format %(refname) %(objectname) --sort -committerdate
> git remote --verbose
> git config --get commit.template
> git status -z -u
> git symbolic-ref --short HEAD
> git rev-parse branch1
> git rev-parse --symbolic-full-name branch1@{u}
fatal: no upstream configured for branch 'branch1'
> git for-each-ref --format %(refname) %(objectname) --sort -committerdate
> git remote --verbose
> git config --get commit.template
> git status -z -u
> git symbolic-ref --short HEAD
> git rev-parse branch1
> git rev-parse --symbolic-full-name branch1@{u}
fatal: no upstream configured for branch 'branch1'
> git for-each-ref --format %(refname) %(objectname) --sort -committerdate
> git remote --verbose
> git config --get commit.template
> git show :src/app/jobs/CancellationMail.js
> git status -z -u
> git symbolic-ref --short HEAD
> git rev-parse branch1
> git rev-parse --symbolic-full-name branch1@{u}
fatal: no upstream configured for branch 'branch1'
> git for-each-ref --format %(refname) %(objectname) --sort -committerdate
> git remote --verbose
> git show :src/config/redis.js
> git config --get commit.template
> git show :src/lib/Queue.js
> git show :src/queue.js
> git check-ignore -v -z --stdin
> git status -z -u
> git symbolic-ref --short HEAD
> git rev-parse branch1
> git rev-parse --symbolic-full-name branch1@{u}
fatal: no upstream configured for branch 'branch1'
> git for-each-ref --format %(refname) %(objectname) --sort -committerdate
> git remote --verbose
> git config --get commit.template
> git status -z -u
> git symbolic-ref --short HEAD
> git rev-parse branch1
> git rev-parse --symbolic-full-name branch1@{u}
fatal: no upstream configured for branch 'branch1'
> git for-each-ref --format %(refname) %(objectname) --sort -committerdate
> git remote --verbose
> git config --get commit.template
> git show :package.json
> git status -z -u
> git symbolic-ref --short HEAD
> git rev-parse branch1
> git rev-parse --symbolic-full-name branch1@{u}
fatal: no upstream configured for branch 'branch1'
> git for-each-ref --format %(refname) %(objectname) --sort -committerdate
> git remote --verbose
> git config --get commit.template
> git show :src/app/jobs/CancellationMail.js
> git status -z -u
> git symbolic-ref --short HEAD
> git rev-parse branch1
> git rev-parse --symbolic-full-name branch1@{u}
fatal: no upstream configured for branch 'branch1'
> git for-each-ref --format %(refname) %(objectname) --sort -committerdate
> git remote --verbose
> git config --get commit.template
> git status -z -u
> git symbolic-ref --short HEAD
> git rev-parse branch1
> git rev-parse --symbolic-full-name branch1@{u}
fatal: no upstream configured for branch 'branch1'
> git for-each-ref --format %(refname) %(objectname) --sort -committerdate
> git remote --verbose
> git config --get commit.template
> git status -z -u
> git symbolic-ref --short HEAD
> git rev-parse branch1
> git rev-parse --symbolic-full-name branch1@{u}
fatal: no upstream configured for branch 'branch1'
> git for-each-ref --format %(refname) %(objectname) --sort -committerdate
> git remote --verbose
> git config --get commit.template
> git status -z -u
> git symbolic-ref --short HEAD
> git rev-parse branch1
> git rev-parse --symbolic-full-name branch1@{u}
fatal: no upstream configured for branch 'branch1'
> git for-each-ref --format %(refname) %(objectname) --sort -committerdate
> git remote --verbose
> git config --get commit.template
> git status -z -u
> git symbolic-ref --short HEAD
> git rev-parse branch1
> git rev-parse --symbolic-full-name branch1@{u}
fatal: no upstream configured for branch 'branch1'
> git for-each-ref --format %(refname) %(objectname) --sort -committerdate
> git remote --verbose
> git config --get commit.template
> git status -z -u
> git symbolic-ref --short HEAD
> git rev-parse branch1
> git rev-parse --symbolic-full-name branch1@{u}
fatal: no upstream configured for branch 'branch1'
> git for-each-ref --format %(refname) %(objectname) --sort -committerdate
> git remote --verbose
> git config --get commit.template
> git status -z -u
> git symbolic-ref --short HEAD
> git rev-parse branch1
> git rev-parse --symbolic-full-name branch1@{u}
fatal: no upstream configured for branch 'branch1'
> git for-each-ref --format %(refname) %(objectname) --sort -committerdate
> git remote --verbose
> git config --get commit.template
> git status -z -u
> git symbolic-ref --short HEAD
> git rev-parse branch1
> git rev-parse --symbolic-full-name branch1@{u}
fatal: no upstream configured for branch 'branch1'
> git for-each-ref --format %(refname) %(objectname) --sort -committerdate
> git remote --verbose
> git config --get commit.template
> git status -z -u
> git symbolic-ref --short HEAD
> git rev-parse branch1
> git rev-parse --symbolic-full-name branch1@{u}
fatal: no upstream configured for branch 'branch1'
> git for-each-ref --format %(refname) %(objectname) --sort -committerdate
> git remote --verbose
> git config --get commit.template
> git show :src/config/redis.js
> git show :src/app/jobs/CancellationMail.js
> git show :src/app/controllers/AppointmentController.js
> git show :package.json
> git show :src/queue.js
> git show :src/lib/Queue.js
> git show :package.json
> git show :src/lib/Queue.js
> git show :src/queue.js
> git show :src/lib/Queue.js
> git show :src/app/controllers/AppointmentController.js
> git show :src/config/redis.js
> git show :src/app/controllers/AppointmentController.js
> git show :src/app/jobs/CancellationMail.js
> git status -z -u
> git symbolic-ref --short HEAD
> git rev-parse branch1
> git rev-parse --symbolic-full-name branch1@{u}
fatal: no upstream configured for branch 'branch1'
> git for-each-ref --format %(refname) %(objectname) --sort -committerdate
> git remote --verbose
> git config --get commit.template
> git status -z -u
> git show :src/app/jobs/CancellationMail.js
> git symbolic-ref --short HEAD
> git rev-parse branch1
> git rev-parse --symbolic-full-name branch1@{u}
fatal: no upstream configured for branch 'branch1'
> git for-each-ref --format %(refname) %(objectname) --sort -committerdate
> git remote --verbose
> git config --get commit.template
> git status -z -u
> git show :src/app/jobs/CancellationMail.js
> git symbolic-ref --short HEAD
> git rev-parse branch1
> git rev-parse --symbolic-full-name branch1@{u}
fatal: no upstream configured for branch 'branch1'
> git for-each-ref --format %(refname) %(objectname) --sort -committerdate
> git remote --verbose
> git config --get commit.template
> git show :src/app/views/emails/cancellation.hbs
> git show :src/app/jobs/CancellationMail.js
> git show :src/lib/Mail.js
> git show :src/app/jobs/CancellationMail.js
> git show :src/lib/Queue.js
> git status -z -u
> git symbolic-ref --short HEAD
> git rev-parse branch1
> git rev-parse --symbolic-full-name branch1@{u}
fatal: no upstream configured for branch 'branch1'
> git for-each-ref --format %(refname) %(objectname) --sort -committerdate
> git remote --verbose
> git config --get commit.template
> git status -z -u
> git symbolic-ref --short HEAD
> git rev-parse branch1
> git rev-parse --symbolic-full-name branch1@{u}
fatal: no upstream configured for branch 'branch1'
> git for-each-ref --format %(refname) %(objectname) --sort -committerdate
> git remote --verbose
> git config --get commit.template
> git status -z -u
> git symbolic-ref --short HEAD
> git rev-parse branch1
> git rev-parse --symbolic-full-name branch1@{u}
fatal: no upstream configured for branch 'branch1'
> git for-each-ref --format %(refname) %(objectname) --sort -committerdate
> git remote --verbose
> git config --get commit.template
> git status -z -u
> git show :src/lib/Queue.js
> git symbolic-ref --short HEAD
> git rev-parse branch1
> git rev-parse --symbolic-full-name branch1@{u}
fatal: no upstream configured for branch 'branch1'
> git for-each-ref --format %(refname) %(objectname) --sort -committerdate
> git remote --verbose
> git config --get commit.template
> git status -z -u
> git show :src/lib/Queue.js
> git symbolic-ref --short HEAD
> git rev-parse branch1
> git rev-parse --symbolic-full-name branch1@{u}
fatal: no upstream configured for branch 'branch1'
> git for-each-ref --format %(refname) %(objectname) --sort -committerdate
> git remote --verbose
> git config --get commit.template
> git show :src/app/jobs/CancellationMail.js
> git show :src/routes.js
> git status -z -u
> git symbolic-ref --short HEAD
> git rev-parse branch1
> git rev-parse --symbolic-full-name branch1@{u}
fatal: no upstream configured for branch 'branch1'
> git for-each-ref --format %(refname) %(objectname) --sort -committerdate
> git remote --verbose
> git config --get commit.template
> git show :src/app/controllers/AvaliableController.js
> git check-ignore -v -z --stdin
> git status -z -u
> git symbolic-ref --short HEAD
> git rev-parse branch1
> git rev-parse --symbolic-full-name branch1@{u}
fatal: no upstream configured for branch 'branch1'
> git for-each-ref --format %(refname) %(objectname) --sort -committerdate
> git remote --verbose
> git config --get commit.template
> git status -z -u
> git symbolic-ref --short HEAD
> git rev-parse branch1
> git rev-parse --symbolic-full-name branch1@{u}
fatal: no upstream configured for branch 'branch1'
> git for-each-ref --format %(refname) %(objectname) --sort -committerdate
> git remote --verbose
> git config --get commit.template
> git status -z -u
> git symbolic-ref --short HEAD
> git rev-parse branch1
> git rev-parse --symbolic-full-name branch1@{u}
fatal: no upstream configured for branch 'branch1'
> git for-each-ref --format %(refname) %(objectname) --sort -committerdate
> git remote --verbose
> git config --get commit.template
> git show :src/routes.js
> git status -z -u
> git symbolic-ref --short HEAD
> git rev-parse branch1
> git rev-parse --symbolic-full-name branch1@{u}
fatal: no upstream configured for branch 'branch1'
> git for-each-ref --format %(refname) %(objectname) --sort -committerdate
> git remote --verbose
> git config --get commit.template
> git status -z -u
> git symbolic-ref --short HEAD
> git rev-parse branch1
> git rev-parse --symbolic-full-name branch1@{u}
fatal: no upstream configured for branch 'branch1'
> git for-each-ref --format %(refname) %(objectname) --sort -committerdate
> git remote --verbose
> git config --get commit.template
> git status -z -u
> git symbolic-ref --short HEAD
> git rev-parse branch1
> git rev-parse --symbolic-full-name branch1@{u}
fatal: no upstream configured for branch 'branch1'
> git for-each-ref --format %(refname) %(objectname) --sort -committerdate
> git remote --verbose
> git config --get commit.template
> git status -z -u
> git symbolic-ref --short HEAD
> git rev-parse branch1
> git rev-parse --symbolic-full-name branch1@{u}
fatal: no upstream configured for branch 'branch1'
> git for-each-ref --format %(refname) %(objectname) --sort -committerdate
> git remote --verbose
> git config --get commit.template
> git status -z -u
> git symbolic-ref --short HEAD
> git rev-parse branch1
> git rev-parse --symbolic-full-name branch1@{u}
fatal: no upstream configured for branch 'branch1'
> git for-each-ref --format %(refname) %(objectname) --sort -committerdate
> git remote --verbose
> git config --get commit.template
> git status -z -u
> git symbolic-ref --short HEAD
> git rev-parse branch1
> git rev-parse --symbolic-full-name branch1@{u}
fatal: no upstream configured for branch 'branch1'
> git for-each-ref --format %(refname) %(objectname) --sort -committerdate
> git remote --verbose
> git config --get commit.template
> git status -z -u
> git symbolic-ref --short HEAD
> git rev-parse branch1
> git rev-parse --symbolic-full-name branch1@{u}
fatal: no upstream configured for branch 'branch1'
> git for-each-ref --format %(refname) %(objectname) --sort -committerdate
> git remote --verbose
> git config --get commit.template
> git show :src/app/controllers/AvaliableController.js
> git status -z -u
> git symbolic-ref --short HEAD
> git rev-parse branch1
> git rev-parse --symbolic-full-name branch1@{u}
fatal: no upstream configured for branch 'branch1'
> git for-each-ref --format %(refname) %(objectname) --sort -committerdate
> git remote --verbose
> git config --get commit.template
> git show :src/routes.js
> git show :src/app/controllers/AvaliableController.js
> git show :src/routes.js
> git status -z -u
> git symbolic-ref --short HEAD
> git rev-parse branch1
> git rev-parse --symbolic-full-name branch1@{u}
fatal: no upstream configured for branch 'branch1'
> git for-each-ref --format %(refname) %(objectname) --sort -committerdate
> git remote --verbose
> git config --get commit.template
> git status -z -u
> git symbolic-ref --short HEAD
> git rev-parse branch1
> git rev-parse --symbolic-full-name branch1@{u}
fatal: no upstream configured for branch 'branch1'
> git for-each-ref --format %(refname) %(objectname) --sort -committerdate
> git remote --verbose
> git config --get commit.template
> git status -z -u
> git symbolic-ref --short HEAD
> git rev-parse branch1
> git rev-parse --symbolic-full-name branch1@{u}
fatal: no upstream configured for branch 'branch1'
> git for-each-ref --format %(refname) %(objectname) --sort -committerdate
> git remote --verbose
> git config --get commit.template
> git show :src/app/controllers/AvaliableController.js
> git show :src/app/controllers/AvailableController.js
> git check-ignore -v -z --stdin
> git status -z -u
> git symbolic-ref --short HEAD
> git rev-parse branch1
> git rev-parse --symbolic-full-name branch1@{u}
fatal: no upstream configured for branch 'branch1'
> git for-each-ref --format %(refname) %(objectname) --sort -committerdate
> git remote --verbose
> git config --get commit.template
> git show :src/routes.js
> git status -z -u
> git symbolic-ref --short HEAD
> git rev-parse branch1
> git rev-parse --symbolic-full-name branch1@{u}
fatal: no upstream configured for branch 'branch1'
> git for-each-ref --format %(refname) %(objectname) --sort -committerdate
> git remote --verbose
> git config --get commit.template
> git show :src/app/controllers/AvailableController.js
> git status -z -u
> git symbolic-ref --short HEAD
> git rev-parse branch1
> git rev-parse --symbolic-full-name branch1@{u}
fatal: no upstream configured for branch 'branch1'
> git for-each-ref --format %(refname) %(objectname) --sort -committerdate
> git remote --verbose
> git config --get commit.template
> git status -z -u
> git symbolic-ref --short HEAD
> git rev-parse branch1
> git rev-parse --symbolic-full-name branch1@{u}
fatal: no upstream configured for branch 'branch1'
> git for-each-ref --format %(refname) %(objectname) --sort -committerdate
> git remote --verbose
> git config --get commit.template
> git status -z -u
> git symbolic-ref --short HEAD
> git rev-parse branch1
> git rev-parse --symbolic-full-name branch1@{u}
fatal: no upstream configured for branch 'branch1'
> git for-each-ref --format %(refname) %(objectname) --sort -committerdate
> git remote --verbose
> git config --get commit.template
> git status -z -u
> git symbolic-ref --short HEAD
> git rev-parse branch1
> git rev-parse --symbolic-full-name branch1@{u}
fatal: no upstream configured for branch 'branch1'
> git for-each-ref --format %(refname) %(objectname) --sort -committerdate
> git remote --verbose
> git config --get commit.template
> git status -z -u
> git symbolic-ref --short HEAD
> git rev-parse branch1
> git rev-parse --symbolic-full-name branch1@{u}
fatal: no upstream configured for branch 'branch1'
> git for-each-ref --format %(refname) %(objectname) --sort -committerdate
> git remote --verbose
> git config --get commit.template
> git status -z -u
> git symbolic-ref --short HEAD
> git rev-parse branch1
> git rev-parse --symbolic-full-name branch1@{u}
fatal: no upstream configured for branch 'branch1'
> git for-each-ref --format %(refname) %(objectname) --sort -committerdate
> git remote --verbose
> git config --get commit.template
> git status -z -u
> git symbolic-ref --short HEAD
> git rev-parse branch1
> git rev-parse --symbolic-full-name branch1@{u}
fatal: no upstream configured for branch 'branch1'
> git for-each-ref --format %(refname) %(objectname) --sort -committerdate
> git remote --verbose
> git config --get commit.template
> git status -z -u
> git symbolic-ref --short HEAD
> git rev-parse branch1
> git rev-parse --symbolic-full-name branch1@{u}
fatal: no upstream configured for branch 'branch1'
> git for-each-ref --format %(refname) %(objectname) --sort -committerdate
> git remote --verbose
> git config --get commit.template
> git status -z -u
> git symbolic-ref --short HEAD
> git rev-parse branch1
> git rev-parse --symbolic-full-name branch1@{u}
fatal: no upstream configured for branch 'branch1'
> git for-each-ref --format %(refname) %(objectname) --sort -committerdate
> git remote --verbose
> git config --get commit.template
> git status -z -u
> git symbolic-ref --short HEAD
> git rev-parse branch1
> git rev-parse --symbolic-full-name branch1@{u}
fatal: no upstream configured for branch 'branch1'
> git for-each-ref --format %(refname) %(objectname) --sort -committerdate
> git remote --verbose
> git config --get commit.template
> git status -z -u
> git symbolic-ref --short HEAD
> git rev-parse branch1
> git rev-parse --symbolic-full-name branch1@{u}
fatal: no upstream configured for branch 'branch1'
> git for-each-ref --format %(refname) %(objectname) --sort -committerdate
> git remote --verbose
> git config --get commit.template
> git status -z -u
> git symbolic-ref --short HEAD
> git rev-parse branch1
> git rev-parse --symbolic-full-name branch1@{u}
fatal: no upstream configured for branch 'branch1'
> git for-each-ref --format %(refname) %(objectname) --sort -committerdate
> git remote --verbose
> git config --get commit.template
> git status -z -u
> git symbolic-ref --short HEAD
> git rev-parse branch1
> git rev-parse --symbolic-full-name branch1@{u}
fatal: no upstream configured for branch 'branch1'
> git for-each-ref --format %(refname) %(objectname) --sort -committerdate
> git remote --verbose
> git config --get commit.template
> git status -z -u
> git symbolic-ref --short HEAD
> git rev-parse branch1
> git rev-parse --symbolic-full-name branch1@{u}
fatal: no upstream configured for branch 'branch1'
> git for-each-ref --format %(refname) %(objectname) --sort -committerdate
> git remote --verbose
> git config --get commit.template
> git status -z -u
> git symbolic-ref --short HEAD
> git rev-parse branch1
> git rev-parse --symbolic-full-name branch1@{u}
fatal: no upstream configured for branch 'branch1'
> git for-each-ref --format %(refname) %(objectname) --sort -committerdate
> git remote --verbose
> git config --get commit.template
> git status -z -u
> git symbolic-ref --short HEAD
> git rev-parse branch1
> git rev-parse --symbolic-full-name branch1@{u}
fatal: no upstream configured for branch 'branch1'
> git for-each-ref --format %(refname) %(objectname) --sort -committerdate
> git remote --verbose
> git config --get commit.template
> git status -z -u
> git symbolic-ref --short HEAD
> git rev-parse branch1
> git rev-parse --symbolic-full-name branch1@{u}
fatal: no upstream configured for branch 'branch1'
> git for-each-ref --format %(refname) %(objectname) --sort -committerdate
> git remote --verbose
> git config --get commit.template
> git status -z -u
> git symbolic-ref --short HEAD
> git rev-parse branch1
> git rev-parse --symbolic-full-name branch1@{u}
fatal: no upstream configured for branch 'branch1'
> git for-each-ref --format %(refname) %(objectname) --sort -committerdate
> git remote --verbose
> git config --get commit.template
> git status -z -u
> git symbolic-ref --short HEAD
> git rev-parse branch1
> git rev-parse --symbolic-full-name branch1@{u}
fatal: no upstream configured for branch 'branch1'
> git for-each-ref --format %(refname) %(objectname) --sort -committerdate
> git remote --verbose
> git config --get commit.template
> git status -z -u
> git symbolic-ref --short HEAD
> git rev-parse branch1
> git rev-parse --symbolic-full-name branch1@{u}
fatal: no upstream configured for branch 'branch1'
> git for-each-ref --format %(refname) %(objectname) --sort -committerdate
> git remote --verbose
> git config --get commit.template
> git status -z -u
> git symbolic-ref --short HEAD
> git rev-parse branch1
> git rev-parse --symbolic-full-name branch1@{u}
fatal: no upstream configured for branch 'branch1'
> git for-each-ref --format %(refname) %(objectname) --sort -committerdate
> git remote --verbose
> git config --get commit.template
> git status -z -u
> git symbolic-ref --short HEAD
> git rev-parse branch1
> git rev-parse --symbolic-full-name branch1@{u}
fatal: no upstream configured for branch 'branch1'
> git for-each-ref --format %(refname) %(objectname) --sort -committerdate
> git remote --verbose
> git config --get commit.template
> git status -z -u
> git symbolic-ref --short HEAD
> git rev-parse branch1
> git rev-parse --symbolic-full-name branch1@{u}
fatal: no upstream configured for branch 'branch1'
> git for-each-ref --format %(refname) %(objectname) --sort -committerdate
> git remote --verbose
> git config --get commit.template
