[Info  - 14:39:08] ESLint server stopped.
[Info  - 14:39:10] ESLint server running in node v12.4.0
[Info  - 14:39:10] ESLint server is running.
[Info  - 14:39:18] ESLint library loaded from: /home/anna/bootcamp2019/GoBarber/node_modules/eslint/lib/api.js
[Info  - 14:39:18] Failed to load config "airbnb-base" to extend from. Referenced from: /home/anna/bootcamp2019/GoBarber/.eslintrc.js
[Info  - 14:39:18] Failed to load config "airbnb-base" to extend from. Referenced from: /home/anna/bootcamp2019/GoBarber/.eslintrc.js
[Info  - 14:39:18] Failed to load config "airbnb-base" to extend from. Referenced from: /home/anna/bootcamp2019/GoBarber/.eslintrc.js
[Info  - 14:39:20] Failed to load config "airbnb-base" to extend from. Referenced from: /home/anna/bootcamp2019/GoBarber/.eslintrc.js
[Info  - 14:39:20] Failed to load config "airbnb-base" to extend from. Referenced from: /home/anna/bootcamp2019/GoBarber/.eslintrc.js
[Info  - 14:39:21] Failed to load config "airbnb-base" to extend from. Referenced from: /home/anna/bootcamp2019/GoBarber/.eslintrc.js
[Info  - 14:39:21] Failed to load config "airbnb-base" to extend from. Referenced from: /home/anna/bootcamp2019/GoBarber/.eslintrc.js
[Info  - 14:39:21] Failed to load config "airbnb-base" to extend from. Referenced from: /home/anna/bootcamp2019/GoBarber/.eslintrc.js
[Info  - 14:39:21] Failed to load config "airbnb-base" to extend from. Referenced from: /home/anna/bootcamp2019/GoBarber/.eslintrc.js
[Info  - 14:39:22] Failed to load config "airbnb-base" to extend from. Referenced from: /home/anna/bootcamp2019/GoBarber/.eslintrc.js
[Info  - 14:39:22] Failed to load config "airbnb-base" to extend from. Referenced from: /home/anna/bootcamp2019/GoBarber/.eslintrc.js
[Info  - 14:39:22] Failed to load config "airbnb-base" to extend from. Referenced from: /home/anna/bootcamp2019/GoBarber/.eslintrc.js
[Info  - 14:39:22] Failed to load config "airbnb-base" to extend from. Referenced from: /home/anna/bootcamp2019/GoBarber/.eslintrc.js
[Info  - 14:39:23] Failed to load config "airbnb-base" to extend from. Referenced from: /home/anna/bootcamp2019/GoBarber/.eslintrc.js
[Info  - 14:39:23] Failed to load config "airbnb-base" to extend from. Referenced from: /home/anna/bootcamp2019/GoBarber/.eslintrc.js
[Info  - 14:39:25] Failed to load config "airbnb-base" to extend from. Referenced from: /home/anna/bootcamp2019/GoBarber/.eslintrc.js
[Info  - 14:39:25] Failed to load config "airbnb-base" to extend from. Referenced from: /home/anna/bootcamp2019/GoBarber/.eslintrc.js
[Info  - 14:39:25] Failed to load config "airbnb-base" to extend from. Referenced from: /home/anna/bootcamp2019/GoBarber/.eslintrc.js
[Info  - 14:39:25] Failed to load config "airbnb-base" to extend from. Referenced from: /home/anna/bootcamp2019/GoBarber/.eslintrc.js
[Info  - 14:39:26] Failed to load config "airbnb-base" to extend from. Referenced from: /home/anna/bootcamp2019/GoBarber/.eslintrc.js
[Info  - 14:39:26] Failed to load config "airbnb-base" to extend from. Referenced from: /home/anna/bootcamp2019/GoBarber/.eslintrc.js
[Info  - 14:39:26] Failed to load config "airbnb-base" to extend from. Referenced from: /home/anna/bootcamp2019/GoBarber/.eslintrc.js
[Info  - 14:39:26] Failed to load config "airbnb-base" to extend from. Referenced from: /home/anna/bootcamp2019/GoBarber/.eslintrc.js
[Info  - 14:39:27] Failed to load config "airbnb-base" to extend from. Referenced from: /home/anna/bootcamp2019/GoBarber/.eslintrc.js
[Info  - 14:39:27] Failed to load config "airbnb-base" to extend from. Referenced from: /home/anna/bootcamp2019/GoBarber/.eslintrc.js
[Info  - 14:39:28] Failed to load config "airbnb-base" to extend from. Referenced from: /home/anna/bootcamp2019/GoBarber/.eslintrc.js
[Info  - 14:39:28] Failed to load config "airbnb-base" to extend from. Referenced from: /home/anna/bootcamp2019/GoBarber/.eslintrc.js
[Info  - 14:39:28] Failed to load config "airbnb-base" to extend from. Referenced from: /home/anna/bootcamp2019/GoBarber/.eslintrc.js
[Info  - 14:39:28] Failed to load config "airbnb-base" to extend from. Referenced from: /home/anna/bootcamp2019/GoBarber/.eslintrc.js
[Info  - 14:39:29] Failed to load config "airbnb-base" to extend from. Referenced from: /home/anna/bootcamp2019/GoBarber/.eslintrc.js
[Info  - 14:39:30] Failed to load config "airbnb-base" to extend from. Referenced from: /home/anna/bootcamp2019/GoBarber/.eslintrc.js
[Info  - 14:39:30] Failed to load config "airbnb-base" to extend from. Referenced from: /home/anna/bootcamp2019/GoBarber/.eslintrc.js
[Info  - 14:39:31] Failed to load config "airbnb-base" to extend from. Referenced from: /home/anna/bootcamp2019/GoBarber/.eslintrc.js
[Info  - 14:39:31] Failed to load config "airbnb-base" to extend from. Referenced from: /home/anna/bootcamp2019/GoBarber/.eslintrc.js
[Info  - 14:39:31] Failed to load config "airbnb-base" to extend from. Referenced from: /home/anna/bootcamp2019/GoBarber/.eslintrc.js
[Info  - 14:39:31] Failed to load config "airbnb-base" to extend from. Referenced from: /home/anna/bootcamp2019/GoBarber/.eslintrc.js
[Info  - 14:39:31] Failed to load config "airbnb-base" to extend from. Referenced from: /home/anna/bootcamp2019/GoBarber/.eslintrc.js
[Info  - 14:39:32] Failed to load config "airbnb-base" to extend from. Referenced from: /home/anna/bootcamp2019/GoBarber/.eslintrc.js
[Info  - 14:39:33] Failed to load config "airbnb-base" to extend from. Referenced from: /home/anna/bootcamp2019/GoBarber/.eslintrc.js
[Info  - 14:39:33] Failed to load config "airbnb-base" to extend from. Referenced from: /home/anna/bootcamp2019/GoBarber/.eslintrc.js
[Info  - 14:39:33] Failed to load config "airbnb-base" to extend from. Referenced from: /home/anna/bootcamp2019/GoBarber/.eslintrc.js
[Info  - 14:39:47] Failed to load config "airbnb-base" to extend from. Referenced from: /home/anna/bootcamp2019/GoBarber/.eslintrc.js
[Info  - 14:39:48] Failed to load config "airbnb-base" to extend from. Referenced from: /home/anna/bootcamp2019/GoBarber/.eslintrc.js
[Info  - 14:39:50] Failed to load config "airbnb-base" to extend from. Referenced from: /home/anna/bootcamp2019/GoBarber/.eslintrc.js
[Info  - 14:39:50] Failed to load config "airbnb-base" to extend from. Referenced from: /home/anna/bootcamp2019/GoBarber/.eslintrc.js
[Info  - 14:39:50] Failed to load config "airbnb-base" to extend from. Referenced from: /home/anna/bootcamp2019/GoBarber/.eslintrc.js
[Info  - 14:39:50] Failed to load config "airbnb-base" to extend from. Referenced from: /home/anna/bootcamp2019/GoBarber/.eslintrc.js
[Info  - 14:39:50] Failed to load config "airbnb-base" to extend from. Referenced from: /home/anna/bootcamp2019/GoBarber/.eslintrc.js
[Info  - 14:39:50] Failed to load config "airbnb-base" to extend from. Referenced from: /home/anna/bootcamp2019/GoBarber/.eslintrc.js
[Info  - 14:39:50] Failed to load config "airbnb-base" to extend from. Referenced from: /home/anna/bootcamp2019/GoBarber/.eslintrc.js
[Info  - 14:39:52] Failed to load config "airbnb-base" to extend from. Referenced from: /home/anna/bootcamp2019/GoBarber/.eslintrc.js
[Info  - 14:39:52] Failed to load config "airbnb-base" to extend from. Referenced from: /home/anna/bootcamp2019/GoBarber/.eslintrc.js
[Info  - 14:39:52] Failed to load config "airbnb-base" to extend from. Referenced from: /home/anna/bootcamp2019/GoBarber/.eslintrc.js
[Info  - 14:39:53] Failed to load config "airbnb-base" to extend from. Referenced from: /home/anna/bootcamp2019/GoBarber/.eslintrc.js
[Info  - 14:39:53] Failed to load config "airbnb-base" to extend from. Referenced from: /home/anna/bootcamp2019/GoBarber/.eslintrc.js
[Info  - 14:39:53] Failed to load config "airbnb-base" to extend from. Referenced from: /home/anna/bootcamp2019/GoBarber/.eslintrc.js
[Info  - 14:39:53] Failed to load config "airbnb-base" to extend from. Referenced from: /home/anna/bootcamp2019/GoBarber/.eslintrc.js
[Info  - 14:39:53] Failed to load config "airbnb-base" to extend from. Referenced from: /home/anna/bootcamp2019/GoBarber/.eslintrc.js
[Info  - 14:39:54] Failed to load config "airbnb-base" to extend from. Referenced from: /home/anna/bootcamp2019/GoBarber/.eslintrc.js
[Info  - 14:39:54] Failed to load config "airbnb-base" to extend from. Referenced from: /home/anna/bootcamp2019/GoBarber/.eslintrc.js
[Info  - 14:39:54] Failed to load config "airbnb-base" to extend from. Referenced from: /home/anna/bootcamp2019/GoBarber/.eslintrc.js
[Info  - 14:39:54] Failed to load config "airbnb-base" to extend from. Referenced from: /home/anna/bootcamp2019/GoBarber/.eslintrc.js
[Info  - 14:39:54] Failed to load config "airbnb-base" to extend from. Referenced from: /home/anna/bootcamp2019/GoBarber/.eslintrc.js
[Info  - 14:39:54] Failed to load config "airbnb-base" to extend from. Referenced from: /home/anna/bootcamp2019/GoBarber/.eslintrc.js
[Info  - 14:39:55] Failed to load config "airbnb-base" to extend from. Referenced from: /home/anna/bootcamp2019/GoBarber/.eslintrc.js
[Info  - 14:39:55] Failed to load config "airbnb-base" to extend from. Referenced from: /home/anna/bootcamp2019/GoBarber/.eslintrc.js
[Info  - 14:39:55] Failed to load config "airbnb-base" to extend from. Referenced from: /home/anna/bootcamp2019/GoBarber/.eslintrc.js
[Info  - 14:39:56] Failed to load config "airbnb-base" to extend from. Referenced from: /home/anna/bootcamp2019/GoBarber/.eslintrc.js
[Info  - 14:39:57] Failed to load config "airbnb-base" to extend from. Referenced from: /home/anna/bootcamp2019/GoBarber/.eslintrc.js
[Info  - 14:39:57] Failed to load config "airbnb-base" to extend from. Referenced from: /home/anna/bootcamp2019/GoBarber/.eslintrc.js
[Info  - 14:39:58] Failed to load config "airbnb-base" to extend from. Referenced from: /home/anna/bootcamp2019/GoBarber/.eslintrc.js
[Info  - 14:39:58] Failed to load config "airbnb-base" to extend from. Referenced from: /home/anna/bootcamp2019/GoBarber/.eslintrc.js
[Info  - 14:39:59] Failed to load config "airbnb-base" to extend from. Referenced from: /home/anna/bootcamp2019/GoBarber/.eslintrc.js
[Info  - 14:39:59] Failed to load config "airbnb-base" to extend from. Referenced from: /home/anna/bootcamp2019/GoBarber/.eslintrc.js
[Info  - 14:39:59] Failed to load config "airbnb-base" to extend from. Referenced from: /home/anna/bootcamp2019/GoBarber/.eslintrc.js
[Info  - 14:39:59] Failed to load config "airbnb-base" to extend from. Referenced from: /home/anna/bootcamp2019/GoBarber/.eslintrc.js
[Info  - 14:39:59] Failed to load config "airbnb-base" to extend from. Referenced from: /home/anna/bootcamp2019/GoBarber/.eslintrc.js
[Info  - 14:40:00] Failed to load config "airbnb-base" to extend from. Referenced from: /home/anna/bootcamp2019/GoBarber/.eslintrc.js
[Info  - 14:40:00] Failed to load config "airbnb-base" to extend from. Referenced from: /home/anna/bootcamp2019/GoBarber/.eslintrc.js
[Info  - 14:40:01] Failed to load config "airbnb-base" to extend from. Referenced from: /home/anna/bootcamp2019/GoBarber/.eslintrc.js
[Info  - 14:40:04] Failed to load config "airbnb-base" to extend from. Referenced from: /home/anna/bootcamp2019/GoBarber/.eslintrc.js
[Info  - 14:40:05] Failed to load config "airbnb-base" to extend from. Referenced from: /home/anna/bootcamp2019/GoBarber/.eslintrc.js
[Info  - 14:40:05] Failed to load config "airbnb-base" to extend from. Referenced from: /home/anna/bootcamp2019/GoBarber/.eslintrc.js
[Info  - 14:40:06] Failed to load config "airbnb-base" to extend from. Referenced from: /home/anna/bootcamp2019/GoBarber/.eslintrc.js
[Info  - 14:40:06] Failed to load config "airbnb-base" to extend from. Referenced from: /home/anna/bootcamp2019/GoBarber/.eslintrc.js
[Info  - 14:40:14] Failed to load config "airbnb-base" to extend from. Referenced from: /home/anna/bootcamp2019/GoBarber/.eslintrc.js
[Info  - 14:40:29] Failed to load config "airbnb-base" to extend from. Referenced from: /home/anna/bootcamp2019/GoBarber/.eslintrc.js
[Info  - 14:40:29] Failed to load config "airbnb-base" to extend from. Referenced from: /home/anna/bootcamp2019/GoBarber/.eslintrc.js
[Info  - 14:40:30] Failed to load config "airbnb-base" to extend from. Referenced from: /home/anna/bootcamp2019/GoBarber/.eslintrc.js
[Info  - 14:40:31] Failed to load config "airbnb-base" to extend from. Referenced from: /home/anna/bootcamp2019/GoBarber/.eslintrc.js
[Info  - 14:40:31] Failed to load config "airbnb-base" to extend from. Referenced from: /home/anna/bootcamp2019/GoBarber/.eslintrc.js
[Info  - 14:40:31] Failed to load config "airbnb-base" to extend from. Referenced from: /home/anna/bootcamp2019/GoBarber/.eslintrc.js
[Info  - 14:40:31] Failed to load config "airbnb-base" to extend from. Referenced from: /home/anna/bootcamp2019/GoBarber/.eslintrc.js
[Info  - 14:40:32] Failed to load config "airbnb-base" to extend from. Referenced from: /home/anna/bootcamp2019/GoBarber/.eslintrc.js
[Info  - 14:40:32] Failed to load config "airbnb-base" to extend from. Referenced from: /home/anna/bootcamp2019/GoBarber/.eslintrc.js
[Info  - 14:40:33] Failed to load config "airbnb-base" to extend from. Referenced from: /home/anna/bootcamp2019/GoBarber/.eslintrc.js
[Info  - 14:40:33] Failed to load config "airbnb-base" to extend from. Referenced from: /home/anna/bootcamp2019/GoBarber/.eslintrc.js
[Info  - 14:40:33] Failed to load config "airbnb-base" to extend from. Referenced from: /home/anna/bootcamp2019/GoBarber/.eslintrc.js
[Info  - 14:40:33] Failed to load config "airbnb-base" to extend from. Referenced from: /home/anna/bootcamp2019/GoBarber/.eslintrc.js
[Info  - 14:40:34] Failed to load config "airbnb-base" to extend from. Referenced from: /home/anna/bootcamp2019/GoBarber/.eslintrc.js
[Info  - 14:40:34] Failed to load config "airbnb-base" to extend from. Referenced from: /home/anna/bootcamp2019/GoBarber/.eslintrc.js
[Info  - 14:40:34] Failed to load config "airbnb-base" to extend from. Referenced from: /home/anna/bootcamp2019/GoBarber/.eslintrc.js
[Info  - 14:40:35] Failed to load config "airbnb-base" to extend from. Referenced from: /home/anna/bootcamp2019/GoBarber/.eslintrc.js
[Info  - 14:40:36] Failed to load config "airbnb-base" to extend from. Referenced from: /home/anna/bootcamp2019/GoBarber/.eslintrc.js
[Info  - 14:40:36] Failed to load config "airbnb-base" to extend from. Referenced from: /home/anna/bootcamp2019/GoBarber/.eslintrc.js
[Info  - 14:40:36] Failed to load config "airbnb-base" to extend from. Referenced from: /home/anna/bootcamp2019/GoBarber/.eslintrc.js
[Info  - 14:40:37] Failed to load config "airbnb-base" to extend from. Referenced from: /home/anna/bootcamp2019/GoBarber/.eslintrc.js
[Info  - 14:40:37] Failed to load config "airbnb-base" to extend from. Referenced from: /home/anna/bootcamp2019/GoBarber/.eslintrc.js
[Info  - 14:40:37] Failed to load config "airbnb-base" to extend from. Referenced from: /home/anna/bootcamp2019/GoBarber/.eslintrc.js
[Info  - 14:40:38] Failed to load config "airbnb-base" to extend from. Referenced from: /home/anna/bootcamp2019/GoBarber/.eslintrc.js
[Info  - 14:40:38] Failed to load config "airbnb-base" to extend from. Referenced from: /home/anna/bootcamp2019/GoBarber/.eslintrc.js
[Info  - 14:40:38] Failed to load config "airbnb-base" to extend from. Referenced from: /home/anna/bootcamp2019/GoBarber/.eslintrc.js
[Info  - 14:40:45] Failed to load config "airbnb-base" to extend from. Referenced from: /home/anna/bootcamp2019/GoBarber/.eslintrc.js
[Info  - 14:41:11] Failed to load config "airbnb-base" to extend from. Referenced from: /home/anna/bootcamp2019/GoBarber/.eslintrc.js
[Info  - 14:41:12] Failed to load config "airbnb-base" to extend from. Referenced from: /home/anna/bootcamp2019/GoBarber/.eslintrc.js
[Info  - 14:41:12] Failed to load config "airbnb-base" to extend from. Referenced from: /home/anna/bootcamp2019/GoBarber/.eslintrc.js
[Info  - 14:41:13] Failed to load config "airbnb-base" to extend from. Referenced from: /home/anna/bootcamp2019/GoBarber/.eslintrc.js
[Info  - 14:41:13] Failed to load config "airbnb-base" to extend from. Referenced from: /home/anna/bootcamp2019/GoBarber/.eslintrc.js
[Info  - 14:41:13] Failed to load config "airbnb-base" to extend from. Referenced from: /home/anna/bootcamp2019/GoBarber/.eslintrc.js
[Info  - 14:41:15] Failed to load config "airbnb-base" to extend from. Referenced from: /home/anna/bootcamp2019/GoBarber/.eslintrc.js
[Info  - 14:58:19] Failed to load config "airbnb-base" to extend from. Referenced from: /home/anna/bootcamp2019/GoBarber/.eslintrc.js
[Info  - 14:58:35] Failed to load config "airbnb-base" to extend from. Referenced from: /home/anna/bootcamp2019/GoBarber/.eslintrc.js
[Info  - 14:58:36] Failed to load config "airbnb-base" to extend from. Referenced from: /home/anna/bootcamp2019/GoBarber/.eslintrc.js
[Info  - 14:58:36] Failed to load config "airbnb-base" to extend from. Referenced from: /home/anna/bootcamp2019/GoBarber/.eslintrc.js
[Info  - 14:58:36] Failed to load config "airbnb-base" to extend from. Referenced from: /home/anna/bootcamp2019/GoBarber/.eslintrc.js
[Info  - 14:58:37] Failed to load config "airbnb-base" to extend from. Referenced from: /home/anna/bootcamp2019/GoBarber/.eslintrc.js
[Info  - 14:58:37] Failed to load config "airbnb-base" to extend from. Referenced from: /home/anna/bootcamp2019/GoBarber/.eslintrc.js
[Info  - 14:58:37] Failed to load config "airbnb-base" to extend from. Referenced from: /home/anna/bootcamp2019/GoBarber/.eslintrc.js
[Info  - 14:58:37] Failed to load config "airbnb-base" to extend from. Referenced from: /home/anna/bootcamp2019/GoBarber/.eslintrc.js
[Info  - 14:58:37] Failed to load config "airbnb-base" to extend from. Referenced from: /home/anna/bootcamp2019/GoBarber/.eslintrc.js
[Info  - 14:58:38] Failed to load config "airbnb-base" to extend from. Referenced from: /home/anna/bootcamp2019/GoBarber/.eslintrc.js
[Info  - 14:58:38] Failed to load config "airbnb-base" to extend from. Referenced from: /home/anna/bootcamp2019/GoBarber/.eslintrc.js
[Info  - 14:58:38] Failed to load config "airbnb-base" to extend from. Referenced from: /home/anna/bootcamp2019/GoBarber/.eslintrc.js
[Info  - 14:58:38] Failed to load config "airbnb-base" to extend from. Referenced from: /home/anna/bootcamp2019/GoBarber/.eslintrc.js
[Info  - 14:58:39] Failed to load config "airbnb-base" to extend from. Referenced from: /home/anna/bootcamp2019/GoBarber/.eslintrc.js
[Info  - 14:58:39] Failed to load config "airbnb-base" to extend from. Referenced from: /home/anna/bootcamp2019/GoBarber/.eslintrc.js
[Info  - 14:58:39] Failed to load config "airbnb-base" to extend from. Referenced from: /home/anna/bootcamp2019/GoBarber/.eslintrc.js
[Info  - 14:58:39] Failed to load config "airbnb-base" to extend from. Referenced from: /home/anna/bootcamp2019/GoBarber/.eslintrc.js
[Info  - 14:58:39] Failed to load config "airbnb-base" to extend from. Referenced from: /home/anna/bootcamp2019/GoBarber/.eslintrc.js
[Info  - 14:58:39] Failed to load config "airbnb-base" to extend from. Referenced from: /home/anna/bootcamp2019/GoBarber/.eslintrc.js
[Info  - 14:58:39] Failed to load config "airbnb-base" to extend from. Referenced from: /home/anna/bootcamp2019/GoBarber/.eslintrc.js
[Info  - 14:58:40] Failed to load config "airbnb-base" to extend from. Referenced from: /home/anna/bootcamp2019/GoBarber/.eslintrc.js
[Info  - 14:58:40] Failed to load config "airbnb-base" to extend from. Referenced from: /home/anna/bootcamp2019/GoBarber/.eslintrc.js
[Info  - 14:58:40] Failed to load config "airbnb-base" to extend from. Referenced from: /home/anna/bootcamp2019/GoBarber/.eslintrc.js
[Info  - 14:58:40] Failed to load config "airbnb-base" to extend from. Referenced from: /home/anna/bootcamp2019/GoBarber/.eslintrc.js
[Info  - 14:58:42] Failed to load config "airbnb-base" to extend from. Referenced from: /home/anna/bootcamp2019/GoBarber/.eslintrc.js
[Info  - 14:58:42] Failed to load config "airbnb-base" to extend from. Referenced from: /home/anna/bootcamp2019/GoBarber/.eslintrc.js
[Info  - 14:58:43] Failed to load config "airbnb-base" to extend from. Referenced from: /home/anna/bootcamp2019/GoBarber/.eslintrc.js
[Info  - 14:58:43] Failed to load config "airbnb-base" to extend from. Referenced from: /home/anna/bootcamp2019/GoBarber/.eslintrc.js
[Info  - 14:58:43] Failed to load config "airbnb-base" to extend from. Referenced from: /home/anna/bootcamp2019/GoBarber/.eslintrc.js
[Info  - 14:58:43] Failed to load config "airbnb-base" to extend from. Referenced from: /home/anna/bootcamp2019/GoBarber/.eslintrc.js
[Info  - 14:58:43] Failed to load config "airbnb-base" to extend from. Referenced from: /home/anna/bootcamp2019/GoBarber/.eslintrc.js
[Info  - 14:58:43] Failed to load config "airbnb-base" to extend from. Referenced from: /home/anna/bootcamp2019/GoBarber/.eslintrc.js
[Info  - 14:58:43] Failed to load config "airbnb-base" to extend from. Referenced from: /home/anna/bootcamp2019/GoBarber/.eslintrc.js
[Info  - 14:58:45] Failed to load config "airbnb-base" to extend from. Referenced from: /home/anna/bootcamp2019/GoBarber/.eslintrc.js
[Info  - 14:58:45] Failed to load config "airbnb-base" to extend from. Referenced from: /home/anna/bootcamp2019/GoBarber/.eslintrc.js
[Info  - 14:58:45] Failed to load config "airbnb-base" to extend from. Referenced from: /home/anna/bootcamp2019/GoBarber/.eslintrc.js
[Info  - 14:58:45] Failed to load config "airbnb-base" to extend from. Referenced from: /home/anna/bootcamp2019/GoBarber/.eslintrc.js
[Info  - 14:58:58] Failed to load config "airbnb-base" to extend from. Referenced from: /home/anna/bootcamp2019/GoBarber/.eslintrc.js
[Info  - 14:58:58] Failed to load config "airbnb-base" to extend from. Referenced from: /home/anna/bootcamp2019/GoBarber/.eslintrc.js
[Info  - 14:58:59] Failed to load config "airbnb-base" to extend from. Referenced from: /home/anna/bootcamp2019/GoBarber/.eslintrc.js
[Info  - 14:59:00] Failed to load config "airbnb-base" to extend from. Referenced from: /home/anna/bootcamp2019/GoBarber/.eslintrc.js
[Info  - 14:59:01] Failed to load config "airbnb-base" to extend from. Referenced from: /home/anna/bootcamp2019/GoBarber/.eslintrc.js
[Info  - 14:59:02] Failed to load config "airbnb-base" to extend from. Referenced from: /home/anna/bootcamp2019/GoBarber/.eslintrc.js
[Info  - 14:59:02] Failed to load config "airbnb-base" to extend from. Referenced from: /home/anna/bootcamp2019/GoBarber/.eslintrc.js
[Info  - 14:59:02] Failed to load config "airbnb-base" to extend from. Referenced from: /home/anna/bootcamp2019/GoBarber/.eslintrc.js
[Info  - 14:59:02] Failed to load config "airbnb-base" to extend from. Referenced from: /home/anna/bootcamp2019/GoBarber/.eslintrc.js
[Info  - 14:59:02] Failed to load config "airbnb-base" to extend from. Referenced from: /home/anna/bootcamp2019/GoBarber/.eslintrc.js
[Info  - 14:59:03] Failed to load config "airbnb-base" to extend from. Referenced from: /home/anna/bootcamp2019/GoBarber/.eslintrc.js
[Info  - 14:59:03] Failed to load config "airbnb-base" to extend from. Referenced from: /home/anna/bootcamp2019/GoBarber/.eslintrc.js
[Info  - 14:59:03] Failed to load config "airbnb-base" to extend from. Referenced from: /home/anna/bootcamp2019/GoBarber/.eslintrc.js
[Info  - 14:59:03] Failed to load config "airbnb-base" to extend from. Referenced from: /home/anna/bootcamp2019/GoBarber/.eslintrc.js
[Info  - 14:59:03] Failed to load config "airbnb-base" to extend from. Referenced from: /home/anna/bootcamp2019/GoBarber/.eslintrc.js
[Info  - 14:59:06] Failed to load config "airbnb-base" to extend from. Referenced from: /home/anna/bootcamp2019/GoBarber/.eslintrc.js
[Info  - 14:59:33] Failed to load config "airbnb-base" to extend from. Referenced from: /home/anna/bootcamp2019/GoBarber/.eslintrc.js
[Info  - 14:59:33] Failed to load config "airbnb-base" to extend from. Referenced from: /home/anna/bootcamp2019/GoBarber/.eslintrc.js
[Info  - 14:59:34] Failed to load config "airbnb-base" to extend from. Referenced from: /home/anna/bootcamp2019/GoBarber/.eslintrc.js
[Info  - 14:59:34] Failed to load config "airbnb-base" to extend from. Referenced from: /home/anna/bootcamp2019/GoBarber/.eslintrc.js
[Info  - 14:59:35] Failed to load config "airbnb-base" to extend from. Referenced from: /home/anna/bootcamp2019/GoBarber/.eslintrc.js
[Info  - 14:59:35] Failed to load config "airbnb-base" to extend from. Referenced from: /home/anna/bootcamp2019/GoBarber/.eslintrc.js
[Info  - 14:59:35] Failed to load config "airbnb-base" to extend from. Referenced from: /home/anna/bootcamp2019/GoBarber/.eslintrc.js
[Info  - 14:59:36] Failed to load config "airbnb-base" to extend from. Referenced from: /home/anna/bootcamp2019/GoBarber/.eslintrc.js
[Info  - 14:59:36] Failed to load config "airbnb-base" to extend from. Referenced from: /home/anna/bootcamp2019/GoBarber/.eslintrc.js
[Info  - 14:59:37] Failed to load config "airbnb-base" to extend from. Referenced from: /home/anna/bootcamp2019/GoBarber/.eslintrc.js
[Info  - 14:59:37] Failed to load config "airbnb-base" to extend from. Referenced from: /home/anna/bootcamp2019/GoBarber/.eslintrc.js
[Info  - 14:59:38] Failed to load config "airbnb-base" to extend from. Referenced from: /home/anna/bootcamp2019/GoBarber/.eslintrc.js
[Info  - 14:59:38] Failed to load config "airbnb-base" to extend from. Referenced from: /home/anna/bootcamp2019/GoBarber/.eslintrc.js
[Info  - 14:59:38] Failed to load config "airbnb-base" to extend from. Referenced from: /home/anna/bootcamp2019/GoBarber/.eslintrc.js
[Info  - 14:59:38] Failed to load config "airbnb-base" to extend from. Referenced from: /home/anna/bootcamp2019/GoBarber/.eslintrc.js
[Info  - 14:59:38] Failed to load config "airbnb-base" to extend from. Referenced from: /home/anna/bootcamp2019/GoBarber/.eslintrc.js
[Info  - 14:59:38] Failed to load config "airbnb-base" to extend from. Referenced from: /home/anna/bootcamp2019/GoBarber/.eslintrc.js
[Info  - 14:59:39] Failed to load config "airbnb-base" to extend from. Referenced from: /home/anna/bootcamp2019/GoBarber/.eslintrc.js
[Info  - 14:59:39] Failed to load config "airbnb-base" to extend from. Referenced from: /home/anna/bootcamp2019/GoBarber/.eslintrc.js
[Info  - 14:59:39] Failed to load config "airbnb-base" to extend from. Referenced from: /home/anna/bootcamp2019/GoBarber/.eslintrc.js
[Info  - 14:59:39] Failed to load config "airbnb-base" to extend from. Referenced from: /home/anna/bootcamp2019/GoBarber/.eslintrc.js
[Info  - 14:59:40] Failed to load config "airbnb-base" to extend from. Referenced from: /home/anna/bootcamp2019/GoBarber/.eslintrc.js
[Info  - 14:59:42] Failed to load config "airbnb-base" to extend from. Referenced from: /home/anna/bootcamp2019/GoBarber/.eslintrc.js
[Info  - 14:59:42] Failed to load config "airbnb-base" to extend from. Referenced from: /home/anna/bootcamp2019/GoBarber/.eslintrc.js
[Info  - 14:59:43] Failed to load config "airbnb-base" to extend from. Referenced from: /home/anna/bootcamp2019/GoBarber/.eslintrc.js
[Info  - 14:59:43] Failed to load config "airbnb-base" to extend from. Referenced from: /home/anna/bootcamp2019/GoBarber/.eslintrc.js
[Info  - 14:59:43] Failed to load config "airbnb-base" to extend from. Referenced from: /home/anna/bootcamp2019/GoBarber/.eslintrc.js
[Info  - 14:59:43] Failed to load config "airbnb-base" to extend from. Referenced from: /home/anna/bootcamp2019/GoBarber/.eslintrc.js
[Info  - 14:59:43] Failed to load config "airbnb-base" to extend from. Referenced from: /home/anna/bootcamp2019/GoBarber/.eslintrc.js
[Info  - 14:59:44] Failed to load config "airbnb-base" to extend from. Referenced from: /home/anna/bootcamp2019/GoBarber/.eslintrc.js
[Info  - 15:00:33] Failed to load config "airbnb-base" to extend from. Referenced from: /home/anna/bootcamp2019/GoBarber/.eslintrc.js
[Info  - 15:00:34] Failed to load config "airbnb-base" to extend from. Referenced from: /home/anna/bootcamp2019/GoBarber/.eslintrc.js
[Info  - 15:00:34] Failed to load config "airbnb-base" to extend from. Referenced from: /home/anna/bootcamp2019/GoBarber/.eslintrc.js
[Info  - 15:00:35] Failed to load config "airbnb-base" to extend from. Referenced from: /home/anna/bootcamp2019/GoBarber/.eslintrc.js
[Info  - 15:00:35] Failed to load config "airbnb-base" to extend from. Referenced from: /home/anna/bootcamp2019/GoBarber/.eslintrc.js
[Info  - 15:00:37] Failed to load config "airbnb-base" to extend from. Referenced from: /home/anna/bootcamp2019/GoBarber/.eslintrc.js
[Info  - 15:00:39] Failed to load config "airbnb-base" to extend from. Referenced from: /home/anna/bootcamp2019/GoBarber/.eslintrc.js
[Info  - 15:00:39] Failed to load config "airbnb-base" to extend from. Referenced from: /home/anna/bootcamp2019/GoBarber/.eslintrc.js
[Info  - 15:00:39] Failed to load config "airbnb-base" to extend from. Referenced from: /home/anna/bootcamp2019/GoBarber/.eslintrc.js
[Info  - 15:00:39] Failed to load config "airbnb-base" to extend from. Referenced from: /home/anna/bootcamp2019/GoBarber/.eslintrc.js
[Info  - 15:00:40] Failed to load config "airbnb-base" to extend from. Referenced from: /home/anna/bootcamp2019/GoBarber/.eslintrc.js
[Info  - 15:00:41] Failed to load config "airbnb-base" to extend from. Referenced from: /home/anna/bootcamp2019/GoBarber/.eslintrc.js
[Info  - 15:00:41] Failed to load config "airbnb-base" to extend from. Referenced from: /home/anna/bootcamp2019/GoBarber/.eslintrc.js
[Info  - 15:00:41] Failed to load config "airbnb-base" to extend from. Referenced from: /home/anna/bootcamp2019/GoBarber/.eslintrc.js
[Info  - 15:00:41] Failed to load config "airbnb-base" to extend from. Referenced from: /home/anna/bootcamp2019/GoBarber/.eslintrc.js
[Info  - 15:00:47] Failed to load config "airbnb-base" to extend from. Referenced from: /home/anna/bootcamp2019/GoBarber/.eslintrc.js
[Info  - 15:00:48] Failed to load config "airbnb-base" to extend from. Referenced from: /home/anna/bootcamp2019/GoBarber/.eslintrc.js
[Info  - 15:00:48] Failed to load config "airbnb-base" to extend from. Referenced from: /home/anna/bootcamp2019/GoBarber/.eslintrc.js
[Info  - 15:00:49] Failed to load config "airbnb-base" to extend from. Referenced from: /home/anna/bootcamp2019/GoBarber/.eslintrc.js
[Info  - 15:00:49] Failed to load config "airbnb-base" to extend from. Referenced from: /home/anna/bootcamp2019/GoBarber/.eslintrc.js
[Info  - 15:00:49] Failed to load config "airbnb-base" to extend from. Referenced from: /home/anna/bootcamp2019/GoBarber/.eslintrc.js
[Info  - 15:00:49] Failed to load config "airbnb-base" to extend from. Referenced from: /home/anna/bootcamp2019/GoBarber/.eslintrc.js
[Info  - 15:00:49] Failed to load config "airbnb-base" to extend from. Referenced from: /home/anna/bootcamp2019/GoBarber/.eslintrc.js
[Info  - 15:00:49] Failed to load config "airbnb-base" to extend from. Referenced from: /home/anna/bootcamp2019/GoBarber/.eslintrc.js
[Info  - 15:00:50] Failed to load config "airbnb-base" to extend from. Referenced from: /home/anna/bootcamp2019/GoBarber/.eslintrc.js
[Info  - 15:00:50] Failed to load config "airbnb-base" to extend from. Referenced from: /home/anna/bootcamp2019/GoBarber/.eslintrc.js
[Info  - 15:00:50] Failed to load config "airbnb-base" to extend from. Referenced from: /home/anna/bootcamp2019/GoBarber/.eslintrc.js
[Info  - 15:00:50] Failed to load config "airbnb-base" to extend from. Referenced from: /home/anna/bootcamp2019/GoBarber/.eslintrc.js
[Info  - 15:00:50] Failed to load config "airbnb-base" to extend from. Referenced from: /home/anna/bootcamp2019/GoBarber/.eslintrc.js
[Info  - 15:00:51] Failed to load config "airbnb-base" to extend from. Referenced from: /home/anna/bootcamp2019/GoBarber/.eslintrc.js
[Info  - 15:00:51] Failed to load config "airbnb-base" to extend from. Referenced from: /home/anna/bootcamp2019/GoBarber/.eslintrc.js
[Info  - 15:00:51] Failed to load config "airbnb-base" to extend from. Referenced from: /home/anna/bootcamp2019/GoBarber/.eslintrc.js
[Info  - 15:00:51] Failed to load config "airbnb-base" to extend from. Referenced from: /home/anna/bootcamp2019/GoBarber/.eslintrc.js
[Info  - 15:00:51] Failed to load config "airbnb-base" to extend from. Referenced from: /home/anna/bootcamp2019/GoBarber/.eslintrc.js
[Info  - 15:00:51] Failed to load config "airbnb-base" to extend from. Referenced from: /home/anna/bootcamp2019/GoBarber/.eslintrc.js
[Info  - 15:00:52] Failed to load config "airbnb-base" to extend from. Referenced from: /home/anna/bootcamp2019/GoBarber/.eslintrc.js
[Info  - 15:00:52] Failed to load config "airbnb-base" to extend from. Referenced from: /home/anna/bootcamp2019/GoBarber/.eslintrc.js
[Info  - 15:00:52] Failed to load config "airbnb-base" to extend from. Referenced from: /home/anna/bootcamp2019/GoBarber/.eslintrc.js
[Info  - 15:00:52] Failed to load config "airbnb-base" to extend from. Referenced from: /home/anna/bootcamp2019/GoBarber/.eslintrc.js
[Info  - 15:00:52] Failed to load config "airbnb-base" to extend from. Referenced from: /home/anna/bootcamp2019/GoBarber/.eslintrc.js
[Info  - 15:00:52] Failed to load config "airbnb-base" to extend from. Referenced from: /home/anna/bootcamp2019/GoBarber/.eslintrc.js
[Info  - 15:00:52] Failed to load config "airbnb-base" to extend from. Referenced from: /home/anna/bootcamp2019/GoBarber/.eslintrc.js
[Info  - 15:00:53] Failed to load config "airbnb-base" to extend from. Referenced from: /home/anna/bootcamp2019/GoBarber/.eslintrc.js
[Info  - 15:00:53] Failed to load config "airbnb-base" to extend from. Referenced from: /home/anna/bootcamp2019/GoBarber/.eslintrc.js
[Info  - 15:00:53] Failed to load config "airbnb-base" to extend from. Referenced from: /home/anna/bootcamp2019/GoBarber/.eslintrc.js
[Info  - 15:00:53] Failed to load config "airbnb-base" to extend from. Referenced from: /home/anna/bootcamp2019/GoBarber/.eslintrc.js
[Info  - 15:00:53] Failed to load config "airbnb-base" to extend from. Referenced from: /home/anna/bootcamp2019/GoBarber/.eslintrc.js
[Info  - 15:00:54] Failed to load config "airbnb-base" to extend from. Referenced from: /home/anna/bootcamp2019/GoBarber/.eslintrc.js
[Info  - 15:00:55] Failed to load config "airbnb-base" to extend from. Referenced from: /home/anna/bootcamp2019/GoBarber/.eslintrc.js
[Info  - 15:00:55] Failed to load config "airbnb-base" to extend from. Referenced from: /home/anna/bootcamp2019/GoBarber/.eslintrc.js
[Info  - 15:00:55] Failed to load config "airbnb-base" to extend from. Referenced from: /home/anna/bootcamp2019/GoBarber/.eslintrc.js
[Info  - 15:00:58] Failed to load config "airbnb-base" to extend from. Referenced from: /home/anna/bootcamp2019/GoBarber/.eslintrc.js
[Info  - 15:00:58] Failed to load config "airbnb-base" to extend from. Referenced from: /home/anna/bootcamp2019/GoBarber/.eslintrc.js
[Info  - 15:00:58] Failed to load config "airbnb-base" to extend from. Referenced from: /home/anna/bootcamp2019/GoBarber/.eslintrc.js
[Info  - 15:00:58] Failed to load config "airbnb-base" to extend from. Referenced from: /home/anna/bootcamp2019/GoBarber/.eslintrc.js
[Info  - 15:00:59] Failed to load config "airbnb-base" to extend from. Referenced from: /home/anna/bootcamp2019/GoBarber/.eslintrc.js
[Info  - 15:00:59] Failed to load config "airbnb-base" to extend from. Referenced from: /home/anna/bootcamp2019/GoBarber/.eslintrc.js
[Info  - 15:00:59] Failed to load config "airbnb-base" to extend from. Referenced from: /home/anna/bootcamp2019/GoBarber/.eslintrc.js
[Info  - 15:00:59] Failed to load config "airbnb-base" to extend from. Referenced from: /home/anna/bootcamp2019/GoBarber/.eslintrc.js
[Info  - 15:01:01] Failed to load config "airbnb-base" to extend from. Referenced from: /home/anna/bootcamp2019/GoBarber/.eslintrc.js
[Info  - 15:01:01] Failed to load config "airbnb-base" to extend from. Referenced from: /home/anna/bootcamp2019/GoBarber/.eslintrc.js
[Info  - 15:01:03] Failed to load config "airbnb-base" to extend from. Referenced from: /home/anna/bootcamp2019/GoBarber/.eslintrc.js
[Info  - 15:01:03] Failed to load config "airbnb-base" to extend from. Referenced from: /home/anna/bootcamp2019/GoBarber/.eslintrc.js
[Info  - 15:01:03] Failed to load config "airbnb-base" to extend from. Referenced from: /home/anna/bootcamp2019/GoBarber/.eslintrc.js
[Info  - 15:01:03] Failed to load config "airbnb-base" to extend from. Referenced from: /home/anna/bootcamp2019/GoBarber/.eslintrc.js
[Info  - 15:01:04] Failed to load config "airbnb-base" to extend from. Referenced from: /home/anna/bootcamp2019/GoBarber/.eslintrc.js
[Info  - 15:01:05] Failed to load config "airbnb-base" to extend from. Referenced from: /home/anna/bootcamp2019/GoBarber/.eslintrc.js
[Info  - 15:01:05] Failed to load config "airbnb-base" to extend from. Referenced from: /home/anna/bootcamp2019/GoBarber/.eslintrc.js
[Info  - 15:01:05] Failed to load config "airbnb-base" to extend from. Referenced from: /home/anna/bootcamp2019/GoBarber/.eslintrc.js
[Info  - 15:01:05] Failed to load config "airbnb-base" to extend from. Referenced from: /home/anna/bootcamp2019/GoBarber/.eslintrc.js
[Info  - 15:01:05] Failed to load config "airbnb-base" to extend from. Referenced from: /home/anna/bootcamp2019/GoBarber/.eslintrc.js
[Info  - 15:01:06] Failed to load config "airbnb-base" to extend from. Referenced from: /home/anna/bootcamp2019/GoBarber/.eslintrc.js
[Info  - 15:01:06] Failed to load config "airbnb-base" to extend from. Referenced from: /home/anna/bootcamp2019/GoBarber/.eslintrc.js
[Info  - 15:01:06] Failed to load config "airbnb-base" to extend from. Referenced from: /home/anna/bootcamp2019/GoBarber/.eslintrc.js
[Info  - 15:01:06] Failed to load config "airbnb-base" to extend from. Referenced from: /home/anna/bootcamp2019/GoBarber/.eslintrc.js
[Info  - 15:01:06] Failed to load config "airbnb-base" to extend from. Referenced from: /home/anna/bootcamp2019/GoBarber/.eslintrc.js
[Info  - 15:01:06] Failed to load config "airbnb-base" to extend from. Referenced from: /home/anna/bootcamp2019/GoBarber/.eslintrc.js
[Info  - 15:01:06] Failed to load config "airbnb-base" to extend from. Referenced from: /home/anna/bootcamp2019/GoBarber/.eslintrc.js
[Info  - 15:01:07] Failed to load config "airbnb-base" to extend from. Referenced from: /home/anna/bootcamp2019/GoBarber/.eslintrc.js
[Info  - 15:01:07] Failed to load config "airbnb-base" to extend from. Referenced from: /home/anna/bootcamp2019/GoBarber/.eslintrc.js
[Info  - 15:01:07] Failed to load config "airbnb-base" to extend from. Referenced from: /home/anna/bootcamp2019/GoBarber/.eslintrc.js
[Info  - 15:01:07] Failed to load config "airbnb-base" to extend from. Referenced from: /home/anna/bootcamp2019/GoBarber/.eslintrc.js
[Info  - 15:01:07] Failed to load config "airbnb-base" to extend from. Referenced from: /home/anna/bootcamp2019/GoBarber/.eslintrc.js
[Info  - 15:01:07] Failed to load config "airbnb-base" to extend from. Referenced from: /home/anna/bootcamp2019/GoBarber/.eslintrc.js
[Info  - 15:01:08] Failed to load config "airbnb-base" to extend from. Referenced from: /home/anna/bootcamp2019/GoBarber/.eslintrc.js
[Info  - 15:01:08] Failed to load config "airbnb-base" to extend from. Referenced from: /home/anna/bootcamp2019/GoBarber/.eslintrc.js
[Info  - 15:01:08] Failed to load config "airbnb-base" to extend from. Referenced from: /home/anna/bootcamp2019/GoBarber/.eslintrc.js
[Info  - 15:01:09] Failed to load config "airbnb-base" to extend from. Referenced from: /home/anna/bootcamp2019/GoBarber/.eslintrc.js
[Info  - 15:01:09] Failed to load config "airbnb-base" to extend from. Referenced from: /home/anna/bootcamp2019/GoBarber/.eslintrc.js
[Info  - 15:01:10] Failed to load config "airbnb-base" to extend from. Referenced from: /home/anna/bootcamp2019/GoBarber/.eslintrc.js
[Info  - 15:01:10] Failed to load config "airbnb-base" to extend from. Referenced from: /home/anna/bootcamp2019/GoBarber/.eslintrc.js
[Info  - 15:01:11] Failed to load config "airbnb-base" to extend from. Referenced from: /home/anna/bootcamp2019/GoBarber/.eslintrc.js
[Info  - 15:01:12] Failed to load config "airbnb-base" to extend from. Referenced from: /home/anna/bootcamp2019/GoBarber/.eslintrc.js
[Info  - 15:01:12] Failed to load config "airbnb-base" to extend from. Referenced from: /home/anna/bootcamp2019/GoBarber/.eslintrc.js
[Info  - 15:01:12] Failed to load config "airbnb-base" to extend from. Referenced from: /home/anna/bootcamp2019/GoBarber/.eslintrc.js
[Info  - 15:01:12] Failed to load config "airbnb-base" to extend from. Referenced from: /home/anna/bootcamp2019/GoBarber/.eslintrc.js
[Info  - 15:01:13] Failed to load config "airbnb-base" to extend from. Referenced from: /home/anna/bootcamp2019/GoBarber/.eslintrc.js
[Info  - 15:01:14] Failed to load config "airbnb-base" to extend from. Referenced from: /home/anna/bootcamp2019/GoBarber/.eslintrc.js
[Info  - 15:01:14] Failed to load config "airbnb-base" to extend from. Referenced from: /home/anna/bootcamp2019/GoBarber/.eslintrc.js
[Info  - 15:01:14] Failed to load config "airbnb-base" to extend from. Referenced from: /home/anna/bootcamp2019/GoBarber/.eslintrc.js
[Info  - 15:01:14] Failed to load config "airbnb-base" to extend from. Referenced from: /home/anna/bootcamp2019/GoBarber/.eslintrc.js
[Info  - 15:01:14] Failed to load config "airbnb-base" to extend from. Referenced from: /home/anna/bootcamp2019/GoBarber/.eslintrc.js
[Info  - 15:01:14] Failed to load config "airbnb-base" to extend from. Referenced from: /home/anna/bootcamp2019/GoBarber/.eslintrc.js
[Info  - 15:01:15] Failed to load config "airbnb-base" to extend from. Referenced from: /home/anna/bootcamp2019/GoBarber/.eslintrc.js
[Info  - 15:01:15] Failed to load config "airbnb-base" to extend from. Referenced from: /home/anna/bootcamp2019/GoBarber/.eslintrc.js
[Info  - 15:01:16] Failed to load config "airbnb-base" to extend from. Referenced from: /home/anna/bootcamp2019/GoBarber/.eslintrc.js
[Info  - 15:01:17] Failed to load config "airbnb-base" to extend from. Referenced from: /home/anna/bootcamp2019/GoBarber/.eslintrc.js
[Info  - 15:01:18] Failed to load config "airbnb-base" to extend from. Referenced from: /home/anna/bootcamp2019/GoBarber/.eslintrc.js
[Info  - 15:01:18] Failed to load config "airbnb-base" to extend from. Referenced from: /home/anna/bootcamp2019/GoBarber/.eslintrc.js
[Info  - 15:01:18] Failed to load config "airbnb-base" to extend from. Referenced from: /home/anna/bootcamp2019/GoBarber/.eslintrc.js
[Info  - 15:01:19] Failed to load config "airbnb-base" to extend from. Referenced from: /home/anna/bootcamp2019/GoBarber/.eslintrc.js
[Info  - 15:01:19] Failed to load config "airbnb-base" to extend from. Referenced from: /home/anna/bootcamp2019/GoBarber/.eslintrc.js
[Info  - 15:01:19] Failed to load config "airbnb-base" to extend from. Referenced from: /home/anna/bootcamp2019/GoBarber/.eslintrc.js
[Info  - 15:01:19] Failed to load config "airbnb-base" to extend from. Referenced from: /home/anna/bootcamp2019/GoBarber/.eslintrc.js
[Info  - 15:01:20] Failed to load config "airbnb-base" to extend from. Referenced from: /home/anna/bootcamp2019/GoBarber/.eslintrc.js
[Info  - 15:01:20] Failed to load config "airbnb-base" to extend from. Referenced from: /home/anna/bootcamp2019/GoBarber/.eslintrc.js
[Info  - 15:01:20] Failed to load config "airbnb-base" to extend from. Referenced from: /home/anna/bootcamp2019/GoBarber/.eslintrc.js
[Info  - 15:01:20] Failed to load config "airbnb-base" to extend from. Referenced from: /home/anna/bootcamp2019/GoBarber/.eslintrc.js
[Info  - 15:01:21] Failed to load config "airbnb-base" to extend from. Referenced from: /home/anna/bootcamp2019/GoBarber/.eslintrc.js
[Info  - 15:01:29] Failed to load config "airbnb-base" to extend from. Referenced from: /home/anna/bootcamp2019/GoBarber/.eslintrc.js
[Info  - 15:01:30] Failed to load config "airbnb-base" to extend from. Referenced from: /home/anna/bootcamp2019/GoBarber/.eslintrc.js
[Info  - 15:01:31] Failed to load config "airbnb-base" to extend from. Referenced from: /home/anna/bootcamp2019/GoBarber/.eslintrc.js
[Info  - 15:01:33] Failed to load config "airbnb-base" to extend from. Referenced from: /home/anna/bootcamp2019/GoBarber/.eslintrc.js
[Info  - 15:01:34] Failed to load config "airbnb-base" to extend from. Referenced from: /home/anna/bootcamp2019/GoBarber/.eslintrc.js
[Info  - 15:01:34] Failed to load config "airbnb-base" to extend from. Referenced from: /home/anna/bootcamp2019/GoBarber/.eslintrc.js
[Info  - 15:01:36] Failed to load config "airbnb-base" to extend from. Referenced from: /home/anna/bootcamp2019/GoBarber/.eslintrc.js
[Info  - 15:01:36] Failed to load config "airbnb-base" to extend from. Referenced from: /home/anna/bootcamp2019/GoBarber/.eslintrc.js
[Info  - 15:01:36] Failed to load config "airbnb-base" to extend from. Referenced from: /home/anna/bootcamp2019/GoBarber/.eslintrc.js
[Info  - 15:01:37] Failed to load config "airbnb-base" to extend from. Referenced from: /home/anna/bootcamp2019/GoBarber/.eslintrc.js
[Info  - 15:01:37] Failed to load config "airbnb-base" to extend from. Referenced from: /home/anna/bootcamp2019/GoBarber/.eslintrc.js
[Info  - 15:01:38] Failed to load config "airbnb-base" to extend from. Referenced from: /home/anna/bootcamp2019/GoBarber/.eslintrc.js
[Info  - 15:01:38] Failed to load config "airbnb-base" to extend from. Referenced from: /home/anna/bootcamp2019/GoBarber/.eslintrc.js
[Info  - 15:01:38] Failed to load config "airbnb-base" to extend from. Referenced from: /home/anna/bootcamp2019/GoBarber/.eslintrc.js
[Info  - 15:01:38] Failed to load config "airbnb-base" to extend from. Referenced from: /home/anna/bootcamp2019/GoBarber/.eslintrc.js
[Info  - 15:01:39] Failed to load config "airbnb-base" to extend from. Referenced from: /home/anna/bootcamp2019/GoBarber/.eslintrc.js
[Info  - 15:01:39] Failed to load config "airbnb-base" to extend from. Referenced from: /home/anna/bootcamp2019/GoBarber/.eslintrc.js
[Info  - 15:01:40] Failed to load config "airbnb-base" to extend from. Referenced from: /home/anna/bootcamp2019/GoBarber/.eslintrc.js
[Info  - 15:01:40] Failed to load config "airbnb-base" to extend from. Referenced from: /home/anna/bootcamp2019/GoBarber/.eslintrc.js
[Info  - 15:01:51] Failed to load config "airbnb-base" to extend from. Referenced from: /home/anna/bootcamp2019/GoBarber/.eslintrc.js
[Info  - 15:01:51] Failed to load config "airbnb-base" to extend from. Referenced from: /home/anna/bootcamp2019/GoBarber/.eslintrc.js
[Info  - 15:01:51] Failed to load config "airbnb-base" to extend from. Referenced from: /home/anna/bootcamp2019/GoBarber/.eslintrc.js
[Info  - 15:01:53] Failed to load config "airbnb-base" to extend from. Referenced from: /home/anna/bootcamp2019/GoBarber/.eslintrc.js
[Info  - 15:01:54] Failed to load config "airbnb-base" to extend from. Referenced from: /home/anna/bootcamp2019/GoBarber/.eslintrc.js
[Info  - 15:01:55] Failed to load config "airbnb-base" to extend from. Referenced from: /home/anna/bootcamp2019/GoBarber/.eslintrc.js
[Info  - 15:01:56] Failed to load config "airbnb-base" to extend from. Referenced from: /home/anna/bootcamp2019/GoBarber/.eslintrc.js
[Info  - 15:01:56] Failed to load config "airbnb-base" to extend from. Referenced from: /home/anna/bootcamp2019/GoBarber/.eslintrc.js
[Info  - 15:01:58] Failed to load config "airbnb-base" to extend from. Referenced from: /home/anna/bootcamp2019/GoBarber/.eslintrc.js
[Info  - 15:01:59] Failed to load config "airbnb-base" to extend from. Referenced from: /home/anna/bootcamp2019/GoBarber/.eslintrc.js
[Info  - 15:01:59] Failed to load config "airbnb-base" to extend from. Referenced from: /home/anna/bootcamp2019/GoBarber/.eslintrc.js
[Info  - 15:02:01] Failed to load config "airbnb-base" to extend from. Referenced from: /home/anna/bootcamp2019/GoBarber/.eslintrc.js
[Info  - 15:02:01] Failed to load config "airbnb-base" to extend from. Referenced from: /home/anna/bootcamp2019/GoBarber/.eslintrc.js
[Info  - 15:02:01] Failed to load config "airbnb-base" to extend from. Referenced from: /home/anna/bootcamp2019/GoBarber/.eslintrc.js
[Info  - 15:02:03] Failed to load config "airbnb-base" to extend from. Referenced from: /home/anna/bootcamp2019/GoBarber/.eslintrc.js
[Info  - 15:02:04] Failed to load config "airbnb-base" to extend from. Referenced from: /home/anna/bootcamp2019/GoBarber/.eslintrc.js
[Info  - 15:02:05] Failed to load config "airbnb-base" to extend from. Referenced from: /home/anna/bootcamp2019/GoBarber/.eslintrc.js
[Info  - 15:02:07] Failed to load config "airbnb-base" to extend from. Referenced from: /home/anna/bootcamp2019/GoBarber/.eslintrc.js
[Info  - 15:02:08] Failed to load config "airbnb-base" to extend from. Referenced from: /home/anna/bootcamp2019/GoBarber/.eslintrc.js
[Info  - 15:02:09] Failed to load config "airbnb-base" to extend from. Referenced from: /home/anna/bootcamp2019/GoBarber/.eslintrc.js
[Info  - 15:02:09] Failed to load config "airbnb-base" to extend from. Referenced from: /home/anna/bootcamp2019/GoBarber/.eslintrc.js
[Info  - 15:02:09] Failed to load config "airbnb-base" to extend from. Referenced from: /home/anna/bootcamp2019/GoBarber/.eslintrc.js
[Info  - 15:02:09] Failed to load config "airbnb-base" to extend from. Referenced from: /home/anna/bootcamp2019/GoBarber/.eslintrc.js
[Info  - 15:02:09] Failed to load config "airbnb-base" to extend from. Referenced from: /home/anna/bootcamp2019/GoBarber/.eslintrc.js
[Info  - 15:02:10] Failed to load config "airbnb-base" to extend from. Referenced from: /home/anna/bootcamp2019/GoBarber/.eslintrc.js
[Info  - 15:02:10] Failed to load config "airbnb-base" to extend from. Referenced from: /home/anna/bootcamp2019/GoBarber/.eslintrc.js
[Info  - 15:02:10] Failed to load config "airbnb-base" to extend from. Referenced from: /home/anna/bootcamp2019/GoBarber/.eslintrc.js
[Info  - 15:02:11] Failed to load config "airbnb-base" to extend from. Referenced from: /home/anna/bootcamp2019/GoBarber/.eslintrc.js
[Info  - 15:02:11] Failed to load config "airbnb-base" to extend from. Referenced from: /home/anna/bootcamp2019/GoBarber/.eslintrc.js
[Info  - 15:02:11] Failed to load config "airbnb-base" to extend from. Referenced from: /home/anna/bootcamp2019/GoBarber/.eslintrc.js
[Info  - 15:02:11] Failed to load config "airbnb-base" to extend from. Referenced from: /home/anna/bootcamp2019/GoBarber/.eslintrc.js
[Info  - 15:02:12] Failed to load config "airbnb-base" to extend from. Referenced from: /home/anna/bootcamp2019/GoBarber/.eslintrc.js
[Info  - 15:02:17] Failed to load config "airbnb-base" to extend from. Referenced from: /home/anna/bootcamp2019/GoBarber/.eslintrc.js
[Info  - 15:02:19] Failed to load config "airbnb-base" to extend from. Referenced from: /home/anna/bootcamp2019/GoBarber/.eslintrc.js
[Info  - 15:02:21] Failed to load config "airbnb-base" to extend from. Referenced from: /home/anna/bootcamp2019/GoBarber/.eslintrc.js
[Info  - 15:02:36] Failed to load config "airbnb-base" to extend from. Referenced from: /home/anna/bootcamp2019/GoBarber/.eslintrc.js
[Info  - 15:02:50] Failed to load config "airbnb-base" to extend from. Referenced from: /home/anna/bootcamp2019/GoBarber/.eslintrc.js
[Info  - 15:02:50] Failed to load config "airbnb-base" to extend from. Referenced from: /home/anna/bootcamp2019/GoBarber/.eslintrc.js
[Info  - 15:02:51] Failed to load config "airbnb-base" to extend from. Referenced from: /home/anna/bootcamp2019/GoBarber/.eslintrc.js
[Info  - 15:02:51] Failed to load config "airbnb-base" to extend from. Referenced from: /home/anna/bootcamp2019/GoBarber/.eslintrc.js
[Info  - 15:02:51] Failed to load config "airbnb-base" to extend from. Referenced from: /home/anna/bootcamp2019/GoBarber/.eslintrc.js
[Info  - 15:02:51] Failed to load config "airbnb-base" to extend from. Referenced from: /home/anna/bootcamp2019/GoBarber/.eslintrc.js
[Info  - 15:02:51] Failed to load config "airbnb-base" to extend from. Referenced from: /home/anna/bootcamp2019/GoBarber/.eslintrc.js
[Info  - 15:02:51] Failed to load config "airbnb-base" to extend from. Referenced from: /home/anna/bootcamp2019/GoBarber/.eslintrc.js
[Info  - 15:02:52] Failed to load config "airbnb-base" to extend from. Referenced from: /home/anna/bootcamp2019/GoBarber/.eslintrc.js
[Info  - 15:02:52] Failed to load config "airbnb-base" to extend from. Referenced from: /home/anna/bootcamp2019/GoBarber/.eslintrc.js
[Info  - 15:02:52] Failed to load config "airbnb-base" to extend from. Referenced from: /home/anna/bootcamp2019/GoBarber/.eslintrc.js
[Info  - 15:02:53] Failed to load config "airbnb-base" to extend from. Referenced from: /home/anna/bootcamp2019/GoBarber/.eslintrc.js
[Info  - 15:02:53] Failed to load config "airbnb-base" to extend from. Referenced from: /home/anna/bootcamp2019/GoBarber/.eslintrc.js
[Info  - 15:02:53] Failed to load config "airbnb-base" to extend from. Referenced from: /home/anna/bootcamp2019/GoBarber/.eslintrc.js
[Info  - 15:02:53] Failed to load config "airbnb-base" to extend from. Referenced from: /home/anna/bootcamp2019/GoBarber/.eslintrc.js
[Info  - 15:02:53] Failed to load config "airbnb-base" to extend from. Referenced from: /home/anna/bootcamp2019/GoBarber/.eslintrc.js
[Info  - 15:03:22] Failed to load config "airbnb-base" to extend from. Referenced from: /home/anna/bootcamp2019/GoBarber/.eslintrc.js
[Info  - 15:03:22] Failed to load config "airbnb-base" to extend from. Referenced from: /home/anna/bootcamp2019/GoBarber/.eslintrc.js
[Info  - 15:03:23] Failed to load config "airbnb-base" to extend from. Referenced from: /home/anna/bootcamp2019/GoBarber/.eslintrc.js
[Info  - 15:03:23] Failed to load config "airbnb-base" to extend from. Referenced from: /home/anna/bootcamp2019/GoBarber/.eslintrc.js
[Info  - 15:03:23] Failed to load config "airbnb-base" to extend from. Referenced from: /home/anna/bootcamp2019/GoBarber/.eslintrc.js
[Info  - 15:03:23] Failed to load config "airbnb-base" to extend from. Referenced from: /home/anna/bootcamp2019/GoBarber/.eslintrc.js
[Info  - 15:03:25] Failed to load config "airbnb-base" to extend from. Referenced from: /home/anna/bootcamp2019/GoBarber/.eslintrc.js
[Info  - 15:03:31] Failed to load config "airbnb-base" to extend from. Referenced from: /home/anna/bootcamp2019/GoBarber/.eslintrc.js
[Info  - 15:03:32] Failed to load config "airbnb-base" to extend from. Referenced from: /home/anna/bootcamp2019/GoBarber/.eslintrc.js
[Info  - 15:03:32] Failed to load config "airbnb-base" to extend from. Referenced from: /home/anna/bootcamp2019/GoBarber/.eslintrc.js
[Info  - 15:03:33] Failed to load config "airbnb-base" to extend from. Referenced from: /home/anna/bootcamp2019/GoBarber/.eslintrc.js
[Info  - 15:03:33] Failed to load config "airbnb-base" to extend from. Referenced from: /home/anna/bootcamp2019/GoBarber/.eslintrc.js
[Info  - 15:03:37] Failed to load config "airbnb-base" to extend from. Referenced from: /home/anna/bootcamp2019/GoBarber/.eslintrc.js
[Info  - 15:03:38] Failed to load config "airbnb-base" to extend from. Referenced from: /home/anna/bootcamp2019/GoBarber/.eslintrc.js
[Info  - 15:03:38] Failed to load config "airbnb-base" to extend from. Referenced from: /home/anna/bootcamp2019/GoBarber/.eslintrc.js
[Info  - 15:03:39] Failed to load config "airbnb-base" to extend from. Referenced from: /home/anna/bootcamp2019/GoBarber/.eslintrc.js
[Info  - 15:03:41] Failed to load config "airbnb-base" to extend from. Referenced from: /home/anna/bootcamp2019/GoBarber/.eslintrc.js
[Info  - 15:03:41] Failed to load config "airbnb-base" to extend from. Referenced from: /home/anna/bootcamp2019/GoBarber/.eslintrc.js
[Info  - 15:03:45] Failed to load config "airbnb-base" to extend from. Referenced from: /home/anna/bootcamp2019/GoBarber/.eslintrc.js
[Info  - 15:04:55] Failed to load config "airbnb-base" to extend from. Referenced from: /home/anna/bootcamp2019/GoBarber/.eslintrc.js
[Info  - 15:06:07] Failed to load config "airbnb-base" to extend from. Referenced from: /home/anna/bootcamp2019/GoBarber/.eslintrc.js
[Info  - 15:06:07] Failed to load config "airbnb-base" to extend from. Referenced from: /home/anna/bootcamp2019/GoBarber/.eslintrc.js
[Info  - 15:06:40] Failed to load config "airbnb-base" to extend from. Referenced from: /home/anna/bootcamp2019/GoBarber/.eslintrc.js
[Info  - 15:06:41] Failed to load config "airbnb-base" to extend from. Referenced from: /home/anna/bootcamp2019/GoBarber/.eslintrc.js
[Info  - 15:06:41] Failed to load config "airbnb-base" to extend from. Referenced from: /home/anna/bootcamp2019/GoBarber/.eslintrc.js
[Info  - 15:06:41] Failed to load config "airbnb-base" to extend from. Referenced from: /home/anna/bootcamp2019/GoBarber/.eslintrc.js
[Info  - 15:06:41] Failed to load config "airbnb-base" to extend from. Referenced from: /home/anna/bootcamp2019/GoBarber/.eslintrc.js
[Info  - 15:06:41] Failed to load config "airbnb-base" to extend from. Referenced from: /home/anna/bootcamp2019/GoBarber/.eslintrc.js
[Info  - 15:06:41] Failed to load config "airbnb-base" to extend from. Referenced from: /home/anna/bootcamp2019/GoBarber/.eslintrc.js
[Info  - 15:06:42] Failed to load config "airbnb-base" to extend from. Referenced from: /home/anna/bootcamp2019/GoBarber/.eslintrc.js
[Info  - 15:06:42] Failed to load config "airbnb-base" to extend from. Referenced from: /home/anna/bootcamp2019/GoBarber/.eslintrc.js
[Info  - 15:06:42] Failed to load config "airbnb-base" to extend from. Referenced from: /home/anna/bootcamp2019/GoBarber/.eslintrc.js
[Info  - 15:06:42] Failed to load config "airbnb-base" to extend from. Referenced from: /home/anna/bootcamp2019/GoBarber/.eslintrc.js
[Info  - 15:06:42] Failed to load config "airbnb-base" to extend from. Referenced from: /home/anna/bootcamp2019/GoBarber/.eslintrc.js
[Info  - 15:06:43] Failed to load config "airbnb-base" to extend from. Referenced from: /home/anna/bootcamp2019/GoBarber/.eslintrc.js
[Info  - 15:06:43] Failed to load config "airbnb-base" to extend from. Referenced from: /home/anna/bootcamp2019/GoBarber/.eslintrc.js
[Info  - 15:06:44] Failed to load config "airbnb-base" to extend from. Referenced from: /home/anna/bootcamp2019/GoBarber/.eslintrc.js
[Info  - 15:06:44] Failed to load config "airbnb-base" to extend from. Referenced from: /home/anna/bootcamp2019/GoBarber/.eslintrc.js
[Info  - 15:06:44] Failed to load config "airbnb-base" to extend from. Referenced from: /home/anna/bootcamp2019/GoBarber/.eslintrc.js
[Info  - 15:06:44] Failed to load config "airbnb-base" to extend from. Referenced from: /home/anna/bootcamp2019/GoBarber/.eslintrc.js
[Info  - 15:06:45] Failed to load config "airbnb-base" to extend from. Referenced from: /home/anna/bootcamp2019/GoBarber/.eslintrc.js
[Info  - 15:06:45] Failed to load config "airbnb-base" to extend from. Referenced from: /home/anna/bootcamp2019/GoBarber/.eslintrc.js
[Info  - 15:06:45] Failed to load config "airbnb-base" to extend from. Referenced from: /home/anna/bootcamp2019/GoBarber/.eslintrc.js
[Info  - 15:06:46] Failed to load config "airbnb-base" to extend from. Referenced from: /home/anna/bootcamp2019/GoBarber/.eslintrc.js
[Info  - 15:06:46] Failed to load config "airbnb-base" to extend from. Referenced from: /home/anna/bootcamp2019/GoBarber/.eslintrc.js
[Info  - 15:06:46] Failed to load config "airbnb-base" to extend from. Referenced from: /home/anna/bootcamp2019/GoBarber/.eslintrc.js
[Info  - 15:06:46] Failed to load config "airbnb-base" to extend from. Referenced from: /home/anna/bootcamp2019/GoBarber/.eslintrc.js
[Info  - 15:06:47] Failed to load config "airbnb-base" to extend from. Referenced from: /home/anna/bootcamp2019/GoBarber/.eslintrc.js
[Info  - 15:06:47] Failed to load config "airbnb-base" to extend from. Referenced from: /home/anna/bootcamp2019/GoBarber/.eslintrc.js
[Info  - 15:06:47] Failed to load config "airbnb-base" to extend from. Referenced from: /home/anna/bootcamp2019/GoBarber/.eslintrc.js
[Info  - 15:06:51] Failed to load config "airbnb-base" to extend from. Referenced from: /home/anna/bootcamp2019/GoBarber/.eslintrc.js
[Info  - 15:06:51] Failed to load config "airbnb-base" to extend from. Referenced from: /home/anna/bootcamp2019/GoBarber/.eslintrc.js
[Info  - 15:06:51] Failed to load config "airbnb-base" to extend from. Referenced from: /home/anna/bootcamp2019/GoBarber/.eslintrc.js
[Info  - 15:06:51] Failed to load config "airbnb-base" to extend from. Referenced from: /home/anna/bootcamp2019/GoBarber/.eslintrc.js
[Info  - 15:06:51] Failed to load config "airbnb-base" to extend from. Referenced from: /home/anna/bootcamp2019/GoBarber/.eslintrc.js
[Info  - 15:06:52] Failed to load config "airbnb-base" to extend from. Referenced from: /home/anna/bootcamp2019/GoBarber/.eslintrc.js
[Info  - 15:06:52] Failed to load config "airbnb-base" to extend from. Referenced from: /home/anna/bootcamp2019/GoBarber/.eslintrc.js
[Info  - 15:06:52] Failed to load config "airbnb-base" to extend from. Referenced from: /home/anna/bootcamp2019/GoBarber/.eslintrc.js
[Info  - 15:06:53] Failed to load config "airbnb-base" to extend from. Referenced from: /home/anna/bootcamp2019/GoBarber/.eslintrc.js
[Info  - 15:06:53] Failed to load config "airbnb-base" to extend from. Referenced from: /home/anna/bootcamp2019/GoBarber/.eslintrc.js
[Info  - 15:06:53] Failed to load config "airbnb-base" to extend from. Referenced from: /home/anna/bootcamp2019/GoBarber/.eslintrc.js
[Info  - 15:06:54] Failed to load config "airbnb-base" to extend from. Referenced from: /home/anna/bootcamp2019/GoBarber/.eslintrc.js
[Info  - 15:06:54] Failed to load config "airbnb-base" to extend from. Referenced from: /home/anna/bootcamp2019/GoBarber/.eslintrc.js
[Info  - 15:06:55] Failed to load config "airbnb-base" to extend from. Referenced from: /home/anna/bootcamp2019/GoBarber/.eslintrc.js
[Info  - 15:06:56] Failed to load config "airbnb-base" to extend from. Referenced from: /home/anna/bootcamp2019/GoBarber/.eslintrc.js
[Info  - 15:09:17] Failed to load config "airbnb-base" to extend from. Referenced from: /home/anna/bootcamp2019/GoBarber/.eslintrc.js
[Info  - 15:22:32] Failed to load config "airbnb-base" to extend from. Referenced from: /home/anna/bootcamp2019/GoBarber/.eslintrc.js
[Info  - 15:22:41] Failed to load config "airbnb-base" to extend from. Referenced from: /home/anna/bootcamp2019/GoBarber/.eslintrc.js
[Info  - 15:22:48] Failed to load config "airbnb-base" to extend from. Referenced from: /home/anna/bootcamp2019/GoBarber/.eslintrc.js
[Info  - 15:23:23] Failed to load config "airbnb-base" to extend from. Referenced from: /home/anna/bootcamp2019/GoBarber/.eslintrc.js
[Info  - 15:23:24] Failed to load config "airbnb-base" to extend from. Referenced from: /home/anna/bootcamp2019/GoBarber/.eslintrc.js
