Initializing document watcher...
GoBarber/src/lib/Mail.js: Using EditorConfig core...
GoBarber/src/lib/Mail.js: Using EditorConfig core...
GoBarber/src/lib/Mail.js: Using EditorConfig core...
GoBarber/src/lib/Mail.js: Using EditorConfig core...
GoBarber/src/lib/Mail.js: Using EditorConfig core...
GoBarber/src/lib/Mail.js: Using EditorConfig core...
GoBarber/src/app/views/emails/layouts/default.hbs: {}
GoBarber/src/app/views/emails/layouts/default.hbs: Using EditorConfig core...
GoBarber/src/app/views/emails/layouts/default.hbs: {}
GoBarber/src/app/views/emails/layouts/default.hbs: Using EditorConfig core...
GoBarber/src/app/views/emails/layouts/default.hbs: {}
GoBarber/src/app/views/emails/layouts/default.hbs: Using EditorConfig core...
GoBarber/src/app/views/emails/layouts/default.hbs: {}
GoBarber/src/app/views/emails/partials/footer.hbs: {}
GoBarber/src/app/views/emails/partials/footer.hbs: {}
GoBarber/src/app/views/emails/partials/footer.hbs: {}
GoBarber/src/app/views/emails/partials/footer.hbs: {}
GoBarber/src/app/views/emails/partials/footer.hbs: {}
GoBarber/src/app/views/emails/layouts/default.hbs: {}
GoBarber/src/app/views/emails/layouts/default.hbs: Using EditorConfig core...
GoBarber/src/app/views/emails/layouts/default.hbs: {}
GoBarber/src/app/views/emails/partials/footer.hbs: {}
GoBarber/src/app/views/emails/partials/footer.hbs: {}
GoBarber/src/app/views/emails/partials/footer.hbs: Using EditorConfig core...
GoBarber/src/app/views/emails/layouts/default.hbs: {}
GoBarber/src/app/views/emails/layouts/default.hbs: Using EditorConfig core...
GoBarber/src/app/views/emails/partials/footer.hbs: {}
GoBarber/src/app/views/emails/cancellation.hbs: {}
GoBarber/src/app/views/emails/cancellation.hbs: Using EditorConfig core...
GoBarber/src/app/views/emails/cancellation.hbs: Using EditorConfig core...
GoBarber/src/app/views/emails/cancellation.hbs: Using EditorConfig core...
GoBarber/src/app/views/emails/cancellation.hbs: {}
GoBarber/src/app/views/emails/cancellation.hbs: Using EditorConfig core...
GoBarber/src/app/views/emails/cancellation.hbs: {}
GoBarber/src/app/controllers/AppointmentController.js: {}
GoBarber/src/app/controllers/AppointmentController.js: {}
GoBarber/src/app/controllers/AppointmentController.js: {}
GoBarber/src/app/controllers/AppointmentController.js: Using EditorConfig core...
GoBarber/src/app/controllers/AppointmentController.js: {}
GoBarber/src/app/controllers/AppointmentController.js: {}
GoBarber/src/app/controllers/AppointmentController.js: Using EditorConfig core...
GoBarber/src/app/controllers/AppointmentController.js: Using EditorConfig core...
GoBarber/src/app/controllers/AppointmentController.js: Using EditorConfig core...
GoBarber/src/app/controllers/AppointmentController.js: {}
GoBarber/src/app/controllers/AppointmentController.js: Using EditorConfig core...
GoBarber/src/app/controllers/AppointmentController.js: {}
GoBarber/src/app/controllers/AppointmentController.js: Using EditorConfig core...
GoBarber/src/app/controllers/AppointmentController.js: {}
GoBarber/src/config/mail.js: {}
GoBarber/src/app/controllers/AppointmentController.js: {}
GoBarber/src/lib/Mail.js: {}
GoBarber/src/lib/Mail.js: {}
GoBarber/src/lib/Mail.js: Using EditorConfig core...
GoBarber/src/lib/Mail.js: {}
GoBarber/src/lib/Mail.js: {}
GoBarber/src/lib/Mail.js: Using EditorConfig core...
GoBarber/src/lib/Mail.js: Using EditorConfig core...
GoBarber/src/lib/Mail.js: {}
GoBarber/src/lib/Mail.js: {}
GoBarber/src/lib/Mail.js: {}
GoBarber/src/lib/Mail.js: {}
GoBarber/src/lib/Mail.js: Using EditorConfig core...
GoBarber/src/lib/Mail.js: {}
GoBarber/src/app/controllers/AppointmentController.js: {}
GoBarber/src/app/controllers/AppointmentController.js: {}
GoBarber/src/lib/Mail.js: {}
GoBarber/src/lib/Mail.js: {}
GoBarber/src/lib/Mail.js: {}
GoBarber/src/lib/Mail.js: {}
GoBarber/src/app/views/emails/cancellation.hbs: {}
GoBarber/node_modules/sequelize/lib/dialects/postgres/index.js: {}
GoBarber/src/app/views/emails/cancellation.hbs: {}
GoBarber/node_modules/sequelize/lib/sequelize.js: {}
GoBarber/src/app/views/emails/cancellation.hbs: {}
GoBarber/src/app/controllers/UserController.js: {}
GoBarber/src/app/views/emails/cancellation.hbs: {}
GoBarber/src/app/views/emails/partials/footer.hbs: {}
GoBarber/src/app/views/emails/layouts/default.hbs: {}
GoBarber/src/lib/Mail.js: {}
GoBarber/src/app/controllers/AppointmentController.js: {}
GoBarber/src/app/controllers/AppointmentController.js: Using EditorConfig core...
GoBarber/src/app/controllers/AppointmentController.js: {}
GoBarber/src/app/controllers/AppointmentController.js: {}
GoBarber/src/app/controllers/AppointmentController.js: {}
GoBarber/src/app/controllers/AppointmentController.js: {}
GoBarber/src/app/controllers/AppointmentController.js: {}
GoBarber/src/app/controllers/AppointmentController.js: {}
GoBarber/src/app/controllers/AppointmentController.js: {}
GoBarber/src/lib/Queue.js: {}
GoBarber/src/lib/Queue.js: Using EditorConfig core...
GoBarber/src/lib/Queue.js: {}
GoBarber/src/lib/Queue.js: Using EditorConfig core...
GoBarber/src/lib/Queue.js: Using EditorConfig core...
GoBarber/src/lib/Queue.js: {}
GoBarber/src/lib/Queue.js: {}
GoBarber/src/app/jobs/CancellationMail: {}
GoBarber/src/app/jobs/CancellationMail: {}
GoBarber/src/app/jobs/CancellationMail.js: {}
GoBarber/src/app/jobs/CancellationMail.js: {}
GoBarber/src/app/jobs/CancellationMail.js: Using EditorConfig core...
GoBarber/src/app/jobs/CancellationMail.js: {}
GoBarber/src/app/jobs/CancellationMail.js: Using EditorConfig core...
GoBarber/src/app/jobs/CancellationMail.js: Using EditorConfig core...
GoBarber/src/lib/Queue.js: {}
GoBarber/src/app/jobs/CancellationMail.js: {}
GoBarber/src/app/jobs/CancellationMail.js: Using EditorConfig core...
GoBarber/src/app/jobs/CancellationMail.js: {}
GoBarber/src/app/controllers/AppointmentController.js: {}
GoBarber/src/lib/Queue.js: {}
GoBarber/src/app/jobs/CancellationMail.js: {}
GoBarber/src/app/jobs/CancellationMail.js: Using EditorConfig core...
GoBarber/src/app/jobs/CancellationMail.js: {}
GoBarber/src/app/jobs/CancellationMail.js: Using EditorConfig core...
GoBarber/src/app/jobs/CancellationMail.js: Using EditorConfig core...
GoBarber/src/app/jobs/CancellationMail.js: {}
GoBarber/src/app/jobs/CancellationMail.js: Using EditorConfig core...
GoBarber/src/app/jobs/CancellationMail.js: {}
GoBarber/src/lib/Queue.js: {}
GoBarber/src/lib/Queue.js: Using EditorConfig core...
GoBarber/src/app/jobs/CancellationMail.js: {}
GoBarber/src/lib/Queue.js: {}
GoBarber/src/lib/Queue.js: {}
GoBarber/src/lib/Queue.js: Using EditorConfig core...
GoBarber/src/lib/Queue.js: Using EditorConfig core...
GoBarber/src/lib/Queue.js: {}
GoBarber/src/lib/Queue.js: {}
GoBarber/src/lib/Queue.js: Using EditorConfig core...
GoBarber/src/lib/Queue.js: {}
GoBarber/src/config/redis.js: {}
GoBarber/src/config/redis.js: Using EditorConfig core...
GoBarber/src/config/redis.js: {}
GoBarber/src/lib/Queue.js: {}
GoBarber/src/lib/Queue.js: {}
GoBarber/src/lib/Queue.js: Using EditorConfig core...
GoBarber/src/lib/Queue.js: Using EditorConfig core...
GoBarber/src/lib/Queue.js: {}
GoBarber/src/lib/Queue.js: Using EditorConfig core...
GoBarber/src/lib/Queue.js: Using EditorConfig core...
GoBarber/src/lib/Queue.js: {}
GoBarber/src/lib/Queue.js: Using EditorConfig core...
GoBarber/src/lib/Queue.js: {}
GoBarber/src/lib/Queue.js: Using EditorConfig core...
GoBarber/src/lib/Queue.js: Using EditorConfig core...
GoBarber/src/lib/Queue.js: Using EditorConfig core...
GoBarber/src/lib/Queue.js: Using EditorConfig core...
GoBarber/src/lib/Queue.js: Using EditorConfig core...
GoBarber/src/lib/Queue.js: Using EditorConfig core...
GoBarber/src/lib/Queue.js: Using EditorConfig core...
GoBarber/src/lib/Queue.js: Using EditorConfig core...
GoBarber/src/lib/Queue.js: {}
GoBarber/src/app/controllers/AppointmentController.js: {}
GoBarber/src/app/controllers/AppointmentController.js: Using EditorConfig core...
GoBarber/src/app/controllers/AppointmentController.js: Using EditorConfig core...
GoBarber/src/app/controllers/AppointmentController.js: {}
GoBarber/src/app/controllers/AppointmentController.js: Using EditorConfig core...
GoBarber/src/app/controllers/AppointmentController.js: Using EditorConfig core...
GoBarber/src/app/controllers/AppointmentController.js: {}
GoBarber/src/app/controllers/AppointmentController.js: Using EditorConfig core...
GoBarber/src/app/jobs/CancellationMail.js: {}
GoBarber/src/app/jobs/CancellationMail.js: Using EditorConfig core...
GoBarber/src/config/redis.js: {}
GoBarber/src/lib/Queue.js: {}
GoBarber/src/lib/Queue.js: {}
GoBarber/src/queue.js: {}
GoBarber/src/queue.js: {}
GoBarber/src/queue.js: Using EditorConfig core...
GoBarber/package.json: {}
GoBarber/package.json: Using EditorConfig core...
GoBarber/package.json: {}
GoBarber/src/app/jobs/CancellationMail.js: {}
GoBarber/src/app/jobs/CancellationMail.js: Using EditorConfig core...
GoBarber/src/app/jobs/CancellationMail.js: {}
GoBarber/src/app/jobs/CancellationMail.js: {}
GoBarber/src/app/jobs/CancellationMail.js: {}
GoBarber/src/app/jobs/CancellationMail.js: {}
GoBarber/src/app/jobs/CancellationMail.js: Using EditorConfig core...
GoBarber/src/app/jobs/CancellationMail.js: {}
GoBarber/src/app/jobs/CancellationMail.js: {}
GoBarber/src/app/jobs/CancellationMail.js: {}
GoBarber/src/app/jobs/CancellationMail.js: Using EditorConfig core...
GoBarber/src/app/jobs/CancellationMail.js: {}
GoBarber/src/app/jobs/CancellationMail.js: {}
GoBarber/src/app/jobs/CancellationMail.js: Using EditorConfig core...
GoBarber/src/app/jobs/CancellationMail.js: {}
GoBarber/src/app/jobs/CancellationMail.js: Using EditorConfig core...
GoBarber/src/app/jobs/CancellationMail.js: Using EditorConfig core...
GoBarber/src/app/jobs/CancellationMail.js: {}
GoBarber/src/app/jobs/CancellationMail.js: Using EditorConfig core...
GoBarber/src/app/jobs/CancellationMail.js: {}
GoBarber/src/app/jobs/CancellationMail.js: {}
GoBarber/src/app/jobs/CancellationMail.js: Using EditorConfig core...
GoBarber/src/app/jobs/CancellationMail.js: Using EditorConfig core...
GoBarber/src/config/redis.js: {}
GoBarber/src/app/jobs/CancellationMail.js: {}
GoBarber/src/app/jobs/CancellationMail.js: {}
GoBarber/src/app/controllers/AppointmentController.js: {}
GoBarber/package.json: {}
GoBarber/src/queue.js: {}
GoBarber/src/queue.js: {}
GoBarber/src/queue.js: {}
GoBarber/src/queue.js: {}
GoBarber/src/queue.js: {}
GoBarber/src/queue.js: {}
GoBarber/src/queue.js: {}
GoBarber/src/queue.js: {}
GoBarber/src/queue.js: {}
GoBarber/src/queue.js: {}
GoBarber/src/lib/Queue.js: {}
GoBarber/package.json: {}
GoBarber/src/lib/Queue.js: {}
GoBarber/src/queue.js: {}
GoBarber/src/lib/Queue.js: {}
GoBarber/src/app/controllers/AppointmentController.js: {}
GoBarber/src/config/redis.js: {}
GoBarber/src/app/controllers/AppointmentController.js: {}
GoBarber/src/app/jobs/CancellationMail.js: {}
GoBarber/src/app/jobs/CancellationMail.js: Using EditorConfig core...
GoBarber/src/app/jobs/CancellationMail.js: {}
GoBarber/src/app/jobs/CancellationMail.js: {}
GoBarber/src/app/views/emails/cancellation.hbs: {}
GoBarber/src/app/jobs/CancellationMail.js: {}
GoBarber/src/lib/Mail.js: {}
GoBarber/src/app/jobs/CancellationMail.js: {}
GoBarber/src/lib/Queue.js: {}
GoBarber/src/lib/Queue.js: Using EditorConfig core...
GoBarber/src/lib/Queue.js: {}
GoBarber/src/lib/Queue.js: Using EditorConfig core...
GoBarber/src/lib/Queue.js: {}
GoBarber/src/lib/Queue.js: Using EditorConfig core...
GoBarber/src/lib/Queue.js: {}
GoBarber/src/lib/Queue.js: {}
GoBarber/src/lib/Queue.js: {}
