Initializing document watcher...
GoBarber/.vscode/launch.json: {}
GoBarber/src/database/index.js: {}
GoBarber/.vscode/launch.json: {}
GoBarber/src/app/models/User.js: {}
GoBarber/.sequelizerc: {}
GoBarber/nodemon.json: {}
GoBarber/src/app.js: {}
GoBarber/src/routes.js: {}
GoBarber/src/routes.js: Using EditorConfig core...
GoBarber/src/routes.js: Using EditorConfig core...
GoBarber/src/routes.js: Using EditorConfig core...
GoBarber/src/database/index.js: {}
GoBarber/src/app.js: {}
GoBarber/src/routes.js: {}
GoBarber/src/routes.js: {}
GoBarber/src/routes.js: {}
GoBarber/.vscode/launch.json: {}
GoBarber/src/routes.js: {}
GoBarber/src/database/index.js: {}
GoBarber/src/app/models/User.js: {}
GoBarber/.sequelizerc: {}
GoBarber/src/database/index.js: {}
GoBarber/nodemon.json: {}
GoBarber/src/database/index.js: {}
GoBarber/src/app.js: {}
GoBarber/src/routes.js: {}
GoBarber/src/routes.js: {}
GoBarber/src/routes.js: {}
GoBarber/src/database/index.js: {}
GoBarber/src/app/models/User.js: {}
GoBarber/src/database/index.js: {}
GoBarber/src/app/models/User.js: {}
GoBarber/src/app/models/User.js: Using EditorConfig core...
GoBarber/src/server.js: {}
GoBarber/src/app.js: {}
GoBarber/src/server.js: {}
GoBarber/src/app.js: {}
GoBarber/src/database/index.js: {}
GoBarber/.sequelizerc: {}
GoBarber/src/routes.js: {}
GoBarber/src/app.js: {}
GoBarber/src/server.js: {}
GoBarber/src/app/models/User.js: {}
GoBarber/src/app/models/User.js: Using EditorConfig core...
GoBarber/src/server.js: {}
GoBarber/src/app.js: {}
GoBarber/src/app/models/User.js: {}
GoBarber/src/app.js: {}
GoBarber/src/database/index.js: {}
GoBarber/.sequelizerc: {}
GoBarber/src/routes.js: {}
GoBarber/src/app.js: {}
GoBarber/.eslintrc.js: {}
GoBarber/.eslintrc.js: {}
GoBarber/src/server.js: {}
GoBarber/src/server.js: Using EditorConfig core...
GoBarber/src/server.js: Using EditorConfig core...
GoBarber/src/server.js: Using EditorConfig core...
GoBarber/src/server.js: Using EditorConfig core...
GoBarber/src/server.js: Using EditorConfig core...
GoBarber/src/server.js: Using EditorConfig core...
GoBarber/src/server.js: Using EditorConfig core...
GoBarber/src/server.js: Using EditorConfig core...
GoBarber/~/.vscode-root/logs/20191226T145637/exthost1/output_logging_20191226T145710/2-EditorConfig.log: {}
GoBarber/~/.vscode-root/logs/20191227T155921/exthost1/output_logging_20191227T155938/3-EditorConfig.log: {}
GoBarber/~/.vscode-root/logs/20191228T155441/exthost1/output_logging_20191228T155449/2-EditorConfig.log: {}
GoBarber/package.json: {}
GoBarber/.sequelizerc: {}
GoBarber/src/routes.js: {}
GoBarber/package.json: {}
GoBarber/src/database/index.js: {}
GoBarber/src/server.js: {}
GoBarber/src/app.js: {}
GoBarber/package.json: {}
GoBarber/.sequelizerc: {}
GoBarber/.eslintrc.js: {}
GoBarber/.sequelizerc: {}
GoBarber/nodemon.json: {}
GoBarber/package.json: {}
GoBarber/package.json: Using EditorConfig core...
GoBarber/package.json: Using EditorConfig core...
GoBarber/package.json: {}
GoBarber/.vscode/launch.json: {}
GoBarber/.vscode/launch.json: Using EditorConfig core...
GoBarber/.vscode/launch.json: Using EditorConfig core...
GoBarber/.vscode/launch.json: Using EditorConfig core...
GoBarber/.vscode/launch.json: {}
GoBarber/.vscode/launch.json: {}
GoBarber/.vscode/launch.json: Using EditorConfig core...
GoBarber/.vscode/launch.json: Using EditorConfig core...
GoBarber/.vscode/launch.json: Using EditorConfig core...
GoBarber/.vscode/launch.json: Using EditorConfig core...
GoBarber/.vscode/launch.json: Using EditorConfig core...
GoBarber/src/database/index.js: {}
GoBarber/src/server.js: {}
GoBarber/src/database/index.js: {}
GoBarber/src/database/index.js: {}
GoBarber/.sequelizerc: {}
GoBarber/src/server.js: {}
GoBarber/src/server.js: {}
GoBarber/.vscode/launch.json: {}
GoBarber/.vscode/launch.json: {}
GoBarber/.vscode/launch.json: Using EditorConfig core...
GoBarber/.vscode/launch.json: {}
GoBarber/.vscode/launch.json: {}
GoBarber/.vscode/launch.json: {}
GoBarber/.vscode/launch.json: {}
GoBarber/.vscode/launch.json: {}
GoBarber/.vscode/launch.json: {}
GoBarber/.vscode/launch.json: {}
GoBarber/.vscode/launch.json: {}
GoBarber/.vscode/launch.json: {}
GoBarber/.vscode/launch.json: {}
GoBarber/.vscode/launch.json: Using EditorConfig core...
GoBarber/.vscode/launch.json: {}
GoBarber/.vscode/launch.json: {}
GoBarber/.vscode/launch.json: {}
GoBarber/.vscode/launch.json: {}
GoBarber/.vscode/launch.json: Using EditorConfig core...
GoBarber/.vscode/launch.json: {}
GoBarber/src/database/index.js: {}
GoBarber/src/server.js: {}
GoBarber/src/database/index.js: {}
GoBarber/.sequelizerc: {}
GoBarber/src/routes.js: {}
GoBarber/src/routes.js: Using EditorConfig core...
GoBarber/src/app.js: {}
GoBarber/src/server.js: {}
GoBarber/src/server.js: Using EditorConfig core...
GoBarber/src/server.js: Using EditorConfig core...
GoBarber/src/server.js: Using EditorConfig core...
GoBarber/src/server.js: {}
GoBarber/src/server.js: Using EditorConfig core...
GoBarber/package.json: {}
GoBarber/nodemon.json: {}
GoBarber/nodemon.json: Using EditorConfig core...
GoBarber/nodemon.json: {}
GoBarber/nodemon.json: {}
GoBarber/nodemon.json: {}
GoBarber/src/server.js: {}
GoBarber/src/routes.js: {}
GoBarber/src/app.js: {}
GoBarber/src/server.js: {}
GoBarber/src/routes.js: {}
GoBarber/src/server.js: {}
GoBarber/src/server.js: Using EditorConfig core...
GoBarber/src/app.js: {}
GoBarber/src/routes.js: {}
GoBarber/src/routes.js: Using EditorConfig core...
GoBarber/.sequelizerc: {}
GoBarber/src/routes.js: {}
GoBarber/src/database/index.js: {}
GoBarber/src/app/models/User.js: {}
GoBarber/package.json: {}
GoBarber/package.json: Using EditorConfig core...
GoBarber/package.json: Using EditorConfig core...
GoBarber/nodemon.json: {}
GoBarber/package.json: {}
GoBarber/nodemon.json: {}
GoBarber/nodemon.json: Using EditorConfig core...
GoBarber/nodemon.json: Using EditorConfig core...
GoBarber/package.json: {}
GoBarber/nodemon.json: {}
GoBarber/nodemon.json: Using EditorConfig core...
GoBarber/nodemon.json: Using EditorConfig core...
GoBarber/nodemon.json: Using EditorConfig core...
GoBarber/nodemon.json: Using EditorConfig core...
GoBarber/nodemon.json: Using EditorConfig core...
GoBarber/package.json: {}
GoBarber/package.json: Using EditorConfig core...
GoBarber/package.json: Using EditorConfig core...
GoBarber/nodemon.json: {}
GoBarber/nodemon.json: Using EditorConfig core...
GoBarber/package.json: {}
GoBarber/src/routes.js: {}
GoBarber/src/server.js: {}
GoBarber/src/app.js: {}
GoBarber/src/server.js: {}
GoBarber/src/routes.js: {}
GoBarber/src/app.js: {}
GoBarber/src/routes.js: {}
GoBarber/src/server.js: {}
GoBarber/src/server.js: Using EditorConfig core...
GoBarber/src/server.js: Using EditorConfig core...
GoBarber/src/app.js: {}
GoBarber/src/app.js: Using EditorConfig core...
GoBarber/src/app.js: Using EditorConfig core...
GoBarber/src/server.js: {}
GoBarber/src/server.js: Using EditorConfig core...
GoBarber/src/server.js: {}
GoBarber/src/routes.js: {}
GoBarber/src/database/index.js: {}
GoBarber/src/app.js: {}
GoBarber/src/app.js: Using EditorConfig core...
GoBarber/src/app.js: Using EditorConfig core...
GoBarber/src/app.js: Using EditorConfig core...
GoBarber/src/app.js: Using EditorConfig core...
GoBarber/src/app.js: Using EditorConfig core...
GoBarber/src/database/index.js: {}
GoBarber/src/server.js: {}
GoBarber/src/server.js: Using EditorConfig core...
GoBarber/src/server.js: Using EditorConfig core...
GoBarber/src/server.js: Using EditorConfig core...
GoBarber/src/server.js: Using EditorConfig core...
GoBarber/.vscode/launch.json: {}
GoBarber/.vscode/launch.json: Using EditorConfig core...
GoBarber/.vscode/launch.json: Using EditorConfig core...
GoBarber/src/database/index.js: {}
GoBarber/src/app.js: {}
GoBarber/package.json: {}
GoBarber/package.json: Using EditorConfig core...
GoBarber/nodemon.json: {}
GoBarber/nodemon.json: Using EditorConfig core...
GoBarber/nodemon.json: {}
GoBarber/nodemon.json: {}
GoBarber/src/database/index.js: {}
GoBarber/src/app/models/User.js: {}
GoBarber/package.json: {}
GoBarber/src/app/models/User.js: {}
GoBarber/nodemon.json: {}
GoBarber/.vscode/launch.json: {}
GoBarber/src/server.js: {}
GoBarber/src/app.js: {}
GoBarber/src/routes.js: {}
GoBarber/src/routes.js: {}
GoBarber/src/routes.js: Using EditorConfig core...
GoBarber/src/routes.js: {}
GoBarber/src/routes.js: Using EditorConfig core...
GoBarber/src/routes.js: {}
GoBarber/src/server.js: {}
GoBarber/src/database/index.js: {}
GoBarber/src/app/models/User.js: {}
GoBarber/nodemon.json: {}
GoBarber/.vscode/launch.json: {}
GoBarber/src/app.js: {}
GoBarber/.sequelizerc: {}
GoBarber/editorconfig: {}
GoBarber/.sequelizerc: {}
GoBarber/src/config/database.js: {}
GoBarber/src/config/database.js: {}
GoBarber/src/config/database.js: {}
GoBarber/src/config/database.js: {}
GoBarber/src/config/database.js: {}
GoBarber/src/routes.js: {}
GoBarber/src/server.js: {}
GoBarber/src/database/index.js: {}
GoBarber/src/app/models/User.js: {}
GoBarber/nodemon.json: {}
GoBarber/.vscode/launch.json: {}
GoBarber/src/app.js: {}
GoBarber/src/config/database.js: {}
GoBarber/src/config/database.js: Using EditorConfig core...
GoBarber/src/config/database.js: {}
GoBarber/src/config/database.js: Using EditorConfig core...
GoBarber/src/config/database.js: {}
GoBarber/src/database/index.js: {}
GoBarber/src/database/index.js: {}
GoBarber/src/app/models/User.js: {}
GoBarber/nodemon.json: {}
GoBarber/.vscode/launch.json: {}
GoBarber/src/config/database.js: {}
GoBarber/src/routes.js: {}
GoBarber/src/server.js: {}
GoBarber/src/database/index.js: {}
GoBarber/src/app/models/User.js: {}
GoBarber/src/app/models/User.js: {}
GoBarber/src/app/models/User.js: {}
GoBarber/src/app/models/User.js: {}
GoBarber/src/app/models/User.js: {}
GoBarber/src/database/index.js: {}
GoBarber/src/routes.js: {}
GoBarber/src/config/database.js: {}
GoBarber/src/config/database.js: {}
