Initializing document watcher...
GoBarber/src/app/controllers/UserController.js: {}
GoBarber/src/app/controllers/UserController.js: Using EditorConfig core...
GoBarber/src/app/controllers/UserController.js: Using EditorConfig core...
GoBarber/src/app/controllers/UserController.js: Using EditorConfig core...
GoBarber/src/app/controllers/UserController.js: {}
GoBarber/src/app/controllers/UserController.js: {}
GoBarber/src/app/models/User.js: {}
GoBarber/src/app/models/User.js: {}
GoBarber/src/app/models/User.js: {}
GoBarber/src/app/controllers/UserController.js: {}
GoBarber/src/app/controllers/UserController.js: Using EditorConfig core...
GoBarber/src/app/controllers/UserController.js: {}
GoBarber/src/app/controllers/UserController.js: {}
GoBarber/src/app/controllers/UserController.js: {}
GoBarber/src/app/controllers/UserController.js: {}
GoBarber/src/app/controllers/UserController.js: {}
GoBarber/src/app/models/User.js: {}
GoBarber/src/app/models/User.js: Using EditorConfig core...
GoBarber/src/app/models/User.js: Using EditorConfig core...
GoBarber/src/app/models/User.js: Using EditorConfig core...
GoBarber/src/app/models/User.js: {}
GoBarber/src/app/controllers/UserController.js: {}
GoBarber/src/database/index.js: {}
GoBarber/.sequelizerc: {}
GoBarber/src/app/controllers/UserController.js: {}
GoBarber/nodemon.json: {}
GoBarber/src/app/controllers/UserController.js: {}
GoBarber/src/app.js: {}
GoBarber/src/app/controllers/UserController.js: {}
GoBarber/src/routes.js: {}
GoBarber/src/app/controllers/UserController.js: {}
GoBarber/src/app/models/User.js: {}
GoBarber/src/app/models/User.js: {}
GoBarber/id_rsaa.pub: {}
GoBarber/id_rsaa: {}
GoBarber/id_rsaa: {}
GoBarber/id_rsaa: {}
GoBarber/src/app/models/User.js: {}
GoBarber/id_rsaa.pub: {}
GoBarber/id_rsaa.pub: {}
GoBarber/id_rsaa.pub: {}
GoBarber/src/app/models/User.js: {}
GoBarber/src/app/models/User.js: {}
GoBarber/src/app/models/User.js: {}
GoBarber/src/app/models/User.js: {}
GoBarber/src/app/models/User.js: {}
GoBarber/src/app/models/User.js: {}
GoBarber/src/app/models/User.js: Using EditorConfig core...
GoBarber/src/app/models/User.js: {}
GoBarber/src/app/models/User.js: Using EditorConfig core...
GoBarber/src/app/models/User.js: {}
GoBarber/src/app/models/User.js: {}
GoBarber/src/app/models/User.js: {}
GoBarber/src/app/models/User.js: {}
GoBarber/src/app/controllers/SessionController.js: {}
GoBarber/src/app/controllers/SessionController.js: {}
GoBarber/src/app/controllers/SessionController.js: Using EditorConfig core...
GoBarber/src/app/controllers/SessionController.js: {}
GoBarber/src/app/controllers/SessionController.js: Using EditorConfig core...
GoBarber/src/app/controllers/SessionController.js: {}
GoBarber/src/app/controllers/SessionController.js: {}
GoBarber/src/app/controllers/SessionController.js: {}
GoBarber/src/app/controllers/SessionController.js: Using EditorConfig core...
GoBarber/src/app/controllers/SessionController.js: Using EditorConfig core...
GoBarber/src/app/controllers/SessionController.js: {}
GoBarber/src/app/controllers/SessionController.js: Using EditorConfig core...
GoBarber/src/app/models/User.js: {}
GoBarber/src/app/models/User.js: Using EditorConfig core...
GoBarber/src/app/models/User.js: Using EditorConfig core...
GoBarber/src/app/models/User.js: {}
GoBarber/src/app/controllers/SessionController.js: {}
GoBarber/src/app/controllers/SessionController.js: Using EditorConfig core...
GoBarber/src/app/controllers/SessionController.js: Using EditorConfig core...
GoBarber/src/app/controllers/SessionController.js: Using EditorConfig core...
GoBarber/src/app/controllers/SessionController.js: Using EditorConfig core...
GoBarber/src/app/controllers/SessionController.js: {}
GoBarber/src/app/controllers/SessionController.js: Using EditorConfig core...
GoBarber/src/app/controllers/SessionController.js: {}
GoBarber/src/app/controllers/SessionController.js: Using EditorConfig core...
GoBarber/src/app/controllers/SessionController.js: Using EditorConfig core...
GoBarber/src/app/controllers/SessionController.js: {}
GoBarber/src/app/controllers/SessionController.js: Using EditorConfig core...
GoBarber/src/app/controllers/SessionController.js: Using EditorConfig core...
GoBarber/src/app/controllers/SessionController.js: {}
GoBarber/src/app/controllers/SessionController.js: Using EditorConfig core...
GoBarber/src/app/controllers/SessionController.js: {}
GoBarber/src/app/controllers/SessionController.js: Using EditorConfig core...
GoBarber/src/app/controllers/SessionController.js: {}
GoBarber/src/app/controllers/SessionController.js: {}
GoBarber/src/app/controllers/SessionController.js: Using EditorConfig core...
GoBarber/src/app/controllers/SessionController.js: {}
GoBarber/src/routes.js: {}
GoBarber/src/routes.js: Using EditorConfig core...
GoBarber/src/app/controllers/UserController.js: {}
GoBarber/src/routes.js: {}
GoBarber/src/routes.js: {}
GoBarber/src/routes.js: {}
GoBarber/src/routes.js: Using EditorConfig core...
GoBarber/src/app/controllers/UserController.js: {}
GoBarber/src/app/controllers/SessionController.js: {}
GoBarber/src/app/controllers/SessionController.js: Using EditorConfig core...
GoBarber/src/app/controllers/SessionController.js: {}
GoBarber/src/routes.js: {}
GoBarber/src/routes.js: Using EditorConfig core...
GoBarber/src/routes.js: {}
GoBarber/src/app/controllers/SessionController.js: {}
GoBarber/src/routes.js: {}
GoBarber/src/app/controllers/UserController.js: {}
GoBarber/src/app/controllers/SessionController.js: {}
GoBarber/src/app/controllers/SessionController.js: Using EditorConfig core...
GoBarber/src/app/controllers/SessionController.js: {}
GoBarber/src/app/controllers/SessionController.js: Using EditorConfig core...
GoBarber/src/app/controllers/SessionController.js: Using EditorConfig core...
GoBarber/src/app/controllers/SessionController.js: Using EditorConfig core...
GoBarber/src/app/controllers/SessionController.js: {}
GoBarber/src/app/controllers/SessionController.js: {}
GoBarber/src/app/controllers/SessionController.js: {}
GoBarber/src/app/controllers/SessionController.js: Using EditorConfig core...
GoBarber/src/app/models/User.js: {}
GoBarber/src/routes.js: {}
GoBarber/src/routes.js: Using EditorConfig core...
GoBarber/src/routes.js: Using EditorConfig core...
GoBarber/src/app/controllers/UserController.js: {}
GoBarber/src/routes.js: {}
GoBarber/src/app/controllers/SessionController.js: {}
GoBarber/src/app/controllers/SessionController.js: {}
GoBarber/src/app/controllers/SessionController.js: Using EditorConfig core...
GoBarber/src/app/controllers/SessionController.js: {}
GoBarber/src/routes.js: {}
GoBarber/package.json: {}
GoBarber/nodemon.json: {}
GoBarber/src/app/controllers/SessionController.js: {}
GoBarber/src/routes.js: {}
GoBarber/src/routes.js: Using EditorConfig core...
GoBarber/src/routes.js: {}
GoBarber/src/routes.js: Using EditorConfig core...
GoBarber/src/routes.js: {}
GoBarber/src/routes.js: {}
GoBarber/src/routes.js: {}
GoBarber/src/routes.js: {}
GoBarber/src/routes.js: {}
GoBarber/src/app/controllers/SessionController.js: {}
GoBarber/src/app/controllers/SessionController.js: {}
GoBarber/src/app/controllers/SessionController.js: {}
GoBarber/src/app/controllers/SessionController.js: {}
GoBarber/src/app/controllers/SessionController.js: {}
GoBarber/src/app/controllers/SessionController.js: {}
GoBarber/src/app/controllers/SessionController.js: Using EditorConfig core...
GoBarber/src/app/controllers/SessionController.js: {}
GoBarber/src/config/auth.js: {}
GoBarber/src/config/auth.js: Using EditorConfig core...
GoBarber/src/config/auth.js: {}
GoBarber/src/app/controllers/SessionController.js: {}
GoBarber/src/app/controllers/SessionController.js: Using EditorConfig core...
GoBarber/src/app/controllers/SessionController.js: {}
GoBarber/src/app/controllers/SessionController.js: Using EditorConfig core...
GoBarber/src/app/controllers/SessionController.js: {}
GoBarber/src/config/auth.js: {}
GoBarber/src/config/auth.js: {}
GoBarber/src/app/controllers/SessionController.js: {}
GoBarber/src/app/controllers/SessionController.js: Using EditorConfig core...
GoBarber/src/app/controllers/SessionController.js: {}
GoBarber/src/config/auth.js: {}
GoBarber/src/config/auth.js: Using EditorConfig core...
GoBarber/src/config/auth.js: {}
GoBarber/src/app/controllers/SessionController.js: {}
GoBarber/src/config/auth.js: {}
GoBarber/src/routes.js: {}
GoBarber/nodemon.json: {}
GoBarber/src/app/controllers/UserController.js: {}
GoBarber/src/app/models/User.js: {}
GoBarber/src/app/controllers/UserController.js: {}
GoBarber/src/app/controllers/UserController.js: Using EditorConfig core...
GoBarber/src/app/controllers/UserController.js: Using EditorConfig core...
GoBarber/src/app/controllers/UserController.js: {}
GoBarber/src/routes.js: {}
GoBarber/src/routes.js: Using EditorConfig core...
GoBarber/src/routes.js: {}
GoBarber/src/routes.js: {}
GoBarber/src/routes.js: {}
GoBarber/src/app/controllers/UserController.js: {}
GoBarber/src/app/controllers/SessionController.js: {}
GoBarber/src/app/controllers/SessionController.js: {}
GoBarber/src/app/controllers/SessionController.js: Using EditorConfig core...
GoBarber/src/app/controllers/SessionController.js: Using EditorConfig core...
GoBarber/src/app/controllers/SessionController.js: {}
GoBarber/src/app/controllers/SessionController.js: {}
GoBarber/src/app/controllers/SessionController.js: {}
GoBarber/src/app/controllers/SessionController.js: Using EditorConfig core...
GoBarber/src/app/controllers/SessionController.js: Using EditorConfig core...
GoBarber/src/app/controllers/SessionController.js: {}
GoBarber/src/app/controllers/UserController.js: {}
GoBarber/src/app/controllers/SessionController.js: {}
GoBarber/src/app/models/User.js: {}
GoBarber/src/app/models/User.js: Using EditorConfig core...
GoBarber/src/app/models/User.js: {}
GoBarber/src/app/controllers/UserController.js: {}
GoBarber/src/app/controllers/SessionController.js: {}
GoBarber/src/app/controllers/SessionController.js: Using EditorConfig core...
GoBarber/src/app/controllers/SessionController.js: {}
GoBarber/src/app/controllers/UserController.js: {}
GoBarber/src/app/models/User.js: {}
GoBarber/src/app/models/User.js: Using EditorConfig core...
GoBarber/src/app/controllers/UserController.js: {}
GoBarber/src/app/controllers/SessionController.js: {}
GoBarber/src/app/controllers/SessionController.js: Using EditorConfig core...
GoBarber/src/app/controllers/SessionController.js: {}
GoBarber/src/app/controllers/SessionController.js: Using EditorConfig core...
GoBarber/src/app/controllers/SessionController.js: {}
GoBarber/src/app/models/User.js: {}
GoBarber/src/app/controllers/SessionController.js: {}
GoBarber/src/app/controllers/SessionController.js: {}
GoBarber/src/app/controllers/SessionController.js: Using EditorConfig core...
GoBarber/src/app/controllers/SessionController.js: {}
GoBarber/src/app/controllers/SessionController.js: {}
GoBarber/src/app/models/User.js: {}
GoBarber/src/app/models/User.js: {}
GoBarber/src/app/models/User.js: {}
GoBarber/src/app/controllers/UserController.js: {}
GoBarber/src/app/controllers/SessionController.js: {}
GoBarber/src/app/controllers/SessionController.js: Using EditorConfig core...
GoBarber/src/app/controllers/SessionController.js: {}
GoBarber/src/app/controllers/SessionController.js: Using EditorConfig core...
GoBarber/src/app/controllers/SessionController.js: Using EditorConfig core...
GoBarber/src/app/controllers/SessionController.js: Using EditorConfig core...
GoBarber/src/app/controllers/SessionController.js: {}
GoBarber/src/app/controllers/SessionController.js: {}
GoBarber/src/app/controllers/SessionController.js: Using EditorConfig core...
GoBarber/src/app/controllers/SessionController.js: {}
GoBarber/src/app/controllers/SessionController.js: {}
GoBarber/src/app/controllers/SessionController.js: Using EditorConfig core...
GoBarber/src/app/controllers/SessionController.js: {}
GoBarber/src/app/controllers/SessionController.js: {}
GoBarber/src/app/controllers/SessionController.js: {}
GoBarber/src/app/controllers/SessionController.js: Using EditorConfig core...
GoBarber/src/app/controllers/SessionController.js: {}
GoBarber/src/app/controllers/SessionController.js: Using EditorConfig core...
GoBarber/src/app/controllers/SessionController.js: {}
GoBarber/src/app/controllers/SessionController.js: {}
GoBarber/src/app/controllers/SessionController.js: {}
GoBarber/src/app/controllers/SessionController.js: {}
GoBarber/src/app/controllers/SessionController.js: {}
GoBarber/src/app/controllers/SessionController.js: {}
GoBarber/src/app/controllers/SessionController.js: {}
GoBarber/src/app/models/User.js: {}
GoBarber/src/routes.js: {}
GoBarber/src/config/auth.js: {}
GoBarber/src/config/auth.js: {}
GoBarber/src/app/middlewares/auth.js: {}
GoBarber/src/app/middlewares/auth.js: {}
GoBarber/src/app/middlewares/auth.js: Using EditorConfig core...
GoBarber/src/app/middlewares/auth.js: Using EditorConfig core...
GoBarber/src/config/auth.js: {}
GoBarber/src/app/middlewares/auth.js: {}
GoBarber/src/routes.js: {}
GoBarber/src/routes.js: {}
GoBarber/src/routes.js: Using EditorConfig core...
GoBarber/src/routes.js: {}
GoBarber/src/routes.js: {}
GoBarber/src/routes.js: {}
GoBarber/src/routes.js: Using EditorConfig core...
GoBarber/src/routes.js: {}
GoBarber/src/routes.js: {}
GoBarber/src/app/middlewares/auth.js: {}
GoBarber/src/app/middlewares/auth.js: Using EditorConfig core...
GoBarber/src/app/middlewares/auth.js: Using EditorConfig core...
GoBarber/src/app/middlewares/auth.js: Using EditorConfig core...
GoBarber/src/app/middlewares/auth.js: Using EditorConfig core...
GoBarber/src/app/middlewares/auth.js: Using EditorConfig core...
GoBarber/src/app/middlewares/auth.js: Using EditorConfig core...
GoBarber/src/app/middlewares/auth.js: Using EditorConfig core...
GoBarber/src/app/middlewares/auth.js: Using EditorConfig core...
GoBarber/src/app/middlewares/auth.js: Using EditorConfig core...
GoBarber/src/app/middlewares/auth.js: {}
GoBarber/src/app/middlewares/auth.js: Using EditorConfig core...
GoBarber/src/app/middlewares/auth.js: {}
GoBarber/src/app/middlewares/auth.js: Using EditorConfig core...
GoBarber/src/app/middlewares/auth.js: Using EditorConfig core...
GoBarber/src/app/middlewares/auth.js: Using EditorConfig core...
GoBarber/src/app/middlewares/auth.js: {}
GoBarber/src/app/middlewares/auth.js: {}
GoBarber/src/app/middlewares/auth.js: {}
GoBarber/src/routes.js: {}
GoBarber/src/routes.js: {}
GoBarber/src/app/middlewares/auth.js: {}
GoBarber/src/app/middlewares/auth.js: Using EditorConfig core...
GoBarber/src/app/middlewares/auth.js: {}
GoBarber/src/app/controllers/UserController.js: {}
GoBarber/src/app/controllers/UserController.js: Using EditorConfig core...
GoBarber/src/app/controllers/UserController.js: {}
GoBarber/src/app/controllers/UserController.js: {}
GoBarber/src/app/controllers/UserController.js: {}
GoBarber/src/app/middlewares/auth.js: {}
GoBarber/src/app/middlewares/auth.js: {}
GoBarber/src/routes.js: {}
GoBarber/src/app/controllers/UserController.js: {}
GoBarber/src/app/middlewares/auth.js: {}
GoBarber/src/app/controllers/UserController.js: {}
GoBarber/src/app/middlewares/auth.js: {}
GoBarber/src/app/controllers/UserController.js: {}
GoBarber/src/app/controllers/UserController.js: Using EditorConfig core...
GoBarber/src/app/controllers/UserController.js: {}
GoBarber/src/app/controllers/UserController.js: {}
GoBarber/src/app/controllers/UserController.js: {}
GoBarber/src/app/middlewares/auth.js: {}
GoBarber/src/app/middlewares/auth.js: Using EditorConfig core...
GoBarber/src/app/middlewares/auth.js: Using EditorConfig core...
GoBarber/src/app/middlewares/auth.js: Using EditorConfig core...
GoBarber/src/app/middlewares/auth.js: Using EditorConfig core...
GoBarber/src/routes.js: {}
GoBarber/src/app/middlewares/auth.js: {}
GoBarber/src/app/controllers/UserController.js: {}
GoBarber/src/app/controllers/UserController.js: Using EditorConfig core...
GoBarber/src/app/middlewares/auth.js: {}
GoBarber/src/app/middlewares/auth.js: {}
GoBarber/src/app/middlewares/auth.js: {}
GoBarber/src/app/controllers/UserController.js: {}
GoBarber/src/app/middlewares/auth.js: {}
GoBarber/src/app/middlewares/auth.js: {}
GoBarber/src/app/middlewares/auth.js: Using EditorConfig core...
GoBarber/src/app/middlewares/auth.js: {}
GoBarber/src/app/middlewares/auth.js: Using EditorConfig core...
GoBarber/src/app/middlewares/auth.js: {}
GoBarber/src/app/middlewares/auth.js: Using EditorConfig core...
GoBarber/src/app/middlewares/auth.js: {}
GoBarber/src/app/middlewares/auth.js: Using EditorConfig core...
GoBarber/src/app/middlewares/auth.js: {}
GoBarber/src/app/middlewares/auth.js: {}
GoBarber/src/app/middlewares/auth.js: {}
GoBarber/src/app/middlewares/auth.js: {}
GoBarber/src/app/controllers/UserController.js: {}
GoBarber/src/app/controllers/UserController.js: {}
GoBarber/src/app/controllers/UserController.js: Using EditorConfig core...
GoBarber/src/app/middlewares/auth.js: {}
GoBarber/src/app/middlewares/auth.js: Using EditorConfig core...
GoBarber/src/app/middlewares/auth.js: {}
GoBarber/src/app/middlewares/auth.js: {}
GoBarber/src/app/middlewares/auth.js: {}
GoBarber/src/app/controllers/UserController.js: {}
GoBarber/src/app/controllers/UserController.js: {}
GoBarber/src/app/controllers/UserController.js: {}
GoBarber/src/app/controllers/UserController.js: {}
GoBarber/src/app/middlewares/auth.js: {}
GoBarber/src/app/middlewares/auth.js: Using EditorConfig core...
GoBarber/src/app/middlewares/auth.js: Using EditorConfig core...
GoBarber/src/app/middlewares/auth.js: Using EditorConfig core...
GoBarber/src/app/middlewares/auth.js: {}
GoBarber/src/app/middlewares/auth.js: {}
GoBarber/src/app/middlewares/auth.js: Using EditorConfig core...
GoBarber/src/app/middlewares/auth.js: {}
GoBarber/src/app/middlewares/auth.js: Using EditorConfig core...
GoBarber/src/app/middlewares/auth.js: {}
GoBarber/src/app/middlewares/auth.js: Using EditorConfig core...
GoBarber/src/app/controllers/UserController.js: {}
GoBarber/src/app/controllers/UserController.js: Using EditorConfig core...
GoBarber/src/app/controllers/UserController.js: {}
GoBarber/src/app/controllers/UserController.js: Using EditorConfig core...
GoBarber/src/app/controllers/UserController.js: {}
GoBarber/src/app/controllers/UserController.js: Using EditorConfig core...
GoBarber/src/app/controllers/UserController.js: {}
GoBarber/src/app/controllers/UserController.js: Using EditorConfig core...
GoBarber/src/app/controllers/UserController.js: Using EditorConfig core...
GoBarber/src/app/controllers/UserController.js: Using EditorConfig core...
GoBarber/src/app/controllers/UserController.js: {}
GoBarber/src/app/controllers/UserController.js: {}
GoBarber/src/app/middlewares/auth.js: {}
GoBarber/src/app/controllers/UserController.js: {}
GoBarber/src/app/controllers/UserController.js: Using EditorConfig core...
GoBarber/src/app/controllers/UserController.js: Using EditorConfig core...
GoBarber/src/app/controllers/UserController.js: Using EditorConfig core...
GoBarber/src/app/controllers/UserController.js: {}
GoBarber/src/app/controllers/UserController.js: Using EditorConfig core...
GoBarber/src/app/controllers/UserController.js: Using EditorConfig core...
GoBarber/src/app/controllers/UserController.js: Using EditorConfig core...
GoBarber/src/app/controllers/UserController.js: {}
GoBarber/src/app/controllers/UserController.js: Using EditorConfig core...
GoBarber/src/app/controllers/UserController.js: {}
GoBarber/src/app/controllers/UserController.js: {}
GoBarber/src/app/controllers/UserController.js: {}
GoBarber/src/app/controllers/UserController.js: Using EditorConfig core...
GoBarber/src/app/controllers/UserController.js: Using EditorConfig core...
GoBarber/src/app/controllers/UserController.js: Using EditorConfig core...
GoBarber/src/app/controllers/UserController.js: {}
GoBarber/src/app/controllers/UserController.js: {}
GoBarber/src/app/controllers/UserController.js: {}
GoBarber/src/app/controllers/UserController.js: Using EditorConfig core...
GoBarber/src/app/controllers/UserController.js: {}
GoBarber/src/app/controllers/UserController.js: {}
GoBarber/src/app/controllers/UserController.js: Using EditorConfig core...
GoBarber/src/app/controllers/UserController.js: {}
GoBarber/src/app/controllers/UserController.js: {}
GoBarber/src/app/controllers/UserController.js: {}
GoBarber/src/app/controllers/UserController.js: {}
GoBarber/src/app/controllers/UserController.js: {}
GoBarber/src/app/controllers/UserController.js: {}
GoBarber/src/app/controllers/UserController.js: {}
GoBarber/src/app/controllers/UserController.js: {}
GoBarber/src/app/controllers/UserController.js: {}
GoBarber/src/app/controllers/UserController.js: {}
GoBarber/src/app/controllers/UserController.js: {}
GoBarber/src/app/controllers/UserController.js: {}
GoBarber/src/app/controllers/UserController.js: {}
GoBarber/src/app/controllers/UserController.js: {}
GoBarber/src/app/controllers/UserController.js: {}
GoBarber/src/app/controllers/UserController.js: Using EditorConfig core...
GoBarber/src/app/controllers/UserController.js: {}
GoBarber/src/app/controllers/UserController.js: Using EditorConfig core...
GoBarber/src/app/controllers/UserController.js: Using EditorConfig core...
GoBarber/src/app/controllers/UserController.js: {}
GoBarber/src/app/controllers/UserController.js: {}
GoBarber/src/app/controllers/UserController.js: Using EditorConfig core...
GoBarber/src/app/controllers/UserController.js: {}
GoBarber/src/app/controllers/UserController.js: Using EditorConfig core...
GoBarber/src/app/controllers/UserController.js: {}
GoBarber/src/app/middlewares/auth.js: {}
GoBarber/src/app/middlewares/auth.js: {}
GoBarber/src/app/controllers/UserController.js: {}
GoBarber/src/app/controllers/UserController.js: {}
GoBarber/src/app/controllers/UserController.js: {}
GoBarber/src/app/controllers/UserController.js: Using EditorConfig core...
GoBarber/src/app/controllers/UserController.js: {}
GoBarber/src/app/middlewares/auth.js: {}
GoBarber/src/app/controllers/UserController.js: {}
GoBarber/src/app/middlewares/auth.js: {}
GoBarber/src/app/controllers/UserController.js: {}
GoBarber/src/app/controllers/UserController.js: Using EditorConfig core...
GoBarber/src/app/controllers/UserController.js: {}
GoBarber/src/app/controllers/UserController.js: Using EditorConfig core...
GoBarber/src/app/controllers/UserController.js: {}
GoBarber/src/app/controllers/UserController.js: Using EditorConfig core...
GoBarber/src/app/controllers/UserController.js: {}
GoBarber/src/app/controllers/UserController.js: Using EditorConfig core...
GoBarber/src/app/controllers/UserController.js: {}
GoBarber/src/app/middlewares/auth.js: {}
GoBarber/src/app/controllers/SessionController.js: {}
GoBarber/src/app/controllers/SessionController.js: Using EditorConfig core...
GoBarber/src/app/controllers/UserController.js: {}
GoBarber/src/app/controllers/UserController.js: Using EditorConfig core...
GoBarber/src/app/controllers/SessionController.js: {}
GoBarber/src/app/controllers/SessionController.js: {}
GoBarber/src/app/controllers/SessionController.js: {}
GoBarber/src/app/controllers/SessionController.js: Using EditorConfig core...
GoBarber/src/app/controllers/SessionController.js: {}
GoBarber/src/app/controllers/SessionController.js: {}
GoBarber/src/app/controllers/UserController.js: {}
GoBarber/src/app/controllers/SessionController.js: {}
GoBarber/src/app/controllers/SessionController.js: Using EditorConfig core...
GoBarber/src/app/controllers/UserController.js: {}
GoBarber/src/app/controllers/UserController.js: Using EditorConfig core...
GoBarber/src/app/controllers/UserController.js: {}
GoBarber/src/app/controllers/UserController.js: Using EditorConfig core...
GoBarber/src/app/controllers/UserController.js: {}
GoBarber/src/app/controllers/UserController.js: Using EditorConfig core...
GoBarber/src/app/controllers/UserController.js: {}
GoBarber/src/routes.js: {}
GoBarber/src/routes.js: {}
GoBarber/src/app/controllers/UserController.js: {}
GoBarber/src/app/controllers/UserController.js: {}
GoBarber/src/app/controllers/UserController.js: {}
GoBarber/src/app/controllers/UserController.js: {}
GoBarber/src/app/controllers/UserController.js: {}
GoBarber/src/app/controllers/UserController.js: {}
GoBarber/src/app/controllers/UserController.js: Using EditorConfig core...
GoBarber/src/app/controllers/SessionController.js: {}
GoBarber/src/app/controllers/SessionController.js: {}
GoBarber/src/app/controllers/UserController.js: {}
GoBarber/src/app/controllers/SessionController.js: {}
GoBarber/src/app/controllers/UserController.js: {}
GoBarber/src/app/controllers/SessionController.js: {}
GoBarber/src/app/controllers/SessionController.js: {}
GoBarber/src/app/controllers/UserController.js: {}
GoBarber/src/app/controllers/UserController.js: {}
GoBarber/src/app/models/User.js: {}
GoBarber/src/app/models/User.js: {}
GoBarber/src/app/models/User.js: {}
GoBarber/src/app/models/User.js: {}
GoBarber/src/app/controllers/UserController.js: {}
GoBarber/src/app/controllers/SessionController.js: {}
GoBarber/src/app/models/User.js: {}
GoBarber/src/app/models/User.js: {}
GoBarber/src/app/models/User.js: {}
GoBarber/src/app/models/User.js: {}
GoBarber/src/app/models/User.js: {}
GoBarber/src/app/models/User.js: {}
GoBarber/src/app/controllers/UserController.js: {}
GoBarber/src/app/controllers/UserController.js: Using EditorConfig core...
GoBarber/src/app/controllers/UserController.js: {}
GoBarber/src/app/controllers/UserController.js: {}
GoBarber/src/app/controllers/SessionController.js: {}
GoBarber/src/app/controllers/SessionController.js: Using EditorConfig core...
GoBarber/src/app/controllers/SessionController.js: {}
GoBarber/src/app/controllers/SessionController.js: {}
GoBarber/src/app/controllers/SessionController.js: Using EditorConfig core...
GoBarber/src/app/controllers/SessionController.js: {}
GoBarber/src/app/controllers/SessionController.js: Using EditorConfig core...
GoBarber/src/app/controllers/SessionController.js: Using EditorConfig core...
GoBarber/src/app/controllers/SessionController.js: {}
GoBarber/src/app/controllers/SessionController.js: Using EditorConfig core...
GoBarber/src/app/controllers/SessionController.js: {}
GoBarber/src/app/controllers/SessionController.js: Using EditorConfig core...
GoBarber/src/app/controllers/SessionController.js: {}
GoBarber/src/app/controllers/SessionController.js: Using EditorConfig core...
GoBarber/src/app/controllers/SessionController.js: {}
GoBarber/src/app/controllers/SessionController.js: Using EditorConfig core...
GoBarber/src/app/controllers/SessionController.js: {}
GoBarber/src/app/controllers/SessionController.js: {}
GoBarber/src/app/controllers/SessionController.js: {}
GoBarber/src/app/controllers/SessionController.js: {}
GoBarber/src/app/controllers/SessionController.js: {}
GoBarber/src/app/controllers/UserController.js: {}
GoBarber/src/app/controllers/UserController.js: Using EditorConfig core...
GoBarber/src/app/controllers/UserController.js: {}
GoBarber/src/app/controllers/UserController.js: Using EditorConfig core...
GoBarber/src/app/controllers/UserController.js: {}
GoBarber/src/app/controllers/SessionController.js: {}
GoBarber/src/app/controllers/SessionController.js: Using EditorConfig core...
GoBarber/src/app/controllers/UserController.js: {}
GoBarber/src/app/controllers/UserController.js: {}
GoBarber/src/app/controllers/UserController.js: {}
GoBarber/src/app/controllers/UserController.js: Using EditorConfig core...
GoBarber/src/app/controllers/UserController.js: {}
GoBarber/src/app/controllers/UserController.js: {}
GoBarber/src/app/controllers/UserController.js: {}
GoBarber/src/app/controllers/UserController.js: Using EditorConfig core...
GoBarber/src/app/controllers/UserController.js: Using EditorConfig core...
GoBarber/src/app/controllers/UserController.js: Using EditorConfig core...
GoBarber/src/app/controllers/UserController.js: {}
GoBarber/src/app/controllers/UserController.js: {}
GoBarber/src/app/controllers/SessionController.js: {}
GoBarber/src/app/controllers/SessionController.js: {}
GoBarber/src/app/controllers/SessionController.js: Using EditorConfig core...
GoBarber/src/app/controllers/SessionController.js: {}
GoBarber/src/app/controllers/SessionController.js: Using EditorConfig core...
GoBarber/src/app/controllers/SessionController.js: {}
GoBarber/src/app/controllers/SessionController.js: {}
GoBarber/src/app/controllers/SessionController.js: Using EditorConfig core...
GoBarber/src/app/controllers/SessionController.js: Using EditorConfig core...
GoBarber/src/app/controllers/SessionController.js: {}
GoBarber/src/app/controllers/SessionController.js: {}
GoBarber/src/app/controllers/SessionController.js: {}
GoBarber/src/app/controllers/SessionController.js: {}
GoBarber/src/app/controllers/SessionController.js: {}
GoBarber/src/app/controllers/SessionController.js: Using EditorConfig core...
GoBarber/src/app/controllers/SessionController.js: {}
GoBarber/src/app/controllers/SessionController.js: {}
GoBarber/src/app/controllers/SessionController.js: Using EditorConfig core...
GoBarber/src/app/controllers/SessionController.js: {}
GoBarber/src/app/controllers/SessionController.js: Using EditorConfig core...
GoBarber/src/app/controllers/SessionController.js: Using EditorConfig core...
GoBarber/src/app/controllers/SessionController.js: Using EditorConfig core...
GoBarber/src/app/controllers/SessionController.js: {}
GoBarber/src/app/middlewares/auth.js: {}
GoBarber/src/app/controllers/SessionController.js: {}
GoBarber/src/app/controllers/UserController.js: {}
GoBarber/src/app/controllers/SessionController.js: {}
GoBarber/src/app/controllers/SessionController.js: Using EditorConfig core...
GoBarber/src/app/controllers/SessionController.js: {}
GoBarber/src/app/controllers/SessionController.js: Using EditorConfig core...
GoBarber/src/app/controllers/SessionController.js: Using EditorConfig core...
GoBarber/src/app/controllers/SessionController.js: Using EditorConfig core...
GoBarber/src/app/controllers/SessionController.js: Using EditorConfig core...
GoBarber/src/app/controllers/SessionController.js: {}
GoBarber/src/app/models/User.js: {}
GoBarber/src/app/models/User.js: {}
GoBarber/src/app/models/User.js: {}
GoBarber/src/app/models/User.js: {}
GoBarber/src/app/models/User.js: {}
GoBarber/src/app/models/User.js: {}
GoBarber/src/app/controllers/UserController.js: {}
GoBarber/src/app/models/User.js: {}
GoBarber/src/app/models/User.js: Using EditorConfig core...
GoBarber/src/app/controllers/UserController.js: {}
GoBarber/src/app/controllers/SessionController.js: {}
GoBarber/src/app/controllers/SessionController.js: Using EditorConfig core...
GoBarber/src/app/controllers/SessionController.js: {}
GoBarber/src/app/controllers/SessionController.js: Using EditorConfig core...
GoBarber/src/app/controllers/SessionController.js: {}
GoBarber/src/app/controllers/SessionController.js: Using EditorConfig core...
GoBarber/src/app/controllers/SessionController.js: {}
GoBarber/src/app/controllers/SessionController.js: {}
GoBarber/src/app/models/User.js: {}
GoBarber/src/app/models/User.js: Using EditorConfig core...
GoBarber/src/app/models/User.js: {}
GoBarber/src/app/models/User.js: {}
GoBarber/src/app/models/User.js: Using EditorConfig core...
GoBarber/src/app/models/User.js: {}
GoBarber/src/app/models/User.js: {}
GoBarber/src/app/controllers/UserController.js: {}
GoBarber/src/app/controllers/SessionController.js: {}
GoBarber/src/app/controllers/SessionController.js: Using EditorConfig core...
GoBarber/src/app/models/User.js: {}
GoBarber/src/app/models/User.js: {}
GoBarber/src/app/models/User.js: {}
GoBarber/src/app/models/User.js: {}
GoBarber/src/app/models/User.js: {}
GoBarber/src/app/models/User.js: {}
GoBarber/src/app/models/User.js: {}
GoBarber/src/app/models/User.js: Using EditorConfig core...
GoBarber/src/app/models/User.js: {}
GoBarber/src/app/models/User.js: Using EditorConfig core...
GoBarber/src/app/models/User.js: {}
GoBarber/src/app/models/User.js: {}
GoBarber/src/app/controllers/SessionController.js: {}
GoBarber/src/app/models/User.js: {}
GoBarber/src/app/controllers/SessionController.js: {}
GoBarber/src/app/models/User.js: {}
GoBarber/src/app/models/User.js: Using EditorConfig core...
GoBarber/src/app/models/User.js: Using EditorConfig core...
GoBarber/src/app/controllers/SessionController.js: {}
GoBarber/src/app/controllers/UserController.js: {}
GoBarber/src/app/controllers/UserController.js: Using EditorConfig core...
GoBarber/src/app/models/User.js: {}
GoBarber/src/app/models/User.js: {}
GoBarber/src/app/models/User.js: {}
GoBarber/src/app/models/User.js: {}
GoBarber/src/app/models/User.js: {}
GoBarber/src/app/models/User.js: Using EditorConfig core...
GoBarber/src/app/models/User.js: Using EditorConfig core...
GoBarber/src/app/models/User.js: {}
GoBarber/src/app/models/User.js: {}
GoBarber/src/app/models/User.js: Using EditorConfig core...
GoBarber/src/app/models/User.js: {}
GoBarber/src/app/models/User.js: Using EditorConfig core...
GoBarber/src/app/models/User.js: Using EditorConfig core...
GoBarber/src/app/models/User.js: {}
GoBarber/src/app/models/User.js: {}
GoBarber/src/app/models/User.js: {}
GoBarber/src/app/models/User.js: Using EditorConfig core...
GoBarber/src/app/models/User.js: {}
GoBarber/src/app/models/User.js: {}
GoBarber/src/app/models/User.js: Using EditorConfig core...
GoBarber/src/app/models/User.js: {}
GoBarber/src/app/models/User.js: {}
GoBarber/src/app/models/User.js: {}
GoBarber/src/app/models/User.js: Using EditorConfig core...
GoBarber/src/app/models/User.js: {}
GoBarber/src/app/models/User.js: Using EditorConfig core...
GoBarber/src/app/models/User.js: {}
GoBarber/src/app/models/User.js: {}
GoBarber/src/app/models/User.js: Using EditorConfig core...
GoBarber/src/app/controllers/SessionController.js: {}
GoBarber/src/app/controllers/UserController.js: {}
GoBarber/src/app/controllers/UserController.js: {}
GoBarber/src/app/controllers/SessionController.js: {}
GoBarber/src/app/controllers/UserController.js: {}
GoBarber/src/app/models/User.js: {}
GoBarber/src/app/models/User.js: {}
GoBarber/src/app/models/User.js: {}
GoBarber/src/app/models/User.js: Using EditorConfig core...
GoBarber/src/app/models/User.js: {}
GoBarber/src/app/models/User.js: Using EditorConfig core...
GoBarber/src/app/models/User.js: Using EditorConfig core...
GoBarber/src/app/models/User.js: {}
GoBarber/src/app/models/User.js: {}
GoBarber/src/app/models/User.js: Using EditorConfig core...
GoBarber/src/app/controllers/UserController.js: {}
GoBarber/src/app/controllers/UserController.js: {}
GoBarber/src/app/controllers/UserController.js: Using EditorConfig core...
GoBarber/src/app/controllers/UserController.js: {}
GoBarber/src/app/controllers/UserController.js: {}
GoBarber/src/app/controllers/UserController.js: {}
GoBarber/src/app/controllers/UserController.js: Using EditorConfig core...
GoBarber/src/app/controllers/UserController.js: {}
GoBarber/src/app/controllers/UserController.js: {}
GoBarber/src/app/controllers/UserController.js: Using EditorConfig core...
GoBarber/src/app/controllers/UserController.js: {}
GoBarber/src/app/controllers/UserController.js: {}
GoBarber/src/app/controllers/UserController.js: {}
GoBarber/src/app/controllers/UserController.js: Using EditorConfig core...
GoBarber/src/app/controllers/UserController.js: Using EditorConfig core...
GoBarber/src/app/controllers/UserController.js: {}
GoBarber/src/app/controllers/UserController.js: {}
GoBarber/src/app/controllers/UserController.js: Using EditorConfig core...
GoBarber/src/app/controllers/UserController.js: {}
GoBarber/src/app/controllers/UserController.js: {}
GoBarber/src/app/controllers/UserController.js: {}
GoBarber/src/app/controllers/UserController.js: Using EditorConfig core...
GoBarber/src/app/controllers/UserController.js: {}
GoBarber/src/app/controllers/UserController.js: {}
GoBarber/src/app/controllers/UserController.js: {}
GoBarber/src/app/controllers/UserController.js: {}
GoBarber/src/app/controllers/UserController.js: {}
GoBarber/src/app/controllers/UserController.js: {}
GoBarber/src/app/controllers/UserController.js: {}
GoBarber/src/app/controllers/UserController.js: {}
GoBarber/src/app/controllers/UserController.js: {}
GoBarber/src/app/controllers/UserController.js: {}
GoBarber/src/app/controllers/UserController.js: {}
GoBarber/src/app/controllers/UserController.js: Using EditorConfig core...
GoBarber/src/app/controllers/UserController.js: Using EditorConfig core...
GoBarber/src/app/controllers/SessionController.js: {}
GoBarber/src/app/controllers/UserController.js: {}
GoBarber/src/app/controllers/UserController.js: {}
GoBarber/src/app/controllers/UserController.js: {}
GoBarber/src/app/controllers/UserController.js: Using EditorConfig core...
GoBarber/src/app/controllers/UserController.js: {}
GoBarber/src/app/controllers/UserController.js: Using EditorConfig core...
GoBarber/src/app/controllers/UserController.js: {}
GoBarber/src/app/controllers/UserController.js: {}
GoBarber/src/app/controllers/UserController.js: Using EditorConfig core...
GoBarber/src/app/controllers/UserController.js: Using EditorConfig core...
GoBarber/src/app/controllers/UserController.js: {}
GoBarber/src/app/controllers/UserController.js: {}
GoBarber/src/app/controllers/UserController.js: {}
GoBarber/src/app/controllers/UserController.js: Using EditorConfig core...
GoBarber/src/app/controllers/UserController.js: {}
GoBarber/src/app/controllers/UserController.js: {}
GoBarber/src/app/controllers/UserController.js: Using EditorConfig core...
GoBarber/src/app/controllers/UserController.js: {}
GoBarber/src/app/controllers/UserController.js: {}
GoBarber/src/app/controllers/SessionController.js: {}
GoBarber/src/app/controllers/UserController.js: {}
GoBarber/src/app/controllers/UserController.js: Using EditorConfig core...
GoBarber/src/app/controllers/UserController.js: {}
GoBarber/src/app/controllers/UserController.js: Using EditorConfig core...
GoBarber/src/app/controllers/UserController.js: {}
GoBarber/src/app/controllers/UserController.js: Using EditorConfig core...
GoBarber/src/app/controllers/UserController.js: {}
GoBarber/src/app/controllers/UserController.js: {}
GoBarber/src/app/controllers/UserController.js: {}
GoBarber/node_modules/sequelize/lib/model.js: {}
GoBarber/src/app/controllers/UserController.js: {}
GoBarber/src/app/controllers/UserController.js: Using EditorConfig core...
GoBarber/src/app/controllers/UserController.js: {}
GoBarber/src/app/controllers/UserController.js: Using EditorConfig core...
GoBarber/src/app/controllers/UserController.js: Using EditorConfig core...
GoBarber/src/app/controllers/UserController.js: Using EditorConfig core...
GoBarber/src/app/controllers/UserController.js: Using EditorConfig core...
GoBarber/src/app/controllers/UserController.js: Using EditorConfig core...
GoBarber/src/app/controllers/UserController.js: Using EditorConfig core...
GoBarber/src/app/controllers/UserController.js: Using EditorConfig core...
GoBarber/src/app/controllers/UserController.js: Using EditorConfig core...
GoBarber/src/app/controllers/SessionController.js: {}
GoBarber/src/app/controllers/SessionController.js: Using EditorConfig core...
GoBarber/node_modules/sequelize/lib/model.js: {}
GoBarber/src/app/controllers/SessionController.js: {}
GoBarber/src/app/models/User.js: {}
GoBarber/src/app/models/User.js: Using EditorConfig core...
GoBarber/src/app/models/User.js: Using EditorConfig core...
GoBarber/src/app/models/User.js: Using EditorConfig core...
GoBarber/src/app/controllers/SessionController.js: {}
GoBarber/src/app/middlewares/auth.js: {}
GoBarber/src/app/models/User.js: {}
