["INFO" - 13:54:31] Extension Name: "prettier-vscode".
["INFO" - 13:54:31] Extension Version: "3.18.0".
["INFO" - 13:54:32] Loaded module 'prettier@1.19.1' from '/home/anna/bootcamp2019/GoBarber/node_modules/prettier/index.js'
["INFO" - 13:54:32] Loaded module 'prettier@1.19.1' from '/home/anna/bootcamp2019/GoBarber/node_modules/prettier/index.js'
["INFO" - 13:54:32] Enabling prettier for languages
[
  "css",
  "graphql",
  "html",
  "javascript",
  "javascriptreact",
  "json",
  "json5",
  "jsonc",
  "less",
  "markdown",
  "mdx",
  "mongo",
  "postcss",
  "scss",
  "typescript",
  "typescriptreact",
  "vue",
  "yaml"
]
["INFO" - 13:54:32] Enabling prettier for range supported languages
[
  "graphql",
  "javascript",
  "javascriptreact",
  "json",
  "typescript",
  "typescriptreact"
]
["INFO" - 13:56:51] Loaded module 'prettier@1.19.1' from '/home/anna/bootcamp2019/GoBarber/node_modules/prettier/index.js'
["INFO" - 13:58:43] Loaded module 'prettier@1.19.1' from '/home/anna/bootcamp2019/GoBarber/node_modules/prettier/index.js'
["INFO" - 13:59:27] Loaded module 'prettier@1.19.1' from '/home/anna/bootcamp2019/GoBarber/node_modules/prettier/index.js'
["INFO" - 14:09:18] Loaded module 'prettier@1.19.1' from '/home/anna/bootcamp2019/GoBarber/node_modules/prettier/index.js'
["INFO" - 14:11:10] Loaded module 'prettier@1.19.1' from '/home/anna/bootcamp2019/GoBarber/node_modules/prettier/index.js'
["INFO" - 14:11:14] Loaded module 'prettier@1.19.1' from '/home/anna/bootcamp2019/GoBarber/node_modules/prettier/index.js'
["INFO" - 14:11:15] Loaded module 'prettier@1.19.1' from '/home/anna/bootcamp2019/GoBarber/node_modules/prettier/index.js'
["INFO" - 14:11:18] Loaded module 'prettier@1.19.1' from '/home/anna/bootcamp2019/GoBarber/node_modules/prettier/index.js'
["INFO" - 14:11:19] Loaded module 'prettier@1.19.1' from '/home/anna/bootcamp2019/GoBarber/node_modules/prettier/index.js'
["INFO" - 14:11:21] Loaded module 'prettier@1.19.1' from '/home/anna/bootcamp2019/GoBarber/node_modules/prettier/index.js'
["INFO" - 14:11:23] Loaded module 'prettier@1.19.1' from '/home/anna/bootcamp2019/GoBarber/node_modules/prettier/index.js'
["INFO" - 14:11:25] Loaded module 'prettier@1.19.1' from '/home/anna/bootcamp2019/GoBarber/node_modules/prettier/index.js'
["INFO" - 14:11:30] Loaded module 'prettier@1.19.1' from '/home/anna/bootcamp2019/GoBarber/node_modules/prettier/index.js'
["INFO" - 14:11:39] Loaded module 'prettier@1.19.1' from '/home/anna/bootcamp2019/GoBarber/node_modules/prettier/index.js'
["INFO" - 14:11:43] Loaded module 'prettier@1.19.1' from '/home/anna/bootcamp2019/GoBarber/node_modules/prettier/index.js'
["INFO" - 14:12:06] Loaded module 'prettier@1.19.1' from '/home/anna/bootcamp2019/GoBarber/node_modules/prettier/index.js'
["INFO" - 14:12:11] Loaded module 'prettier@1.19.1' from '/home/anna/bootcamp2019/GoBarber/node_modules/prettier/index.js'
["INFO" - 14:12:22] Loaded module 'prettier@1.19.1' from '/home/anna/bootcamp2019/GoBarber/node_modules/prettier/index.js'
["INFO" - 14:12:23] Loaded module 'prettier@1.19.1' from '/home/anna/bootcamp2019/GoBarber/node_modules/prettier/index.js'
["INFO" - 14:12:25] Loaded module 'prettier@1.19.1' from '/home/anna/bootcamp2019/GoBarber/node_modules/prettier/index.js'
["INFO" - 14:21:41] Loaded module 'prettier@1.19.1' from '/home/anna/bootcamp2019/GoBarber/node_modules/prettier/index.js'
["INFO" - 14:21:41] Enabling prettier for languages
[
  "css",
  "graphql",
  "html",
  "javascript",
  "javascriptreact",
  "json",
  "json5",
  "jsonc",
  "less",
  "markdown",
  "mdx",
  "mongo",
  "postcss",
  "scss",
  "typescript",
  "typescriptreact",
  "vue",
  "yaml"
]
["INFO" - 14:21:41] Enabling prettier for range supported languages
[
  "graphql",
  "javascript",
  "javascriptreact",
  "json",
  "typescript",
  "typescriptreact"
]
["INFO" - 14:21:41] Loaded module 'prettier@1.19.1' from '/home/anna/bootcamp2019/GoBarber/node_modules/prettier/index.js'
["INFO" - 14:21:41] Enabling prettier for languages
[
  "css",
  "graphql",
  "html",
  "javascript",
  "javascriptreact",
  "json",
  "json5",
  "jsonc",
  "less",
  "markdown",
  "mdx",
  "mongo",
  "postcss",
  "scss",
  "typescript",
  "typescriptreact",
  "vue",
  "yaml"
]
["INFO" - 14:21:41] Enabling prettier for range supported languages
[
  "graphql",
  "javascript",
  "javascriptreact",
  "json",
  "typescript",
  "typescriptreact"
]
["INFO" - 14:34:55] Loaded module 'prettier@1.19.1' from '/home/anna/bootcamp2019/GoBarber/node_modules/prettier/index.js'
["INFO" - 14:36:16] Loaded module 'prettier@1.19.1' from '/home/anna/bootcamp2019/GoBarber/node_modules/prettier/index.js'
["INFO" - 14:36:16] Enabling prettier for languages
[
  "css",
  "graphql",
  "html",
  "javascript",
  "javascriptreact",
  "json",
  "json5",
  "jsonc",
  "less",
  "markdown",
  "mdx",
  "mongo",
  "postcss",
  "scss",
  "typescript",
  "typescriptreact",
  "vue",
  "yaml"
]
["INFO" - 14:36:16] Enabling prettier for range supported languages
[
  "graphql",
  "javascript",
  "javascriptreact",
  "json",
  "typescript",
  "typescriptreact"
]
["INFO" - 14:36:16] Loaded module 'prettier@1.19.1' from '/home/anna/bootcamp2019/GoBarber/node_modules/prettier/index.js'
["INFO" - 14:36:16] Enabling prettier for languages
[
  "css",
  "graphql",
  "html",
  "javascript",
  "javascriptreact",
  "json",
  "json5",
  "jsonc",
  "less",
  "markdown",
  "mdx",
  "mongo",
  "postcss",
  "scss",
  "typescript",
  "typescriptreact",
  "vue",
  "yaml"
]
["INFO" - 14:36:16] Enabling prettier for range supported languages
[
  "graphql",
  "javascript",
  "javascriptreact",
  "json",
  "typescript",
  "typescriptreact"
]
["INFO" - 14:49:30] Loaded module 'prettier@1.19.1' from '/home/anna/bootcamp2019/GoBarber/node_modules/prettier/index.js'
["INFO" - 14:51:17] Loaded module 'prettier@1.19.1' from '/home/anna/bootcamp2019/GoBarber/node_modules/prettier/index.js'
["INFO" - 14:59:07] Loaded module 'prettier@1.19.1' from '/home/anna/bootcamp2019/GoBarber/node_modules/prettier/index.js'
["INFO" - 14:59:44] Loaded module 'prettier@1.19.1' from '/home/anna/bootcamp2019/GoBarber/node_modules/prettier/index.js'
["INFO" - 14:59:46] Loaded module 'prettier@1.19.1' from '/home/anna/bootcamp2019/GoBarber/node_modules/prettier/index.js'
["INFO" - 15:01:35] Loaded module 'prettier@1.19.1' from '/home/anna/bootcamp2019/GoBarber/node_modules/prettier/index.js'
["INFO" - 15:01:36] Loaded module 'prettier@1.19.1' from '/home/anna/bootcamp2019/GoBarber/node_modules/prettier/index.js'
["INFO" - 15:01:51] Loaded module 'prettier@1.19.1' from '/home/anna/bootcamp2019/GoBarber/node_modules/prettier/index.js'
["INFO" - 15:03:04] Loaded module 'prettier@1.19.1' from '/home/anna/bootcamp2019/GoBarber/node_modules/prettier/index.js'
["INFO" - 15:03:07] Loaded module 'prettier@1.19.1' from '/home/anna/bootcamp2019/GoBarber/node_modules/prettier/index.js'
["INFO" - 15:03:11] Loaded module 'prettier@1.19.1' from '/home/anna/bootcamp2019/GoBarber/node_modules/prettier/index.js'
["INFO" - 15:03:14] Loaded module 'prettier@1.19.1' from '/home/anna/bootcamp2019/GoBarber/node_modules/prettier/index.js'
["INFO" - 15:08:15] Loaded module 'prettier@1.19.1' from '/home/anna/bootcamp2019/GoBarber/node_modules/prettier/index.js'
["INFO" - 15:08:17] Loaded module 'prettier@1.19.1' from '/home/anna/bootcamp2019/GoBarber/node_modules/prettier/index.js'
["INFO" - 15:09:08] Loaded module 'prettier@1.19.1' from '/home/anna/bootcamp2019/GoBarber/node_modules/prettier/index.js'
["INFO" - 15:09:11] Loaded module 'prettier@1.19.1' from '/home/anna/bootcamp2019/GoBarber/node_modules/prettier/index.js'
["INFO" - 15:09:31] Loaded module 'prettier@1.19.1' from '/home/anna/bootcamp2019/GoBarber/node_modules/prettier/index.js'
["INFO" - 15:10:33] Loaded module 'prettier@1.19.1' from '/home/anna/bootcamp2019/GoBarber/node_modules/prettier/index.js'
["INFO" - 15:10:48] Loaded module 'prettier@1.19.1' from '/home/anna/bootcamp2019/GoBarber/node_modules/prettier/index.js'
["INFO" - 15:10:51] Loaded module 'prettier@1.19.1' from '/home/anna/bootcamp2019/GoBarber/node_modules/prettier/index.js'
["INFO" - 15:10:55] Loaded module 'prettier@1.19.1' from '/home/anna/bootcamp2019/GoBarber/node_modules/prettier/index.js'
["INFO" - 15:10:58] Loaded module 'prettier@1.19.1' from '/home/anna/bootcamp2019/GoBarber/node_modules/prettier/index.js'
["INFO" - 15:20:56] Loaded module 'prettier@1.19.1' from '/home/anna/bootcamp2019/GoBarber/node_modules/prettier/index.js'
["INFO" - 15:32:36] Loaded module 'prettier@1.19.1' from '/home/anna/bootcamp2019/GoBarber/node_modules/prettier/index.js'
["INFO" - 15:33:19] Loaded module 'prettier@1.19.1' from '/home/anna/bootcamp2019/GoBarber/node_modules/prettier/index.js'
["INFO" - 16:02:17] Loaded module 'prettier@1.19.1' from '/home/anna/bootcamp2019/GoBarber/node_modules/prettier/index.js'
["INFO" - 16:03:00] Loaded module 'prettier@1.19.1' from '/home/anna/bootcamp2019/GoBarber/node_modules/prettier/index.js'
["INFO" - 16:04:27] Loaded module 'prettier@1.19.1' from '/home/anna/bootcamp2019/GoBarber/node_modules/prettier/index.js'
["INFO" - 16:07:34] Loaded module 'prettier@1.19.1' from '/home/anna/bootcamp2019/GoBarber/node_modules/prettier/index.js'
["INFO" - 16:07:38] Loaded module 'prettier@1.19.1' from '/home/anna/bootcamp2019/GoBarber/node_modules/prettier/index.js'
["INFO" - 16:07:40] Loaded module 'prettier@1.19.1' from '/home/anna/bootcamp2019/GoBarber/node_modules/prettier/index.js'
["INFO" - 16:07:43] Loaded module 'prettier@1.19.1' from '/home/anna/bootcamp2019/GoBarber/node_modules/prettier/index.js'
["INFO" - 16:07:46] Loaded module 'prettier@1.19.1' from '/home/anna/bootcamp2019/GoBarber/node_modules/prettier/index.js'
["INFO" - 16:07:47] Loaded module 'prettier@1.19.1' from '/home/anna/bootcamp2019/GoBarber/node_modules/prettier/index.js'
["INFO" - 16:07:59] Loaded module 'prettier@1.19.1' from '/home/anna/bootcamp2019/GoBarber/node_modules/prettier/index.js'
["INFO" - 16:09:51] Loaded module 'prettier@1.19.1' from '/home/anna/bootcamp2019/GoBarber/node_modules/prettier/index.js'
["INFO" - 16:26:07] Loaded module 'prettier@1.19.1' from '/home/anna/bootcamp2019/GoBarber/node_modules/prettier/index.js'
["INFO" - 16:26:11] Loaded module 'prettier@1.19.1' from '/home/anna/bootcamp2019/GoBarber/node_modules/prettier/index.js'
["INFO" - 16:36:42] Loaded module 'prettier@1.19.1' from '/home/anna/bootcamp2019/GoBarber/node_modules/prettier/index.js'
["INFO" - 16:36:44] Loaded module 'prettier@1.19.1' from '/home/anna/bootcamp2019/GoBarber/node_modules/prettier/index.js'
["INFO" - 16:36:55] Loaded module 'prettier@1.19.1' from '/home/anna/bootcamp2019/GoBarber/node_modules/prettier/index.js'
["INFO" - 16:39:21] Loaded module 'prettier@1.19.1' from '/home/anna/bootcamp2019/GoBarber/node_modules/prettier/index.js'
["INFO" - 16:39:23] Loaded module 'prettier@1.19.1' from '/home/anna/bootcamp2019/GoBarber/node_modules/prettier/index.js'
["INFO" - 16:48:47] Loaded module 'prettier@1.19.1' from '/home/anna/bootcamp2019/GoBarber/node_modules/prettier/index.js'
["INFO" - 16:48:49] Loaded module 'prettier@1.19.1' from '/home/anna/bootcamp2019/GoBarber/node_modules/prettier/index.js'
["INFO" - 16:48:59] Loaded module 'prettier@1.19.1' from '/home/anna/bootcamp2019/GoBarber/node_modules/prettier/index.js'
["INFO" - 16:49:12] Loaded module 'prettier@1.19.1' from '/home/anna/bootcamp2019/GoBarber/node_modules/prettier/index.js'
["INFO" - 16:52:57] Loaded module 'prettier@1.19.1' from '/home/anna/bootcamp2019/GoBarber/node_modules/prettier/index.js'
["INFO" - 16:53:02] Loaded module 'prettier@1.19.1' from '/home/anna/bootcamp2019/GoBarber/node_modules/prettier/index.js'
["INFO" - 17:03:45] Loaded module 'prettier@1.19.1' from '/home/anna/bootcamp2019/GoBarber/node_modules/prettier/index.js'
["INFO" - 17:04:04] Loaded module 'prettier@1.19.1' from '/home/anna/bootcamp2019/GoBarber/node_modules/prettier/index.js'
["INFO" - 17:04:06] Loaded module 'prettier@1.19.1' from '/home/anna/bootcamp2019/GoBarber/node_modules/prettier/index.js'
["INFO" - 17:13:35] Loaded module 'prettier@1.19.1' from '/home/anna/bootcamp2019/GoBarber/node_modules/prettier/index.js'
["INFO" - 17:13:36] Loaded module 'prettier@1.19.1' from '/home/anna/bootcamp2019/GoBarber/node_modules/prettier/index.js'
["INFO" - 17:13:41] Loaded module 'prettier@1.19.1' from '/home/anna/bootcamp2019/GoBarber/node_modules/prettier/index.js'
["INFO" - 17:14:42] Loaded module 'prettier@1.19.1' from '/home/anna/bootcamp2019/GoBarber/node_modules/prettier/index.js'
["INFO" - 17:16:11] Loaded module 'prettier@1.19.1' from '/home/anna/bootcamp2019/GoBarber/node_modules/prettier/index.js'
["INFO" - 17:16:12] Loaded module 'prettier@1.19.1' from '/home/anna/bootcamp2019/GoBarber/node_modules/prettier/index.js'
["INFO" - 17:16:13] Loaded module 'prettier@1.19.1' from '/home/anna/bootcamp2019/GoBarber/node_modules/prettier/index.js'
["INFO" - 17:18:36] Loaded module 'prettier@1.19.1' from '/home/anna/bootcamp2019/GoBarber/node_modules/prettier/index.js'
["INFO" - 17:29:47] Loaded module 'prettier@1.19.1' from '/home/anna/bootcamp2019/GoBarber/node_modules/prettier/index.js'
["INFO" - 17:29:56] Loaded module 'prettier@1.19.1' from '/home/anna/bootcamp2019/GoBarber/node_modules/prettier/index.js'
["INFO" - 17:30:42] Loaded module 'prettier@1.19.1' from '/home/anna/bootcamp2019/GoBarber/node_modules/prettier/index.js'
["INFO" - 17:31:37] Loaded module 'prettier@1.19.1' from '/home/anna/bootcamp2019/GoBarber/node_modules/prettier/index.js'
["INFO" - 17:34:10] Loaded module 'prettier@1.19.1' from '/home/anna/bootcamp2019/GoBarber/node_modules/prettier/index.js'
["INFO" - 17:34:12] Loaded module 'prettier@1.19.1' from '/home/anna/bootcamp2019/GoBarber/node_modules/prettier/index.js'
["INFO" - 17:34:16] Loaded module 'prettier@1.19.1' from '/home/anna/bootcamp2019/GoBarber/node_modules/prettier/index.js'
["INFO" - 17:34:22] Loaded module 'prettier@1.19.1' from '/home/anna/bootcamp2019/GoBarber/node_modules/prettier/index.js'
["INFO" - 17:34:23] Loaded module 'prettier@1.19.1' from '/home/anna/bootcamp2019/GoBarber/node_modules/prettier/index.js'
["INFO" - 17:34:27] Loaded module 'prettier@1.19.1' from '/home/anna/bootcamp2019/GoBarber/node_modules/prettier/index.js'
["INFO" - 17:35:36] Loaded module 'prettier@1.19.1' from '/home/anna/bootcamp2019/GoBarber/node_modules/prettier/index.js'
["INFO" - 17:36:06] Loaded module 'prettier@1.19.1' from '/home/anna/bootcamp2019/GoBarber/node_modules/prettier/index.js'
["INFO" - 17:36:11] Loaded module 'prettier@1.19.1' from '/home/anna/bootcamp2019/GoBarber/node_modules/prettier/index.js'
["INFO" - 17:36:13] Loaded module 'prettier@1.19.1' from '/home/anna/bootcamp2019/GoBarber/node_modules/prettier/index.js'
["INFO" - 17:36:19] Loaded module 'prettier@1.19.1' from '/home/anna/bootcamp2019/GoBarber/node_modules/prettier/index.js'
["INFO" - 17:36:24] Loaded module 'prettier@1.19.1' from '/home/anna/bootcamp2019/GoBarber/node_modules/prettier/index.js'
["INFO" - 17:36:29] Loaded module 'prettier@1.19.1' from '/home/anna/bootcamp2019/GoBarber/node_modules/prettier/index.js'
["INFO" - 17:45:00] Loaded module 'prettier@1.19.1' from '/home/anna/bootcamp2019/GoBarber/node_modules/prettier/index.js'
["INFO" - 17:45:26] Loaded module 'prettier@1.19.1' from '/home/anna/bootcamp2019/GoBarber/node_modules/prettier/index.js'
["INFO" - 17:46:58] Loaded module 'prettier@1.19.1' from '/home/anna/bootcamp2019/GoBarber/node_modules/prettier/index.js'
["INFO" - 17:54:44] Loaded module 'prettier@1.19.1' from '/home/anna/bootcamp2019/GoBarber/node_modules/prettier/index.js'
["INFO" - 17:58:55] Loaded module 'prettier@1.19.1' from '/home/anna/bootcamp2019/GoBarber/node_modules/prettier/index.js'
["INFO" - 18:04:52] Loaded module 'prettier@1.19.1' from '/home/anna/bootcamp2019/GoBarber/node_modules/prettier/index.js'
["INFO" - 18:04:57] Loaded module 'prettier@1.19.1' from '/home/anna/bootcamp2019/GoBarber/node_modules/prettier/index.js'
["INFO" - 23:05:50] Loaded module 'prettier@1.19.1' from '/home/anna/bootcamp2019/GoBarber/node_modules/prettier/index.js'
["INFO" - 23:16:25] Loaded module 'prettier@1.19.1' from '/home/anna/bootcamp2019/GoBarber/node_modules/prettier/index.js'
["INFO" - 23:18:23] Loaded module 'prettier@1.19.1' from '/home/anna/bootcamp2019/GoBarber/node_modules/prettier/index.js'
["INFO" - 23:24:19] Loaded module 'prettier@1.19.1' from '/home/anna/bootcamp2019/GoBarber/node_modules/prettier/index.js'
["INFO" - 23:24:22] Loaded module 'prettier@1.19.1' from '/home/anna/bootcamp2019/GoBarber/node_modules/prettier/index.js'
["INFO" - 23:24:28] Loaded module 'prettier@1.19.1' from '/home/anna/bootcamp2019/GoBarber/node_modules/prettier/index.js'
["INFO" - 00:44:50] Loaded module 'prettier@1.19.1' from '/home/anna/bootcamp2019/GoBarber/node_modules/prettier/index.js'
["INFO" - 00:45:06] Loaded module 'prettier@1.19.1' from '/home/anna/bootcamp2019/GoBarber/node_modules/prettier/index.js'
["INFO" - 00:45:32] Loaded module 'prettier@1.19.1' from '/home/anna/bootcamp2019/GoBarber/node_modules/prettier/index.js'
["INFO" - 00:45:39] Loaded module 'prettier@1.19.1' from '/home/anna/bootcamp2019/GoBarber/node_modules/prettier/index.js'
["INFO" - 00:48:49] Loaded module 'prettier@1.19.1' from '/home/anna/bootcamp2019/GoBarber/node_modules/prettier/index.js'
["INFO" - 00:49:12] Loaded module 'prettier@1.19.1' from '/home/anna/bootcamp2019/GoBarber/node_modules/prettier/index.js'
["INFO" - 00:49:18] Loaded module 'prettier@1.19.1' from '/home/anna/bootcamp2019/GoBarber/node_modules/prettier/index.js'
["INFO" - 00:51:49] Loaded module 'prettier@1.19.1' from '/home/anna/bootcamp2019/GoBarber/node_modules/prettier/index.js'
["INFO" - 00:55:57] Loaded module 'prettier@1.19.1' from '/home/anna/bootcamp2019/GoBarber/node_modules/prettier/index.js'
["INFO" - 01:04:07] Loaded module 'prettier@1.19.1' from '/home/anna/bootcamp2019/GoBarber/node_modules/prettier/index.js'
["INFO" - 01:37:57] Loaded module 'prettier@1.19.1' from '/home/anna/bootcamp2019/GoBarber/node_modules/prettier/index.js'
["INFO" - 01:38:21] Loaded module 'prettier@1.19.1' from '/home/anna/bootcamp2019/GoBarber/node_modules/prettier/index.js'
["INFO" - 01:38:35] Loaded module 'prettier@1.19.1' from '/home/anna/bootcamp2019/GoBarber/node_modules/prettier/index.js'
["INFO" - 01:39:15] Loaded module 'prettier@1.19.1' from '/home/anna/bootcamp2019/GoBarber/node_modules/prettier/index.js'
["INFO" - 01:42:48] Loaded module 'prettier@1.19.1' from '/home/anna/bootcamp2019/GoBarber/node_modules/prettier/index.js'
["INFO" - 01:44:15] Loaded module 'prettier@1.19.1' from '/home/anna/bootcamp2019/GoBarber/node_modules/prettier/index.js'
["INFO" - 01:52:17] Loaded module 'prettier@1.19.1' from '/home/anna/bootcamp2019/GoBarber/node_modules/prettier/index.js'
["INFO" - 01:52:29] Loaded module 'prettier@1.19.1' from '/home/anna/bootcamp2019/GoBarber/node_modules/prettier/index.js'
["INFO" - 01:52:31] Loaded module 'prettier@1.19.1' from '/home/anna/bootcamp2019/GoBarber/node_modules/prettier/index.js'
["INFO" - 14:40:59] Loaded module 'prettier@1.19.1' from '/home/anna/bootcamp2019/GoBarber/node_modules/prettier/index.js'
["INFO" - 14:43:31] Loaded module 'prettier@1.19.1' from '/home/anna/bootcamp2019/GoBarber/node_modules/prettier/index.js'
["INFO" - 14:51:31] Loaded module 'prettier@1.19.1' from '/home/anna/bootcamp2019/GoBarber/node_modules/prettier/index.js'
["INFO" - 14:52:52] Loaded module 'prettier@1.19.1' from '/home/anna/bootcamp2019/GoBarber/node_modules/prettier/index.js'
["INFO" - 14:52:56] Loaded module 'prettier@1.19.1' from '/home/anna/bootcamp2019/GoBarber/node_modules/prettier/index.js'
["INFO" - 15:00:58] Loaded module 'prettier@1.19.1' from '/home/anna/bootcamp2019/GoBarber/node_modules/prettier/index.js'
["INFO" - 15:08:11] Loaded module 'prettier@1.19.1' from '/home/anna/bootcamp2019/GoBarber/node_modules/prettier/index.js'
["INFO" - 15:08:17] Loaded module 'prettier@1.19.1' from '/home/anna/bootcamp2019/GoBarber/node_modules/prettier/index.js'
["INFO" - 15:08:24] Loaded module 'prettier@1.19.1' from '/home/anna/bootcamp2019/GoBarber/node_modules/prettier/index.js'
["INFO" - 15:08:37] Loaded module 'prettier@1.19.1' from '/home/anna/bootcamp2019/GoBarber/node_modules/prettier/index.js'
["INFO" - 15:14:49] Loaded module 'prettier@1.19.1' from '/home/anna/bootcamp2019/GoBarber/node_modules/prettier/index.js'
["INFO" - 15:17:28] Loaded module 'prettier@1.19.1' from '/home/anna/bootcamp2019/GoBarber/node_modules/prettier/index.js'
["INFO" - 15:17:29] Loaded module 'prettier@1.19.1' from '/home/anna/bootcamp2019/GoBarber/node_modules/prettier/index.js'
["INFO" - 15:17:31] Loaded module 'prettier@1.19.1' from '/home/anna/bootcamp2019/GoBarber/node_modules/prettier/index.js'
["INFO" - 15:17:33] Loaded module 'prettier@1.19.1' from '/home/anna/bootcamp2019/GoBarber/node_modules/prettier/index.js'
["INFO" - 15:20:47] Loaded module 'prettier@1.19.1' from '/home/anna/bootcamp2019/GoBarber/node_modules/prettier/index.js'
["INFO" - 15:22:34] Loaded module 'prettier@1.19.1' from '/home/anna/bootcamp2019/GoBarber/node_modules/prettier/index.js'
["INFO" - 15:22:36] Loaded module 'prettier@1.19.1' from '/home/anna/bootcamp2019/GoBarber/node_modules/prettier/index.js'
["INFO" - 15:22:42] Loaded module 'prettier@1.19.1' from '/home/anna/bootcamp2019/GoBarber/node_modules/prettier/index.js'
["INFO" - 15:29:35] Loaded module 'prettier@1.19.1' from '/home/anna/bootcamp2019/GoBarber/node_modules/prettier/index.js'
["INFO" - 15:29:40] Loaded module 'prettier@1.19.1' from '/home/anna/bootcamp2019/GoBarber/node_modules/prettier/index.js'
["INFO" - 15:30:04] Loaded module 'prettier@1.19.1' from '/home/anna/bootcamp2019/GoBarber/node_modules/prettier/index.js'
["INFO" - 15:30:07] Loaded module 'prettier@1.19.1' from '/home/anna/bootcamp2019/GoBarber/node_modules/prettier/index.js'
["INFO" - 15:31:42] Loaded module 'prettier@1.19.1' from '/home/anna/bootcamp2019/GoBarber/node_modules/prettier/index.js'
["INFO" - 15:31:46] Loaded module 'prettier@1.19.1' from '/home/anna/bootcamp2019/GoBarber/node_modules/prettier/index.js'
["INFO" - 15:31:59] Loaded module 'prettier@1.19.1' from '/home/anna/bootcamp2019/GoBarber/node_modules/prettier/index.js'
["INFO" - 15:45:02] Loaded module 'prettier@1.19.1' from '/home/anna/bootcamp2019/GoBarber/node_modules/prettier/index.js'
["INFO" - 15:45:10] Loaded module 'prettier@1.19.1' from '/home/anna/bootcamp2019/GoBarber/node_modules/prettier/index.js'
["INFO" - 15:45:45] Loaded module 'prettier@1.19.1' from '/home/anna/bootcamp2019/GoBarber/node_modules/prettier/index.js'
["INFO" - 15:45:48] Loaded module 'prettier@1.19.1' from '/home/anna/bootcamp2019/GoBarber/node_modules/prettier/index.js'
["INFO" - 15:45:53] Loaded module 'prettier@1.19.1' from '/home/anna/bootcamp2019/GoBarber/node_modules/prettier/index.js'
["INFO" - 15:53:45] Loaded module 'prettier@1.19.1' from '/home/anna/bootcamp2019/GoBarber/node_modules/prettier/index.js'
["INFO" - 16:21:39] Loaded module 'prettier@1.19.1' from '/home/anna/bootcamp2019/GoBarber/node_modules/prettier/index.js'
["INFO" - 16:21:40] Loaded module 'prettier@1.19.1' from '/home/anna/bootcamp2019/GoBarber/node_modules/prettier/index.js'
["INFO" - 16:31:36] Loaded module 'prettier@1.19.1' from '/home/anna/bootcamp2019/GoBarber/node_modules/prettier/index.js'
["INFO" - 16:31:38] Loaded module 'prettier@1.19.1' from '/home/anna/bootcamp2019/GoBarber/node_modules/prettier/index.js'
["INFO" - 16:34:04] Loaded module 'prettier@1.19.1' from '/home/anna/bootcamp2019/GoBarber/node_modules/prettier/index.js'
["INFO" - 16:34:22] Loaded module 'prettier@1.19.1' from '/home/anna/bootcamp2019/GoBarber/node_modules/prettier/index.js'
["INFO" - 16:35:42] Loaded module 'prettier@1.19.1' from '/home/anna/bootcamp2019/GoBarber/node_modules/prettier/index.js'
["INFO" - 16:35:54] Loaded module 'prettier@1.19.1' from '/home/anna/bootcamp2019/GoBarber/node_modules/prettier/index.js'
["INFO" - 16:35:56] Loaded module 'prettier@1.19.1' from '/home/anna/bootcamp2019/GoBarber/node_modules/prettier/index.js'
["INFO" - 16:36:01] Loaded module 'prettier@1.19.1' from '/home/anna/bootcamp2019/GoBarber/node_modules/prettier/index.js'
["INFO" - 16:36:23] Loaded module 'prettier@1.19.1' from '/home/anna/bootcamp2019/GoBarber/node_modules/prettier/index.js'
["INFO" - 16:36:24] Loaded module 'prettier@1.19.1' from '/home/anna/bootcamp2019/GoBarber/node_modules/prettier/index.js'
["INFO" - 16:36:26] Loaded module 'prettier@1.19.1' from '/home/anna/bootcamp2019/GoBarber/node_modules/prettier/index.js'
["INFO" - 16:34:54] Loaded module 'prettier@1.19.1' from '/home/anna/bootcamp2019/GoBarber/node_modules/prettier/index.js'
["INFO" - 16:34:54] Enabling prettier for languages
[
  "css",
  "graphql",
  "html",
  "javascript",
  "javascriptreact",
  "json",
  "json5",
  "jsonc",
  "less",
  "markdown",
  "mdx",
  "mongo",
  "postcss",
  "scss",
  "typescript",
  "typescriptreact",
  "vue",
  "yaml"
]
["INFO" - 16:34:55] Enabling prettier for range supported languages
[
  "graphql",
  "javascript",
  "javascriptreact",
  "json",
  "typescript",
  "typescriptreact"
]
["INFO" - 16:34:55] Loaded module 'prettier@1.19.1' from '/home/anna/bootcamp2019/GoBarber/node_modules/prettier/index.js'
["INFO" - 16:34:55] Enabling prettier for languages
[
  "css",
  "graphql",
  "html",
  "javascript",
  "javascriptreact",
  "json",
  "json5",
  "jsonc",
  "less",
  "markdown",
  "mdx",
  "mongo",
  "postcss",
  "scss",
  "typescript",
  "typescriptreact",
  "vue",
  "yaml"
]
["INFO" - 16:34:55] Enabling prettier for range supported languages
[
  "graphql",
  "javascript",
  "javascriptreact",
  "json",
  "typescript",
  "typescriptreact"
]
["INFO" - 16:42:55] Loaded module 'prettier@1.19.1' from '/home/anna/bootcamp2019/GoBarber/node_modules/prettier/index.js'
["INFO" - 16:52:34] Loaded module 'prettier@1.19.1' from '/home/anna/bootcamp2019/GoBarber/node_modules/prettier/index.js'
["INFO" - 18:09:51] Loaded module 'prettier@1.19.1' from '/home/anna/bootcamp2019/GoBarber/node_modules/prettier/index.js'
["INFO" - 18:09:57] Loaded module 'prettier@1.19.1' from '/home/anna/bootcamp2019/GoBarber/node_modules/prettier/index.js'
["INFO" - 18:24:26] Loaded module 'prettier@1.19.1' from '/home/anna/bootcamp2019/GoBarber/node_modules/prettier/index.js'
["INFO" - 18:24:38] Loaded module 'prettier@1.19.1' from '/home/anna/bootcamp2019/GoBarber/node_modules/prettier/index.js'
["INFO" - 18:24:46] Loaded module 'prettier@1.19.1' from '/home/anna/bootcamp2019/GoBarber/node_modules/prettier/index.js'
["INFO" - 20:35:42] Loaded module 'prettier@1.19.1' from '/home/anna/bootcamp2019/GoBarber/node_modules/prettier/index.js'
["INFO" - 20:35:43] Enabling prettier for languages
[
  "css",
  "graphql",
  "html",
  "javascript",
  "javascriptreact",
  "json",
  "json5",
  "jsonc",
  "less",
  "markdown",
  "mdx",
  "mongo",
  "postcss",
  "scss",
  "typescript",
  "typescriptreact",
  "vue",
  "yaml"
]
["INFO" - 20:35:43] Enabling prettier for range supported languages
[
  "graphql",
  "javascript",
  "javascriptreact",
  "json",
  "typescript",
  "typescriptreact"
]
["INFO" - 20:35:43] Loaded module 'prettier@1.19.1' from '/home/anna/bootcamp2019/GoBarber/node_modules/prettier/index.js'
["INFO" - 20:35:43] Enabling prettier for languages
[
  "css",
  "graphql",
  "html",
  "javascript",
  "javascriptreact",
  "json",
  "json5",
  "jsonc",
  "less",
  "markdown",
  "mdx",
  "mongo",
  "postcss",
  "scss",
  "typescript",
  "typescriptreact",
  "vue",
  "yaml"
]
["INFO" - 20:35:43] Enabling prettier for range supported languages
[
  "graphql",
  "javascript",
  "javascriptreact",
  "json",
  "typescript",
  "typescriptreact"
]
["INFO" - 21:06:20] Loaded module 'prettier@1.19.1' from '/home/anna/bootcamp2019/GoBarber/node_modules/prettier/index.js'
["INFO" - 00:03:55] Loaded module 'prettier@1.19.1' from '/home/anna/bootcamp2019/GoBarber/node_modules/prettier/index.js'
["INFO" - 02:15:23] Loaded module 'prettier@1.19.1' from '/home/anna/bootcamp2019/GoBarber/node_modules/prettier/index.js'
["INFO" - 02:15:27] Loaded module 'prettier@1.19.1' from '/home/anna/bootcamp2019/GoBarber/node_modules/prettier/index.js'
["INFO" - 02:18:11] Loaded module 'prettier@1.19.1' from '/home/anna/bootcamp2019/GoBarber/node_modules/prettier/index.js'
["INFO" - 02:18:12] Loaded module 'prettier@1.19.1' from '/home/anna/bootcamp2019/GoBarber/node_modules/prettier/index.js'
["INFO" - 02:18:43] Loaded module 'prettier@1.19.1' from '/home/anna/bootcamp2019/GoBarber/node_modules/prettier/index.js'
["INFO" - 02:18:52] Loaded module 'prettier@1.19.1' from '/home/anna/bootcamp2019/GoBarber/node_modules/prettier/index.js'
["INFO" - 02:19:26] Loaded module 'prettier@1.19.1' from '/home/anna/bootcamp2019/GoBarber/node_modules/prettier/index.js'
["INFO" - 02:25:29] Loaded module 'prettier@1.19.1' from '/home/anna/bootcamp2019/GoBarber/node_modules/prettier/index.js'
["INFO" - 02:26:03] Loaded module 'prettier@1.19.1' from '/home/anna/bootcamp2019/GoBarber/node_modules/prettier/index.js'
["INFO" - 02:26:17] Loaded module 'prettier@1.19.1' from '/home/anna/bootcamp2019/GoBarber/node_modules/prettier/index.js'
["INFO" - 02:26:32] Loaded module 'prettier@1.19.1' from '/home/anna/bootcamp2019/GoBarber/node_modules/prettier/index.js'
["INFO" - 02:26:39] Loaded module 'prettier@1.19.1' from '/home/anna/bootcamp2019/GoBarber/node_modules/prettier/index.js'
["INFO" - 02:26:41] Loaded module 'prettier@1.19.1' from '/home/anna/bootcamp2019/GoBarber/node_modules/prettier/index.js'
["INFO" - 02:26:46] Loaded module 'prettier@1.19.1' from '/home/anna/bootcamp2019/GoBarber/node_modules/prettier/index.js'
["INFO" - 02:26:54] Loaded module 'prettier@1.19.1' from '/home/anna/bootcamp2019/GoBarber/node_modules/prettier/index.js'
["INFO" - 02:27:01] Loaded module 'prettier@1.19.1' from '/home/anna/bootcamp2019/GoBarber/node_modules/prettier/index.js'
["INFO" - 02:27:05] Loaded module 'prettier@1.19.1' from '/home/anna/bootcamp2019/GoBarber/node_modules/prettier/index.js'
["INFO" - 02:27:11] Loaded module 'prettier@1.19.1' from '/home/anna/bootcamp2019/GoBarber/node_modules/prettier/index.js'
["INFO" - 02:30:50] Loaded module 'prettier@1.19.1' from '/home/anna/bootcamp2019/GoBarber/node_modules/prettier/index.js'
["INFO" - 02:30:52] Loaded module 'prettier@1.19.1' from '/home/anna/bootcamp2019/GoBarber/node_modules/prettier/index.js'
["INFO" - 02:30:57] Loaded module 'prettier@1.19.1' from '/home/anna/bootcamp2019/GoBarber/node_modules/prettier/index.js'
["INFO" - 02:33:00] Loaded module 'prettier@1.19.1' from '/home/anna/bootcamp2019/GoBarber/node_modules/prettier/index.js'
["INFO" - 02:34:30] Loaded module 'prettier@1.19.1' from '/home/anna/bootcamp2019/GoBarber/node_modules/prettier/index.js'
["INFO" - 02:34:33] Loaded module 'prettier@1.19.1' from '/home/anna/bootcamp2019/GoBarber/node_modules/prettier/index.js'
["INFO" - 02:34:35] Loaded module 'prettier@1.19.1' from '/home/anna/bootcamp2019/GoBarber/node_modules/prettier/index.js'
["INFO" - 02:34:37] Loaded module 'prettier@1.19.1' from '/home/anna/bootcamp2019/GoBarber/node_modules/prettier/index.js'
["INFO" - 02:36:43] Loaded module 'prettier@1.19.1' from '/home/anna/bootcamp2019/GoBarber/node_modules/prettier/index.js'
["INFO" - 02:37:14] Loaded module 'prettier@1.19.1' from '/home/anna/bootcamp2019/GoBarber/node_modules/prettier/index.js'
["INFO" - 02:38:05] Loaded module 'prettier@1.19.1' from '/home/anna/bootcamp2019/GoBarber/node_modules/prettier/index.js'
["INFO" - 02:38:11] Loaded module 'prettier@1.19.1' from '/home/anna/bootcamp2019/GoBarber/node_modules/prettier/index.js'
["INFO" - 02:38:14] Loaded module 'prettier@1.19.1' from '/home/anna/bootcamp2019/GoBarber/node_modules/prettier/index.js'
["INFO" - 02:44:30] Loaded module 'prettier@1.19.1' from '/home/anna/bootcamp2019/GoBarber/node_modules/prettier/index.js'
["INFO" - 02:44:34] Loaded module 'prettier@1.19.1' from '/home/anna/bootcamp2019/GoBarber/node_modules/prettier/index.js'
["INFO" - 02:44:35] Loaded module 'prettier@1.19.1' from '/home/anna/bootcamp2019/GoBarber/node_modules/prettier/index.js'
["INFO" - 02:44:40] Loaded module 'prettier@1.19.1' from '/home/anna/bootcamp2019/GoBarber/node_modules/prettier/index.js'
["INFO" - 02:44:48] Loaded module 'prettier@1.19.1' from '/home/anna/bootcamp2019/GoBarber/node_modules/prettier/index.js'
["INFO" - 02:45:59] Loaded module 'prettier@1.19.1' from '/home/anna/bootcamp2019/GoBarber/node_modules/prettier/index.js'
["INFO" - 02:52:48] Loaded module 'prettier@1.19.1' from '/home/anna/bootcamp2019/GoBarber/node_modules/prettier/index.js'
["INFO" - 02:53:02] Loaded module 'prettier@1.19.1' from '/home/anna/bootcamp2019/GoBarber/node_modules/prettier/index.js'
["INFO" - 02:55:42] Loaded module 'prettier@1.19.1' from '/home/anna/bootcamp2019/GoBarber/node_modules/prettier/index.js'
["INFO" - 02:55:43] Loaded module 'prettier@1.19.1' from '/home/anna/bootcamp2019/GoBarber/node_modules/prettier/index.js'
["INFO" - 02:55:44] Loaded module 'prettier@1.19.1' from '/home/anna/bootcamp2019/GoBarber/node_modules/prettier/index.js'
["INFO" - 02:58:22] Loaded module 'prettier@1.19.1' from '/home/anna/bootcamp2019/GoBarber/node_modules/prettier/index.js'
["INFO" - 02:58:32] Loaded module 'prettier@1.19.1' from '/home/anna/bootcamp2019/GoBarber/node_modules/prettier/index.js'
["INFO" - 02:59:33] Loaded module 'prettier@1.19.1' from '/home/anna/bootcamp2019/GoBarber/node_modules/prettier/index.js'
["INFO" - 12:30:53] Loaded module 'prettier@1.19.1' from '/home/anna/bootcamp2019/GoBarber/node_modules/prettier/index.js'
["INFO" - 12:31:04] Loaded module 'prettier@1.19.1' from '/home/anna/bootcamp2019/GoBarber/node_modules/prettier/index.js'
["INFO" - 12:31:12] Loaded module 'prettier@1.19.1' from '/home/anna/bootcamp2019/GoBarber/node_modules/prettier/index.js'
["INFO" - 12:31:20] Loaded module 'prettier@1.19.1' from '/home/anna/bootcamp2019/GoBarber/node_modules/prettier/index.js'
["INFO" - 12:31:22] Loaded module 'prettier@1.19.1' from '/home/anna/bootcamp2019/GoBarber/node_modules/prettier/index.js'
["INFO" - 12:31:24] Loaded module 'prettier@1.19.1' from '/home/anna/bootcamp2019/GoBarber/node_modules/prettier/index.js'
["INFO" - 12:31:26] Loaded module 'prettier@1.19.1' from '/home/anna/bootcamp2019/GoBarber/node_modules/prettier/index.js'
["INFO" - 12:31:28] Loaded module 'prettier@1.19.1' from '/home/anna/bootcamp2019/GoBarber/node_modules/prettier/index.js'
["INFO" - 12:31:33] Loaded module 'prettier@1.19.1' from '/home/anna/bootcamp2019/GoBarber/node_modules/prettier/index.js'
["INFO" - 12:31:37] Loaded module 'prettier@1.19.1' from '/home/anna/bootcamp2019/GoBarber/node_modules/prettier/index.js'
["INFO" - 12:31:39] Loaded module 'prettier@1.19.1' from '/home/anna/bootcamp2019/GoBarber/node_modules/prettier/index.js'
["INFO" - 12:31:40] Loaded module 'prettier@1.19.1' from '/home/anna/bootcamp2019/GoBarber/node_modules/prettier/index.js'
["INFO" - 12:31:45] Loaded module 'prettier@1.19.1' from '/home/anna/bootcamp2019/GoBarber/node_modules/prettier/index.js'
["INFO" - 12:31:50] Loaded module 'prettier@1.19.1' from '/home/anna/bootcamp2019/GoBarber/node_modules/prettier/index.js'
["INFO" - 12:33:39] Loaded module 'prettier@1.19.1' from '/home/anna/bootcamp2019/GoBarber/node_modules/prettier/index.js'
["INFO" - 12:33:50] Loaded module 'prettier@1.19.1' from '/home/anna/bootcamp2019/GoBarber/node_modules/prettier/index.js'
["INFO" - 12:34:08] Loaded module 'prettier@1.19.1' from '/home/anna/bootcamp2019/GoBarber/node_modules/prettier/index.js'
["INFO" - 12:34:19] Loaded module 'prettier@1.19.1' from '/home/anna/bootcamp2019/GoBarber/node_modules/prettier/index.js'
["INFO" - 12:34:24] Loaded module 'prettier@1.19.1' from '/home/anna/bootcamp2019/GoBarber/node_modules/prettier/index.js'
["INFO" - 12:34:27] Loaded module 'prettier@1.19.1' from '/home/anna/bootcamp2019/GoBarber/node_modules/prettier/index.js'
["INFO" - 12:34:29] Loaded module 'prettier@1.19.1' from '/home/anna/bootcamp2019/GoBarber/node_modules/prettier/index.js'
["INFO" - 12:34:31] Loaded module 'prettier@1.19.1' from '/home/anna/bootcamp2019/GoBarber/node_modules/prettier/index.js'
["INFO" - 12:34:34] Loaded module 'prettier@1.19.1' from '/home/anna/bootcamp2019/GoBarber/node_modules/prettier/index.js'
["INFO" - 12:35:15] Loaded module 'prettier@1.19.1' from '/home/anna/bootcamp2019/GoBarber/node_modules/prettier/index.js'
["INFO" - 12:35:18] Loaded module 'prettier@1.19.1' from '/home/anna/bootcamp2019/GoBarber/node_modules/prettier/index.js'
["INFO" - 12:35:19] Loaded module 'prettier@1.19.1' from '/home/anna/bootcamp2019/GoBarber/node_modules/prettier/index.js'
["INFO" - 13:47:52] Loaded module 'prettier@1.19.1' from '/home/anna/bootcamp2019/GoBarber/node_modules/prettier/index.js'
["INFO" - 14:34:03] Loaded module 'prettier@1.19.1' from '/home/anna/bootcamp2019/GoBarber/node_modules/prettier/index.js'
["INFO" - 14:34:06] Loaded module 'prettier@1.19.1' from '/home/anna/bootcamp2019/GoBarber/node_modules/prettier/index.js'
["INFO" - 14:38:38] Loaded module 'prettier@1.19.1' from '/home/anna/bootcamp2019/GoBarber/node_modules/prettier/index.js'
["INFO" - 14:42:30] Loaded module 'prettier@1.19.1' from '/home/anna/bootcamp2019/GoBarber/node_modules/prettier/index.js'
["INFO" - 14:43:29] Loaded module 'prettier@1.19.1' from '/home/anna/bootcamp2019/GoBarber/node_modules/prettier/index.js'
["INFO" - 14:44:14] Loaded module 'prettier@1.19.1' from '/home/anna/bootcamp2019/GoBarber/node_modules/prettier/index.js'
["INFO" - 14:44:16] Loaded module 'prettier@1.19.1' from '/home/anna/bootcamp2019/GoBarber/node_modules/prettier/index.js'
["INFO" - 15:23:52] Loaded module 'prettier@1.19.1' from '/home/anna/bootcamp2019/GoBarber/node_modules/prettier/index.js'
["INFO" - 15:23:54] Loaded module 'prettier@1.19.1' from '/home/anna/bootcamp2019/GoBarber/node_modules/prettier/index.js'
["INFO" - 15:23:56] Loaded module 'prettier@1.19.1' from '/home/anna/bootcamp2019/GoBarber/node_modules/prettier/index.js'
["INFO" - 15:23:57] Loaded module 'prettier@1.19.1' from '/home/anna/bootcamp2019/GoBarber/node_modules/prettier/index.js'
["INFO" - 15:23:59] Loaded module 'prettier@1.19.1' from '/home/anna/bootcamp2019/GoBarber/node_modules/prettier/index.js'
["INFO" - 15:24:13] Loaded module 'prettier@1.19.1' from '/home/anna/bootcamp2019/GoBarber/node_modules/prettier/index.js'
["INFO" - 15:25:02] Loaded module 'prettier@1.19.1' from '/home/anna/bootcamp2019/GoBarber/node_modules/prettier/index.js'
["INFO" - 15:29:56] Loaded module 'prettier@1.19.1' from '/home/anna/bootcamp2019/GoBarber/node_modules/prettier/index.js'
["INFO" - 15:30:44] Loaded module 'prettier@1.19.1' from '/home/anna/bootcamp2019/GoBarber/node_modules/prettier/index.js'
["INFO" - 15:30:45] Loaded module 'prettier@1.19.1' from '/home/anna/bootcamp2019/GoBarber/node_modules/prettier/index.js'
["INFO" - 15:30:46] Loaded module 'prettier@1.19.1' from '/home/anna/bootcamp2019/GoBarber/node_modules/prettier/index.js'
["INFO" - 15:30:48] Loaded module 'prettier@1.19.1' from '/home/anna/bootcamp2019/GoBarber/node_modules/prettier/index.js'
["INFO" - 15:30:58] Loaded module 'prettier@1.19.1' from '/home/anna/bootcamp2019/GoBarber/node_modules/prettier/index.js'
