[2020-01-07 13:58:58.846] [renderer1] [error] <semantic> TypeScript Server Error (3.7.3)
Cannot read property 'emitNode' of undefined
TypeError: Cannot read property 'emitNode' of undefined
    at Object.getCommentRange (tsserver.js:69029:29)
    at emitNodeList (tsserver.js:92885:51)
    at emitList (tsserver.js:92764:13)
    at Object.writeList (tsserver.js:90188:13)
    at tsserver.js:115321:29
    at Object.mapToDisplayParts (tsserver.js:103874:13)
    at itemInfoForParameters (tsserver.js:115318:41)
    at getSignatureHelpItem (tsserver.js:115284:95)
    at tsserver.js:115257:79
    at Array.map (<anonymous>)
    at createSignatureHelpItems (tsserver.js:115257:36)
    at tsserver.js:114916:120
    at Object.runWithCancellationToken (tsserver.js:33393:28)
    at tsserver.js:114916:44
    at Object.firstDefined (tsserver.js:200:26)
    at tsserver.js:114912:27
    at Object.firstDefined (tsserver.js:200:26)
    at createJSSignatureHelpItems (tsserver.js:114911:56)
    at Object.getSignatureHelpItems (tsserver.js:114845:56)
    at Object.getSignatureHelpItems (tsserver.js:130926:37)
    at IOSession.Session.getSignatureHelpItems (tsserver.js:140489:62)
    at Session.handlers.ts.createMapFromTemplate._a.<computed> (tsserver.js:139415:61)
    at tsserver.js:140929:88
    at IOSession.Session.executeWithRequestId (tsserver.js:140920:28)
    at IOSession.Session.executeCommand (tsserver.js:140929:33)
    at IOSession.Session.onMessage (tsserver.js:140952:35)
    at Interface.<anonymous> (tsserver.js:142267:27)
    at Interface.emit (events.js:200:13)
    at Interface._onLine (readline.js:314:10)
    at Interface._normalWrite (readline.js:459:12)
    at Socket.ondata (readline.js:170:10)
    at Socket.emit (events.js:200:13)
    at addChunk (_stream_readable.js:294:12)
    at readableAddChunk (_stream_readable.js:275:11)
    at Socket.Readable.push (_stream_readable.js:210:10)
    at Pipe.onStreamRead (internal/stream_base_commons.js:166:17): Error: <semantic> TypeScript Server Error (3.7.3)
Cannot read property 'emitNode' of undefined
TypeError: Cannot read property 'emitNode' of undefined
    at Object.getCommentRange (tsserver.js:69029:29)
    at emitNodeList (tsserver.js:92885:51)
    at emitList (tsserver.js:92764:13)
    at Object.writeList (tsserver.js:90188:13)
    at tsserver.js:115321:29
    at Object.mapToDisplayParts (tsserver.js:103874:13)
    at itemInfoForParameters (tsserver.js:115318:41)
    at getSignatureHelpItem (tsserver.js:115284:95)
    at tsserver.js:115257:79
    at Array.map (<anonymous>)
    at createSignatureHelpItems (tsserver.js:115257:36)
    at tsserver.js:114916:120
    at Object.runWithCancellationToken (tsserver.js:33393:28)
    at tsserver.js:114916:44
    at Object.firstDefined (tsserver.js:200:26)
    at tsserver.js:114912:27
    at Object.firstDefined (tsserver.js:200:26)
    at createJSSignatureHelpItems (tsserver.js:114911:56)
    at Object.getSignatureHelpItems (tsserver.js:114845:56)
    at Object.getSignatureHelpItems (tsserver.js:130926:37)
    at IOSession.Session.getSignatureHelpItems (tsserver.js:140489:62)
    at Session.handlers.ts.createMapFromTemplate._a.<computed> (tsserver.js:139415:61)
    at tsserver.js:140929:88
    at IOSession.Session.executeWithRequestId (tsserver.js:140920:28)
    at IOSession.Session.executeCommand (tsserver.js:140929:33)
    at IOSession.Session.onMessage (tsserver.js:140952:35)
    at Interface.<anonymous> (tsserver.js:142267:27)
    at Interface.emit (events.js:200:13)
    at Interface._onLine (readline.js:314:10)
    at Interface._normalWrite (readline.js:459:12)
    at Socket.ondata (readline.js:170:10)
    at Socket.emit (events.js:200:13)
    at addChunk (_stream_readable.js:294:12)
    at readableAddChunk (_stream_readable.js:275:11)
    at Socket.Readable.push (_stream_readable.js:210:10)
    at Pipe.onStreamRead (internal/stream_base_commons.js:166:17)
	at Function.create (/snap/code/23/usr/share/code/resources/app/extensions/typescript-language-features/dist/extension.js:1:47388)
	at h.dispatchResponse (/snap/code/23/usr/share/code/resources/app/extensions/typescript-language-features/dist/extension.js:1:206557)
	at h.dispatchMessage (/snap/code/23/usr/share/code/resources/app/extensions/typescript-language-features/dist/extension.js:1:205455)
	at /snap/code/23/usr/share/code/resources/app/extensions/typescript-language-features/dist/extension.js:1:204931
	at l.fire (/snap/code/23/usr/share/code/resources/app/out/vs/workbench/services/extensions/node/extensionHostProcess.js:46:893)
	at t.Reader.onLengthData (/snap/code/23/usr/share/code/resources/app/extensions/typescript-language-features/dist/extension.js:1:212021)
	at Socket.<anonymous> (/snap/code/23/usr/share/code/resources/app/extensions/typescript-language-features/dist/extension.js:1:211669)
	at Socket.emit (events.js:200:13)
	at addChunk (_stream_readable.js:294:12)
	at readableAddChunk (_stream_readable.js:275:11)
	at Socket.Readable.push (_stream_readable.js:210:10)
	at Pipe.onStreamRead (internal/stream_base_commons.js:166:17)
[2020-01-07 13:59:08.616] [renderer1] [error] <semantic> TypeScript Server Error (3.7.3)
Cannot read property 'emitNode' of undefined
TypeError: Cannot read property 'emitNode' of undefined
    at Object.getCommentRange (tsserver.js:69029:29)
    at emitNodeList (tsserver.js:92885:51)
    at emitList (tsserver.js:92764:13)
    at Object.writeList (tsserver.js:90188:13)
    at tsserver.js:115321:29
    at Object.mapToDisplayParts (tsserver.js:103874:13)
    at itemInfoForParameters (tsserver.js:115318:41)
    at getSignatureHelpItem (tsserver.js:115284:95)
    at tsserver.js:115257:79
    at Array.map (<anonymous>)
    at createSignatureHelpItems (tsserver.js:115257:36)
    at tsserver.js:114849:23
    at Object.runWithCancellationToken (tsserver.js:33393:28)
    at Object.getSignatureHelpItems (tsserver.js:114847:32)
    at Object.getSignatureHelpItems (tsserver.js:130926:37)
    at IOSession.Session.getSignatureHelpItems (tsserver.js:140489:62)
    at Session.handlers.ts.createMapFromTemplate._a.<computed> (tsserver.js:139415:61)
    at tsserver.js:140929:88
    at IOSession.Session.executeWithRequestId (tsserver.js:140920:28)
    at IOSession.Session.executeCommand (tsserver.js:140929:33)
    at IOSession.Session.onMessage (tsserver.js:140952:35)
    at Interface.<anonymous> (tsserver.js:142267:27)
    at Interface.emit (events.js:200:13)
    at Interface._onLine (readline.js:314:10)
    at Interface._normalWrite (readline.js:459:12)
    at Socket.ondata (readline.js:170:10)
    at Socket.emit (events.js:200:13)
    at addChunk (_stream_readable.js:294:12)
    at readableAddChunk (_stream_readable.js:275:11)
    at Socket.Readable.push (_stream_readable.js:210:10)
    at Pipe.onStreamRead (internal/stream_base_commons.js:166:17): Error: <semantic> TypeScript Server Error (3.7.3)
Cannot read property 'emitNode' of undefined
TypeError: Cannot read property 'emitNode' of undefined
    at Object.getCommentRange (tsserver.js:69029:29)
    at emitNodeList (tsserver.js:92885:51)
    at emitList (tsserver.js:92764:13)
    at Object.writeList (tsserver.js:90188:13)
    at tsserver.js:115321:29
    at Object.mapToDisplayParts (tsserver.js:103874:13)
    at itemInfoForParameters (tsserver.js:115318:41)
    at getSignatureHelpItem (tsserver.js:115284:95)
    at tsserver.js:115257:79
    at Array.map (<anonymous>)
    at createSignatureHelpItems (tsserver.js:115257:36)
    at tsserver.js:114849:23
    at Object.runWithCancellationToken (tsserver.js:33393:28)
    at Object.getSignatureHelpItems (tsserver.js:114847:32)
    at Object.getSignatureHelpItems (tsserver.js:130926:37)
    at IOSession.Session.getSignatureHelpItems (tsserver.js:140489:62)
    at Session.handlers.ts.createMapFromTemplate._a.<computed> (tsserver.js:139415:61)
    at tsserver.js:140929:88
    at IOSession.Session.executeWithRequestId (tsserver.js:140920:28)
    at IOSession.Session.executeCommand (tsserver.js:140929:33)
    at IOSession.Session.onMessage (tsserver.js:140952:35)
    at Interface.<anonymous> (tsserver.js:142267:27)
    at Interface.emit (events.js:200:13)
    at Interface._onLine (readline.js:314:10)
    at Interface._normalWrite (readline.js:459:12)
    at Socket.ondata (readline.js:170:10)
    at Socket.emit (events.js:200:13)
    at addChunk (_stream_readable.js:294:12)
    at readableAddChunk (_stream_readable.js:275:11)
    at Socket.Readable.push (_stream_readable.js:210:10)
    at Pipe.onStreamRead (internal/stream_base_commons.js:166:17)
	at Function.create (/snap/code/23/usr/share/code/resources/app/extensions/typescript-language-features/dist/extension.js:1:47388)
	at h.dispatchResponse (/snap/code/23/usr/share/code/resources/app/extensions/typescript-language-features/dist/extension.js:1:206557)
	at h.dispatchMessage (/snap/code/23/usr/share/code/resources/app/extensions/typescript-language-features/dist/extension.js:1:205455)
	at /snap/code/23/usr/share/code/resources/app/extensions/typescript-language-features/dist/extension.js:1:204931
	at l.fire (/snap/code/23/usr/share/code/resources/app/out/vs/workbench/services/extensions/node/extensionHostProcess.js:46:893)
	at t.Reader.onLengthData (/snap/code/23/usr/share/code/resources/app/extensions/typescript-language-features/dist/extension.js:1:212021)
	at Socket.<anonymous> (/snap/code/23/usr/share/code/resources/app/extensions/typescript-language-features/dist/extension.js:1:211669)
	at Socket.emit (events.js:200:13)
	at addChunk (_stream_readable.js:294:12)
	at readableAddChunk (_stream_readable.js:275:11)
	at Socket.Readable.push (_stream_readable.js:210:10)
	at Pipe.onStreamRead (internal/stream_base_commons.js:166:17)
[2020-01-07 13:59:40.436] [renderer1] [error] <semantic> TypeScript Server Error (3.7.3)
Cannot read property 'emitNode' of undefined
TypeError: Cannot read property 'emitNode' of undefined
    at Object.getCommentRange (tsserver.js:69029:29)
    at emitNodeList (tsserver.js:92885:51)
    at emitList (tsserver.js:92764:13)
    at Object.writeList (tsserver.js:90188:13)
    at tsserver.js:115321:29
    at Object.mapToDisplayParts (tsserver.js:103874:13)
    at itemInfoForParameters (tsserver.js:115318:41)
    at getSignatureHelpItem (tsserver.js:115284:95)
    at tsserver.js:115257:79
    at Array.map (<anonymous>)
    at createSignatureHelpItems (tsserver.js:115257:36)
    at tsserver.js:114849:23
    at Object.runWithCancellationToken (tsserver.js:33393:28)
    at Object.getSignatureHelpItems (tsserver.js:114847:32)
    at Object.getSignatureHelpItems (tsserver.js:130926:37)
    at IOSession.Session.getSignatureHelpItems (tsserver.js:140489:62)
    at Session.handlers.ts.createMapFromTemplate._a.<computed> (tsserver.js:139415:61)
    at tsserver.js:140929:88
    at IOSession.Session.executeWithRequestId (tsserver.js:140920:28)
    at IOSession.Session.executeCommand (tsserver.js:140929:33)
    at IOSession.Session.onMessage (tsserver.js:140952:35)
    at Interface.<anonymous> (tsserver.js:142267:27)
    at Interface.emit (events.js:200:13)
    at Interface._onLine (readline.js:314:10)
    at Interface._normalWrite (readline.js:459:12)
    at Socket.ondata (readline.js:170:10)
    at Socket.emit (events.js:200:13)
    at addChunk (_stream_readable.js:294:12)
    at readableAddChunk (_stream_readable.js:275:11)
    at Socket.Readable.push (_stream_readable.js:210:10)
    at Pipe.onStreamRead (internal/stream_base_commons.js:166:17): Error: <semantic> TypeScript Server Error (3.7.3)
Cannot read property 'emitNode' of undefined
TypeError: Cannot read property 'emitNode' of undefined
    at Object.getCommentRange (tsserver.js:69029:29)
    at emitNodeList (tsserver.js:92885:51)
    at emitList (tsserver.js:92764:13)
    at Object.writeList (tsserver.js:90188:13)
    at tsserver.js:115321:29
    at Object.mapToDisplayParts (tsserver.js:103874:13)
    at itemInfoForParameters (tsserver.js:115318:41)
    at getSignatureHelpItem (tsserver.js:115284:95)
    at tsserver.js:115257:79
    at Array.map (<anonymous>)
    at createSignatureHelpItems (tsserver.js:115257:36)
    at tsserver.js:114849:23
    at Object.runWithCancellationToken (tsserver.js:33393:28)
    at Object.getSignatureHelpItems (tsserver.js:114847:32)
    at Object.getSignatureHelpItems (tsserver.js:130926:37)
    at IOSession.Session.getSignatureHelpItems (tsserver.js:140489:62)
    at Session.handlers.ts.createMapFromTemplate._a.<computed> (tsserver.js:139415:61)
    at tsserver.js:140929:88
    at IOSession.Session.executeWithRequestId (tsserver.js:140920:28)
    at IOSession.Session.executeCommand (tsserver.js:140929:33)
    at IOSession.Session.onMessage (tsserver.js:140952:35)
    at Interface.<anonymous> (tsserver.js:142267:27)
    at Interface.emit (events.js:200:13)
    at Interface._onLine (readline.js:314:10)
    at Interface._normalWrite (readline.js:459:12)
    at Socket.ondata (readline.js:170:10)
    at Socket.emit (events.js:200:13)
    at addChunk (_stream_readable.js:294:12)
    at readableAddChunk (_stream_readable.js:275:11)
    at Socket.Readable.push (_stream_readable.js:210:10)
    at Pipe.onStreamRead (internal/stream_base_commons.js:166:17)
	at Function.create (/snap/code/23/usr/share/code/resources/app/extensions/typescript-language-features/dist/extension.js:1:47388)
	at h.dispatchResponse (/snap/code/23/usr/share/code/resources/app/extensions/typescript-language-features/dist/extension.js:1:206557)
	at h.dispatchMessage (/snap/code/23/usr/share/code/resources/app/extensions/typescript-language-features/dist/extension.js:1:205455)
	at /snap/code/23/usr/share/code/resources/app/extensions/typescript-language-features/dist/extension.js:1:204931
	at l.fire (/snap/code/23/usr/share/code/resources/app/out/vs/workbench/services/extensions/node/extensionHostProcess.js:46:893)
	at t.Reader.onLengthData (/snap/code/23/usr/share/code/resources/app/extensions/typescript-language-features/dist/extension.js:1:212021)
	at Socket.<anonymous> (/snap/code/23/usr/share/code/resources/app/extensions/typescript-language-features/dist/extension.js:1:211669)
	at Socket.emit (events.js:200:13)
	at addChunk (_stream_readable.js:294:12)
	at readableAddChunk (_stream_readable.js:275:11)
	at Socket.Readable.push (_stream_readable.js:210:10)
	at Pipe.onStreamRead (internal/stream_base_commons.js:166:17)
[2020-01-07 13:59:44.903] [renderer1] [error] <semantic> TypeScript Server Error (3.7.3)
Cannot read property 'emitNode' of undefined
TypeError: Cannot read property 'emitNode' of undefined
    at Object.getCommentRange (tsserver.js:69029:29)
    at emitNodeList (tsserver.js:92885:51)
    at emitList (tsserver.js:92764:13)
    at Object.writeList (tsserver.js:90188:13)
    at tsserver.js:115321:29
    at Object.mapToDisplayParts (tsserver.js:103874:13)
    at itemInfoForParameters (tsserver.js:115318:41)
    at getSignatureHelpItem (tsserver.js:115284:95)
    at tsserver.js:115257:79
    at Array.map (<anonymous>)
    at createSignatureHelpItems (tsserver.js:115257:36)
    at tsserver.js:114916:120
    at Object.runWithCancellationToken (tsserver.js:33393:28)
    at tsserver.js:114916:44
    at Object.firstDefined (tsserver.js:200:26)
    at tsserver.js:114912:27
    at Object.firstDefined (tsserver.js:200:26)
    at createJSSignatureHelpItems (tsserver.js:114911:56)
    at Object.getSignatureHelpItems (tsserver.js:114845:56)
    at Object.getSignatureHelpItems (tsserver.js:130926:37)
    at IOSession.Session.getSignatureHelpItems (tsserver.js:140489:62)
    at Session.handlers.ts.createMapFromTemplate._a.<computed> (tsserver.js:139415:61)
    at tsserver.js:140929:88
    at IOSession.Session.executeWithRequestId (tsserver.js:140920:28)
    at IOSession.Session.executeCommand (tsserver.js:140929:33)
    at IOSession.Session.onMessage (tsserver.js:140952:35)
    at Interface.<anonymous> (tsserver.js:142267:27)
    at Interface.emit (events.js:200:13)
    at Interface._onLine (readline.js:314:10)
    at Interface._normalWrite (readline.js:459:12)
    at Socket.ondata (readline.js:170:10)
    at Socket.emit (events.js:200:13)
    at addChunk (_stream_readable.js:294:12)
    at readableAddChunk (_stream_readable.js:275:11)
    at Socket.Readable.push (_stream_readable.js:210:10)
    at Pipe.onStreamRead (internal/stream_base_commons.js:166:17): Error: <semantic> TypeScript Server Error (3.7.3)
Cannot read property 'emitNode' of undefined
TypeError: Cannot read property 'emitNode' of undefined
    at Object.getCommentRange (tsserver.js:69029:29)
    at emitNodeList (tsserver.js:92885:51)
    at emitList (tsserver.js:92764:13)
    at Object.writeList (tsserver.js:90188:13)
    at tsserver.js:115321:29
    at Object.mapToDisplayParts (tsserver.js:103874:13)
    at itemInfoForParameters (tsserver.js:115318:41)
    at getSignatureHelpItem (tsserver.js:115284:95)
    at tsserver.js:115257:79
    at Array.map (<anonymous>)
    at createSignatureHelpItems (tsserver.js:115257:36)
    at tsserver.js:114916:120
    at Object.runWithCancellationToken (tsserver.js:33393:28)
    at tsserver.js:114916:44
    at Object.firstDefined (tsserver.js:200:26)
    at tsserver.js:114912:27
    at Object.firstDefined (tsserver.js:200:26)
    at createJSSignatureHelpItems (tsserver.js:114911:56)
    at Object.getSignatureHelpItems (tsserver.js:114845:56)
    at Object.getSignatureHelpItems (tsserver.js:130926:37)
    at IOSession.Session.getSignatureHelpItems (tsserver.js:140489:62)
    at Session.handlers.ts.createMapFromTemplate._a.<computed> (tsserver.js:139415:61)
    at tsserver.js:140929:88
    at IOSession.Session.executeWithRequestId (tsserver.js:140920:28)
    at IOSession.Session.executeCommand (tsserver.js:140929:33)
    at IOSession.Session.onMessage (tsserver.js:140952:35)
    at Interface.<anonymous> (tsserver.js:142267:27)
    at Interface.emit (events.js:200:13)
    at Interface._onLine (readline.js:314:10)
    at Interface._normalWrite (readline.js:459:12)
    at Socket.ondata (readline.js:170:10)
    at Socket.emit (events.js:200:13)
    at addChunk (_stream_readable.js:294:12)
    at readableAddChunk (_stream_readable.js:275:11)
    at Socket.Readable.push (_stream_readable.js:210:10)
    at Pipe.onStreamRead (internal/stream_base_commons.js:166:17)
	at Function.create (/snap/code/23/usr/share/code/resources/app/extensions/typescript-language-features/dist/extension.js:1:47388)
	at h.dispatchResponse (/snap/code/23/usr/share/code/resources/app/extensions/typescript-language-features/dist/extension.js:1:206557)
	at h.dispatchMessage (/snap/code/23/usr/share/code/resources/app/extensions/typescript-language-features/dist/extension.js:1:205455)
	at /snap/code/23/usr/share/code/resources/app/extensions/typescript-language-features/dist/extension.js:1:204931
	at l.fire (/snap/code/23/usr/share/code/resources/app/out/vs/workbench/services/extensions/node/extensionHostProcess.js:46:893)
	at t.Reader.onLengthData (/snap/code/23/usr/share/code/resources/app/extensions/typescript-language-features/dist/extension.js:1:212021)
	at Socket.<anonymous> (/snap/code/23/usr/share/code/resources/app/extensions/typescript-language-features/dist/extension.js:1:211669)
	at Socket.emit (events.js:200:13)
	at addChunk (_stream_readable.js:294:12)
	at readableAddChunk (_stream_readable.js:275:11)
	at Socket.Readable.push (_stream_readable.js:210:10)
	at Pipe.onStreamRead (internal/stream_base_commons.js:166:17)
[2020-01-07 14:22:33.029] [renderer1] [error] <syntax> TypeScript Server Error (3.7.3)
Debug Failure. Did not expect ClassDeclaration to have an Identifier in its trivia
Error: Debug Failure. Did not expect ClassDeclaration to have an Identifier in its trivia
    at addSyntheticNodes (tsserver.js:129745:30)
    at createChildren (tsserver.js:129734:9)
    at NodeObject.getChildren (tsserver.js:129678:56)
    at Object.findChildOfKind (tsserver.js:102923:26)
    at spanForNode (tsserver.js:113610:36)
    at getOutliningSpanForNode (tsserver.js:113568:28)
    at visitNonImportNode (tsserver.js:113425:28)
    at addNodeOutliningSpans (tsserver.js:113400:21)
    at Object.collectElements (tsserver.js:113388:13)
    at Object.getOutliningSpans (tsserver.js:131024:50)
    at IOSession.Session.getOutliningSpans (tsserver.js:140256:45)
    at Session.handlers.ts.createMapFromTemplate._a.<computed> (tsserver.js:139352:61)
    at tsserver.js:140929:88
    at IOSession.Session.executeWithRequestId (tsserver.js:140920:28)
    at IOSession.Session.executeCommand (tsserver.js:140929:33)
    at IOSession.Session.onMessage (tsserver.js:140952:35)
    at Interface.<anonymous> (tsserver.js:142267:27)
    at Interface.emit (events.js:200:13)
    at Interface._onLine (readline.js:314:10)
    at Interface._normalWrite (readline.js:459:12)
    at Socket.ondata (readline.js:170:10)
    at Socket.emit (events.js:200:13)
    at addChunk (_stream_readable.js:294:12)
    at readableAddChunk (_stream_readable.js:275:11)
    at Socket.Readable.push (_stream_readable.js:210:10)
    at Pipe.onStreamRead (internal/stream_base_commons.js:166:17): Error: <syntax> TypeScript Server Error (3.7.3)
Debug Failure. Did not expect ClassDeclaration to have an Identifier in its trivia
Error: Debug Failure. Did not expect ClassDeclaration to have an Identifier in its trivia
    at addSyntheticNodes (tsserver.js:129745:30)
    at createChildren (tsserver.js:129734:9)
    at NodeObject.getChildren (tsserver.js:129678:56)
    at Object.findChildOfKind (tsserver.js:102923:26)
    at spanForNode (tsserver.js:113610:36)
    at getOutliningSpanForNode (tsserver.js:113568:28)
    at visitNonImportNode (tsserver.js:113425:28)
    at addNodeOutliningSpans (tsserver.js:113400:21)
    at Object.collectElements (tsserver.js:113388:13)
    at Object.getOutliningSpans (tsserver.js:131024:50)
    at IOSession.Session.getOutliningSpans (tsserver.js:140256:45)
    at Session.handlers.ts.createMapFromTemplate._a.<computed> (tsserver.js:139352:61)
    at tsserver.js:140929:88
    at IOSession.Session.executeWithRequestId (tsserver.js:140920:28)
    at IOSession.Session.executeCommand (tsserver.js:140929:33)
    at IOSession.Session.onMessage (tsserver.js:140952:35)
    at Interface.<anonymous> (tsserver.js:142267:27)
    at Interface.emit (events.js:200:13)
    at Interface._onLine (readline.js:314:10)
    at Interface._normalWrite (readline.js:459:12)
    at Socket.ondata (readline.js:170:10)
    at Socket.emit (events.js:200:13)
    at addChunk (_stream_readable.js:294:12)
    at readableAddChunk (_stream_readable.js:275:11)
    at Socket.Readable.push (_stream_readable.js:210:10)
    at Pipe.onStreamRead (internal/stream_base_commons.js:166:17)
	at Function.create (/snap/code/23/usr/share/code/resources/app/extensions/typescript-language-features/dist/extension.js:1:47388)
	at h.dispatchResponse (/snap/code/23/usr/share/code/resources/app/extensions/typescript-language-features/dist/extension.js:1:206557)
	at h.dispatchMessage (/snap/code/23/usr/share/code/resources/app/extensions/typescript-language-features/dist/extension.js:1:205455)
	at /snap/code/23/usr/share/code/resources/app/extensions/typescript-language-features/dist/extension.js:1:204931
	at l.fire (/snap/code/23/usr/share/code/resources/app/out/vs/workbench/services/extensions/node/extensionHostProcess.js:46:893)
	at t.Reader.onLengthData (/snap/code/23/usr/share/code/resources/app/extensions/typescript-language-features/dist/extension.js:1:212021)
	at Socket.<anonymous> (/snap/code/23/usr/share/code/resources/app/extensions/typescript-language-features/dist/extension.js:1:211669)
	at Socket.emit (events.js:200:13)
	at addChunk (_stream_readable.js:294:12)
	at readableAddChunk (_stream_readable.js:275:11)
	at Socket.Readable.push (_stream_readable.js:210:10)
	at Pipe.onStreamRead (internal/stream_base_commons.js:166:17)
[2020-01-07 14:22:44.266] [renderer1] [error] <syntax> TypeScript Server Error (3.7.3)
Debug Failure. Did not expect ClassDeclaration to have an Identifier in its trivia
Error: Debug Failure. Did not expect ClassDeclaration to have an Identifier in its trivia
    at addSyntheticNodes (tsserver.js:129745:30)
    at createChildren (tsserver.js:129734:9)
    at NodeObject.getChildren (tsserver.js:129678:56)
    at Object.findChildOfKind (tsserver.js:102923:26)
    at spanForNode (tsserver.js:113610:36)
    at getOutliningSpanForNode (tsserver.js:113568:28)
    at visitNonImportNode (tsserver.js:113425:28)
    at addNodeOutliningSpans (tsserver.js:113400:21)
    at Object.collectElements (tsserver.js:113388:13)
    at Object.getOutliningSpans (tsserver.js:131024:50)
    at IOSession.Session.getOutliningSpans (tsserver.js:140256:45)
    at Session.handlers.ts.createMapFromTemplate._a.<computed> (tsserver.js:139352:61)
    at tsserver.js:140929:88
    at IOSession.Session.executeWithRequestId (tsserver.js:140920:28)
    at IOSession.Session.executeCommand (tsserver.js:140929:33)
    at IOSession.Session.onMessage (tsserver.js:140952:35)
    at Interface.<anonymous> (tsserver.js:142267:27)
    at Interface.emit (events.js:200:13)
    at Interface._onLine (readline.js:314:10)
    at Interface._normalWrite (readline.js:459:12)
    at Socket.ondata (readline.js:170:10)
    at Socket.emit (events.js:200:13)
    at addChunk (_stream_readable.js:294:12)
    at readableAddChunk (_stream_readable.js:275:11)
    at Socket.Readable.push (_stream_readable.js:210:10)
    at Pipe.onStreamRead (internal/stream_base_commons.js:166:17): Error: <syntax> TypeScript Server Error (3.7.3)
Debug Failure. Did not expect ClassDeclaration to have an Identifier in its trivia
Error: Debug Failure. Did not expect ClassDeclaration to have an Identifier in its trivia
    at addSyntheticNodes (tsserver.js:129745:30)
    at createChildren (tsserver.js:129734:9)
    at NodeObject.getChildren (tsserver.js:129678:56)
    at Object.findChildOfKind (tsserver.js:102923:26)
    at spanForNode (tsserver.js:113610:36)
    at getOutliningSpanForNode (tsserver.js:113568:28)
    at visitNonImportNode (tsserver.js:113425:28)
    at addNodeOutliningSpans (tsserver.js:113400:21)
    at Object.collectElements (tsserver.js:113388:13)
    at Object.getOutliningSpans (tsserver.js:131024:50)
    at IOSession.Session.getOutliningSpans (tsserver.js:140256:45)
    at Session.handlers.ts.createMapFromTemplate._a.<computed> (tsserver.js:139352:61)
    at tsserver.js:140929:88
    at IOSession.Session.executeWithRequestId (tsserver.js:140920:28)
    at IOSession.Session.executeCommand (tsserver.js:140929:33)
    at IOSession.Session.onMessage (tsserver.js:140952:35)
    at Interface.<anonymous> (tsserver.js:142267:27)
    at Interface.emit (events.js:200:13)
    at Interface._onLine (readline.js:314:10)
    at Interface._normalWrite (readline.js:459:12)
    at Socket.ondata (readline.js:170:10)
    at Socket.emit (events.js:200:13)
    at addChunk (_stream_readable.js:294:12)
    at readableAddChunk (_stream_readable.js:275:11)
    at Socket.Readable.push (_stream_readable.js:210:10)
    at Pipe.onStreamRead (internal/stream_base_commons.js:166:17)
	at Function.create (/snap/code/23/usr/share/code/resources/app/extensions/typescript-language-features/dist/extension.js:1:47388)
	at h.dispatchResponse (/snap/code/23/usr/share/code/resources/app/extensions/typescript-language-features/dist/extension.js:1:206557)
	at h.dispatchMessage (/snap/code/23/usr/share/code/resources/app/extensions/typescript-language-features/dist/extension.js:1:205455)
	at /snap/code/23/usr/share/code/resources/app/extensions/typescript-language-features/dist/extension.js:1:204931
	at l.fire (/snap/code/23/usr/share/code/resources/app/out/vs/workbench/services/extensions/node/extensionHostProcess.js:46:893)
	at t.Reader.onLengthData (/snap/code/23/usr/share/code/resources/app/extensions/typescript-language-features/dist/extension.js:1:212021)
	at Socket.<anonymous> (/snap/code/23/usr/share/code/resources/app/extensions/typescript-language-features/dist/extension.js:1:211669)
	at Socket.emit (events.js:200:13)
	at addChunk (_stream_readable.js:294:12)
	at readableAddChunk (_stream_readable.js:275:11)
	at Socket.Readable.push (_stream_readable.js:210:10)
	at Pipe.onStreamRead (internal/stream_base_commons.js:166:17)
