Looking for git in: git
Using git 2.17.1 from git
> git rev-parse --show-toplevel
> git rev-parse --git-dir
Open repository: /home/anna/bootcamp2019/GoBarber
> git status -z -u
> git symbolic-ref --short HEAD
> git rev-parse branch1
> git rev-parse --symbolic-full-name branch1@{u}
fatal: no upstream configured for branch 'branch1'
> git for-each-ref --format %(refname) %(objectname) --sort -committerdate
> git remote --verbose
> git show :.vscode/launch.json
> git check-ignore -v -z --stdin
> git config --get commit.template
> git show :src/database/index.js
> git show :src/app/models/User.js
> git show :.vscode/launch.json
> git show :src/database/index.js
> git show :.sequelizerc
> git show :nodemon.json
> git show :src/app.js
> git show :src/routes.js
> git show :src/app.js
> git show :src/database/index.js
> git show :src/server.js
> git show :package.json
> git show :nodemon.json
> git show :editorconfig
> git show :.eslintrc.js
> git show :src/server.js
> git show :src/routes.js
> git show :src/app.js
> git show :src/database/index.js
> git check-ignore -v -z --stdin
> git show :src/config/database.js
> git status -z -u
> git symbolic-ref --short HEAD
> git rev-parse branch1
> git rev-parse --symbolic-full-name branch1@{u}
fatal: no upstream configured for branch 'branch1'
> git for-each-ref --format %(refname) %(objectname) --sort -committerdate
> git remote --verbose
> git config --get commit.template
> git status -z -u
> git symbolic-ref --short HEAD
> git rev-parse branch1
> git rev-parse --symbolic-full-name branch1@{u}
fatal: no upstream configured for branch 'branch1'
> git for-each-ref --format %(refname) %(objectname) --sort -committerdate
> git remote --verbose
> git config --get commit.template
> git show :src/database/index.js
> git show :src/config/database.js
> git show :src/database/index.js
> git show :src/config/database.js
> git show :.sequelizerc
> git show :src/config/database.js
> git show :nodemon.json
> git show :src/app.js
> git show :src/routes.js
> git show :src/config/database.js
> git show :src/database/index.js
> git show :src/config/database.js
> git status -z -u
> git symbolic-ref --short HEAD
> git rev-parse branch1
> git rev-parse --symbolic-full-name branch1@{u}
fatal: no upstream configured for branch 'branch1'
> git for-each-ref --format %(refname) %(objectname) --sort -committerdate
> git remote --verbose
> git config --get commit.template
> git status -z -u
> git symbolic-ref --short HEAD
> git rev-parse branch1
> git rev-parse --symbolic-full-name branch1@{u}
fatal: no upstream configured for branch 'branch1'
> git for-each-ref --format %(refname) %(objectname) --sort -committerdate
> git remote --verbose
> git config --get commit.template
> git status -z -u
> git symbolic-ref --short HEAD
> git rev-parse branch1
> git rev-parse --symbolic-full-name branch1@{u}
fatal: no upstream configured for branch 'branch1'
> git for-each-ref --format %(refname) %(objectname) --sort -committerdate
> git remote --verbose
> git config --get commit.template
> git status -z -u
> git symbolic-ref --short HEAD
> git rev-parse branch1
> git rev-parse --symbolic-full-name branch1@{u}
fatal: no upstream configured for branch 'branch1'
> git for-each-ref --format %(refname) %(objectname) --sort -committerdate
> git remote --verbose
> git config --get commit.template
> git status -z -u
> git symbolic-ref --short HEAD
> git rev-parse branch1
> git rev-parse --symbolic-full-name branch1@{u}
fatal: no upstream configured for branch 'branch1'
> git for-each-ref --format %(refname) %(objectname) --sort -committerdate
> git remote --verbose
> git config --get commit.template
> git status -z -u
> git symbolic-ref --short HEAD
> git rev-parse branch1
> git rev-parse --symbolic-full-name branch1@{u}
fatal: no upstream configured for branch 'branch1'
> git for-each-ref --format %(refname) %(objectname) --sort -committerdate
> git remote --verbose
> git config --get commit.template
> git status -z -u
> git symbolic-ref --short HEAD
> git rev-parse branch1
> git rev-parse --symbolic-full-name branch1@{u}
fatal: no upstream configured for branch 'branch1'
> git for-each-ref --format %(refname) %(objectname) --sort -committerdate
> git remote --verbose
> git config --get commit.template
> git show :src/app/controllers/UserCOntroller.js
> git check-ignore -v -z --stdin
> git status -z -u
> git symbolic-ref --short HEAD
> git rev-parse branch1
> git rev-parse --symbolic-full-name branch1@{u}
fatal: no upstream configured for branch 'branch1'
> git for-each-ref --format %(refname) %(objectname) --sort -committerdate
> git remote --verbose
> git config --get commit.template
> git status -z -u
> git symbolic-ref --short HEAD
> git rev-parse branch1
> git rev-parse --symbolic-full-name branch1@{u}
fatal: no upstream configured for branch 'branch1'
> git for-each-ref --format %(refname) %(objectname) --sort -committerdate
> git remote --verbose
> git config --get commit.template
> git status -z -u
> git symbolic-ref --short HEAD
> git rev-parse branch1
> git rev-parse --symbolic-full-name branch1@{u}
fatal: no upstream configured for branch 'branch1'
> git for-each-ref --format %(refname) %(objectname) --sort -committerdate
> git remote --verbose
> git config --get commit.template
> git status -z -u
> git symbolic-ref --short HEAD
> git rev-parse branch1
> git rev-parse --symbolic-full-name branch1@{u}
fatal: no upstream configured for branch 'branch1'
> git for-each-ref --format %(refname) %(objectname) --sort -committerdate
> git remote --verbose
> git config --get commit.template
> git status -z -u
> git symbolic-ref --short HEAD
> git rev-parse branch1
> git rev-parse --symbolic-full-name branch1@{u}
fatal: no upstream configured for branch 'branch1'
> git for-each-ref --format %(refname) %(objectname) --sort -committerdate
> git remote --verbose
> git config --get commit.template
> git status -z -u
> git symbolic-ref --short HEAD
> git rev-parse branch1
> git rev-parse --symbolic-full-name branch1@{u}
fatal: no upstream configured for branch 'branch1'
> git for-each-ref --format %(refname) %(objectname) --sort -committerdate
> git remote --verbose
> git config --get commit.template
> git show :src/config/database.js
> git show :src/database/index.js
> git show :src/app/models/User.js
> git show :src/database/index.js
> git show :src/config/database.js
> git show :src/app/controllers/UserCOntroller.js
> git show :.sequelizerc
> git show :src/app/controllers/UserCOntroller.js
> git show :nodemon.json
> git show :src/app/controllers/UserCOntroller.js
> git show :src/app.js
> git show :src/app/controllers/UserCOntroller.js
> git show :src/routes.js
> git status -z -u
> git symbolic-ref --short HEAD
> git rev-parse branch1
> git rev-parse --symbolic-full-name branch1@{u}
fatal: no upstream configured for branch 'branch1'
> git for-each-ref --format %(refname) %(objectname) --sort -committerdate
> git remote --verbose
> git config --get commit.template
> git status -z -u
> git symbolic-ref --short HEAD
> git rev-parse branch1
> git rev-parse --symbolic-full-name branch1@{u}
fatal: no upstream configured for branch 'branch1'
> git for-each-ref --format %(refname) %(objectname) --sort -committerdate
> git remote --verbose
> git config --get commit.template
> git status -z -u
> git symbolic-ref --short HEAD
> git rev-parse branch1
> git rev-parse --symbolic-full-name branch1@{u}
fatal: no upstream configured for branch 'branch1'
> git for-each-ref --format %(refname) %(objectname) --sort -committerdate
> git remote --verbose
> git config --get commit.template
> git status -z -u
> git show :src/routes.js
> git symbolic-ref --short HEAD
> git rev-parse branch1
> git rev-parse --symbolic-full-name branch1@{u}
fatal: no upstream configured for branch 'branch1'
> git for-each-ref --format %(refname) %(objectname) --sort -committerdate
> git remote --verbose
> git config --get commit.template
> git status -z -u
> git symbolic-ref --short HEAD
> git rev-parse branch1
> git show :src/routes.js
> git rev-parse --symbolic-full-name branch1@{u}
fatal: no upstream configured for branch 'branch1'
> git for-each-ref --format %(refname) %(objectname) --sort -committerdate
> git remote --verbose
> git config --get commit.template
> git status -z -u
> git check-ignore -v -z --stdin
> git symbolic-ref --short HEAD
> git rev-parse branch1
> git rev-parse --symbolic-full-name branch1@{u}
fatal: no upstream configured for branch 'branch1'
> git for-each-ref --format %(refname) %(objectname) --sort -committerdate
> git remote --verbose
> git config --get commit.template
> git show :src/app/controllers/UserCOntroller.js
> git status -z -u
> git symbolic-ref --short HEAD
> git rev-parse branch1
> git rev-parse --symbolic-full-name branch1@{u}
fatal: no upstream configured for branch 'branch1'
> git for-each-ref --format %(refname) %(objectname) --sort -committerdate
> git remote --verbose
> git config --get commit.template
> git status -z -u
> git symbolic-ref --short HEAD
> git rev-parse branch1
> git rev-parse --symbolic-full-name branch1@{u}
fatal: no upstream configured for branch 'branch1'
> git for-each-ref --format %(refname) %(objectname) --sort -committerdate
> git remote --verbose
> git config --get commit.template
> git status -z -u
> git symbolic-ref --short HEAD
> git rev-parse branch1
> git rev-parse --symbolic-full-name branch1@{u}
fatal: no upstream configured for branch 'branch1'
> git for-each-ref --format %(refname) %(objectname) --sort -committerdate
> git remote --verbose
> git config --get commit.template
> git status -z -u
> git symbolic-ref --short HEAD
> git rev-parse branch1
> git rev-parse --symbolic-full-name branch1@{u}
fatal: no upstream configured for branch 'branch1'
> git for-each-ref --format %(refname) %(objectname) --sort -committerdate
> git remote --verbose
> git config --get commit.template
> git status -z -u
> git symbolic-ref --short HEAD
> git rev-parse branch1
> git rev-parse --symbolic-full-name branch1@{u}
fatal: no upstream configured for branch 'branch1'
> git for-each-ref --format %(refname) %(objectname) --sort -committerdate
> git remote --verbose
> git config --get commit.template
> git show :src/app/models/User.js
> git status -z -u
> git symbolic-ref --short HEAD
> git rev-parse branch1
> git rev-parse --symbolic-full-name branch1@{u}
fatal: no upstream configured for branch 'branch1'
> git for-each-ref --format %(refname) %(objectname) --sort -committerdate
> git remote --verbose
> git config --get commit.template
> git status -z -u
> git symbolic-ref --short HEAD
> git rev-parse branch1
> git rev-parse --symbolic-full-name branch1@{u}
fatal: no upstream configured for branch 'branch1'
> git for-each-ref --format %(refname) %(objectname) --sort -committerdate
> git remote --verbose
> git config --get commit.template
> git status -z -u
> git symbolic-ref --short HEAD
> git rev-parse branch1
> git rev-parse --symbolic-full-name branch1@{u}
fatal: no upstream configured for branch 'branch1'
> git for-each-ref --format %(refname) %(objectname) --sort -committerdate
> git remote --verbose
> git config --get commit.template
> git status -z -u
> git symbolic-ref --short HEAD
> git rev-parse branch1
> git rev-parse --symbolic-full-name branch1@{u}
fatal: no upstream configured for branch 'branch1'
> git for-each-ref --format %(refname) %(objectname) --sort -committerdate
> git remote --verbose
> git config --get commit.template
