Initializing document watcher...
GoBarber/src/database/index.js: {}
GoBarber/src/app/models/User.js: {}
GoBarber/src/app/models/User.js: {}
GoBarber/.vscode/launch.json: {}
GoBarber/src/database/index.js: {}
GoBarber/.sequelizerc: {}
GoBarber/nodemon.json: {}
GoBarber/src/app.js: {}
GoBarber/src/routes.js: {}
GoBarber/src/app.js: {}
GoBarber/src/database/index.js: {}
GoBarber/src/server.js: {}
GoBarber/package.json: {}
GoBarber/nodemon.json: {}
GoBarber/editorconfig: {}
GoBarber/.eslintrc.js: {}
GoBarber/src/server.js: {}
GoBarber/src/routes.js: {}
GoBarber/src/app.js: {}
GoBarber/src/database/index.js: {}
GoBarber/src/config/database.js: {}
GoBarber/src/config/database.js: Using EditorConfig core...
GoBarber/src/config/database.js: {}
GoBarber/src/config/database.js: Using EditorConfig core...
GoBarber/src/database/index.js: {}
GoBarber/src/config/database.js: {}
GoBarber/src/database/index.js: {}
GoBarber/src/config/database.js: {}
GoBarber/.sequelizerc: {}
GoBarber/src/config/database.js: {}
GoBarber/nodemon.json: {}
GoBarber/src/app.js: {}
GoBarber/src/routes.js: {}
GoBarber/src/config/database.js: {}
GoBarber/src/database/index.js: {}
GoBarber/src/config/database.js: {}
GoBarber/src/config/database.js: {}
GoBarber/src/config/database.js: {}
GoBarber/src/config/database.js: {}
GoBarber/src/config/database.js: {}
GoBarber/src/config/database.js: {}
GoBarber/src/config/database.js: {}
GoBarber/src/config/database.js: {}
GoBarber/src/config/database.js: {}
GoBarber/src/config/database.js: {}
GoBarber/src/config/database.js: {}
GoBarber/src/config/database.js: {}
GoBarber/src/config/database.js: {}
GoBarber/src/config/database.js: {}
GoBarber/src/config/database.js: {}
GoBarber/src/config/database.js: {}
GoBarber/src/config/database.js: Using EditorConfig core...
GoBarber/src/config/database.js: {}
GoBarber/src/config/database.js: {}
GoBarber/src/config/database.js: Using EditorConfig core...
GoBarber/src/config/database.js: Using EditorConfig core...
GoBarber/src/config/database.js: {}
GoBarber/src/config/database.js: Using EditorConfig core...
GoBarber/src/config/database.js: {}
GoBarber/src/config/database.js: Using EditorConfig core...
GoBarber/src/config/database.js: {}
GoBarber/src/config/database.js: {}
GoBarber/src/config/database.js: {}
GoBarber/src/config/database.js: {}
GoBarber/src/config/database.js: Using EditorConfig core...
GoBarber/src/config/database.js: Using EditorConfig core...
GoBarber/src/config/database.js: {}
GoBarber/src/config/database.js: {}
GoBarber/src/config/database.js: {}
GoBarber/src/config/database.js: {}
GoBarber/src/config/database.js: {}
GoBarber/src/config/database.js: {}
GoBarber/src/config/database.js: {}
GoBarber/src/app/controllers/UserCOntroller.js: {}
GoBarber/src/app/controllers/UserCOntroller.js: {}
GoBarber/src/app/controllers/UserCOntroller.js: Using EditorConfig core...
GoBarber/src/app/controllers/UserCOntroller.js: {}
GoBarber/src/app/controllers/UserCOntroller.js: Using EditorConfig core...
GoBarber/src/app/controllers/UserCOntroller.js: Using EditorConfig core...
GoBarber/src/app/controllers/UserCOntroller.js: Using EditorConfig core...
GoBarber/src/app/controllers/UserCOntroller.js: Using EditorConfig core...
GoBarber/src/app/controllers/UserCOntroller.js: {}
GoBarber/src/config/database.js: {}
GoBarber/src/database/index.js: {}
GoBarber/src/app/models/User.js: {}
GoBarber/src/database/index.js: {}
GoBarber/src/config/database.js: {}
GoBarber/src/app/controllers/UserCOntroller.js: {}
GoBarber/.sequelizerc: {}
GoBarber/src/app/controllers/UserCOntroller.js: {}
GoBarber/nodemon.json: {}
GoBarber/src/app/controllers/UserCOntroller.js: {}
GoBarber/src/app.js: {}
GoBarber/src/app/controllers/UserCOntroller.js: {}
GoBarber/src/routes.js: {}
GoBarber/src/routes.js: {}
GoBarber/src/routes.js: Using EditorConfig core...
GoBarber/src/routes.js: {}
GoBarber/src/routes.js: Using EditorConfig core...
GoBarber/src/routes.js: {}
GoBarber/src/routes.js: {}
GoBarber/src/routes.js: {}
GoBarber/src/routes.js: Using EditorConfig core...
