["INFO" - 12:14:29] Extension Name: "prettier-vscode".
["INFO" - 12:14:30] Extension Version: "3.18.0".
["INFO" - 12:14:30] Loaded module 'prettier@1.19.1' from '/home/anna/bootcamp2019/GoBarber/node_modules/prettier/index.js'
["INFO" - 12:14:30] Loaded module 'prettier@1.19.1' from '/home/anna/bootcamp2019/GoBarber/node_modules/prettier/index.js'
["INFO" - 12:14:30] Enabling prettier for languages
[
  "css",
  "graphql",
  "html",
  "javascript",
  "javascriptreact",
  "json",
  "json5",
  "jsonc",
  "less",
  "markdown",
  "mdx",
  "mongo",
  "postcss",
  "scss",
  "typescript",
  "typescriptreact",
  "vue",
  "yaml"
]
["INFO" - 12:14:30] Enabling prettier for range supported languages
[
  "graphql",
  "javascript",
  "javascriptreact",
  "json",
  "typescript",
  "typescriptreact"
]
["INFO" - 12:15:21] Loaded module 'prettier@1.19.1' from '/home/anna/bootcamp2019/GoBarber/node_modules/prettier/index.js'
["INFO" - 12:15:24] Loaded module 'prettier@1.19.1' from '/home/anna/bootcamp2019/GoBarber/node_modules/prettier/index.js'
["INFO" - 12:17:09] Loaded module 'prettier@1.19.1' from '/home/anna/bootcamp2019/GoBarber/node_modules/prettier/index.js'
["INFO" - 12:17:10] Loaded module 'prettier@1.19.1' from '/home/anna/bootcamp2019/GoBarber/node_modules/prettier/index.js'
["INFO" - 12:17:11] Loaded module 'prettier@1.19.1' from '/home/anna/bootcamp2019/GoBarber/node_modules/prettier/index.js'
["INFO" - 12:17:12] Loaded module 'prettier@1.19.1' from '/home/anna/bootcamp2019/GoBarber/node_modules/prettier/index.js'
["INFO" - 12:17:13] Loaded module 'prettier@1.19.1' from '/home/anna/bootcamp2019/GoBarber/node_modules/prettier/index.js'
["INFO" - 12:17:14] Loaded module 'prettier@1.19.1' from '/home/anna/bootcamp2019/GoBarber/node_modules/prettier/index.js'
["INFO" - 12:17:17] Loaded module 'prettier@1.19.1' from '/home/anna/bootcamp2019/GoBarber/node_modules/prettier/index.js'
["INFO" - 12:17:19] Loaded module 'prettier@1.19.1' from '/home/anna/bootcamp2019/GoBarber/node_modules/prettier/index.js'
["INFO" - 12:17:21] Loaded module 'prettier@1.19.1' from '/home/anna/bootcamp2019/GoBarber/node_modules/prettier/index.js'
["INFO" - 12:17:23] Loaded module 'prettier@1.19.1' from '/home/anna/bootcamp2019/GoBarber/node_modules/prettier/index.js'
["INFO" - 12:17:24] Loaded module 'prettier@1.19.1' from '/home/anna/bootcamp2019/GoBarber/node_modules/prettier/index.js'
["INFO" - 12:17:25] Loaded module 'prettier@1.19.1' from '/home/anna/bootcamp2019/GoBarber/node_modules/prettier/index.js'
["INFO" - 12:17:25] Loaded module 'prettier@1.19.1' from '/home/anna/bootcamp2019/GoBarber/node_modules/prettier/index.js'
["INFO" - 12:17:27] Loaded module 'prettier@1.19.1' from '/home/anna/bootcamp2019/GoBarber/node_modules/prettier/index.js'
["INFO" - 12:17:32] Loaded module 'prettier@1.19.1' from '/home/anna/bootcamp2019/GoBarber/node_modules/prettier/index.js'
["INFO" - 12:17:34] Loaded module 'prettier@1.19.1' from '/home/anna/bootcamp2019/GoBarber/node_modules/prettier/index.js'
["INFO" - 12:17:35] Loaded module 'prettier@1.19.1' from '/home/anna/bootcamp2019/GoBarber/node_modules/prettier/index.js'
["INFO" - 12:17:38] Loaded module 'prettier@1.19.1' from '/home/anna/bootcamp2019/GoBarber/node_modules/prettier/index.js'
["INFO" - 12:18:56] Loaded module 'prettier@1.19.1' from '/home/anna/bootcamp2019/GoBarber/node_modules/prettier/index.js'
["INFO" - 12:18:57] Loaded module 'prettier@1.19.1' from '/home/anna/bootcamp2019/GoBarber/node_modules/prettier/index.js'
["INFO" - 12:18:59] Loaded module 'prettier@1.19.1' from '/home/anna/bootcamp2019/GoBarber/node_modules/prettier/index.js'
["INFO" - 12:19:00] Loaded module 'prettier@1.19.1' from '/home/anna/bootcamp2019/GoBarber/node_modules/prettier/index.js'
["INFO" - 12:19:03] Loaded module 'prettier@1.19.1' from '/home/anna/bootcamp2019/GoBarber/node_modules/prettier/index.js'
["INFO" - 12:19:04] Loaded module 'prettier@1.19.1' from '/home/anna/bootcamp2019/GoBarber/node_modules/prettier/index.js'
["INFO" - 12:19:05] Loaded module 'prettier@1.19.1' from '/home/anna/bootcamp2019/GoBarber/node_modules/prettier/index.js'
["INFO" - 12:19:06] Loaded module 'prettier@1.19.1' from '/home/anna/bootcamp2019/GoBarber/node_modules/prettier/index.js'
["INFO" - 12:19:07] Loaded module 'prettier@1.19.1' from '/home/anna/bootcamp2019/GoBarber/node_modules/prettier/index.js'
["INFO" - 12:19:08] Loaded module 'prettier@1.19.1' from '/home/anna/bootcamp2019/GoBarber/node_modules/prettier/index.js'
["INFO" - 12:19:15] Loaded module 'prettier@1.19.1' from '/home/anna/bootcamp2019/GoBarber/node_modules/prettier/index.js'
["INFO" - 12:19:16] Loaded module 'prettier@1.19.1' from '/home/anna/bootcamp2019/GoBarber/node_modules/prettier/index.js'
["INFO" - 12:59:02] Loaded module 'prettier@1.19.1' from '/home/anna/bootcamp2019/GoBarber/node_modules/prettier/index.js'
["INFO" - 13:01:17] Loaded module 'prettier@1.19.1' from '/home/anna/bootcamp2019/GoBarber/node_modules/prettier/index.js'
["INFO" - 13:01:21] Loaded module 'prettier@1.19.1' from '/home/anna/bootcamp2019/GoBarber/node_modules/prettier/index.js'
["INFO" - 13:01:26] Loaded module 'prettier@1.19.1' from '/home/anna/bootcamp2019/GoBarber/node_modules/prettier/index.js'
["INFO" - 13:01:29] Loaded module 'prettier@1.19.1' from '/home/anna/bootcamp2019/GoBarber/node_modules/prettier/index.js'
["INFO" - 13:01:31] Loaded module 'prettier@1.19.1' from '/home/anna/bootcamp2019/GoBarber/node_modules/prettier/index.js'
["INFO" - 13:01:33] Loaded module 'prettier@1.19.1' from '/home/anna/bootcamp2019/GoBarber/node_modules/prettier/index.js'
["INFO" - 13:01:34] Loaded module 'prettier@1.19.1' from '/home/anna/bootcamp2019/GoBarber/node_modules/prettier/index.js'
["INFO" - 13:01:36] Loaded module 'prettier@1.19.1' from '/home/anna/bootcamp2019/GoBarber/node_modules/prettier/index.js'
["INFO" - 13:01:37] Loaded module 'prettier@1.19.1' from '/home/anna/bootcamp2019/GoBarber/node_modules/prettier/index.js'
["INFO" - 13:01:39] Loaded module 'prettier@1.19.1' from '/home/anna/bootcamp2019/GoBarber/node_modules/prettier/index.js'
["INFO" - 13:01:40] Loaded module 'prettier@1.19.1' from '/home/anna/bootcamp2019/GoBarber/node_modules/prettier/index.js'
["INFO" - 13:01:43] Loaded module 'prettier@1.19.1' from '/home/anna/bootcamp2019/GoBarber/node_modules/prettier/index.js'
["INFO" - 13:01:45] Loaded module 'prettier@1.19.1' from '/home/anna/bootcamp2019/GoBarber/node_modules/prettier/index.js'
["INFO" - 16:25:07] Loaded module 'prettier@1.19.1' from '/home/anna/bootcamp2019/GoBarber/node_modules/prettier/index.js'
["INFO" - 16:37:59] Loaded module 'prettier@1.19.1' from '/home/anna/bootcamp2019/GoBarber/node_modules/prettier/index.js'
["INFO" - 16:37:59] Enabling prettier for languages
[
  "css",
  "graphql",
  "html",
  "javascript",
  "javascriptreact",
  "json",
  "json5",
  "jsonc",
  "less",
  "markdown",
  "mdx",
  "mongo",
  "postcss",
  "scss",
  "typescript",
  "typescriptreact",
  "vue",
  "yaml"
]
["INFO" - 16:38:00] Enabling prettier for range supported languages
[
  "graphql",
  "javascript",
  "javascriptreact",
  "json",
  "typescript",
  "typescriptreact"
]
["INFO" - 16:38:00] Loaded module 'prettier@1.19.1' from '/home/anna/bootcamp2019/GoBarber/node_modules/prettier/index.js'
["INFO" - 16:38:00] Enabling prettier for languages
[
  "css",
  "graphql",
  "html",
  "javascript",
  "javascriptreact",
  "json",
  "json5",
  "jsonc",
  "less",
  "markdown",
  "mdx",
  "mongo",
  "postcss",
  "scss",
  "typescript",
  "typescriptreact",
  "vue",
  "yaml"
]
["INFO" - 16:38:00] Enabling prettier for range supported languages
[
  "graphql",
  "javascript",
  "javascriptreact",
  "json",
  "typescript",
  "typescriptreact"
]
["INFO" - 16:38:26] Loaded module 'prettier@1.19.1' from '/home/anna/bootcamp2019/GoBarber/node_modules/prettier/index.js'
