[Info  - 12:15:21] ESLint server stopped.
[Info  - 12:15:22] ESLint server running in node v12.4.0
[Info  - 12:15:22] ESLint server is running.
[Info  - 12:15:28] ESLint library loaded from: /home/anna/bootcamp2019/GoBarber/node_modules/eslint/lib/api.js
[Info  - 12:15:28] Failed to load config "airbnb-base" to extend from. Referenced from: /home/anna/bootcamp2019/GoBarber/.eslintrc.js
[Info  - 12:15:28] Failed to load config "airbnb-base" to extend from. Referenced from: /home/anna/bootcamp2019/GoBarber/.eslintrc.js
[Info  - 12:17:11] Failed to load config "airbnb-base" to extend from. Referenced from: /home/anna/bootcamp2019/GoBarber/.eslintrc.js
[Info  - 12:17:13] Failed to load config "airbnb-base" to extend from. Referenced from: /home/anna/bootcamp2019/GoBarber/.eslintrc.js
[Info  - 12:17:14] Failed to load config "airbnb-base" to extend from. Referenced from: /home/anna/bootcamp2019/GoBarber/.eslintrc.js
[Info  - 12:17:21] Failed to load config "airbnb-base" to extend from. Referenced from: /home/anna/bootcamp2019/GoBarber/.eslintrc.js
[Info  - 12:17:26] Failed to load config "airbnb-base" to extend from. Referenced from: /home/anna/bootcamp2019/GoBarber/.eslintrc.js
[Info  - 12:17:27] Failed to load config "airbnb-base" to extend from. Referenced from: /home/anna/bootcamp2019/GoBarber/.eslintrc.js
[Info  - 12:17:39] Failed to load config "airbnb-base" to extend from. Referenced from: /home/anna/bootcamp2019/GoBarber/.eslintrc.js
[Info  - 12:17:42] Failed to load config "airbnb-base" to extend from. Referenced from: /home/anna/bootcamp2019/GoBarber/.eslintrc.js
[Info  - 12:18:07] Failed to load config "airbnb-base" to extend from. Referenced from: /home/anna/bootcamp2019/GoBarber/.eslintrc.js
[Info  - 12:36:24] Failed to load config "airbnb-base" to extend from. Referenced from: /home/anna/bootcamp2019/GoBarber/.eslintrc.js
[Info  - 12:39:30] Failed to load config "airbnb-base" to extend from. Referenced from: /home/anna/bootcamp2019/GoBarber/.eslintrc.js
[Info  - 12:39:40] Failed to load config "airbnb-base" to extend from. Referenced from: /home/anna/bootcamp2019/GoBarber/.eslintrc.js
[Info  - 12:39:41] Failed to load config "airbnb-base" to extend from. Referenced from: /home/anna/bootcamp2019/GoBarber/.eslintrc.js
[Info  - 12:40:58] Failed to load config "airbnb-base" to extend from. Referenced from: /home/anna/bootcamp2019/GoBarber/.eslintrc.js
[Info  - 12:40:58] Failed to load config "airbnb-base" to extend from. Referenced from: /home/anna/bootcamp2019/GoBarber/.eslintrc.js
[Info  - 12:44:35] Failed to load config "airbnb-base" to extend from. Referenced from: /home/anna/bootcamp2019/GoBarber/.eslintrc.js
[Info  - 12:49:16] Failed to load config "airbnb-base" to extend from. Referenced from: /home/anna/bootcamp2019/GoBarber/.eslintrc.js
[Info  - 12:49:17] Failed to load config "airbnb-base" to extend from. Referenced from: /home/anna/bootcamp2019/GoBarber/.eslintrc.js
[Info  - 12:49:19] Failed to load config "airbnb-base" to extend from. Referenced from: /home/anna/bootcamp2019/GoBarber/.eslintrc.js
[Info  - 12:59:03] Failed to load config "airbnb-base" to extend from. Referenced from: /home/anna/bootcamp2019/GoBarber/.eslintrc.js
[Info  - 12:59:06] Failed to load config "airbnb-base" to extend from. Referenced from: /home/anna/bootcamp2019/GoBarber/.eslintrc.js
[Info  - 12:59:06] Failed to load config "airbnb-base" to extend from. Referenced from: /home/anna/bootcamp2019/GoBarber/.eslintrc.js
[Info  - 12:59:06] Failed to load config "airbnb-base" to extend from. Referenced from: /home/anna/bootcamp2019/GoBarber/.eslintrc.js
[Info  - 12:59:07] Failed to load config "airbnb-base" to extend from. Referenced from: /home/anna/bootcamp2019/GoBarber/.eslintrc.js
[Info  - 12:59:07] Failed to load config "airbnb-base" to extend from. Referenced from: /home/anna/bootcamp2019/GoBarber/.eslintrc.js
[Info  - 12:59:07] Failed to load config "airbnb-base" to extend from. Referenced from: /home/anna/bootcamp2019/GoBarber/.eslintrc.js
[Info  - 12:59:07] Failed to load config "airbnb-base" to extend from. Referenced from: /home/anna/bootcamp2019/GoBarber/.eslintrc.js
[Info  - 12:59:07] Failed to load config "airbnb-base" to extend from. Referenced from: /home/anna/bootcamp2019/GoBarber/.eslintrc.js
[Info  - 12:59:07] Failed to load config "airbnb-base" to extend from. Referenced from: /home/anna/bootcamp2019/GoBarber/.eslintrc.js
[Info  - 12:59:08] Failed to load config "airbnb-base" to extend from. Referenced from: /home/anna/bootcamp2019/GoBarber/.eslintrc.js
[Info  - 12:59:08] Failed to load config "airbnb-base" to extend from. Referenced from: /home/anna/bootcamp2019/GoBarber/.eslintrc.js
[Info  - 12:59:08] Failed to load config "airbnb-base" to extend from. Referenced from: /home/anna/bootcamp2019/GoBarber/.eslintrc.js
[Info  - 12:59:08] Failed to load config "airbnb-base" to extend from. Referenced from: /home/anna/bootcamp2019/GoBarber/.eslintrc.js
[Info  - 12:59:08] Failed to load config "airbnb-base" to extend from. Referenced from: /home/anna/bootcamp2019/GoBarber/.eslintrc.js
[Info  - 12:59:09] Failed to load config "airbnb-base" to extend from. Referenced from: /home/anna/bootcamp2019/GoBarber/.eslintrc.js
[Info  - 12:59:09] Failed to load config "airbnb-base" to extend from. Referenced from: /home/anna/bootcamp2019/GoBarber/.eslintrc.js
[Info  - 12:59:09] Failed to load config "airbnb-base" to extend from. Referenced from: /home/anna/bootcamp2019/GoBarber/.eslintrc.js
[Info  - 12:59:09] Failed to load config "airbnb-base" to extend from. Referenced from: /home/anna/bootcamp2019/GoBarber/.eslintrc.js
[Info  - 12:59:09] Failed to load config "airbnb-base" to extend from. Referenced from: /home/anna/bootcamp2019/GoBarber/.eslintrc.js
[Info  - 12:59:09] Failed to load config "airbnb-base" to extend from. Referenced from: /home/anna/bootcamp2019/GoBarber/.eslintrc.js
[Info  - 12:59:10] Failed to load config "airbnb-base" to extend from. Referenced from: /home/anna/bootcamp2019/GoBarber/.eslintrc.js
[Info  - 12:59:10] Failed to load config "airbnb-base" to extend from. Referenced from: /home/anna/bootcamp2019/GoBarber/.eslintrc.js
[Info  - 12:59:11] Failed to load config "airbnb-base" to extend from. Referenced from: /home/anna/bootcamp2019/GoBarber/.eslintrc.js
[Info  - 12:59:11] Failed to load config "airbnb-base" to extend from. Referenced from: /home/anna/bootcamp2019/GoBarber/.eslintrc.js
[Info  - 12:59:12] Failed to load config "airbnb-base" to extend from. Referenced from: /home/anna/bootcamp2019/GoBarber/.eslintrc.js
[Info  - 12:59:12] Failed to load config "airbnb-base" to extend from. Referenced from: /home/anna/bootcamp2019/GoBarber/.eslintrc.js
[Info  - 12:59:13] Failed to load config "airbnb-base" to extend from. Referenced from: /home/anna/bootcamp2019/GoBarber/.eslintrc.js
[Info  - 12:59:13] Failed to load config "airbnb-base" to extend from. Referenced from: /home/anna/bootcamp2019/GoBarber/.eslintrc.js
[Info  - 12:59:14] Failed to load config "airbnb-base" to extend from. Referenced from: /home/anna/bootcamp2019/GoBarber/.eslintrc.js
[Info  - 12:59:15] Failed to load config "airbnb-base" to extend from. Referenced from: /home/anna/bootcamp2019/GoBarber/.eslintrc.js
[Info  - 12:59:17] Failed to load config "airbnb-base" to extend from. Referenced from: /home/anna/bootcamp2019/GoBarber/.eslintrc.js
[Info  - 12:59:18] Failed to load config "airbnb-base" to extend from. Referenced from: /home/anna/bootcamp2019/GoBarber/.eslintrc.js
[Info  - 12:59:18] Failed to load config "airbnb-base" to extend from. Referenced from: /home/anna/bootcamp2019/GoBarber/.eslintrc.js
[Info  - 12:59:18] Failed to load config "airbnb-base" to extend from. Referenced from: /home/anna/bootcamp2019/GoBarber/.eslintrc.js
[Info  - 12:59:18] Failed to load config "airbnb-base" to extend from. Referenced from: /home/anna/bootcamp2019/GoBarber/.eslintrc.js
[Info  - 12:59:18] Failed to load config "airbnb-base" to extend from. Referenced from: /home/anna/bootcamp2019/GoBarber/.eslintrc.js
[Info  - 12:59:19] Failed to load config "airbnb-base" to extend from. Referenced from: /home/anna/bootcamp2019/GoBarber/.eslintrc.js
[Info  - 12:59:20] Failed to load config "airbnb-base" to extend from. Referenced from: /home/anna/bootcamp2019/GoBarber/.eslintrc.js
[Info  - 12:59:20] Failed to load config "airbnb-base" to extend from. Referenced from: /home/anna/bootcamp2019/GoBarber/.eslintrc.js
[Info  - 12:59:20] Failed to load config "airbnb-base" to extend from. Referenced from: /home/anna/bootcamp2019/GoBarber/.eslintrc.js
[Info  - 12:59:20] Failed to load config "airbnb-base" to extend from. Referenced from: /home/anna/bootcamp2019/GoBarber/.eslintrc.js
[Info  - 12:59:20] Failed to load config "airbnb-base" to extend from. Referenced from: /home/anna/bootcamp2019/GoBarber/.eslintrc.js
[Info  - 12:59:20] Failed to load config "airbnb-base" to extend from. Referenced from: /home/anna/bootcamp2019/GoBarber/.eslintrc.js
[Info  - 12:59:21] Failed to load config "airbnb-base" to extend from. Referenced from: /home/anna/bootcamp2019/GoBarber/.eslintrc.js
[Info  - 12:59:21] Failed to load config "airbnb-base" to extend from. Referenced from: /home/anna/bootcamp2019/GoBarber/.eslintrc.js
[Info  - 12:59:21] Failed to load config "airbnb-base" to extend from. Referenced from: /home/anna/bootcamp2019/GoBarber/.eslintrc.js
[Info  - 12:59:22] Failed to load config "airbnb-base" to extend from. Referenced from: /home/anna/bootcamp2019/GoBarber/.eslintrc.js
[Info  - 12:59:23] Failed to load config "airbnb-base" to extend from. Referenced from: /home/anna/bootcamp2019/GoBarber/.eslintrc.js
[Info  - 12:59:23] Failed to load config "airbnb-base" to extend from. Referenced from: /home/anna/bootcamp2019/GoBarber/.eslintrc.js
[Info  - 12:59:23] Failed to load config "airbnb-base" to extend from. Referenced from: /home/anna/bootcamp2019/GoBarber/.eslintrc.js
[Info  - 12:59:31] Failed to load config "airbnb-base" to extend from. Referenced from: /home/anna/bootcamp2019/GoBarber/.eslintrc.js
[Info  - 12:59:31] Failed to load config "airbnb-base" to extend from. Referenced from: /home/anna/bootcamp2019/GoBarber/.eslintrc.js
[Info  - 12:59:31] Failed to load config "airbnb-base" to extend from. Referenced from: /home/anna/bootcamp2019/GoBarber/.eslintrc.js
[Info  - 12:59:31] Failed to load config "airbnb-base" to extend from. Referenced from: /home/anna/bootcamp2019/GoBarber/.eslintrc.js
[Info  - 12:59:32] Failed to load config "airbnb-base" to extend from. Referenced from: /home/anna/bootcamp2019/GoBarber/.eslintrc.js
[Info  - 12:59:32] Failed to load config "airbnb-base" to extend from. Referenced from: /home/anna/bootcamp2019/GoBarber/.eslintrc.js
[Info  - 12:59:32] Failed to load config "airbnb-base" to extend from. Referenced from: /home/anna/bootcamp2019/GoBarber/.eslintrc.js
[Info  - 12:59:32] Failed to load config "airbnb-base" to extend from. Referenced from: /home/anna/bootcamp2019/GoBarber/.eslintrc.js
[Info  - 12:59:33] Failed to load config "airbnb-base" to extend from. Referenced from: /home/anna/bootcamp2019/GoBarber/.eslintrc.js
[Info  - 12:59:33] Failed to load config "airbnb-base" to extend from. Referenced from: /home/anna/bootcamp2019/GoBarber/.eslintrc.js
[Info  - 12:59:33] Failed to load config "airbnb-base" to extend from. Referenced from: /home/anna/bootcamp2019/GoBarber/.eslintrc.js
[Info  - 12:59:33] Failed to load config "airbnb-base" to extend from. Referenced from: /home/anna/bootcamp2019/GoBarber/.eslintrc.js
[Info  - 12:59:33] Failed to load config "airbnb-base" to extend from. Referenced from: /home/anna/bootcamp2019/GoBarber/.eslintrc.js
[Info  - 12:59:33] Failed to load config "airbnb-base" to extend from. Referenced from: /home/anna/bootcamp2019/GoBarber/.eslintrc.js
[Info  - 12:59:34] Failed to load config "airbnb-base" to extend from. Referenced from: /home/anna/bootcamp2019/GoBarber/.eslintrc.js
[Info  - 12:59:34] Failed to load config "airbnb-base" to extend from. Referenced from: /home/anna/bootcamp2019/GoBarber/.eslintrc.js
[Info  - 12:59:34] Failed to load config "airbnb-base" to extend from. Referenced from: /home/anna/bootcamp2019/GoBarber/.eslintrc.js
[Info  - 12:59:34] Failed to load config "airbnb-base" to extend from. Referenced from: /home/anna/bootcamp2019/GoBarber/.eslintrc.js
[Info  - 12:59:44] Failed to load config "airbnb-base" to extend from. Referenced from: /home/anna/bootcamp2019/GoBarber/.eslintrc.js
[Info  - 12:59:45] Failed to load config "airbnb-base" to extend from. Referenced from: /home/anna/bootcamp2019/GoBarber/.eslintrc.js
[Info  - 12:59:46] Failed to load config "airbnb-base" to extend from. Referenced from: /home/anna/bootcamp2019/GoBarber/.eslintrc.js
[Info  - 12:59:46] Failed to load config "airbnb-base" to extend from. Referenced from: /home/anna/bootcamp2019/GoBarber/.eslintrc.js
[Info  - 12:59:47] Failed to load config "airbnb-base" to extend from. Referenced from: /home/anna/bootcamp2019/GoBarber/.eslintrc.js
[Info  - 12:59:47] Failed to load config "airbnb-base" to extend from. Referenced from: /home/anna/bootcamp2019/GoBarber/.eslintrc.js
[Info  - 12:59:47] Failed to load config "airbnb-base" to extend from. Referenced from: /home/anna/bootcamp2019/GoBarber/.eslintrc.js
[Info  - 12:59:47] Failed to load config "airbnb-base" to extend from. Referenced from: /home/anna/bootcamp2019/GoBarber/.eslintrc.js
[Info  - 12:59:48] Failed to load config "airbnb-base" to extend from. Referenced from: /home/anna/bootcamp2019/GoBarber/.eslintrc.js
[Info  - 12:59:48] Failed to load config "airbnb-base" to extend from. Referenced from: /home/anna/bootcamp2019/GoBarber/.eslintrc.js
[Info  - 12:59:48] Failed to load config "airbnb-base" to extend from. Referenced from: /home/anna/bootcamp2019/GoBarber/.eslintrc.js
[Info  - 12:59:48] Failed to load config "airbnb-base" to extend from. Referenced from: /home/anna/bootcamp2019/GoBarber/.eslintrc.js
[Info  - 12:59:49] Failed to load config "airbnb-base" to extend from. Referenced from: /home/anna/bootcamp2019/GoBarber/.eslintrc.js
[Info  - 12:59:49] Failed to load config "airbnb-base" to extend from. Referenced from: /home/anna/bootcamp2019/GoBarber/.eslintrc.js
[Info  - 12:59:49] Failed to load config "airbnb-base" to extend from. Referenced from: /home/anna/bootcamp2019/GoBarber/.eslintrc.js
[Info  - 12:59:49] Failed to load config "airbnb-base" to extend from. Referenced from: /home/anna/bootcamp2019/GoBarber/.eslintrc.js
[Info  - 12:59:49] Failed to load config "airbnb-base" to extend from. Referenced from: /home/anna/bootcamp2019/GoBarber/.eslintrc.js
[Info  - 12:59:49] Failed to load config "airbnb-base" to extend from. Referenced from: /home/anna/bootcamp2019/GoBarber/.eslintrc.js
[Info  - 12:59:50] Failed to load config "airbnb-base" to extend from. Referenced from: /home/anna/bootcamp2019/GoBarber/.eslintrc.js
[Info  - 12:59:50] Failed to load config "airbnb-base" to extend from. Referenced from: /home/anna/bootcamp2019/GoBarber/.eslintrc.js
[Info  - 12:59:51] Failed to load config "airbnb-base" to extend from. Referenced from: /home/anna/bootcamp2019/GoBarber/.eslintrc.js
[Info  - 12:59:51] Failed to load config "airbnb-base" to extend from. Referenced from: /home/anna/bootcamp2019/GoBarber/.eslintrc.js
[Info  - 12:59:52] Failed to load config "airbnb-base" to extend from. Referenced from: /home/anna/bootcamp2019/GoBarber/.eslintrc.js
[Info  - 12:59:53] Failed to load config "airbnb-base" to extend from. Referenced from: /home/anna/bootcamp2019/GoBarber/.eslintrc.js
[Info  - 12:59:53] Failed to load config "airbnb-base" to extend from. Referenced from: /home/anna/bootcamp2019/GoBarber/.eslintrc.js
[Info  - 12:59:53] Failed to load config "airbnb-base" to extend from. Referenced from: /home/anna/bootcamp2019/GoBarber/.eslintrc.js
[Info  - 12:59:53] Failed to load config "airbnb-base" to extend from. Referenced from: /home/anna/bootcamp2019/GoBarber/.eslintrc.js
[Info  - 12:59:53] Failed to load config "airbnb-base" to extend from. Referenced from: /home/anna/bootcamp2019/GoBarber/.eslintrc.js
[Info  - 12:59:53] Failed to load config "airbnb-base" to extend from. Referenced from: /home/anna/bootcamp2019/GoBarber/.eslintrc.js
[Info  - 12:59:53] Failed to load config "airbnb-base" to extend from. Referenced from: /home/anna/bootcamp2019/GoBarber/.eslintrc.js
[Info  - 12:59:54] Failed to load config "airbnb-base" to extend from. Referenced from: /home/anna/bootcamp2019/GoBarber/.eslintrc.js
[Info  - 12:59:54] Failed to load config "airbnb-base" to extend from. Referenced from: /home/anna/bootcamp2019/GoBarber/.eslintrc.js
[Info  - 12:59:54] Failed to load config "airbnb-base" to extend from. Referenced from: /home/anna/bootcamp2019/GoBarber/.eslintrc.js
[Info  - 12:59:55] Failed to load config "airbnb-base" to extend from. Referenced from: /home/anna/bootcamp2019/GoBarber/.eslintrc.js
[Info  - 12:59:55] Failed to load config "airbnb-base" to extend from. Referenced from: /home/anna/bootcamp2019/GoBarber/.eslintrc.js
[Info  - 13:00:00] Failed to load config "airbnb-base" to extend from. Referenced from: /home/anna/bootcamp2019/GoBarber/.eslintrc.js
[Info  - 13:00:01] Failed to load config "airbnb-base" to extend from. Referenced from: /home/anna/bootcamp2019/GoBarber/.eslintrc.js
[Info  - 13:00:02] Failed to load config "airbnb-base" to extend from. Referenced from: /home/anna/bootcamp2019/GoBarber/.eslintrc.js
[Info  - 13:00:02] Failed to load config "airbnb-base" to extend from. Referenced from: /home/anna/bootcamp2019/GoBarber/.eslintrc.js
[Info  - 13:00:02] Failed to load config "airbnb-base" to extend from. Referenced from: /home/anna/bootcamp2019/GoBarber/.eslintrc.js
[Info  - 13:00:02] Failed to load config "airbnb-base" to extend from. Referenced from: /home/anna/bootcamp2019/GoBarber/.eslintrc.js
[Info  - 13:00:02] Failed to load config "airbnb-base" to extend from. Referenced from: /home/anna/bootcamp2019/GoBarber/.eslintrc.js
[Info  - 13:00:03] Failed to load config "airbnb-base" to extend from. Referenced from: /home/anna/bootcamp2019/GoBarber/.eslintrc.js
[Info  - 13:00:03] Failed to load config "airbnb-base" to extend from. Referenced from: /home/anna/bootcamp2019/GoBarber/.eslintrc.js
[Info  - 13:00:03] Failed to load config "airbnb-base" to extend from. Referenced from: /home/anna/bootcamp2019/GoBarber/.eslintrc.js
[Info  - 13:00:03] Failed to load config "airbnb-base" to extend from. Referenced from: /home/anna/bootcamp2019/GoBarber/.eslintrc.js
[Info  - 13:00:03] Failed to load config "airbnb-base" to extend from. Referenced from: /home/anna/bootcamp2019/GoBarber/.eslintrc.js
[Info  - 13:00:03] Failed to load config "airbnb-base" to extend from. Referenced from: /home/anna/bootcamp2019/GoBarber/.eslintrc.js
[Info  - 13:00:04] Failed to load config "airbnb-base" to extend from. Referenced from: /home/anna/bootcamp2019/GoBarber/.eslintrc.js
[Info  - 13:00:05] Failed to load config "airbnb-base" to extend from. Referenced from: /home/anna/bootcamp2019/GoBarber/.eslintrc.js
[Info  - 13:00:05] Failed to load config "airbnb-base" to extend from. Referenced from: /home/anna/bootcamp2019/GoBarber/.eslintrc.js
[Info  - 13:00:06] Failed to load config "airbnb-base" to extend from. Referenced from: /home/anna/bootcamp2019/GoBarber/.eslintrc.js
[Info  - 13:00:06] Failed to load config "airbnb-base" to extend from. Referenced from: /home/anna/bootcamp2019/GoBarber/.eslintrc.js
[Info  - 13:00:07] Failed to load config "airbnb-base" to extend from. Referenced from: /home/anna/bootcamp2019/GoBarber/.eslintrc.js
[Info  - 13:00:07] Failed to load config "airbnb-base" to extend from. Referenced from: /home/anna/bootcamp2019/GoBarber/.eslintrc.js
[Info  - 13:00:07] Failed to load config "airbnb-base" to extend from. Referenced from: /home/anna/bootcamp2019/GoBarber/.eslintrc.js
[Info  - 13:00:07] Failed to load config "airbnb-base" to extend from. Referenced from: /home/anna/bootcamp2019/GoBarber/.eslintrc.js
[Info  - 13:00:09] Failed to load config "airbnb-base" to extend from. Referenced from: /home/anna/bootcamp2019/GoBarber/.eslintrc.js
[Info  - 13:00:09] Failed to load config "airbnb-base" to extend from. Referenced from: /home/anna/bootcamp2019/GoBarber/.eslintrc.js
[Info  - 13:00:11] Failed to load config "airbnb-base" to extend from. Referenced from: /home/anna/bootcamp2019/GoBarber/.eslintrc.js
[Info  - 13:00:12] Failed to load config "airbnb-base" to extend from. Referenced from: /home/anna/bootcamp2019/GoBarber/.eslintrc.js
[Info  - 13:00:12] Failed to load config "airbnb-base" to extend from. Referenced from: /home/anna/bootcamp2019/GoBarber/.eslintrc.js
[Info  - 13:00:12] Failed to load config "airbnb-base" to extend from. Referenced from: /home/anna/bootcamp2019/GoBarber/.eslintrc.js
[Info  - 13:00:12] Failed to load config "airbnb-base" to extend from. Referenced from: /home/anna/bootcamp2019/GoBarber/.eslintrc.js
[Info  - 13:00:13] Failed to load config "airbnb-base" to extend from. Referenced from: /home/anna/bootcamp2019/GoBarber/.eslintrc.js
[Info  - 13:00:13] Failed to load config "airbnb-base" to extend from. Referenced from: /home/anna/bootcamp2019/GoBarber/.eslintrc.js
[Info  - 13:00:13] Failed to load config "airbnb-base" to extend from. Referenced from: /home/anna/bootcamp2019/GoBarber/.eslintrc.js
[Info  - 13:00:13] Failed to load config "airbnb-base" to extend from. Referenced from: /home/anna/bootcamp2019/GoBarber/.eslintrc.js
[Info  - 13:00:13] Failed to load config "airbnb-base" to extend from. Referenced from: /home/anna/bootcamp2019/GoBarber/.eslintrc.js
[Info  - 13:00:13] Failed to load config "airbnb-base" to extend from. Referenced from: /home/anna/bootcamp2019/GoBarber/.eslintrc.js
[Info  - 13:00:14] Failed to load config "airbnb-base" to extend from. Referenced from: /home/anna/bootcamp2019/GoBarber/.eslintrc.js
[Info  - 13:00:14] Failed to load config "airbnb-base" to extend from. Referenced from: /home/anna/bootcamp2019/GoBarber/.eslintrc.js
[Info  - 13:00:14] Failed to load config "airbnb-base" to extend from. Referenced from: /home/anna/bootcamp2019/GoBarber/.eslintrc.js
[Info  - 13:00:14] Failed to load config "airbnb-base" to extend from. Referenced from: /home/anna/bootcamp2019/GoBarber/.eslintrc.js
[Info  - 13:00:14] Failed to load config "airbnb-base" to extend from. Referenced from: /home/anna/bootcamp2019/GoBarber/.eslintrc.js
[Info  - 13:00:14] Failed to load config "airbnb-base" to extend from. Referenced from: /home/anna/bootcamp2019/GoBarber/.eslintrc.js
[Info  - 13:00:15] Failed to load config "airbnb-base" to extend from. Referenced from: /home/anna/bootcamp2019/GoBarber/.eslintrc.js
[Info  - 13:00:15] Failed to load config "airbnb-base" to extend from. Referenced from: /home/anna/bootcamp2019/GoBarber/.eslintrc.js
[Info  - 13:00:16] Failed to load config "airbnb-base" to extend from. Referenced from: /home/anna/bootcamp2019/GoBarber/.eslintrc.js
[Info  - 13:00:18] Failed to load config "airbnb-base" to extend from. Referenced from: /home/anna/bootcamp2019/GoBarber/.eslintrc.js
[Info  - 13:00:19] Failed to load config "airbnb-base" to extend from. Referenced from: /home/anna/bootcamp2019/GoBarber/.eslintrc.js
[Info  - 13:00:20] Failed to load config "airbnb-base" to extend from. Referenced from: /home/anna/bootcamp2019/GoBarber/.eslintrc.js
[Info  - 13:00:35] Failed to load config "airbnb-base" to extend from. Referenced from: /home/anna/bootcamp2019/GoBarber/.eslintrc.js
[Info  - 13:00:35] Failed to load config "airbnb-base" to extend from. Referenced from: /home/anna/bootcamp2019/GoBarber/.eslintrc.js
[Info  - 13:00:35] Failed to load config "airbnb-base" to extend from. Referenced from: /home/anna/bootcamp2019/GoBarber/.eslintrc.js
[Info  - 13:00:35] Failed to load config "airbnb-base" to extend from. Referenced from: /home/anna/bootcamp2019/GoBarber/.eslintrc.js
[Info  - 13:00:36] Failed to load config "airbnb-base" to extend from. Referenced from: /home/anna/bootcamp2019/GoBarber/.eslintrc.js
[Info  - 13:00:37] Failed to load config "airbnb-base" to extend from. Referenced from: /home/anna/bootcamp2019/GoBarber/.eslintrc.js
[Info  - 13:00:37] Failed to load config "airbnb-base" to extend from. Referenced from: /home/anna/bootcamp2019/GoBarber/.eslintrc.js
[Info  - 13:00:38] Failed to load config "airbnb-base" to extend from. Referenced from: /home/anna/bootcamp2019/GoBarber/.eslintrc.js
[Info  - 13:00:38] Failed to load config "airbnb-base" to extend from. Referenced from: /home/anna/bootcamp2019/GoBarber/.eslintrc.js
[Info  - 13:00:38] Failed to load config "airbnb-base" to extend from. Referenced from: /home/anna/bootcamp2019/GoBarber/.eslintrc.js
[Info  - 13:00:38] Failed to load config "airbnb-base" to extend from. Referenced from: /home/anna/bootcamp2019/GoBarber/.eslintrc.js
[Info  - 13:00:39] Failed to load config "airbnb-base" to extend from. Referenced from: /home/anna/bootcamp2019/GoBarber/.eslintrc.js
[Info  - 13:00:39] Failed to load config "airbnb-base" to extend from. Referenced from: /home/anna/bootcamp2019/GoBarber/.eslintrc.js
[Info  - 13:00:39] Failed to load config "airbnb-base" to extend from. Referenced from: /home/anna/bootcamp2019/GoBarber/.eslintrc.js
[Info  - 13:00:39] Failed to load config "airbnb-base" to extend from. Referenced from: /home/anna/bootcamp2019/GoBarber/.eslintrc.js
[Info  - 13:00:40] Failed to load config "airbnb-base" to extend from. Referenced from: /home/anna/bootcamp2019/GoBarber/.eslintrc.js
[Info  - 13:00:40] Failed to load config "airbnb-base" to extend from. Referenced from: /home/anna/bootcamp2019/GoBarber/.eslintrc.js
[Info  - 13:00:40] Failed to load config "airbnb-base" to extend from. Referenced from: /home/anna/bootcamp2019/GoBarber/.eslintrc.js
[Info  - 13:00:41] Failed to load config "airbnb-base" to extend from. Referenced from: /home/anna/bootcamp2019/GoBarber/.eslintrc.js
[Info  - 13:00:41] Failed to load config "airbnb-base" to extend from. Referenced from: /home/anna/bootcamp2019/GoBarber/.eslintrc.js
[Info  - 13:00:41] Failed to load config "airbnb-base" to extend from. Referenced from: /home/anna/bootcamp2019/GoBarber/.eslintrc.js
[Info  - 13:00:41] Failed to load config "airbnb-base" to extend from. Referenced from: /home/anna/bootcamp2019/GoBarber/.eslintrc.js
[Info  - 13:00:44] Failed to load config "airbnb-base" to extend from. Referenced from: /home/anna/bootcamp2019/GoBarber/.eslintrc.js
[Info  - 13:00:44] Failed to load config "airbnb-base" to extend from. Referenced from: /home/anna/bootcamp2019/GoBarber/.eslintrc.js
[Info  - 13:00:44] Failed to load config "airbnb-base" to extend from. Referenced from: /home/anna/bootcamp2019/GoBarber/.eslintrc.js
[Info  - 13:00:44] Failed to load config "airbnb-base" to extend from. Referenced from: /home/anna/bootcamp2019/GoBarber/.eslintrc.js
[Info  - 13:00:44] Failed to load config "airbnb-base" to extend from. Referenced from: /home/anna/bootcamp2019/GoBarber/.eslintrc.js
[Info  - 13:00:45] Failed to load config "airbnb-base" to extend from. Referenced from: /home/anna/bootcamp2019/GoBarber/.eslintrc.js
[Info  - 13:00:45] Failed to load config "airbnb-base" to extend from. Referenced from: /home/anna/bootcamp2019/GoBarber/.eslintrc.js
[Info  - 13:00:45] Failed to load config "airbnb-base" to extend from. Referenced from: /home/anna/bootcamp2019/GoBarber/.eslintrc.js
[Info  - 13:00:45] Failed to load config "airbnb-base" to extend from. Referenced from: /home/anna/bootcamp2019/GoBarber/.eslintrc.js
[Info  - 13:00:47] Failed to load config "airbnb-base" to extend from. Referenced from: /home/anna/bootcamp2019/GoBarber/.eslintrc.js
[Info  - 13:00:47] Failed to load config "airbnb-base" to extend from. Referenced from: /home/anna/bootcamp2019/GoBarber/.eslintrc.js
[Info  - 13:00:47] Failed to load config "airbnb-base" to extend from. Referenced from: /home/anna/bootcamp2019/GoBarber/.eslintrc.js
[Info  - 13:00:48] Failed to load config "airbnb-base" to extend from. Referenced from: /home/anna/bootcamp2019/GoBarber/.eslintrc.js
[Info  - 13:00:48] Failed to load config "airbnb-base" to extend from. Referenced from: /home/anna/bootcamp2019/GoBarber/.eslintrc.js
[Info  - 13:00:48] Failed to load config "airbnb-base" to extend from. Referenced from: /home/anna/bootcamp2019/GoBarber/.eslintrc.js
[Info  - 13:00:49] Failed to load config "airbnb-base" to extend from. Referenced from: /home/anna/bootcamp2019/GoBarber/.eslintrc.js
[Info  - 13:00:49] Failed to load config "airbnb-base" to extend from. Referenced from: /home/anna/bootcamp2019/GoBarber/.eslintrc.js
[Info  - 13:00:49] Failed to load config "airbnb-base" to extend from. Referenced from: /home/anna/bootcamp2019/GoBarber/.eslintrc.js
[Info  - 13:00:49] Failed to load config "airbnb-base" to extend from. Referenced from: /home/anna/bootcamp2019/GoBarber/.eslintrc.js
[Info  - 13:00:50] Failed to load config "airbnb-base" to extend from. Referenced from: /home/anna/bootcamp2019/GoBarber/.eslintrc.js
[Info  - 13:00:50] Failed to load config "airbnb-base" to extend from. Referenced from: /home/anna/bootcamp2019/GoBarber/.eslintrc.js
[Info  - 13:00:50] Failed to load config "airbnb-base" to extend from. Referenced from: /home/anna/bootcamp2019/GoBarber/.eslintrc.js
[Info  - 13:00:50] Failed to load config "airbnb-base" to extend from. Referenced from: /home/anna/bootcamp2019/GoBarber/.eslintrc.js
[Info  - 13:00:50] Failed to load config "airbnb-base" to extend from. Referenced from: /home/anna/bootcamp2019/GoBarber/.eslintrc.js
[Info  - 13:00:50] Failed to load config "airbnb-base" to extend from. Referenced from: /home/anna/bootcamp2019/GoBarber/.eslintrc.js
[Info  - 13:00:50] Failed to load config "airbnb-base" to extend from. Referenced from: /home/anna/bootcamp2019/GoBarber/.eslintrc.js
[Info  - 13:00:51] Failed to load config "airbnb-base" to extend from. Referenced from: /home/anna/bootcamp2019/GoBarber/.eslintrc.js
[Info  - 13:00:51] Failed to load config "airbnb-base" to extend from. Referenced from: /home/anna/bootcamp2019/GoBarber/.eslintrc.js
[Info  - 13:00:51] Failed to load config "airbnb-base" to extend from. Referenced from: /home/anna/bootcamp2019/GoBarber/.eslintrc.js
[Info  - 13:00:52] Failed to load config "airbnb-base" to extend from. Referenced from: /home/anna/bootcamp2019/GoBarber/.eslintrc.js
[Info  - 13:00:52] Failed to load config "airbnb-base" to extend from. Referenced from: /home/anna/bootcamp2019/GoBarber/.eslintrc.js
[Info  - 13:00:52] Failed to load config "airbnb-base" to extend from. Referenced from: /home/anna/bootcamp2019/GoBarber/.eslintrc.js
[Info  - 13:00:52] Failed to load config "airbnb-base" to extend from. Referenced from: /home/anna/bootcamp2019/GoBarber/.eslintrc.js
[Info  - 13:00:52] Failed to load config "airbnb-base" to extend from. Referenced from: /home/anna/bootcamp2019/GoBarber/.eslintrc.js
[Info  - 13:00:53] Failed to load config "airbnb-base" to extend from. Referenced from: /home/anna/bootcamp2019/GoBarber/.eslintrc.js
[Info  - 13:00:53] Failed to load config "airbnb-base" to extend from. Referenced from: /home/anna/bootcamp2019/GoBarber/.eslintrc.js
[Info  - 13:00:53] Failed to load config "airbnb-base" to extend from. Referenced from: /home/anna/bootcamp2019/GoBarber/.eslintrc.js
[Info  - 13:00:56] Failed to load config "airbnb-base" to extend from. Referenced from: /home/anna/bootcamp2019/GoBarber/.eslintrc.js
[Info  - 13:01:09] Failed to load config "airbnb-base" to extend from. Referenced from: /home/anna/bootcamp2019/GoBarber/.eslintrc.js
[Info  - 13:01:09] Failed to load config "airbnb-base" to extend from. Referenced from: /home/anna/bootcamp2019/GoBarber/.eslintrc.js
[Info  - 13:01:09] Failed to load config "airbnb-base" to extend from. Referenced from: /home/anna/bootcamp2019/GoBarber/.eslintrc.js
[Info  - 13:01:09] Failed to load config "airbnb-base" to extend from. Referenced from: /home/anna/bootcamp2019/GoBarber/.eslintrc.js
[Info  - 13:06:11] Failed to load config "airbnb-base" to extend from. Referenced from: /home/anna/bootcamp2019/GoBarber/.eslintrc.js
[Info  - 13:06:11] Failed to load config "airbnb-base" to extend from. Referenced from: /home/anna/bootcamp2019/GoBarber/.eslintrc.js
[Info  - 13:06:13] Failed to load config "airbnb-base" to extend from. Referenced from: /home/anna/bootcamp2019/GoBarber/.eslintrc.js
[Info  - 13:06:13] Failed to load config "airbnb-base" to extend from. Referenced from: /home/anna/bootcamp2019/GoBarber/.eslintrc.js
[Info  - 13:06:13] Failed to load config "airbnb-base" to extend from. Referenced from: /home/anna/bootcamp2019/GoBarber/.eslintrc.js
[Info  - 13:06:14] Failed to load config "airbnb-base" to extend from. Referenced from: /home/anna/bootcamp2019/GoBarber/.eslintrc.js
[Info  - 13:06:14] Failed to load config "airbnb-base" to extend from. Referenced from: /home/anna/bootcamp2019/GoBarber/.eslintrc.js
[Info  - 13:06:17] Failed to load config "airbnb-base" to extend from. Referenced from: /home/anna/bootcamp2019/GoBarber/.eslintrc.js
[Info  - 13:06:18] Failed to load config "airbnb-base" to extend from. Referenced from: /home/anna/bootcamp2019/GoBarber/.eslintrc.js
[Info  - 13:06:18] Failed to load config "airbnb-base" to extend from. Referenced from: /home/anna/bootcamp2019/GoBarber/.eslintrc.js
[Info  - 13:06:18] Failed to load config "airbnb-base" to extend from. Referenced from: /home/anna/bootcamp2019/GoBarber/.eslintrc.js
[Info  - 13:06:18] Failed to load config "airbnb-base" to extend from. Referenced from: /home/anna/bootcamp2019/GoBarber/.eslintrc.js
[Info  - 13:06:22] Failed to load config "airbnb-base" to extend from. Referenced from: /home/anna/bootcamp2019/GoBarber/.eslintrc.js
[Info  - 13:06:23] Failed to load config "airbnb-base" to extend from. Referenced from: /home/anna/bootcamp2019/GoBarber/.eslintrc.js
[Info  - 13:06:23] Failed to load config "airbnb-base" to extend from. Referenced from: /home/anna/bootcamp2019/GoBarber/.eslintrc.js
[Info  - 13:06:23] Failed to load config "airbnb-base" to extend from. Referenced from: /home/anna/bootcamp2019/GoBarber/.eslintrc.js
[Info  - 13:06:23] Failed to load config "airbnb-base" to extend from. Referenced from: /home/anna/bootcamp2019/GoBarber/.eslintrc.js
[Info  - 13:06:24] Failed to load config "airbnb-base" to extend from. Referenced from: /home/anna/bootcamp2019/GoBarber/.eslintrc.js
[Info  - 13:06:24] Failed to load config "airbnb-base" to extend from. Referenced from: /home/anna/bootcamp2019/GoBarber/.eslintrc.js
[Info  - 13:06:24] Failed to load config "airbnb-base" to extend from. Referenced from: /home/anna/bootcamp2019/GoBarber/.eslintrc.js
[Info  - 13:06:25] Failed to load config "airbnb-base" to extend from. Referenced from: /home/anna/bootcamp2019/GoBarber/.eslintrc.js
[Info  - 13:06:25] Failed to load config "airbnb-base" to extend from. Referenced from: /home/anna/bootcamp2019/GoBarber/.eslintrc.js
[Info  - 13:06:25] Failed to load config "airbnb-base" to extend from. Referenced from: /home/anna/bootcamp2019/GoBarber/.eslintrc.js
[Info  - 13:06:25] Failed to load config "airbnb-base" to extend from. Referenced from: /home/anna/bootcamp2019/GoBarber/.eslintrc.js
[Info  - 13:06:26] Failed to load config "airbnb-base" to extend from. Referenced from: /home/anna/bootcamp2019/GoBarber/.eslintrc.js
[Info  - 13:06:27] Failed to load config "airbnb-base" to extend from. Referenced from: /home/anna/bootcamp2019/GoBarber/.eslintrc.js
[Info  - 13:06:27] Failed to load config "airbnb-base" to extend from. Referenced from: /home/anna/bootcamp2019/GoBarber/.eslintrc.js
[Info  - 13:06:27] Failed to load config "airbnb-base" to extend from. Referenced from: /home/anna/bootcamp2019/GoBarber/.eslintrc.js
[Info  - 13:06:27] Failed to load config "airbnb-base" to extend from. Referenced from: /home/anna/bootcamp2019/GoBarber/.eslintrc.js
[Info  - 13:06:27] Failed to load config "airbnb-base" to extend from. Referenced from: /home/anna/bootcamp2019/GoBarber/.eslintrc.js
[Info  - 13:06:28] Failed to load config "airbnb-base" to extend from. Referenced from: /home/anna/bootcamp2019/GoBarber/.eslintrc.js
[Info  - 13:06:28] Failed to load config "airbnb-base" to extend from. Referenced from: /home/anna/bootcamp2019/GoBarber/.eslintrc.js
[Info  - 13:06:28] Failed to load config "airbnb-base" to extend from. Referenced from: /home/anna/bootcamp2019/GoBarber/.eslintrc.js
[Info  - 13:06:28] Failed to load config "airbnb-base" to extend from. Referenced from: /home/anna/bootcamp2019/GoBarber/.eslintrc.js
[Info  - 13:06:32] Failed to load config "airbnb-base" to extend from. Referenced from: /home/anna/bootcamp2019/GoBarber/.eslintrc.js
[Info  - 13:06:32] Failed to load config "airbnb-base" to extend from. Referenced from: /home/anna/bootcamp2019/GoBarber/.eslintrc.js
[Info  - 13:06:33] Failed to load config "airbnb-base" to extend from. Referenced from: /home/anna/bootcamp2019/GoBarber/.eslintrc.js
[Info  - 13:06:33] Failed to load config "airbnb-base" to extend from. Referenced from: /home/anna/bootcamp2019/GoBarber/.eslintrc.js
[Info  - 13:06:33] Failed to load config "airbnb-base" to extend from. Referenced from: /home/anna/bootcamp2019/GoBarber/.eslintrc.js
[Info  - 13:06:33] Failed to load config "airbnb-base" to extend from. Referenced from: /home/anna/bootcamp2019/GoBarber/.eslintrc.js
[Info  - 13:06:34] Failed to load config "airbnb-base" to extend from. Referenced from: /home/anna/bootcamp2019/GoBarber/.eslintrc.js
[Info  - 13:06:34] Failed to load config "airbnb-base" to extend from. Referenced from: /home/anna/bootcamp2019/GoBarber/.eslintrc.js
[Info  - 13:06:35] Failed to load config "airbnb-base" to extend from. Referenced from: /home/anna/bootcamp2019/GoBarber/.eslintrc.js
[Info  - 13:06:36] Failed to load config "airbnb-base" to extend from. Referenced from: /home/anna/bootcamp2019/GoBarber/.eslintrc.js
[Info  - 13:06:36] Failed to load config "airbnb-base" to extend from. Referenced from: /home/anna/bootcamp2019/GoBarber/.eslintrc.js
[Info  - 13:06:36] Failed to load config "airbnb-base" to extend from. Referenced from: /home/anna/bootcamp2019/GoBarber/.eslintrc.js
[Info  - 13:06:38] Failed to load config "airbnb-base" to extend from. Referenced from: /home/anna/bootcamp2019/GoBarber/.eslintrc.js
[Info  - 13:06:41] Failed to load config "airbnb-base" to extend from. Referenced from: /home/anna/bootcamp2019/GoBarber/.eslintrc.js
[Info  - 13:06:42] Failed to load config "airbnb-base" to extend from. Referenced from: /home/anna/bootcamp2019/GoBarber/.eslintrc.js
[Info  - 13:06:43] Failed to load config "airbnb-base" to extend from. Referenced from: /home/anna/bootcamp2019/GoBarber/.eslintrc.js
[Info  - 13:06:52] Failed to load config "airbnb-base" to extend from. Referenced from: /home/anna/bootcamp2019/GoBarber/.eslintrc.js
[Info  - 13:06:52] Failed to load config "airbnb-base" to extend from. Referenced from: /home/anna/bootcamp2019/GoBarber/.eslintrc.js
[Info  - 13:06:53] Failed to load config "airbnb-base" to extend from. Referenced from: /home/anna/bootcamp2019/GoBarber/.eslintrc.js
[Info  - 13:06:53] Failed to load config "airbnb-base" to extend from. Referenced from: /home/anna/bootcamp2019/GoBarber/.eslintrc.js
[Info  - 13:06:54] Failed to load config "airbnb-base" to extend from. Referenced from: /home/anna/bootcamp2019/GoBarber/.eslintrc.js
[Info  - 13:06:54] Failed to load config "airbnb-base" to extend from. Referenced from: /home/anna/bootcamp2019/GoBarber/.eslintrc.js
[Info  - 13:06:55] Failed to load config "airbnb-base" to extend from. Referenced from: /home/anna/bootcamp2019/GoBarber/.eslintrc.js
[Info  - 13:06:55] Failed to load config "airbnb-base" to extend from. Referenced from: /home/anna/bootcamp2019/GoBarber/.eslintrc.js
[Info  - 13:06:56] Failed to load config "airbnb-base" to extend from. Referenced from: /home/anna/bootcamp2019/GoBarber/.eslintrc.js
[Info  - 13:06:56] Failed to load config "airbnb-base" to extend from. Referenced from: /home/anna/bootcamp2019/GoBarber/.eslintrc.js
[Info  - 13:06:56] Failed to load config "airbnb-base" to extend from. Referenced from: /home/anna/bootcamp2019/GoBarber/.eslintrc.js
[Info  - 13:06:56] Failed to load config "airbnb-base" to extend from. Referenced from: /home/anna/bootcamp2019/GoBarber/.eslintrc.js
[Info  - 13:06:57] Failed to load config "airbnb-base" to extend from. Referenced from: /home/anna/bootcamp2019/GoBarber/.eslintrc.js
[Info  - 13:06:57] Failed to load config "airbnb-base" to extend from. Referenced from: /home/anna/bootcamp2019/GoBarber/.eslintrc.js
[Info  - 13:06:58] Failed to load config "airbnb-base" to extend from. Referenced from: /home/anna/bootcamp2019/GoBarber/.eslintrc.js
[Info  - 13:06:58] Failed to load config "airbnb-base" to extend from. Referenced from: /home/anna/bootcamp2019/GoBarber/.eslintrc.js
[Info  - 13:06:58] Failed to load config "airbnb-base" to extend from. Referenced from: /home/anna/bootcamp2019/GoBarber/.eslintrc.js
[Info  - 13:06:58] Failed to load config "airbnb-base" to extend from. Referenced from: /home/anna/bootcamp2019/GoBarber/.eslintrc.js
[Info  - 13:06:59] Failed to load config "airbnb-base" to extend from. Referenced from: /home/anna/bootcamp2019/GoBarber/.eslintrc.js
[Info  - 13:07:02] Failed to load config "airbnb-base" to extend from. Referenced from: /home/anna/bootcamp2019/GoBarber/.eslintrc.js
[Info  - 13:07:02] Failed to load config "airbnb-base" to extend from. Referenced from: /home/anna/bootcamp2019/GoBarber/.eslintrc.js
[Info  - 13:07:02] Failed to load config "airbnb-base" to extend from. Referenced from: /home/anna/bootcamp2019/GoBarber/.eslintrc.js
[Info  - 13:07:03] Failed to load config "airbnb-base" to extend from. Referenced from: /home/anna/bootcamp2019/GoBarber/.eslintrc.js
[Info  - 13:07:03] Failed to load config "airbnb-base" to extend from. Referenced from: /home/anna/bootcamp2019/GoBarber/.eslintrc.js
[Info  - 13:07:03] Failed to load config "airbnb-base" to extend from. Referenced from: /home/anna/bootcamp2019/GoBarber/.eslintrc.js
[Info  - 13:07:04] Failed to load config "airbnb-base" to extend from. Referenced from: /home/anna/bootcamp2019/GoBarber/.eslintrc.js
[Info  - 13:07:04] Failed to load config "airbnb-base" to extend from. Referenced from: /home/anna/bootcamp2019/GoBarber/.eslintrc.js
[Info  - 13:07:04] Failed to load config "airbnb-base" to extend from. Referenced from: /home/anna/bootcamp2019/GoBarber/.eslintrc.js
[Info  - 13:07:05] Failed to load config "airbnb-base" to extend from. Referenced from: /home/anna/bootcamp2019/GoBarber/.eslintrc.js
[Info  - 13:07:06] Failed to load config "airbnb-base" to extend from. Referenced from: /home/anna/bootcamp2019/GoBarber/.eslintrc.js
[Info  - 13:07:06] Failed to load config "airbnb-base" to extend from. Referenced from: /home/anna/bootcamp2019/GoBarber/.eslintrc.js
[Info  - 13:07:07] Failed to load config "airbnb-base" to extend from. Referenced from: /home/anna/bootcamp2019/GoBarber/.eslintrc.js
[Info  - 13:07:07] Failed to load config "airbnb-base" to extend from. Referenced from: /home/anna/bootcamp2019/GoBarber/.eslintrc.js
[Info  - 13:07:08] Failed to load config "airbnb-base" to extend from. Referenced from: /home/anna/bootcamp2019/GoBarber/.eslintrc.js
[Info  - 13:07:08] Failed to load config "airbnb-base" to extend from. Referenced from: /home/anna/bootcamp2019/GoBarber/.eslintrc.js
[Info  - 13:07:08] Failed to load config "airbnb-base" to extend from. Referenced from: /home/anna/bootcamp2019/GoBarber/.eslintrc.js
[Info  - 13:07:08] Failed to load config "airbnb-base" to extend from. Referenced from: /home/anna/bootcamp2019/GoBarber/.eslintrc.js
[Info  - 13:07:09] Failed to load config "airbnb-base" to extend from. Referenced from: /home/anna/bootcamp2019/GoBarber/.eslintrc.js
[Info  - 13:07:09] Failed to load config "airbnb-base" to extend from. Referenced from: /home/anna/bootcamp2019/GoBarber/.eslintrc.js
[Info  - 13:07:09] Failed to load config "airbnb-base" to extend from. Referenced from: /home/anna/bootcamp2019/GoBarber/.eslintrc.js
[Info  - 13:07:09] Failed to load config "airbnb-base" to extend from. Referenced from: /home/anna/bootcamp2019/GoBarber/.eslintrc.js
[Info  - 13:07:09] Failed to load config "airbnb-base" to extend from. Referenced from: /home/anna/bootcamp2019/GoBarber/.eslintrc.js
[Info  - 13:07:10] Failed to load config "airbnb-base" to extend from. Referenced from: /home/anna/bootcamp2019/GoBarber/.eslintrc.js
[Info  - 13:07:10] Failed to load config "airbnb-base" to extend from. Referenced from: /home/anna/bootcamp2019/GoBarber/.eslintrc.js
[Info  - 13:07:10] Failed to load config "airbnb-base" to extend from. Referenced from: /home/anna/bootcamp2019/GoBarber/.eslintrc.js
[Info  - 13:07:10] Failed to load config "airbnb-base" to extend from. Referenced from: /home/anna/bootcamp2019/GoBarber/.eslintrc.js
[Info  - 13:07:10] Failed to load config "airbnb-base" to extend from. Referenced from: /home/anna/bootcamp2019/GoBarber/.eslintrc.js
[Info  - 13:07:10] Failed to load config "airbnb-base" to extend from. Referenced from: /home/anna/bootcamp2019/GoBarber/.eslintrc.js
[Info  - 13:07:10] Failed to load config "airbnb-base" to extend from. Referenced from: /home/anna/bootcamp2019/GoBarber/.eslintrc.js
[Info  - 13:07:11] Failed to load config "airbnb-base" to extend from. Referenced from: /home/anna/bootcamp2019/GoBarber/.eslintrc.js
[Info  - 13:07:11] Failed to load config "airbnb-base" to extend from. Referenced from: /home/anna/bootcamp2019/GoBarber/.eslintrc.js
[Info  - 13:07:11] Failed to load config "airbnb-base" to extend from. Referenced from: /home/anna/bootcamp2019/GoBarber/.eslintrc.js
[Info  - 13:07:12] Failed to load config "airbnb-base" to extend from. Referenced from: /home/anna/bootcamp2019/GoBarber/.eslintrc.js
[Info  - 13:17:15] Failed to load config "airbnb-base" to extend from. Referenced from: /home/anna/bootcamp2019/GoBarber/.eslintrc.js
[Info  - 13:17:15] Failed to load config "airbnb-base" to extend from. Referenced from: /home/anna/bootcamp2019/GoBarber/.eslintrc.js
[Info  - 13:17:16] Failed to load config "airbnb-base" to extend from. Referenced from: /home/anna/bootcamp2019/GoBarber/.eslintrc.js
[Info  - 13:17:16] Failed to load config "airbnb-base" to extend from. Referenced from: /home/anna/bootcamp2019/GoBarber/.eslintrc.js
[Info  - 13:17:16] Failed to load config "airbnb-base" to extend from. Referenced from: /home/anna/bootcamp2019/GoBarber/.eslintrc.js
[Info  - 13:17:16] Failed to load config "airbnb-base" to extend from. Referenced from: /home/anna/bootcamp2019/GoBarber/.eslintrc.js
[Info  - 13:17:17] Failed to load config "airbnb-base" to extend from. Referenced from: /home/anna/bootcamp2019/GoBarber/.eslintrc.js
[Info  - 13:17:17] Failed to load config "airbnb-base" to extend from. Referenced from: /home/anna/bootcamp2019/GoBarber/.eslintrc.js
[Info  - 13:17:17] Failed to load config "airbnb-base" to extend from. Referenced from: /home/anna/bootcamp2019/GoBarber/.eslintrc.js
[Info  - 13:17:17] Failed to load config "airbnb-base" to extend from. Referenced from: /home/anna/bootcamp2019/GoBarber/.eslintrc.js
[Info  - 13:17:19] Failed to load config "airbnb-base" to extend from. Referenced from: /home/anna/bootcamp2019/GoBarber/.eslintrc.js
[Info  - 13:17:20] Failed to load config "airbnb-base" to extend from. Referenced from: /home/anna/bootcamp2019/GoBarber/.eslintrc.js
[Info  - 13:17:20] Failed to load config "airbnb-base" to extend from. Referenced from: /home/anna/bootcamp2019/GoBarber/.eslintrc.js
[Info  - 13:17:21] Failed to load config "airbnb-base" to extend from. Referenced from: /home/anna/bootcamp2019/GoBarber/.eslintrc.js
[Info  - 13:17:25] Failed to load config "airbnb-base" to extend from. Referenced from: /home/anna/bootcamp2019/GoBarber/.eslintrc.js
[Info  - 16:25:09] Failed to load config "airbnb-base" to extend from. Referenced from: /home/anna/bootcamp2019/GoBarber/.eslintrc.js
[Info  - 16:25:09] Failed to load config "airbnb-base" to extend from. Referenced from: /home/anna/bootcamp2019/GoBarber/.eslintrc.js
[Info  - 16:25:11] Failed to load config "airbnb-base" to extend from. Referenced from: /home/anna/bootcamp2019/GoBarber/.eslintrc.js
[Info  - 16:25:12] Failed to load config "airbnb-base" to extend from. Referenced from: /home/anna/bootcamp2019/GoBarber/.eslintrc.js
[Info  - 16:25:12] Failed to load config "airbnb-base" to extend from. Referenced from: /home/anna/bootcamp2019/GoBarber/.eslintrc.js
[Info  - 16:25:12] Failed to load config "airbnb-base" to extend from. Referenced from: /home/anna/bootcamp2019/GoBarber/.eslintrc.js
[Info  - 16:25:12] Failed to load config "airbnb-base" to extend from. Referenced from: /home/anna/bootcamp2019/GoBarber/.eslintrc.js
[Info  - 16:25:13] Failed to load config "airbnb-base" to extend from. Referenced from: /home/anna/bootcamp2019/GoBarber/.eslintrc.js
[Info  - 16:25:13] Failed to load config "airbnb-base" to extend from. Referenced from: /home/anna/bootcamp2019/GoBarber/.eslintrc.js
[Info  - 16:25:13] Failed to load config "airbnb-base" to extend from. Referenced from: /home/anna/bootcamp2019/GoBarber/.eslintrc.js
[Info  - 16:25:13] Failed to load config "airbnb-base" to extend from. Referenced from: /home/anna/bootcamp2019/GoBarber/.eslintrc.js
[Info  - 16:25:13] Failed to load config "airbnb-base" to extend from. Referenced from: /home/anna/bootcamp2019/GoBarber/.eslintrc.js
[Info  - 16:25:14] Failed to load config "airbnb-base" to extend from. Referenced from: /home/anna/bootcamp2019/GoBarber/.eslintrc.js
[Info  - 16:25:14] Failed to load config "airbnb-base" to extend from. Referenced from: /home/anna/bootcamp2019/GoBarber/.eslintrc.js
[Info  - 16:25:15] Failed to load config "airbnb-base" to extend from. Referenced from: /home/anna/bootcamp2019/GoBarber/.eslintrc.js
[Info  - 16:25:15] Failed to load config "airbnb-base" to extend from. Referenced from: /home/anna/bootcamp2019/GoBarber/.eslintrc.js
[Info  - 16:25:15] Failed to load config "airbnb-base" to extend from. Referenced from: /home/anna/bootcamp2019/GoBarber/.eslintrc.js
[Info  - 16:25:15] Failed to load config "airbnb-base" to extend from. Referenced from: /home/anna/bootcamp2019/GoBarber/.eslintrc.js
[Info  - 16:25:15] Failed to load config "airbnb-base" to extend from. Referenced from: /home/anna/bootcamp2019/GoBarber/.eslintrc.js
[Info  - 16:25:16] Failed to load config "airbnb-base" to extend from. Referenced from: /home/anna/bootcamp2019/GoBarber/.eslintrc.js
[Info  - 16:25:16] Failed to load config "airbnb-base" to extend from. Referenced from: /home/anna/bootcamp2019/GoBarber/.eslintrc.js
[Info  - 16:25:19] Failed to load config "airbnb-base" to extend from. Referenced from: /home/anna/bootcamp2019/GoBarber/.eslintrc.js
[Info  - 16:25:19] Failed to load config "airbnb-base" to extend from. Referenced from: /home/anna/bootcamp2019/GoBarber/.eslintrc.js
[Info  - 16:25:19] Failed to load config "airbnb-base" to extend from. Referenced from: /home/anna/bootcamp2019/GoBarber/.eslintrc.js
[Info  - 16:25:19] Failed to load config "airbnb-base" to extend from. Referenced from: /home/anna/bootcamp2019/GoBarber/.eslintrc.js
[Info  - 16:25:20] Failed to load config "airbnb-base" to extend from. Referenced from: /home/anna/bootcamp2019/GoBarber/.eslintrc.js
[Info  - 16:25:20] Failed to load config "airbnb-base" to extend from. Referenced from: /home/anna/bootcamp2019/GoBarber/.eslintrc.js
[Info  - 16:25:20] Failed to load config "airbnb-base" to extend from. Referenced from: /home/anna/bootcamp2019/GoBarber/.eslintrc.js
[Info  - 16:25:21] Failed to load config "airbnb-base" to extend from. Referenced from: /home/anna/bootcamp2019/GoBarber/.eslintrc.js
[Info  - 16:25:21] Failed to load config "airbnb-base" to extend from. Referenced from: /home/anna/bootcamp2019/GoBarber/.eslintrc.js
[Info  - 16:25:21] Failed to load config "airbnb-base" to extend from. Referenced from: /home/anna/bootcamp2019/GoBarber/.eslintrc.js
[Info  - 16:25:21] Failed to load config "airbnb-base" to extend from. Referenced from: /home/anna/bootcamp2019/GoBarber/.eslintrc.js
[Info  - 16:25:21] Failed to load config "airbnb-base" to extend from. Referenced from: /home/anna/bootcamp2019/GoBarber/.eslintrc.js
[Info  - 16:25:22] Failed to load config "airbnb-base" to extend from. Referenced from: /home/anna/bootcamp2019/GoBarber/.eslintrc.js
[Info  - 16:25:22] Failed to load config "airbnb-base" to extend from. Referenced from: /home/anna/bootcamp2019/GoBarber/.eslintrc.js
[Info  - 16:25:22] Failed to load config "airbnb-base" to extend from. Referenced from: /home/anna/bootcamp2019/GoBarber/.eslintrc.js
[Info  - 16:25:22] Failed to load config "airbnb-base" to extend from. Referenced from: /home/anna/bootcamp2019/GoBarber/.eslintrc.js
[Info  - 16:25:25] Failed to load config "airbnb-base" to extend from. Referenced from: /home/anna/bootcamp2019/GoBarber/.eslintrc.js
[Info  - 16:25:26] Failed to load config "airbnb-base" to extend from. Referenced from: /home/anna/bootcamp2019/GoBarber/.eslintrc.js
[Info  - 16:25:27] Failed to load config "airbnb-base" to extend from. Referenced from: /home/anna/bootcamp2019/GoBarber/.eslintrc.js
[Info  - 16:25:31] Failed to load config "airbnb-base" to extend from. Referenced from: /home/anna/bootcamp2019/GoBarber/.eslintrc.js
[Info  - 16:25:31] Failed to load config "airbnb-base" to extend from. Referenced from: /home/anna/bootcamp2019/GoBarber/.eslintrc.js
[Info  - 16:25:31] Failed to load config "airbnb-base" to extend from. Referenced from: /home/anna/bootcamp2019/GoBarber/.eslintrc.js
[Info  - 16:25:31] Failed to load config "airbnb-base" to extend from. Referenced from: /home/anna/bootcamp2019/GoBarber/.eslintrc.js
[Info  - 16:25:31] Failed to load config "airbnb-base" to extend from. Referenced from: /home/anna/bootcamp2019/GoBarber/.eslintrc.js
[Info  - 16:25:32] Failed to load config "airbnb-base" to extend from. Referenced from: /home/anna/bootcamp2019/GoBarber/.eslintrc.js
[Info  - 16:25:32] Failed to load config "airbnb-base" to extend from. Referenced from: /home/anna/bootcamp2019/GoBarber/.eslintrc.js
[Info  - 16:25:32] Failed to load config "airbnb-base" to extend from. Referenced from: /home/anna/bootcamp2019/GoBarber/.eslintrc.js
[Info  - 16:25:33] Failed to load config "airbnb-base" to extend from. Referenced from: /home/anna/bootcamp2019/GoBarber/.eslintrc.js
[Info  - 16:25:33] Failed to load config "airbnb-base" to extend from. Referenced from: /home/anna/bootcamp2019/GoBarber/.eslintrc.js
[Info  - 16:25:34] Failed to load config "airbnb-base" to extend from. Referenced from: /home/anna/bootcamp2019/GoBarber/.eslintrc.js
[Info  - 16:25:34] Failed to load config "airbnb-base" to extend from. Referenced from: /home/anna/bootcamp2019/GoBarber/.eslintrc.js
[Info  - 16:25:34] Failed to load config "airbnb-base" to extend from. Referenced from: /home/anna/bootcamp2019/GoBarber/.eslintrc.js
[Info  - 16:25:35] Failed to load config "airbnb-base" to extend from. Referenced from: /home/anna/bootcamp2019/GoBarber/.eslintrc.js
[Info  - 16:25:35] Failed to load config "airbnb-base" to extend from. Referenced from: /home/anna/bootcamp2019/GoBarber/.eslintrc.js
[Info  - 16:25:35] Failed to load config "airbnb-base" to extend from. Referenced from: /home/anna/bootcamp2019/GoBarber/.eslintrc.js
[Info  - 16:25:35] Failed to load config "airbnb-base" to extend from. Referenced from: /home/anna/bootcamp2019/GoBarber/.eslintrc.js
[Info  - 16:25:36] Failed to load config "airbnb-base" to extend from. Referenced from: /home/anna/bootcamp2019/GoBarber/.eslintrc.js
[Info  - 16:25:36] Failed to load config "airbnb-base" to extend from. Referenced from: /home/anna/bootcamp2019/GoBarber/.eslintrc.js
[Info  - 16:25:36] Failed to load config "airbnb-base" to extend from. Referenced from: /home/anna/bootcamp2019/GoBarber/.eslintrc.js
[Info  - 16:25:36] Failed to load config "airbnb-base" to extend from. Referenced from: /home/anna/bootcamp2019/GoBarber/.eslintrc.js
[Info  - 16:25:36] Failed to load config "airbnb-base" to extend from. Referenced from: /home/anna/bootcamp2019/GoBarber/.eslintrc.js
[Info  - 16:25:37] Failed to load config "airbnb-base" to extend from. Referenced from: /home/anna/bootcamp2019/GoBarber/.eslintrc.js
[Info  - 16:25:37] Failed to load config "airbnb-base" to extend from. Referenced from: /home/anna/bootcamp2019/GoBarber/.eslintrc.js
[Info  - 16:25:37] Failed to load config "airbnb-base" to extend from. Referenced from: /home/anna/bootcamp2019/GoBarber/.eslintrc.js
[Info  - 16:25:37] Failed to load config "airbnb-base" to extend from. Referenced from: /home/anna/bootcamp2019/GoBarber/.eslintrc.js
[Info  - 16:25:37] Failed to load config "airbnb-base" to extend from. Referenced from: /home/anna/bootcamp2019/GoBarber/.eslintrc.js
[Info  - 16:25:38] Failed to load config "airbnb-base" to extend from. Referenced from: /home/anna/bootcamp2019/GoBarber/.eslintrc.js
[Info  - 16:25:39] Failed to load config "airbnb-base" to extend from. Referenced from: /home/anna/bootcamp2019/GoBarber/.eslintrc.js
[Info  - 16:25:47] Failed to load config "airbnb-base" to extend from. Referenced from: /home/anna/bootcamp2019/GoBarber/.eslintrc.js
[Info  - 16:25:49] Failed to load config "airbnb-base" to extend from. Referenced from: /home/anna/bootcamp2019/GoBarber/.eslintrc.js
[Info  - 16:25:50] Failed to load config "airbnb-base" to extend from. Referenced from: /home/anna/bootcamp2019/GoBarber/.eslintrc.js
[Info  - 16:25:50] Failed to load config "airbnb-base" to extend from. Referenced from: /home/anna/bootcamp2019/GoBarber/.eslintrc.js
[Info  - 16:25:50] Failed to load config "airbnb-base" to extend from. Referenced from: /home/anna/bootcamp2019/GoBarber/.eslintrc.js
[Info  - 16:25:50] Failed to load config "airbnb-base" to extend from. Referenced from: /home/anna/bootcamp2019/GoBarber/.eslintrc.js
[Info  - 16:25:50] Failed to load config "airbnb-base" to extend from. Referenced from: /home/anna/bootcamp2019/GoBarber/.eslintrc.js
[Info  - 16:25:51] Failed to load config "airbnb-base" to extend from. Referenced from: /home/anna/bootcamp2019/GoBarber/.eslintrc.js
[Info  - 16:25:52] Failed to load config "airbnb-base" to extend from. Referenced from: /home/anna/bootcamp2019/GoBarber/.eslintrc.js
[Info  - 16:25:57] Failed to load config "airbnb-base" to extend from. Referenced from: /home/anna/bootcamp2019/GoBarber/.eslintrc.js
[Info  - 16:26:43] Failed to load config "airbnb-base" to extend from. Referenced from: /home/anna/bootcamp2019/GoBarber/.eslintrc.js
[Info  - 16:26:43] Failed to load config "airbnb-base" to extend from. Referenced from: /home/anna/bootcamp2019/GoBarber/.eslintrc.js
[Info  - 16:26:44] Failed to load config "airbnb-base" to extend from. Referenced from: /home/anna/bootcamp2019/GoBarber/.eslintrc.js
[Info  - 16:26:45] Failed to load config "airbnb-base" to extend from. Referenced from: /home/anna/bootcamp2019/GoBarber/.eslintrc.js
[Info  - 16:26:45] Failed to load config "airbnb-base" to extend from. Referenced from: /home/anna/bootcamp2019/GoBarber/.eslintrc.js
[Info  - 16:26:46] Failed to load config "airbnb-base" to extend from. Referenced from: /home/anna/bootcamp2019/GoBarber/.eslintrc.js
[Info  - 16:26:46] Failed to load config "airbnb-base" to extend from. Referenced from: /home/anna/bootcamp2019/GoBarber/.eslintrc.js
[Info  - 16:26:46] Failed to load config "airbnb-base" to extend from. Referenced from: /home/anna/bootcamp2019/GoBarber/.eslintrc.js
[Info  - 16:26:47] Failed to load config "airbnb-base" to extend from. Referenced from: /home/anna/bootcamp2019/GoBarber/.eslintrc.js
[Info  - 16:26:47] Failed to load config "airbnb-base" to extend from. Referenced from: /home/anna/bootcamp2019/GoBarber/.eslintrc.js
[Info  - 16:26:47] Failed to load config "airbnb-base" to extend from. Referenced from: /home/anna/bootcamp2019/GoBarber/.eslintrc.js
[Info  - 16:26:48] Failed to load config "airbnb-base" to extend from. Referenced from: /home/anna/bootcamp2019/GoBarber/.eslintrc.js
[Info  - 16:26:50] Failed to load config "airbnb-base" to extend from. Referenced from: /home/anna/bootcamp2019/GoBarber/.eslintrc.js
[Info  - 16:26:50] Failed to load config "airbnb-base" to extend from. Referenced from: /home/anna/bootcamp2019/GoBarber/.eslintrc.js
[Info  - 16:26:50] Failed to load config "airbnb-base" to extend from. Referenced from: /home/anna/bootcamp2019/GoBarber/.eslintrc.js
[Info  - 16:26:52] Failed to load config "airbnb-base" to extend from. Referenced from: /home/anna/bootcamp2019/GoBarber/.eslintrc.js
[Info  - 16:26:52] Failed to load config "airbnb-base" to extend from. Referenced from: /home/anna/bootcamp2019/GoBarber/.eslintrc.js
[Info  - 16:26:52] Failed to load config "airbnb-base" to extend from. Referenced from: /home/anna/bootcamp2019/GoBarber/.eslintrc.js
[Info  - 16:26:52] Failed to load config "airbnb-base" to extend from. Referenced from: /home/anna/bootcamp2019/GoBarber/.eslintrc.js
[Info  - 16:26:52] Failed to load config "airbnb-base" to extend from. Referenced from: /home/anna/bootcamp2019/GoBarber/.eslintrc.js
[Info  - 16:26:53] Failed to load config "airbnb-base" to extend from. Referenced from: /home/anna/bootcamp2019/GoBarber/.eslintrc.js
[Info  - 16:26:53] Failed to load config "airbnb-base" to extend from. Referenced from: /home/anna/bootcamp2019/GoBarber/.eslintrc.js
[Info  - 16:26:54] Failed to load config "airbnb-base" to extend from. Referenced from: /home/anna/bootcamp2019/GoBarber/.eslintrc.js
[Info  - 16:26:55] Failed to load config "airbnb-base" to extend from. Referenced from: /home/anna/bootcamp2019/GoBarber/.eslintrc.js
[Info  - 16:26:55] Failed to load config "airbnb-base" to extend from. Referenced from: /home/anna/bootcamp2019/GoBarber/.eslintrc.js
[Info  - 16:26:55] Failed to load config "airbnb-base" to extend from. Referenced from: /home/anna/bootcamp2019/GoBarber/.eslintrc.js
[Info  - 16:26:55] Failed to load config "airbnb-base" to extend from. Referenced from: /home/anna/bootcamp2019/GoBarber/.eslintrc.js
[Info  - 16:26:55] Failed to load config "airbnb-base" to extend from. Referenced from: /home/anna/bootcamp2019/GoBarber/.eslintrc.js
[Info  - 16:26:56] Failed to load config "airbnb-base" to extend from. Referenced from: /home/anna/bootcamp2019/GoBarber/.eslintrc.js
[Info  - 16:26:56] Failed to load config "airbnb-base" to extend from. Referenced from: /home/anna/bootcamp2019/GoBarber/.eslintrc.js
[Info  - 16:26:56] Failed to load config "airbnb-base" to extend from. Referenced from: /home/anna/bootcamp2019/GoBarber/.eslintrc.js
[Info  - 16:26:56] Failed to load config "airbnb-base" to extend from. Referenced from: /home/anna/bootcamp2019/GoBarber/.eslintrc.js
[Info  - 16:26:56] Failed to load config "airbnb-base" to extend from. Referenced from: /home/anna/bootcamp2019/GoBarber/.eslintrc.js
[Info  - 16:26:57] Failed to load config "airbnb-base" to extend from. Referenced from: /home/anna/bootcamp2019/GoBarber/.eslintrc.js
[Info  - 16:26:57] Failed to load config "airbnb-base" to extend from. Referenced from: /home/anna/bootcamp2019/GoBarber/.eslintrc.js
[Info  - 16:26:57] Failed to load config "airbnb-base" to extend from. Referenced from: /home/anna/bootcamp2019/GoBarber/.eslintrc.js
[Info  - 16:26:59] Failed to load config "airbnb-base" to extend from. Referenced from: /home/anna/bootcamp2019/GoBarber/.eslintrc.js
[Info  - 16:27:04] Failed to load config "airbnb-base" to extend from. Referenced from: /home/anna/bootcamp2019/GoBarber/.eslintrc.js
[Info  - 16:27:04] Failed to load config "airbnb-base" to extend from. Referenced from: /home/anna/bootcamp2019/GoBarber/.eslintrc.js
[Info  - 16:27:04] Failed to load config "airbnb-base" to extend from. Referenced from: /home/anna/bootcamp2019/GoBarber/.eslintrc.js
[Info  - 16:27:05] Failed to load config "airbnb-base" to extend from. Referenced from: /home/anna/bootcamp2019/GoBarber/.eslintrc.js
[Info  - 16:27:05] Failed to load config "airbnb-base" to extend from. Referenced from: /home/anna/bootcamp2019/GoBarber/.eslintrc.js
[Info  - 16:27:06] Failed to load config "airbnb-base" to extend from. Referenced from: /home/anna/bootcamp2019/GoBarber/.eslintrc.js
[Info  - 16:27:07] Failed to load config "airbnb-base" to extend from. Referenced from: /home/anna/bootcamp2019/GoBarber/.eslintrc.js
[Info  - 16:27:07] Failed to load config "airbnb-base" to extend from. Referenced from: /home/anna/bootcamp2019/GoBarber/.eslintrc.js
[Info  - 16:27:09] Failed to load config "airbnb-base" to extend from. Referenced from: /home/anna/bootcamp2019/GoBarber/.eslintrc.js
[Info  - 16:27:09] Failed to load config "airbnb-base" to extend from. Referenced from: /home/anna/bootcamp2019/GoBarber/.eslintrc.js
[Info  - 16:27:15] Failed to load config "airbnb-base" to extend from. Referenced from: /home/anna/bootcamp2019/GoBarber/.eslintrc.js
[Info  - 16:27:15] Failed to load config "airbnb-base" to extend from. Referenced from: /home/anna/bootcamp2019/GoBarber/.eslintrc.js
[Info  - 16:27:15] Failed to load config "airbnb-base" to extend from. Referenced from: /home/anna/bootcamp2019/GoBarber/.eslintrc.js
[Info  - 16:27:16] Failed to load config "airbnb-base" to extend from. Referenced from: /home/anna/bootcamp2019/GoBarber/.eslintrc.js
[Info  - 16:27:16] Failed to load config "airbnb-base" to extend from. Referenced from: /home/anna/bootcamp2019/GoBarber/.eslintrc.js
[Info  - 16:27:16] Failed to load config "airbnb-base" to extend from. Referenced from: /home/anna/bootcamp2019/GoBarber/.eslintrc.js
[Info  - 16:27:16] Failed to load config "airbnb-base" to extend from. Referenced from: /home/anna/bootcamp2019/GoBarber/.eslintrc.js
[Info  - 16:27:17] Failed to load config "airbnb-base" to extend from. Referenced from: /home/anna/bootcamp2019/GoBarber/.eslintrc.js
[Info  - 16:27:17] Failed to load config "airbnb-base" to extend from. Referenced from: /home/anna/bootcamp2019/GoBarber/.eslintrc.js
[Info  - 16:27:18] Failed to load config "airbnb-base" to extend from. Referenced from: /home/anna/bootcamp2019/GoBarber/.eslintrc.js
[Info  - 16:27:18] Failed to load config "airbnb-base" to extend from. Referenced from: /home/anna/bootcamp2019/GoBarber/.eslintrc.js
[Info  - 16:27:18] Failed to load config "airbnb-base" to extend from. Referenced from: /home/anna/bootcamp2019/GoBarber/.eslintrc.js
[Info  - 16:27:18] Failed to load config "airbnb-base" to extend from. Referenced from: /home/anna/bootcamp2019/GoBarber/.eslintrc.js
[Info  - 16:27:18] Failed to load config "airbnb-base" to extend from. Referenced from: /home/anna/bootcamp2019/GoBarber/.eslintrc.js
[Info  - 16:27:19] Failed to load config "airbnb-base" to extend from. Referenced from: /home/anna/bootcamp2019/GoBarber/.eslintrc.js
[Info  - 16:27:19] Failed to load config "airbnb-base" to extend from. Referenced from: /home/anna/bootcamp2019/GoBarber/.eslintrc.js
[Info  - 16:27:19] Failed to load config "airbnb-base" to extend from. Referenced from: /home/anna/bootcamp2019/GoBarber/.eslintrc.js
[Info  - 16:27:19] Failed to load config "airbnb-base" to extend from. Referenced from: /home/anna/bootcamp2019/GoBarber/.eslintrc.js
[Info  - 16:27:19] Failed to load config "airbnb-base" to extend from. Referenced from: /home/anna/bootcamp2019/GoBarber/.eslintrc.js
[Info  - 16:27:19] Failed to load config "airbnb-base" to extend from. Referenced from: /home/anna/bootcamp2019/GoBarber/.eslintrc.js
[Info  - 16:27:20] Failed to load config "airbnb-base" to extend from. Referenced from: /home/anna/bootcamp2019/GoBarber/.eslintrc.js
[Info  - 16:27:20] Failed to load config "airbnb-base" to extend from. Referenced from: /home/anna/bootcamp2019/GoBarber/.eslintrc.js
[Info  - 16:27:20] Failed to load config "airbnb-base" to extend from. Referenced from: /home/anna/bootcamp2019/GoBarber/.eslintrc.js
[Info  - 16:27:20] Failed to load config "airbnb-base" to extend from. Referenced from: /home/anna/bootcamp2019/GoBarber/.eslintrc.js
[Info  - 16:27:21] Failed to load config "airbnb-base" to extend from. Referenced from: /home/anna/bootcamp2019/GoBarber/.eslintrc.js
[Info  - 16:27:21] Failed to load config "airbnb-base" to extend from. Referenced from: /home/anna/bootcamp2019/GoBarber/.eslintrc.js
[Info  - 16:27:21] Failed to load config "airbnb-base" to extend from. Referenced from: /home/anna/bootcamp2019/GoBarber/.eslintrc.js
[Info  - 16:27:21] Failed to load config "airbnb-base" to extend from. Referenced from: /home/anna/bootcamp2019/GoBarber/.eslintrc.js
[Info  - 16:27:23] Failed to load config "airbnb-base" to extend from. Referenced from: /home/anna/bootcamp2019/GoBarber/.eslintrc.js
[Info  - 16:32:37] Failed to load config "airbnb-base" to extend from. Referenced from: /home/anna/bootcamp2019/GoBarber/.eslintrc.js
[Info  - 16:32:37] Failed to load config "airbnb-base" to extend from. Referenced from: /home/anna/bootcamp2019/GoBarber/.eslintrc.js
[Info  - 16:32:37] Failed to load config "airbnb-base" to extend from. Referenced from: /home/anna/bootcamp2019/GoBarber/.eslintrc.js
[Info  - 16:32:37] Failed to load config "airbnb-base" to extend from. Referenced from: /home/anna/bootcamp2019/GoBarber/.eslintrc.js
[Info  - 16:32:38] Failed to load config "airbnb-base" to extend from. Referenced from: /home/anna/bootcamp2019/GoBarber/.eslintrc.js
[Info  - 16:32:38] Failed to load config "airbnb-base" to extend from. Referenced from: /home/anna/bootcamp2019/GoBarber/.eslintrc.js
[Info  - 16:32:38] Failed to load config "airbnb-base" to extend from. Referenced from: /home/anna/bootcamp2019/GoBarber/.eslintrc.js
[Info  - 16:32:39] Failed to load config "airbnb-base" to extend from. Referenced from: /home/anna/bootcamp2019/GoBarber/.eslintrc.js
[Info  - 16:32:39] Failed to load config "airbnb-base" to extend from. Referenced from: /home/anna/bootcamp2019/GoBarber/.eslintrc.js
[Info  - 16:32:39] Failed to load config "airbnb-base" to extend from. Referenced from: /home/anna/bootcamp2019/GoBarber/.eslintrc.js
[Info  - 16:32:39] Failed to load config "airbnb-base" to extend from. Referenced from: /home/anna/bootcamp2019/GoBarber/.eslintrc.js
[Info  - 16:32:39] Failed to load config "airbnb-base" to extend from. Referenced from: /home/anna/bootcamp2019/GoBarber/.eslintrc.js
[Info  - 16:32:39] Failed to load config "airbnb-base" to extend from. Referenced from: /home/anna/bootcamp2019/GoBarber/.eslintrc.js
[Info  - 16:32:39] Failed to load config "airbnb-base" to extend from. Referenced from: /home/anna/bootcamp2019/GoBarber/.eslintrc.js
[Info  - 16:32:40] Failed to load config "airbnb-base" to extend from. Referenced from: /home/anna/bootcamp2019/GoBarber/.eslintrc.js
[Info  - 16:32:40] Failed to load config "airbnb-base" to extend from. Referenced from: /home/anna/bootcamp2019/GoBarber/.eslintrc.js
[Info  - 16:32:41] Failed to load config "airbnb-base" to extend from. Referenced from: /home/anna/bootcamp2019/GoBarber/.eslintrc.js
[Info  - 16:32:41] Failed to load config "airbnb-base" to extend from. Referenced from: /home/anna/bootcamp2019/GoBarber/.eslintrc.js
[Info  - 16:32:41] Failed to load config "airbnb-base" to extend from. Referenced from: /home/anna/bootcamp2019/GoBarber/.eslintrc.js
[Info  - 16:32:41] Failed to load config "airbnb-base" to extend from. Referenced from: /home/anna/bootcamp2019/GoBarber/.eslintrc.js
[Info  - 16:32:42] Failed to load config "airbnb-base" to extend from. Referenced from: /home/anna/bootcamp2019/GoBarber/.eslintrc.js
[Info  - 16:32:42] Failed to load config "airbnb-base" to extend from. Referenced from: /home/anna/bootcamp2019/GoBarber/.eslintrc.js
[Info  - 16:32:42] Failed to load config "airbnb-base" to extend from. Referenced from: /home/anna/bootcamp2019/GoBarber/.eslintrc.js
[Info  - 16:32:43] Failed to load config "airbnb-base" to extend from. Referenced from: /home/anna/bootcamp2019/GoBarber/.eslintrc.js
[Info  - 16:32:43] Failed to load config "airbnb-base" to extend from. Referenced from: /home/anna/bootcamp2019/GoBarber/.eslintrc.js
[Info  - 16:32:43] Failed to load config "airbnb-base" to extend from. Referenced from: /home/anna/bootcamp2019/GoBarber/.eslintrc.js
[Info  - 16:32:43] Failed to load config "airbnb-base" to extend from. Referenced from: /home/anna/bootcamp2019/GoBarber/.eslintrc.js
[Info  - 16:32:43] Failed to load config "airbnb-base" to extend from. Referenced from: /home/anna/bootcamp2019/GoBarber/.eslintrc.js
[Info  - 16:32:43] Failed to load config "airbnb-base" to extend from. Referenced from: /home/anna/bootcamp2019/GoBarber/.eslintrc.js
[Info  - 16:32:44] Failed to load config "airbnb-base" to extend from. Referenced from: /home/anna/bootcamp2019/GoBarber/.eslintrc.js
[Info  - 16:32:44] Failed to load config "airbnb-base" to extend from. Referenced from: /home/anna/bootcamp2019/GoBarber/.eslintrc.js
[Info  - 16:32:46] Failed to load config "airbnb-base" to extend from. Referenced from: /home/anna/bootcamp2019/GoBarber/.eslintrc.js
[Info  - 16:32:48] Failed to load config "airbnb-base" to extend from. Referenced from: /home/anna/bootcamp2019/GoBarber/.eslintrc.js
[Info  - 16:32:48] Failed to load config "airbnb-base" to extend from. Referenced from: /home/anna/bootcamp2019/GoBarber/.eslintrc.js
[Info  - 16:32:48] Failed to load config "airbnb-base" to extend from. Referenced from: /home/anna/bootcamp2019/GoBarber/.eslintrc.js
[Info  - 16:32:48] Failed to load config "airbnb-base" to extend from. Referenced from: /home/anna/bootcamp2019/GoBarber/.eslintrc.js
[Info  - 16:32:49] Failed to load config "airbnb-base" to extend from. Referenced from: /home/anna/bootcamp2019/GoBarber/.eslintrc.js
[Info  - 16:32:49] Failed to load config "airbnb-base" to extend from. Referenced from: /home/anna/bootcamp2019/GoBarber/.eslintrc.js
[Info  - 16:32:50] Failed to load config "airbnb-base" to extend from. Referenced from: /home/anna/bootcamp2019/GoBarber/.eslintrc.js
[Info  - 16:32:50] Failed to load config "airbnb-base" to extend from. Referenced from: /home/anna/bootcamp2019/GoBarber/.eslintrc.js
[Info  - 16:32:50] Failed to load config "airbnb-base" to extend from. Referenced from: /home/anna/bootcamp2019/GoBarber/.eslintrc.js
[Info  - 16:32:51] Failed to load config "airbnb-base" to extend from. Referenced from: /home/anna/bootcamp2019/GoBarber/.eslintrc.js
[Info  - 16:32:51] Failed to load config "airbnb-base" to extend from. Referenced from: /home/anna/bootcamp2019/GoBarber/.eslintrc.js
[Info  - 16:32:51] Failed to load config "airbnb-base" to extend from. Referenced from: /home/anna/bootcamp2019/GoBarber/.eslintrc.js
[Info  - 16:32:52] Failed to load config "airbnb-base" to extend from. Referenced from: /home/anna/bootcamp2019/GoBarber/.eslintrc.js
[Info  - 16:32:52] Failed to load config "airbnb-base" to extend from. Referenced from: /home/anna/bootcamp2019/GoBarber/.eslintrc.js
[Info  - 16:32:52] Failed to load config "airbnb-base" to extend from. Referenced from: /home/anna/bootcamp2019/GoBarber/.eslintrc.js
[Info  - 16:32:52] Failed to load config "airbnb-base" to extend from. Referenced from: /home/anna/bootcamp2019/GoBarber/.eslintrc.js
[Info  - 16:32:53] Failed to load config "airbnb-base" to extend from. Referenced from: /home/anna/bootcamp2019/GoBarber/.eslintrc.js
[Info  - 16:32:53] Failed to load config "airbnb-base" to extend from. Referenced from: /home/anna/bootcamp2019/GoBarber/.eslintrc.js
[Info  - 16:32:53] Failed to load config "airbnb-base" to extend from. Referenced from: /home/anna/bootcamp2019/GoBarber/.eslintrc.js
[Info  - 16:32:53] Failed to load config "airbnb-base" to extend from. Referenced from: /home/anna/bootcamp2019/GoBarber/.eslintrc.js
[Info  - 16:32:53] Failed to load config "airbnb-base" to extend from. Referenced from: /home/anna/bootcamp2019/GoBarber/.eslintrc.js
[Info  - 16:32:54] Failed to load config "airbnb-base" to extend from. Referenced from: /home/anna/bootcamp2019/GoBarber/.eslintrc.js
[Info  - 16:32:54] Failed to load config "airbnb-base" to extend from. Referenced from: /home/anna/bootcamp2019/GoBarber/.eslintrc.js
[Info  - 16:32:54] Failed to load config "airbnb-base" to extend from. Referenced from: /home/anna/bootcamp2019/GoBarber/.eslintrc.js
[Info  - 16:32:54] Failed to load config "airbnb-base" to extend from. Referenced from: /home/anna/bootcamp2019/GoBarber/.eslintrc.js
[Info  - 16:32:55] Failed to load config "airbnb-base" to extend from. Referenced from: /home/anna/bootcamp2019/GoBarber/.eslintrc.js
[Info  - 16:32:55] Failed to load config "airbnb-base" to extend from. Referenced from: /home/anna/bootcamp2019/GoBarber/.eslintrc.js
[Info  - 16:32:55] Failed to load config "airbnb-base" to extend from. Referenced from: /home/anna/bootcamp2019/GoBarber/.eslintrc.js
[Info  - 16:32:55] Failed to load config "airbnb-base" to extend from. Referenced from: /home/anna/bootcamp2019/GoBarber/.eslintrc.js
[Info  - 16:32:55] Failed to load config "airbnb-base" to extend from. Referenced from: /home/anna/bootcamp2019/GoBarber/.eslintrc.js
[Info  - 16:32:55] Failed to load config "airbnb-base" to extend from. Referenced from: /home/anna/bootcamp2019/GoBarber/.eslintrc.js
[Info  - 16:38:02] Failed to load config "airbnb-base" to extend from. Referenced from: /home/anna/bootcamp2019/GoBarber/.eslintrc.js
[Info  - 16:38:02] Failed to load config "airbnb-base" to extend from. Referenced from: /home/anna/bootcamp2019/GoBarber/.eslintrc.js
[Info  - 16:38:27] Failed to load config "airbnb-base" to extend from. Referenced from: /home/anna/bootcamp2019/GoBarber/.eslintrc.js
[Info  - 16:38:28] Failed to load config "airbnb-base" to extend from. Referenced from: /home/anna/bootcamp2019/GoBarber/.eslintrc.js
[Info  - 16:38:28] Failed to load config "airbnb-base" to extend from. Referenced from: /home/anna/bootcamp2019/GoBarber/.eslintrc.js
[Info  - 16:38:28] Failed to load config "airbnb-base" to extend from. Referenced from: /home/anna/bootcamp2019/GoBarber/.eslintrc.js
[Info  - 16:38:28] Failed to load config "airbnb-base" to extend from. Referenced from: /home/anna/bootcamp2019/GoBarber/.eslintrc.js
[Info  - 16:38:29] Failed to load config "airbnb-base" to extend from. Referenced from: /home/anna/bootcamp2019/GoBarber/.eslintrc.js
[Info  - 16:38:29] Failed to load config "airbnb-base" to extend from. Referenced from: /home/anna/bootcamp2019/GoBarber/.eslintrc.js
[Info  - 16:38:29] Failed to load config "airbnb-base" to extend from. Referenced from: /home/anna/bootcamp2019/GoBarber/.eslintrc.js
[Info  - 16:38:29] Failed to load config "airbnb-base" to extend from. Referenced from: /home/anna/bootcamp2019/GoBarber/.eslintrc.js
[Info  - 16:38:38] Failed to load config "airbnb-base" to extend from. Referenced from: /home/anna/bootcamp2019/GoBarber/.eslintrc.js
[Info  - 16:38:38] Failed to load config "airbnb-base" to extend from. Referenced from: /home/anna/bootcamp2019/GoBarber/.eslintrc.js
[Info  - 16:38:38] Failed to load config "airbnb-base" to extend from. Referenced from: /home/anna/bootcamp2019/GoBarber/.eslintrc.js
[Info  - 16:38:38] Failed to load config "airbnb-base" to extend from. Referenced from: /home/anna/bootcamp2019/GoBarber/.eslintrc.js
[Info  - 16:38:39] Failed to load config "airbnb-base" to extend from. Referenced from: /home/anna/bootcamp2019/GoBarber/.eslintrc.js
[Info  - 16:38:39] Failed to load config "airbnb-base" to extend from. Referenced from: /home/anna/bootcamp2019/GoBarber/.eslintrc.js
[Info  - 16:38:40] Failed to load config "airbnb-base" to extend from. Referenced from: /home/anna/bootcamp2019/GoBarber/.eslintrc.js
[Info  - 16:38:40] Failed to load config "airbnb-base" to extend from. Referenced from: /home/anna/bootcamp2019/GoBarber/.eslintrc.js
[Info  - 16:38:40] Failed to load config "airbnb-base" to extend from. Referenced from: /home/anna/bootcamp2019/GoBarber/.eslintrc.js
[Info  - 16:38:40] Failed to load config "airbnb-base" to extend from. Referenced from: /home/anna/bootcamp2019/GoBarber/.eslintrc.js
[Info  - 16:38:41] Failed to load config "airbnb-base" to extend from. Referenced from: /home/anna/bootcamp2019/GoBarber/.eslintrc.js
[Info  - 16:38:41] Failed to load config "airbnb-base" to extend from. Referenced from: /home/anna/bootcamp2019/GoBarber/.eslintrc.js
[Info  - 16:38:41] Failed to load config "airbnb-base" to extend from. Referenced from: /home/anna/bootcamp2019/GoBarber/.eslintrc.js
[Info  - 16:38:43] Failed to load config "airbnb-base" to extend from. Referenced from: /home/anna/bootcamp2019/GoBarber/.eslintrc.js
[Info  - 16:38:43] Failed to load config "airbnb-base" to extend from. Referenced from: /home/anna/bootcamp2019/GoBarber/.eslintrc.js
[Info  - 16:38:43] Failed to load config "airbnb-base" to extend from. Referenced from: /home/anna/bootcamp2019/GoBarber/.eslintrc.js
[Info  - 16:38:43] Failed to load config "airbnb-base" to extend from. Referenced from: /home/anna/bootcamp2019/GoBarber/.eslintrc.js
[Info  - 16:38:44] Failed to load config "airbnb-base" to extend from. Referenced from: /home/anna/bootcamp2019/GoBarber/.eslintrc.js
[Info  - 16:38:44] Failed to load config "airbnb-base" to extend from. Referenced from: /home/anna/bootcamp2019/GoBarber/.eslintrc.js
[Info  - 16:38:45] Failed to load config "airbnb-base" to extend from. Referenced from: /home/anna/bootcamp2019/GoBarber/.eslintrc.js
[Info  - 16:38:45] Failed to load config "airbnb-base" to extend from. Referenced from: /home/anna/bootcamp2019/GoBarber/.eslintrc.js
[Info  - 16:38:45] Failed to load config "airbnb-base" to extend from. Referenced from: /home/anna/bootcamp2019/GoBarber/.eslintrc.js
[Info  - 16:38:45] Failed to load config "airbnb-base" to extend from. Referenced from: /home/anna/bootcamp2019/GoBarber/.eslintrc.js
[Info  - 16:38:47] Failed to load config "airbnb-base" to extend from. Referenced from: /home/anna/bootcamp2019/GoBarber/.eslintrc.js
[Info  - 16:44:57] Failed to load config "airbnb-base" to extend from. Referenced from: /home/anna/bootcamp2019/GoBarber/.eslintrc.js
[Info  - 16:44:57] Failed to load config "airbnb-base" to extend from. Referenced from: /home/anna/bootcamp2019/GoBarber/.eslintrc.js
[Info  - 16:44:57] Failed to load config "airbnb-base" to extend from. Referenced from: /home/anna/bootcamp2019/GoBarber/.eslintrc.js
[Info  - 16:44:57] Failed to load config "airbnb-base" to extend from. Referenced from: /home/anna/bootcamp2019/GoBarber/.eslintrc.js
[Info  - 16:44:57] Failed to load config "airbnb-base" to extend from. Referenced from: /home/anna/bootcamp2019/GoBarber/.eslintrc.js
[Info  - 16:44:58] Failed to load config "airbnb-base" to extend from. Referenced from: /home/anna/bootcamp2019/GoBarber/.eslintrc.js
[Info  - 16:44:58] Failed to load config "airbnb-base" to extend from. Referenced from: /home/anna/bootcamp2019/GoBarber/.eslintrc.js
[Info  - 16:44:58] Failed to load config "airbnb-base" to extend from. Referenced from: /home/anna/bootcamp2019/GoBarber/.eslintrc.js
[Info  - 16:44:58] Failed to load config "airbnb-base" to extend from. Referenced from: /home/anna/bootcamp2019/GoBarber/.eslintrc.js
[Info  - 16:44:58] Failed to load config "airbnb-base" to extend from. Referenced from: /home/anna/bootcamp2019/GoBarber/.eslintrc.js
[Info  - 16:44:59] Failed to load config "airbnb-base" to extend from. Referenced from: /home/anna/bootcamp2019/GoBarber/.eslintrc.js
[Info  - 16:44:59] Failed to load config "airbnb-base" to extend from. Referenced from: /home/anna/bootcamp2019/GoBarber/.eslintrc.js
[Info  - 16:45:00] Failed to load config "airbnb-base" to extend from. Referenced from: /home/anna/bootcamp2019/GoBarber/.eslintrc.js
[Info  - 16:45:00] Failed to load config "airbnb-base" to extend from. Referenced from: /home/anna/bootcamp2019/GoBarber/.eslintrc.js
[Info  - 16:45:00] Failed to load config "airbnb-base" to extend from. Referenced from: /home/anna/bootcamp2019/GoBarber/.eslintrc.js
[Info  - 16:45:00] Failed to load config "airbnb-base" to extend from. Referenced from: /home/anna/bootcamp2019/GoBarber/.eslintrc.js
[Info  - 16:45:00] Failed to load config "airbnb-base" to extend from. Referenced from: /home/anna/bootcamp2019/GoBarber/.eslintrc.js
[Info  - 16:45:01] Failed to load config "airbnb-base" to extend from. Referenced from: /home/anna/bootcamp2019/GoBarber/.eslintrc.js
[Info  - 16:45:01] Failed to load config "airbnb-base" to extend from. Referenced from: /home/anna/bootcamp2019/GoBarber/.eslintrc.js
[Info  - 16:45:01] Failed to load config "airbnb-base" to extend from. Referenced from: /home/anna/bootcamp2019/GoBarber/.eslintrc.js
[Info  - 16:45:01] Failed to load config "airbnb-base" to extend from. Referenced from: /home/anna/bootcamp2019/GoBarber/.eslintrc.js
[Info  - 16:45:01] Failed to load config "airbnb-base" to extend from. Referenced from: /home/anna/bootcamp2019/GoBarber/.eslintrc.js
[Info  - 16:45:02] Failed to load config "airbnb-base" to extend from. Referenced from: /home/anna/bootcamp2019/GoBarber/.eslintrc.js
[Info  - 16:45:02] Failed to load config "airbnb-base" to extend from. Referenced from: /home/anna/bootcamp2019/GoBarber/.eslintrc.js
[Info  - 16:45:02] Failed to load config "airbnb-base" to extend from. Referenced from: /home/anna/bootcamp2019/GoBarber/.eslintrc.js
[Info  - 16:45:02] Failed to load config "airbnb-base" to extend from. Referenced from: /home/anna/bootcamp2019/GoBarber/.eslintrc.js
[Info  - 16:45:02] Failed to load config "airbnb-base" to extend from. Referenced from: /home/anna/bootcamp2019/GoBarber/.eslintrc.js
[Info  - 16:45:03] Failed to load config "airbnb-base" to extend from. Referenced from: /home/anna/bootcamp2019/GoBarber/.eslintrc.js
[Info  - 16:45:03] Failed to load config "airbnb-base" to extend from. Referenced from: /home/anna/bootcamp2019/GoBarber/.eslintrc.js
[Info  - 16:45:03] Failed to load config "airbnb-base" to extend from. Referenced from: /home/anna/bootcamp2019/GoBarber/.eslintrc.js
[Info  - 16:45:03] Failed to load config "airbnb-base" to extend from. Referenced from: /home/anna/bootcamp2019/GoBarber/.eslintrc.js
[Info  - 16:45:04] Failed to load config "airbnb-base" to extend from. Referenced from: /home/anna/bootcamp2019/GoBarber/.eslintrc.js
[Info  - 16:45:04] Failed to load config "airbnb-base" to extend from. Referenced from: /home/anna/bootcamp2019/GoBarber/.eslintrc.js
[Info  - 16:45:04] Failed to load config "airbnb-base" to extend from. Referenced from: /home/anna/bootcamp2019/GoBarber/.eslintrc.js
[Info  - 16:45:04] Failed to load config "airbnb-base" to extend from. Referenced from: /home/anna/bootcamp2019/GoBarber/.eslintrc.js
[Info  - 16:45:04] Failed to load config "airbnb-base" to extend from. Referenced from: /home/anna/bootcamp2019/GoBarber/.eslintrc.js
[Info  - 16:45:04] Failed to load config "airbnb-base" to extend from. Referenced from: /home/anna/bootcamp2019/GoBarber/.eslintrc.js
[Info  - 16:45:05] Failed to load config "airbnb-base" to extend from. Referenced from: /home/anna/bootcamp2019/GoBarber/.eslintrc.js
[Info  - 16:45:05] Failed to load config "airbnb-base" to extend from. Referenced from: /home/anna/bootcamp2019/GoBarber/.eslintrc.js
[Info  - 16:45:05] Failed to load config "airbnb-base" to extend from. Referenced from: /home/anna/bootcamp2019/GoBarber/.eslintrc.js
[Info  - 16:45:05] Failed to load config "airbnb-base" to extend from. Referenced from: /home/anna/bootcamp2019/GoBarber/.eslintrc.js
[Info  - 16:53:38] Failed to load config "airbnb-base" to extend from. Referenced from: /home/anna/bootcamp2019/GoBarber/.eslintrc.js
[Info  - 16:53:43] Failed to load config "airbnb-base" to extend from. Referenced from: /home/anna/bootcamp2019/GoBarber/.eslintrc.js
[Info  - 16:53:57] Failed to load config "airbnb-base" to extend from. Referenced from: /home/anna/bootcamp2019/GoBarber/.eslintrc.js
[Info  - 16:53:57] Failed to load config "airbnb-base" to extend from. Referenced from: /home/anna/bootcamp2019/GoBarber/.eslintrc.js
[Info  - 16:53:58] Failed to load config "airbnb-base" to extend from. Referenced from: /home/anna/bootcamp2019/GoBarber/.eslintrc.js
[Info  - 16:53:59] Failed to load config "airbnb-base" to extend from. Referenced from: /home/anna/bootcamp2019/GoBarber/.eslintrc.js
[Info  - 16:53:59] Failed to load config "airbnb-base" to extend from. Referenced from: /home/anna/bootcamp2019/GoBarber/.eslintrc.js
[Info  - 16:53:59] Failed to load config "airbnb-base" to extend from. Referenced from: /home/anna/bootcamp2019/GoBarber/.eslintrc.js
[Info  - 16:53:59] Failed to load config "airbnb-base" to extend from. Referenced from: /home/anna/bootcamp2019/GoBarber/.eslintrc.js
[Info  - 16:53:59] Failed to load config "airbnb-base" to extend from. Referenced from: /home/anna/bootcamp2019/GoBarber/.eslintrc.js
[Info  - 16:53:59] Failed to load config "airbnb-base" to extend from. Referenced from: /home/anna/bootcamp2019/GoBarber/.eslintrc.js
[Info  - 16:54:00] Failed to load config "airbnb-base" to extend from. Referenced from: /home/anna/bootcamp2019/GoBarber/.eslintrc.js
[Info  - 16:54:00] Failed to load config "airbnb-base" to extend from. Referenced from: /home/anna/bootcamp2019/GoBarber/.eslintrc.js
[Info  - 16:54:01] Failed to load config "airbnb-base" to extend from. Referenced from: /home/anna/bootcamp2019/GoBarber/.eslintrc.js
[Info  - 16:54:02] Failed to load config "airbnb-base" to extend from. Referenced from: /home/anna/bootcamp2019/GoBarber/.eslintrc.js
[Info  - 16:54:03] Failed to load config "airbnb-base" to extend from. Referenced from: /home/anna/bootcamp2019/GoBarber/.eslintrc.js
[Info  - 16:54:03] Failed to load config "airbnb-base" to extend from. Referenced from: /home/anna/bootcamp2019/GoBarber/.eslintrc.js
[Info  - 16:54:03] Failed to load config "airbnb-base" to extend from. Referenced from: /home/anna/bootcamp2019/GoBarber/.eslintrc.js
[Info  - 16:54:04] Failed to load config "airbnb-base" to extend from. Referenced from: /home/anna/bootcamp2019/GoBarber/.eslintrc.js
[Info  - 16:54:04] Failed to load config "airbnb-base" to extend from. Referenced from: /home/anna/bootcamp2019/GoBarber/.eslintrc.js
[Info  - 16:54:04] Failed to load config "airbnb-base" to extend from. Referenced from: /home/anna/bootcamp2019/GoBarber/.eslintrc.js
[Info  - 16:54:04] Failed to load config "airbnb-base" to extend from. Referenced from: /home/anna/bootcamp2019/GoBarber/.eslintrc.js
[Info  - 16:54:05] Failed to load config "airbnb-base" to extend from. Referenced from: /home/anna/bootcamp2019/GoBarber/.eslintrc.js
[Info  - 16:54:05] Failed to load config "airbnb-base" to extend from. Referenced from: /home/anna/bootcamp2019/GoBarber/.eslintrc.js
[Info  - 16:54:05] Failed to load config "airbnb-base" to extend from. Referenced from: /home/anna/bootcamp2019/GoBarber/.eslintrc.js
[Info  - 16:54:06] Failed to load config "airbnb-base" to extend from. Referenced from: /home/anna/bootcamp2019/GoBarber/.eslintrc.js
[Info  - 16:54:07] Failed to load config "airbnb-base" to extend from. Referenced from: /home/anna/bootcamp2019/GoBarber/.eslintrc.js
[Info  - 16:54:08] Failed to load config "airbnb-base" to extend from. Referenced from: /home/anna/bootcamp2019/GoBarber/.eslintrc.js
[Info  - 16:54:08] Failed to load config "airbnb-base" to extend from. Referenced from: /home/anna/bootcamp2019/GoBarber/.eslintrc.js
[Info  - 16:54:08] Failed to load config "airbnb-base" to extend from. Referenced from: /home/anna/bootcamp2019/GoBarber/.eslintrc.js
[Info  - 16:54:09] Failed to load config "airbnb-base" to extend from. Referenced from: /home/anna/bootcamp2019/GoBarber/.eslintrc.js
[Info  - 16:54:09] Failed to load config "airbnb-base" to extend from. Referenced from: /home/anna/bootcamp2019/GoBarber/.eslintrc.js
[Info  - 16:54:09] Failed to load config "airbnb-base" to extend from. Referenced from: /home/anna/bootcamp2019/GoBarber/.eslintrc.js
[Info  - 16:54:10] Failed to load config "airbnb-base" to extend from. Referenced from: /home/anna/bootcamp2019/GoBarber/.eslintrc.js
[Info  - 16:54:10] Failed to load config "airbnb-base" to extend from. Referenced from: /home/anna/bootcamp2019/GoBarber/.eslintrc.js
[Info  - 16:54:10] Failed to load config "airbnb-base" to extend from. Referenced from: /home/anna/bootcamp2019/GoBarber/.eslintrc.js
[Info  - 16:54:10] Failed to load config "airbnb-base" to extend from. Referenced from: /home/anna/bootcamp2019/GoBarber/.eslintrc.js
[Info  - 16:54:10] Failed to load config "airbnb-base" to extend from. Referenced from: /home/anna/bootcamp2019/GoBarber/.eslintrc.js
[Info  - 16:54:13] Failed to load config "airbnb-base" to extend from. Referenced from: /home/anna/bootcamp2019/GoBarber/.eslintrc.js
[Info  - 16:54:13] Failed to load config "airbnb-base" to extend from. Referenced from: /home/anna/bootcamp2019/GoBarber/.eslintrc.js
[Info  - 16:54:13] Failed to load config "airbnb-base" to extend from. Referenced from: /home/anna/bootcamp2019/GoBarber/.eslintrc.js
[Info  - 16:54:15] Failed to load config "airbnb-base" to extend from. Referenced from: /home/anna/bootcamp2019/GoBarber/.eslintrc.js
[Info  - 16:54:16] Failed to load config "airbnb-base" to extend from. Referenced from: /home/anna/bootcamp2019/GoBarber/.eslintrc.js
[Info  - 16:54:17] Failed to load config "airbnb-base" to extend from. Referenced from: /home/anna/bootcamp2019/GoBarber/.eslintrc.js
[Info  - 16:54:17] Failed to load config "airbnb-base" to extend from. Referenced from: /home/anna/bootcamp2019/GoBarber/.eslintrc.js
[Info  - 16:54:18] Failed to load config "airbnb-base" to extend from. Referenced from: /home/anna/bootcamp2019/GoBarber/.eslintrc.js
[Info  - 16:54:18] Failed to load config "airbnb-base" to extend from. Referenced from: /home/anna/bootcamp2019/GoBarber/.eslintrc.js
[Info  - 16:54:18] Failed to load config "airbnb-base" to extend from. Referenced from: /home/anna/bootcamp2019/GoBarber/.eslintrc.js
[Info  - 16:54:18] Failed to load config "airbnb-base" to extend from. Referenced from: /home/anna/bootcamp2019/GoBarber/.eslintrc.js
[Info  - 16:54:18] Failed to load config "airbnb-base" to extend from. Referenced from: /home/anna/bootcamp2019/GoBarber/.eslintrc.js
[Info  - 16:54:19] Failed to load config "airbnb-base" to extend from. Referenced from: /home/anna/bootcamp2019/GoBarber/.eslintrc.js
[Info  - 16:54:19] Failed to load config "airbnb-base" to extend from. Referenced from: /home/anna/bootcamp2019/GoBarber/.eslintrc.js
[Info  - 16:54:19] Failed to load config "airbnb-base" to extend from. Referenced from: /home/anna/bootcamp2019/GoBarber/.eslintrc.js
[Info  - 16:54:19] Failed to load config "airbnb-base" to extend from. Referenced from: /home/anna/bootcamp2019/GoBarber/.eslintrc.js
[Info  - 16:54:19] Failed to load config "airbnb-base" to extend from. Referenced from: /home/anna/bootcamp2019/GoBarber/.eslintrc.js
[Info  - 16:54:19] Failed to load config "airbnb-base" to extend from. Referenced from: /home/anna/bootcamp2019/GoBarber/.eslintrc.js
[Info  - 16:54:20] Failed to load config "airbnb-base" to extend from. Referenced from: /home/anna/bootcamp2019/GoBarber/.eslintrc.js
[Info  - 16:54:20] Failed to load config "airbnb-base" to extend from. Referenced from: /home/anna/bootcamp2019/GoBarber/.eslintrc.js
[Info  - 16:54:21] Failed to load config "airbnb-base" to extend from. Referenced from: /home/anna/bootcamp2019/GoBarber/.eslintrc.js
[Info  - 16:54:21] Failed to load config "airbnb-base" to extend from. Referenced from: /home/anna/bootcamp2019/GoBarber/.eslintrc.js
[Info  - 16:54:23] Failed to load config "airbnb-base" to extend from. Referenced from: /home/anna/bootcamp2019/GoBarber/.eslintrc.js
[Info  - 16:54:23] Failed to load config "airbnb-base" to extend from. Referenced from: /home/anna/bootcamp2019/GoBarber/.eslintrc.js
[Info  - 16:54:24] Failed to load config "airbnb-base" to extend from. Referenced from: /home/anna/bootcamp2019/GoBarber/.eslintrc.js
[Info  - 16:54:25] Failed to load config "airbnb-base" to extend from. Referenced from: /home/anna/bootcamp2019/GoBarber/.eslintrc.js
[Info  - 16:54:25] Failed to load config "airbnb-base" to extend from. Referenced from: /home/anna/bootcamp2019/GoBarber/.eslintrc.js
[Info  - 16:54:25] Failed to load config "airbnb-base" to extend from. Referenced from: /home/anna/bootcamp2019/GoBarber/.eslintrc.js
[Info  - 16:54:25] Failed to load config "airbnb-base" to extend from. Referenced from: /home/anna/bootcamp2019/GoBarber/.eslintrc.js
[Info  - 16:54:26] Failed to load config "airbnb-base" to extend from. Referenced from: /home/anna/bootcamp2019/GoBarber/.eslintrc.js
[Info  - 16:54:26] Failed to load config "airbnb-base" to extend from. Referenced from: /home/anna/bootcamp2019/GoBarber/.eslintrc.js
[Info  - 16:54:26] Failed to load config "airbnb-base" to extend from. Referenced from: /home/anna/bootcamp2019/GoBarber/.eslintrc.js
[Info  - 16:54:26] Failed to load config "airbnb-base" to extend from. Referenced from: /home/anna/bootcamp2019/GoBarber/.eslintrc.js
[Info  - 16:54:26] Failed to load config "airbnb-base" to extend from. Referenced from: /home/anna/bootcamp2019/GoBarber/.eslintrc.js
[Info  - 16:54:26] Failed to load config "airbnb-base" to extend from. Referenced from: /home/anna/bootcamp2019/GoBarber/.eslintrc.js
[Info  - 16:54:26] Failed to load config "airbnb-base" to extend from. Referenced from: /home/anna/bootcamp2019/GoBarber/.eslintrc.js
[Info  - 16:54:27] Failed to load config "airbnb-base" to extend from. Referenced from: /home/anna/bootcamp2019/GoBarber/.eslintrc.js
[Info  - 16:54:27] Failed to load config "airbnb-base" to extend from. Referenced from: /home/anna/bootcamp2019/GoBarber/.eslintrc.js
[Info  - 16:54:27] Failed to load config "airbnb-base" to extend from. Referenced from: /home/anna/bootcamp2019/GoBarber/.eslintrc.js
[Info  - 16:54:28] Failed to load config "airbnb-base" to extend from. Referenced from: /home/anna/bootcamp2019/GoBarber/.eslintrc.js
