Initializing document watcher...
GoBarber/src/app/models/User.js: {}
GoBarber/src/app/models/User.js: Using EditorConfig core...
GoBarber/src/app/models/User.js: {}
GoBarber/src/app/models/User.js: Using EditorConfig core...
GoBarber/src/app/models/User.js: Using EditorConfig core...
GoBarber/src/app/models/User.js: {}
GoBarber/src/app/models/User.js: {}
GoBarber/src/app/models/User.js: Using EditorConfig core...
GoBarber/src/app/models/User.js: Using EditorConfig core...
GoBarber/src/app/models/User.js: Using EditorConfig core...
GoBarber/src/app/models/User.js: Using EditorConfig core...
GoBarber/src/app/models/User.js: Using EditorConfig core...
GoBarber/.vscode/launch.json: {}
GoBarber/src/database/index.js: {}
GoBarber/.sequelizerc: {}
GoBarber/src/database/index.js: {}
GoBarber/.vscode/launch.json: {}
GoBarber/nodemon.json: {}
GoBarber/src/app/models/User.js: {}
GoBarber/src/app.js: {}
GoBarber/src/app/models/User.js: {}
GoBarber/src/routes.js: {}
GoBarber/src/routes.js: Using EditorConfig core...
GoBarber/src/app/models/User.js: {}
GoBarber/src/app/models/User.js: Using EditorConfig core...
GoBarber/src/app/controllers/UserController.js: {}
GoBarber/src/app/controllers/UserController.js: Using EditorConfig core...
GoBarber/src/app/controllers/UserController.js: Using EditorConfig core...
GoBarber/src/app/controllers/UserController.js: Using EditorConfig core...
GoBarber/src/app/controllers/UserController.js: Using EditorConfig core...
GoBarber/src/app/controllers/UserController.js: Using EditorConfig core...
GoBarber/src/app/controllers/UserController.js: {}
GoBarber/src/routes.js: {}
GoBarber/src/app/models/User.js: {}
GoBarber/src/app/controllers/UserController.js: {}
GoBarber/src/app/controllers/UserController.js: {}
GoBarber/src/app/controllers/UserController.js: {}
