Initializing document watcher...
GoBarber/package.json: {}
GoBarber/package.json: Using EditorConfig core...
GoBarber/package.json: Using EditorConfig core...
GoBarber/package.json: Using EditorConfig core...
GoBarber/package.json: {}
GoBarber/package.json: Using EditorConfig core...
GoBarber/package.json: Using EditorConfig core...
GoBarber/package.json: Using EditorConfig core...
GoBarber/package.json: {}
GoBarber/package.json: {}
GoBarber/package.json: {}
GoBarber/package.json: {}
GoBarber/package.json: {}
GoBarber/package.json: {}
GoBarber/package.json: {}
GoBarber/package.json: {}
GoBarber/package.json: {}
GoBarber/package.json: {}
GoBarber/package.json: {}
GoBarber/package.json: {}
GoBarber/package.json: {}
GoBarber/package.json: {}
GoBarber/package.json: {}
GoBarber/package.json: {}
GoBarber/package.json: {}
GoBarber/package.json: {}
GoBarber/package.json: {}
GoBarber/package.json: {}
GoBarber/package.json: {}
GoBarber/package.json: {}
GoBarber/package.json: {}
GoBarber/package.json: {}
GoBarber/package.json: {}
GoBarber/package.json: {}
GoBarber/package.json: {}
GoBarber/package.json: {}
GoBarber/package.json: {}
GoBarber/package.json: {}
GoBarber/package.json: {}
GoBarber/package.json: {}
GoBarber/package.json: {}
GoBarber/.eslintrc.js: {}
GoBarber/.eslintrc.js: {}
GoBarber/.eslintrc.js: Using EditorConfig core...
GoBarber/.eslintrc.js: {}
GoBarber/.eslintrc.js: {}
GoBarber/.eslintrc.js: Using EditorConfig core...
GoBarber/.eslintrc.js: {}
GoBarber/.eslintrc.js: Using EditorConfig core...
GoBarber/.eslintrc.js: {}
GoBarber/.eslintrc.js: Using EditorConfig core...
GoBarber/.eslintrc.js: {}
GoBarber/src/app.js: {}
GoBarber/src/app.js: {}
GoBarber/src/app.js: {}
GoBarber/src/app.js: {}
GoBarber/src/app.js: {}
GoBarber/.eslintrc.js: {}
GoBarber/.eslintrc.js: Using EditorConfig core...
GoBarber/.eslintrc.js: {}
GoBarber/.eslintrc.js: Using EditorConfig core...
GoBarber/.eslintrc.js: {}
GoBarber/.eslintrc.js: Using EditorConfig core...
GoBarber/.eslintrc.js: {}
GoBarber/src/app.js: {}
GoBarber/src/app.js: {}
GoBarber/src/prettierrc: {}
GoBarber/src/prettierrc: {}
GoBarber/src/prettierrc: {}
GoBarber/prettierrc: {}
GoBarber/prettierrc: Using EditorConfig core...
GoBarber/prettierrc: {}
GoBarber/prettierrc: Using EditorConfig core...
GoBarber/prettierrc: Using EditorConfig core...
GoBarber/prettierrc: {}
GoBarber/prettierrc: Using EditorConfig core...
GoBarber/prettierrc: {}
GoBarber/prettierrc: {}
GoBarber/prettierrc: {}
GoBarber/prettierrc: {}
GoBarber/prettierrc: {}
GoBarber/editorconfig: {}
GoBarber/editorconfig: Using EditorConfig core...
GoBarber/editorconfig: Using EditorConfig core...
GoBarber/editorconfig: {}
GoBarber/database.js: {}
GoBarber/database.js: {}
GoBarber/database.js: {}
GoBarber/database.js: {}
GoBarber/database.js: {}
GoBarber/database.js: {}
GoBarber/database.js: {}
GoBarber/database.js: {}
GoBarber/database.js: {}
GoBarber/.sequelizerc: {}
GoBarber/.sequelizerc: {}
GoBarber/.sequelizerc: Using EditorConfig core...
GoBarber/.sequelizerc: {}
GoBarber/.sequelizerc: Using EditorConfig core...
GoBarber/.sequelizerc: {}
GoBarber/.sequelizerc: Using EditorConfig core...
GoBarber/.sequelizerc: Using EditorConfig core...
GoBarber/.sequelizerc: Using EditorConfig core...
GoBarber/.sequelizerc: Using EditorConfig core...
GoBarber/.sequelizerc: {}
GoBarber/.sequelizerc: Using EditorConfig core...
GoBarber/.sequelizerc: {}
GoBarber/database.js: {}
GoBarber/database.js: Using EditorConfig core...
GoBarber/database.js: Using EditorConfig core...
GoBarber/.sequelizerc: {}
GoBarber/.sequelizerc: Using EditorConfig core...
GoBarber/database.js: {}
GoBarber/database.js: {}
GoBarber/database.js: {}
GoBarber/database.js: Using EditorConfig core...
GoBarber/database.js: Using EditorConfig core...
GoBarber/database.js: {}
GoBarber/database.js: Using EditorConfig core...
GoBarber/database.js: {}
GoBarber/database.js: {}
GoBarber/database.js: {}
GoBarber/database.js: {}
GoBarber/database.js: {}
GoBarber/src/database/migrations/20191226191350-create-users.js: {}
GoBarber/src/database/migrations/20191226191350-create-users.js: {}
GoBarber/src/database/migrations/20191226191350-create-users.js: Using EditorConfig core...
GoBarber/src/database/migrations/20191226191350-create-users.js: Using EditorConfig core...
GoBarber/src/database/migrations/20191226191350-create-users.js: Using EditorConfig core...
GoBarber/src/database/migrations/20191226191350-create-users.js: Using EditorConfig core...
GoBarber/src/database/migrations/20191226191350-create-users.js: {}
GoBarber/src/database/migrations/20191226191350-create-users.js: Using EditorConfig core...
GoBarber/src/database/migrations/20191226191350-create-users.js: Using EditorConfig core...
GoBarber/src/database/migrations/20191226191350-create-users.js: Using EditorConfig core...
GoBarber/src/database/migrations/20191226191350-create-users.js: Using EditorConfig core...
GoBarber/src/database/migrations/20191226191350-create-users.js: {}
GoBarber/src/database/migrations/20191226191350-create-users.js: Using EditorConfig core...
GoBarber/src/database/migrations/20191226191350-create-users.js: Using EditorConfig core...
GoBarber/src/database/migrations/20191226191350-create-users.js: Using EditorConfig core...
GoBarber/src/database/migrations/20191226191350-create-users.js: {}
GoBarber/src/database/migrations/20191226191350-create-users.js: {}
GoBarber/src/database/migrations/20191226191350-create-users.js: {}
GoBarber/src/database/migrations/20191226191350-create-users.js: {}
GoBarber/src/database/migrations/20191226191350-create-users.js: {}
GoBarber/src/database/migrations/20191226191350-create-users.js: {}
GoBarber/src/database/migrations/20191226191350-create-users.js: {}
GoBarber/src/database/migrations/20191226191350-create-users.js: {}
GoBarber/src/database/migrations/20191226191350-create-users.js: {}
GoBarber/src/database/migrations/20191226191350-create-users.js: {}
GoBarber/src/config/database.js: {}
GoBarber/src/config/database.js: {}
GoBarber/src/config/database.js: {}
GoBarber/src/config/database.js: {}
GoBarber/src/config/database.js: Using EditorConfig core...
GoBarber/src/config/database.js: Using EditorConfig core...
GoBarber/src/config/database.js: {}
GoBarber/src/config/database.js: {}
GoBarber/src/config/database.js: {}
GoBarber/src/config/database.js: {}
GoBarber/src/config/database.js: {}
GoBarber/src/config/database.js: {}
GoBarber/src/app.js: {}
GoBarber/src/routes.js: {}
GoBarber/src/server.js: {}
GoBarber/src/config/database.js: {}
GoBarber/src/config/database.js: {}
GoBarber/src/config/database.js: {}
GoBarber/src/config/database.js: {}
GoBarber/src/config/database.js: {}
GoBarber/src/config/database.js: {}
GoBarber/src/config/database.js: {}
GoBarber/src/config/database.js: {}
GoBarber/src/config/database.js: {}
GoBarber/src/config/database.js: {}
GoBarber/src/config/database.js: {}
GoBarber/src/config/database.js: {}
GoBarber/src/config/database.js: Using EditorConfig core...
GoBarber/src/config/database.js: {}
GoBarber/.sequelizerc: {}
GoBarber/.sequelizerc: Using EditorConfig core...
GoBarber/src/database/migrations/20191226191350-create-users.js: {}
GoBarber/src/config/database.js: {}
GoBarber/src/config/database.js: Using EditorConfig core...
GoBarber/src/config/database.js: Using EditorConfig core...
GoBarber/src/config/database.js: Using EditorConfig core...
GoBarber/src/config/database.js: Using EditorConfig core...
