["INFO" - 13:51:49] Extension Name: "prettier-vscode".
["INFO" - 13:51:49] Extension Version: "3.18.0".
["INFO" - 13:51:50] Loaded module 'prettier@1.19.1' from '/home/anna/clinics-core-api/node_modules/prettier/index.js'
["INFO" - 13:51:50] Enabling prettier for languages
[
  "css",
  "graphql",
  "html",
  "javascript",
  "javascriptreact",
  "json",
  "json5",
  "jsonc",
  "less",
  "markdown",
  "mdx",
  "mongo",
  "postcss",
  "scss",
  "typescript",
  "typescriptreact",
  "vue",
  "yaml"
]
["INFO" - 13:51:50] Enabling prettier for range supported languages
[
  "graphql",
  "javascript",
  "javascriptreact",
  "json",
  "typescript",
  "typescriptreact"
]
["INFO" - 13:51:51] Loaded module 'prettier@1.19.1' from '/home/anna/clinics-core-api/node_modules/prettier/index.js'
