[2019-12-27 14:59:24.693] [exthost] [info] extension host started
[2019-12-27 14:59:24.733] [exthost] [info] ExtensionService#_doActivateExtension vscode.debug-auto-launch {"startup":true,"extensionId":{"value":"vscode.debug-auto-launch","_lower":"vscode.debug-auto-launch"},"activationEvent":"*"}
[2019-12-27 14:59:24.733] [exthost] [info] ExtensionService#loadCommonJSModule file:///snap/code/22/usr/share/code/resources/app/extensions/debug-auto-launch/dist/extension
[2019-12-27 14:59:24.737] [exthost] [info] ExtensionService#_doActivateExtension vscode.emmet {"startup":true,"extensionId":{"value":"vscode.emmet","_lower":"vscode.emmet"},"activationEvent":"*"}
[2019-12-27 14:59:24.738] [exthost] [info] ExtensionService#loadCommonJSModule file:///snap/code/22/usr/share/code/resources/app/extensions/emmet/dist/extension
[2019-12-27 14:59:24.758] [exthost] [info] ExtensionService#_doActivateExtension vscode.git {"startup":true,"extensionId":{"value":"vscode.git","_lower":"vscode.git"},"activationEvent":"*"}
[2019-12-27 14:59:24.758] [exthost] [info] ExtensionService#loadCommonJSModule file:///snap/code/22/usr/share/code/resources/app/extensions/git/dist/main
[2019-12-27 14:59:24.789] [exthost] [info] ExtensionService#_doActivateExtension vscode.merge-conflict {"startup":true,"extensionId":{"value":"vscode.merge-conflict","_lower":"vscode.merge-conflict"},"activationEvent":"*"}
[2019-12-27 14:59:24.790] [exthost] [info] ExtensionService#loadCommonJSModule file:///snap/code/22/usr/share/code/resources/app/extensions/merge-conflict/dist/extension
[2019-12-27 14:59:24.795] [exthost] [info] ExtensionService#_doActivateExtension vscode.search-result {"startup":true,"extensionId":{"value":"vscode.search-result","_lower":"vscode.search-result"},"activationEvent":"*"}
[2019-12-27 14:59:24.795] [exthost] [info] ExtensionService#loadCommonJSModule file:///snap/code/22/usr/share/code/resources/app/extensions/search-result/dist/extension.js
[2019-12-27 14:59:24.798] [exthost] [info] ExtensionService#_doActivateExtension CoenraadS.bracket-pair-colorizer {"startup":true,"extensionId":{"value":"CoenraadS.bracket-pair-colorizer","_lower":"coenraads.bracket-pair-colorizer"},"activationEvent":"*"}
[2019-12-27 14:59:24.798] [exthost] [info] ExtensionService#loadCommonJSModule file:///home/anna/.vscode/extensions/coenraads.bracket-pair-colorizer-1.0.61/out/src/extension
[2019-12-27 14:59:24.833] [exthost] [info] ExtensionService#_doActivateExtension dbaeumer.vscode-eslint {"startup":true,"extensionId":{"value":"dbaeumer.vscode-eslint","_lower":"dbaeumer.vscode-eslint"},"activationEvent":"*"}
[2019-12-27 14:59:24.833] [exthost] [info] ExtensionService#loadCommonJSModule file:///home/anna/.vscode/extensions/dbaeumer.vscode-eslint-2.0.11/client/out/extension
[2019-12-27 14:59:24.846] [exthost] [info] ExtensionService#_doActivateExtension EditorConfig.EditorConfig {"startup":true,"extensionId":{"value":"EditorConfig.EditorConfig","_lower":"editorconfig.editorconfig"},"activationEvent":"*"}
[2019-12-27 14:59:24.846] [exthost] [info] ExtensionService#loadCommonJSModule file:///home/anna/.vscode/extensions/editorconfig.editorconfig-0.14.4/out/editorConfigMain.js
[2019-12-27 14:59:24.897] [exthost] [info] ExtensionService#_doActivateExtension esbenp.prettier-vscode {"startup":true,"extensionId":{"value":"esbenp.prettier-vscode","_lower":"esbenp.prettier-vscode"},"activationEvent":"*"}
[2019-12-27 14:59:24.897] [exthost] [info] ExtensionService#loadCommonJSModule file:///home/anna/.vscode/extensions/esbenp.prettier-vscode-3.18.0/dist/extension
[2019-12-27 14:59:25.076] [exthost] [info] ExtensionService#_doActivateExtension naumovs.color-highlight {"startup":true,"extensionId":{"value":"naumovs.color-highlight","_lower":"naumovs.color-highlight"},"activationEvent":"*"}
[2019-12-27 14:59:25.076] [exthost] [info] ExtensionService#loadCommonJSModule file:///home/anna/.vscode/extensions/naumovs.color-highlight-2.3.0/dist/extension
[2019-12-27 14:59:25.091] [exthost] [info] ExtensionService#_doActivateExtension PKief.material-icon-theme {"startup":true,"extensionId":{"value":"PKief.material-icon-theme","_lower":"pkief.material-icon-theme"},"activationEvent":"*"}
[2019-12-27 14:59:25.092] [exthost] [info] ExtensionService#loadCommonJSModule file:///home/anna/.vscode/extensions/pkief.material-icon-theme-3.9.2/dist/extension
[2019-12-27 14:59:25.107] [exthost] [info] ExtensionService#_doActivateExtension remimarsal.prettier-now {"startup":true,"extensionId":{"value":"remimarsal.prettier-now","_lower":"remimarsal.prettier-now"},"activationEvent":"*"}
[2019-12-27 14:59:25.107] [exthost] [info] ExtensionService#loadCommonJSModule file:///home/anna/.vscode/extensions/remimarsal.prettier-now-1.4.9/out/src/extension
[2019-12-27 14:59:25.155] [exthost] [info] ExtensionService#_doActivateExtension wayou.vscode-todo-highlight {"startup":true,"extensionId":{"value":"wayou.vscode-todo-highlight","_lower":"wayou.vscode-todo-highlight"},"activationEvent":"*"}
[2019-12-27 14:59:25.155] [exthost] [info] ExtensionService#loadCommonJSModule file:///home/anna/.vscode/extensions/wayou.vscode-todo-highlight-1.0.4/src/extension
[2019-12-27 14:59:25.162] [exthost] [info] eager extensions activated
[2019-12-27 14:59:38.508] [exthost] [info] extension host started
[2019-12-27 14:59:38.558] [exthost] [info] ExtensionService#_doActivateExtension vscode.debug-auto-launch {"startup":true,"extensionId":{"value":"vscode.debug-auto-launch","_lower":"vscode.debug-auto-launch"},"activationEvent":"*"}
[2019-12-27 14:59:38.559] [exthost] [info] ExtensionService#loadCommonJSModule file:///snap/code/22/usr/share/code/resources/app/extensions/debug-auto-launch/dist/extension
[2019-12-27 14:59:38.563] [exthost] [info] ExtensionService#_doActivateExtension vscode.emmet {"startup":true,"extensionId":{"value":"vscode.emmet","_lower":"vscode.emmet"},"activationEvent":"*"}
[2019-12-27 14:59:38.563] [exthost] [info] ExtensionService#loadCommonJSModule file:///snap/code/22/usr/share/code/resources/app/extensions/emmet/dist/extension
[2019-12-27 14:59:38.582] [exthost] [info] ExtensionService#_doActivateExtension vscode.git {"startup":true,"extensionId":{"value":"vscode.git","_lower":"vscode.git"},"activationEvent":"*"}
[2019-12-27 14:59:38.582] [exthost] [info] ExtensionService#loadCommonJSModule file:///snap/code/22/usr/share/code/resources/app/extensions/git/dist/main
[2019-12-27 14:59:38.612] [exthost] [info] ExtensionService#_doActivateExtension vscode.merge-conflict {"startup":true,"extensionId":{"value":"vscode.merge-conflict","_lower":"vscode.merge-conflict"},"activationEvent":"*"}
[2019-12-27 14:59:38.612] [exthost] [info] ExtensionService#loadCommonJSModule file:///snap/code/22/usr/share/code/resources/app/extensions/merge-conflict/dist/extension
[2019-12-27 14:59:38.616] [exthost] [info] ExtensionService#_doActivateExtension vscode.search-result {"startup":true,"extensionId":{"value":"vscode.search-result","_lower":"vscode.search-result"},"activationEvent":"*"}
[2019-12-27 14:59:38.616] [exthost] [info] ExtensionService#loadCommonJSModule file:///snap/code/22/usr/share/code/resources/app/extensions/search-result/dist/extension.js
[2019-12-27 14:59:38.618] [exthost] [info] ExtensionService#_doActivateExtension CoenraadS.bracket-pair-colorizer {"startup":true,"extensionId":{"value":"CoenraadS.bracket-pair-colorizer","_lower":"coenraads.bracket-pair-colorizer"},"activationEvent":"*"}
[2019-12-27 14:59:38.618] [exthost] [info] ExtensionService#loadCommonJSModule file:///home/anna/.vscode/extensions/coenraads.bracket-pair-colorizer-1.0.61/out/src/extension
[2019-12-27 14:59:38.642] [exthost] [info] ExtensionService#_doActivateExtension dbaeumer.vscode-eslint {"startup":true,"extensionId":{"value":"dbaeumer.vscode-eslint","_lower":"dbaeumer.vscode-eslint"},"activationEvent":"*"}
[2019-12-27 14:59:38.642] [exthost] [info] ExtensionService#loadCommonJSModule file:///home/anna/.vscode/extensions/dbaeumer.vscode-eslint-2.0.11/client/out/extension
[2019-12-27 14:59:38.652] [exthost] [info] ExtensionService#_doActivateExtension EditorConfig.EditorConfig {"startup":true,"extensionId":{"value":"EditorConfig.EditorConfig","_lower":"editorconfig.editorconfig"},"activationEvent":"*"}
[2019-12-27 14:59:38.652] [exthost] [info] ExtensionService#loadCommonJSModule file:///home/anna/.vscode/extensions/editorconfig.editorconfig-0.14.4/out/editorConfigMain.js
[2019-12-27 14:59:38.707] [exthost] [info] ExtensionService#_doActivateExtension esbenp.prettier-vscode {"startup":true,"extensionId":{"value":"esbenp.prettier-vscode","_lower":"esbenp.prettier-vscode"},"activationEvent":"*"}
[2019-12-27 14:59:38.707] [exthost] [info] ExtensionService#loadCommonJSModule file:///home/anna/.vscode/extensions/esbenp.prettier-vscode-3.18.0/dist/extension
[2019-12-27 14:59:38.807] [exthost] [info] ExtensionService#_doActivateExtension naumovs.color-highlight {"startup":true,"extensionId":{"value":"naumovs.color-highlight","_lower":"naumovs.color-highlight"},"activationEvent":"*"}
[2019-12-27 14:59:38.807] [exthost] [info] ExtensionService#loadCommonJSModule file:///home/anna/.vscode/extensions/naumovs.color-highlight-2.3.0/dist/extension
[2019-12-27 14:59:38.817] [exthost] [info] ExtensionService#_doActivateExtension PKief.material-icon-theme {"startup":true,"extensionId":{"value":"PKief.material-icon-theme","_lower":"pkief.material-icon-theme"},"activationEvent":"*"}
[2019-12-27 14:59:38.817] [exthost] [info] ExtensionService#loadCommonJSModule file:///home/anna/.vscode/extensions/pkief.material-icon-theme-3.9.2/dist/extension
[2019-12-27 14:59:38.826] [exthost] [info] ExtensionService#_doActivateExtension remimarsal.prettier-now {"startup":true,"extensionId":{"value":"remimarsal.prettier-now","_lower":"remimarsal.prettier-now"},"activationEvent":"*"}
[2019-12-27 14:59:38.826] [exthost] [info] ExtensionService#loadCommonJSModule file:///home/anna/.vscode/extensions/remimarsal.prettier-now-1.4.9/out/src/extension
[2019-12-27 14:59:38.849] [exthost] [info] ExtensionService#_doActivateExtension wayou.vscode-todo-highlight {"startup":true,"extensionId":{"value":"wayou.vscode-todo-highlight","_lower":"wayou.vscode-todo-highlight"},"activationEvent":"*"}
[2019-12-27 14:59:38.850] [exthost] [info] ExtensionService#loadCommonJSModule file:///home/anna/.vscode/extensions/wayou.vscode-todo-highlight-1.0.4/src/extension
[2019-12-27 14:59:38.855] [exthost] [info] ExtensionService#_doActivateExtension vscode.npm {"startup":true,"extensionId":{"value":"vscode.npm","_lower":"vscode.npm"},"activationEvent":"workspaceContains:package.json"}
[2019-12-27 14:59:38.855] [exthost] [info] ExtensionService#loadCommonJSModule file:///snap/code/22/usr/share/code/resources/app/extensions/npm/dist/main
[2019-12-27 14:59:39.123] [exthost] [info] eager extensions activated
[2019-12-27 14:59:51.658] [exthost] [info] ExtensionService#_doActivateExtension vscode.typescript-language-features {"startup":false,"extensionId":{"value":"vscode.typescript-language-features","_lower":"vscode.typescript-language-features"},"activationEvent":"onLanguage:javascript"}
[2019-12-27 14:59:51.658] [exthost] [info] ExtensionService#loadCommonJSModule file:///snap/code/22/usr/share/code/resources/app/extensions/typescript-language-features/dist/extension
[2019-12-27 15:00:24.560] [exthost] [error] [vscode.typescript-language-features] provider FAILED
[2019-12-27 15:00:24.565] [exthost] [error] Error: <semantic> TypeScript Server Error (3.7.3)
Cannot read property 'exportSymbol' of undefined
TypeError: Cannot read property 'exportSymbol' of undefined
    at getTypeOfSymbolAtLocation (tsserver.js:51216:29)
    at Object.getTypeOfSymbolAtLocation (tsserver.js:33149:35)
    at tsserver.js:107605:130
    at Object.flatMap (tsserver.js:468:25)
    at tryGetClassLikeCompletionSymbols (tsserver.js:107603:42)
    at tryGetGlobalSymbols (tsserver.js:107013:24)
    at getCompletionData (tsserver.js:106813:22)
    at Object.getCompletionsAtPosition (tsserver.js:106177:34)
    at Object.getCompletionsAtPosition (tsserver.js:130777:35)
    at IOSession.Session.getCompletions (tsserver.js:140414:64)
    at Session.handlers.ts.createMapFromTemplate._a.<computed> (tsserver.js:139394:61)
    at tsserver.js:140929:88
    at IOSession.Session.executeWithRequestId (tsserver.js:140920:28)
    at IOSession.Session.executeCommand (tsserver.js:140929:33)
    at IOSession.Session.onMessage (tsserver.js:140952:35)
    at Interface.<anonymous> (tsserver.js:142267:27)
    at Interface.emit (events.js:200:13)
    at Interface._onLine (readline.js:314:10)
    at Interface._normalWrite (readline.js:459:12)
    at Socket.ondata (readline.js:170:10)
    at Socket.emit (events.js:200:13)
    at addChunk (_stream_readable.js:294:12)
    at readableAddChunk (_stream_readable.js:275:11)
    at Socket.Readable.push (_stream_readable.js:210:10)
    at Pipe.onStreamRead (internal/stream_base_commons.js:166:17)
	at Function.create (/snap/code/22/usr/share/code/resources/app/extensions/typescript-language-features/dist/extension.js:1:47388)
	at h.dispatchResponse (/snap/code/22/usr/share/code/resources/app/extensions/typescript-language-features/dist/extension.js:1:206361)
	at h.dispatchMessage (/snap/code/22/usr/share/code/resources/app/extensions/typescript-language-features/dist/extension.js:1:205259)
	at /snap/code/22/usr/share/code/resources/app/extensions/typescript-language-features/dist/extension.js:1:204735
	at l.fire (/snap/code/22/usr/share/code/resources/app/out/vs/workbench/services/extensions/node/extensionHostProcess.js:46:893)
	at t.Reader.onLengthData (/snap/code/22/usr/share/code/resources/app/extensions/typescript-language-features/dist/extension.js:1:211825)
	at Socket.<anonymous> (/snap/code/22/usr/share/code/resources/app/extensions/typescript-language-features/dist/extension.js:1:211473)
	at Socket.emit (events.js:200:13)
	at addChunk (_stream_readable.js:294:12)
	at readableAddChunk (_stream_readable.js:275:11)
	at Socket.Readable.push (_stream_readable.js:210:10)
	at Pipe.onStreamRead (internal/stream_base_commons.js:166:17)
[2019-12-27 15:00:24.813] [exthost] [error] [vscode.typescript-language-features] provider FAILED
[2019-12-27 15:00:24.813] [exthost] [error] Error: <semantic> TypeScript Server Error (3.7.3)
Cannot read property 'exportSymbol' of undefined
TypeError: Cannot read property 'exportSymbol' of undefined
    at getTypeOfSymbolAtLocation (tsserver.js:51216:29)
    at Object.getTypeOfSymbolAtLocation (tsserver.js:33149:35)
    at tsserver.js:107605:130
    at Object.flatMap (tsserver.js:468:25)
    at tryGetClassLikeCompletionSymbols (tsserver.js:107603:42)
    at tryGetGlobalSymbols (tsserver.js:107013:24)
    at getCompletionData (tsserver.js:106813:22)
    at Object.getCompletionsAtPosition (tsserver.js:106177:34)
    at Object.getCompletionsAtPosition (tsserver.js:130777:35)
    at IOSession.Session.getCompletions (tsserver.js:140414:64)
    at Session.handlers.ts.createMapFromTemplate._a.<computed> (tsserver.js:139394:61)
    at tsserver.js:140929:88
    at IOSession.Session.executeWithRequestId (tsserver.js:140920:28)
    at IOSession.Session.executeCommand (tsserver.js:140929:33)
    at IOSession.Session.onMessage (tsserver.js:140952:35)
    at Interface.<anonymous> (tsserver.js:142267:27)
    at Interface.emit (events.js:200:13)
    at Interface._onLine (readline.js:314:10)
    at Interface._normalWrite (readline.js:459:12)
    at Socket.ondata (readline.js:170:10)
    at Socket.emit (events.js:200:13)
    at addChunk (_stream_readable.js:294:12)
    at readableAddChunk (_stream_readable.js:275:11)
    at Socket.Readable.push (_stream_readable.js:210:10)
    at Pipe.onStreamRead (internal/stream_base_commons.js:166:17)
	at Function.create (/snap/code/22/usr/share/code/resources/app/extensions/typescript-language-features/dist/extension.js:1:47388)
	at h.dispatchResponse (/snap/code/22/usr/share/code/resources/app/extensions/typescript-language-features/dist/extension.js:1:206361)
	at h.dispatchMessage (/snap/code/22/usr/share/code/resources/app/extensions/typescript-language-features/dist/extension.js:1:205259)
	at /snap/code/22/usr/share/code/resources/app/extensions/typescript-language-features/dist/extension.js:1:204735
	at l.fire (/snap/code/22/usr/share/code/resources/app/out/vs/workbench/services/extensions/node/extensionHostProcess.js:46:893)
	at t.Reader.onLengthData (/snap/code/22/usr/share/code/resources/app/extensions/typescript-language-features/dist/extension.js:1:211825)
	at Socket.<anonymous> (/snap/code/22/usr/share/code/resources/app/extensions/typescript-language-features/dist/extension.js:1:211473)
	at Socket.emit (events.js:200:13)
	at addChunk (_stream_readable.js:294:12)
	at readableAddChunk (_stream_readable.js:275:11)
	at Socket.Readable.push (_stream_readable.js:210:10)
	at Pipe.onStreamRead (internal/stream_base_commons.js:166:17)
