[Info  - 15:59:51] ESLint server stopped.
[Info  - 15:59:52] ESLint server running in node v12.4.0
[Info  - 15:59:52] ESLint server is running.
[Info  - 15:59:56] ESLint library loaded from: /home/anna/bootcamp2019/GoBarber/node_modules/eslint/lib/api.js
[Info  - 15:59:56] Failed to load config "airbnb-base" to extend from. Referenced from: /home/anna/bootcamp2019/GoBarber/.eslintrc.js
[Info  - 15:59:56] Failed to load config "airbnb-base" to extend from. Referenced from: /home/anna/bootcamp2019/GoBarber/.eslintrc.js
[Info  - 15:59:56] Failed to load config "airbnb-base" to extend from. Referenced from: /home/anna/bootcamp2019/GoBarber/.eslintrc.js
[Info  - 15:59:56] Failed to load config "airbnb-base" to extend from. Referenced from: /home/anna/bootcamp2019/GoBarber/.eslintrc.js
[Info  - 15:59:56] Failed to load config "airbnb-base" to extend from. Referenced from: /home/anna/bootcamp2019/GoBarber/.eslintrc.js
[Info  - 15:59:56] Failed to load config "airbnb-base" to extend from. Referenced from: /home/anna/bootcamp2019/GoBarber/.eslintrc.js
[Info  - 15:59:56] Failed to load config "airbnb-base" to extend from. Referenced from: /home/anna/bootcamp2019/GoBarber/.eslintrc.js
[Info  - 15:59:56] Failed to load config "airbnb-base" to extend from. Referenced from: /home/anna/bootcamp2019/GoBarber/.eslintrc.js
[Info  - 15:59:57] Failed to load config "airbnb-base" to extend from. Referenced from: /home/anna/bootcamp2019/GoBarber/.eslintrc.js
[Info  - 15:59:58] Failed to load config "airbnb-base" to extend from. Referenced from: /home/anna/bootcamp2019/GoBarber/.eslintrc.js
[Info  - 15:59:59] Failed to load config "airbnb-base" to extend from. Referenced from: /home/anna/bootcamp2019/GoBarber/.eslintrc.js
[Info  - 15:59:59] Failed to load config "airbnb-base" to extend from. Referenced from: /home/anna/bootcamp2019/GoBarber/.eslintrc.js
[Info  - 15:59:59] Failed to load config "airbnb-base" to extend from. Referenced from: /home/anna/bootcamp2019/GoBarber/.eslintrc.js
[Info  - 16:00:00] Failed to load config "airbnb-base" to extend from. Referenced from: /home/anna/bootcamp2019/GoBarber/.eslintrc.js
[Info  - 16:00:00] Failed to load config "airbnb-base" to extend from. Referenced from: /home/anna/bootcamp2019/GoBarber/.eslintrc.js
[Info  - 16:00:01] Failed to load config "airbnb-base" to extend from. Referenced from: /home/anna/bootcamp2019/GoBarber/.eslintrc.js
[Info  - 16:00:01] Failed to load config "airbnb-base" to extend from. Referenced from: /home/anna/bootcamp2019/GoBarber/.eslintrc.js
[Info  - 16:00:01] Failed to load config "airbnb-base" to extend from. Referenced from: /home/anna/bootcamp2019/GoBarber/.eslintrc.js
[Info  - 16:00:01] Failed to load config "airbnb-base" to extend from. Referenced from: /home/anna/bootcamp2019/GoBarber/.eslintrc.js
[Info  - 16:00:07] Failed to load config "airbnb-base" to extend from. Referenced from: /home/anna/bootcamp2019/GoBarber/.eslintrc.js
[Info  - 16:00:07] Failed to load config "airbnb-base" to extend from. Referenced from: /home/anna/bootcamp2019/GoBarber/.eslintrc.js
[Info  - 16:00:07] Failed to load config "airbnb-base" to extend from. Referenced from: /home/anna/bootcamp2019/GoBarber/.eslintrc.js
[Info  - 16:00:07] Failed to load config "airbnb-base" to extend from. Referenced from: /home/anna/bootcamp2019/GoBarber/.eslintrc.js
[Info  - 16:00:07] Failed to load config "airbnb-base" to extend from. Referenced from: /home/anna/bootcamp2019/GoBarber/.eslintrc.js
[Info  - 16:00:07] Failed to load config "airbnb-base" to extend from. Referenced from: /home/anna/bootcamp2019/GoBarber/.eslintrc.js
[Info  - 16:00:07] Failed to load config "airbnb-base" to extend from. Referenced from: /home/anna/bootcamp2019/GoBarber/.eslintrc.js
[Info  - 16:00:08] Failed to load config "airbnb-base" to extend from. Referenced from: /home/anna/bootcamp2019/GoBarber/.eslintrc.js
[Info  - 16:00:08] Failed to load config "airbnb-base" to extend from. Referenced from: /home/anna/bootcamp2019/GoBarber/.eslintrc.js
[Info  - 16:00:08] Failed to load config "airbnb-base" to extend from. Referenced from: /home/anna/bootcamp2019/GoBarber/.eslintrc.js
[Info  - 16:00:09] Failed to load config "airbnb-base" to extend from. Referenced from: /home/anna/bootcamp2019/GoBarber/.eslintrc.js
[Info  - 16:00:09] Failed to load config "airbnb-base" to extend from. Referenced from: /home/anna/bootcamp2019/GoBarber/.eslintrc.js
[Info  - 16:00:09] Failed to load config "airbnb-base" to extend from. Referenced from: /home/anna/bootcamp2019/GoBarber/.eslintrc.js
[Info  - 16:00:10] Failed to load config "airbnb-base" to extend from. Referenced from: /home/anna/bootcamp2019/GoBarber/.eslintrc.js
[Info  - 16:00:10] Failed to load config "airbnb-base" to extend from. Referenced from: /home/anna/bootcamp2019/GoBarber/.eslintrc.js
[Info  - 16:00:10] Failed to load config "airbnb-base" to extend from. Referenced from: /home/anna/bootcamp2019/GoBarber/.eslintrc.js
[Info  - 16:00:10] Failed to load config "airbnb-base" to extend from. Referenced from: /home/anna/bootcamp2019/GoBarber/.eslintrc.js
[Info  - 16:00:10] Failed to load config "airbnb-base" to extend from. Referenced from: /home/anna/bootcamp2019/GoBarber/.eslintrc.js
[Info  - 16:00:11] Failed to load config "airbnb-base" to extend from. Referenced from: /home/anna/bootcamp2019/GoBarber/.eslintrc.js
[Info  - 16:00:11] Failed to load config "airbnb-base" to extend from. Referenced from: /home/anna/bootcamp2019/GoBarber/.eslintrc.js
[Info  - 16:00:11] Failed to load config "airbnb-base" to extend from. Referenced from: /home/anna/bootcamp2019/GoBarber/.eslintrc.js
[Info  - 16:00:11] Failed to load config "airbnb-base" to extend from. Referenced from: /home/anna/bootcamp2019/GoBarber/.eslintrc.js
[Info  - 16:00:11] Failed to load config "airbnb-base" to extend from. Referenced from: /home/anna/bootcamp2019/GoBarber/.eslintrc.js
[Info  - 16:00:12] Failed to load config "airbnb-base" to extend from. Referenced from: /home/anna/bootcamp2019/GoBarber/.eslintrc.js
[Info  - 16:00:13] Failed to load config "airbnb-base" to extend from. Referenced from: /home/anna/bootcamp2019/GoBarber/.eslintrc.js
[Info  - 16:00:14] Failed to load config "airbnb-base" to extend from. Referenced from: /home/anna/bootcamp2019/GoBarber/.eslintrc.js
[Info  - 16:00:14] Failed to load config "airbnb-base" to extend from. Referenced from: /home/anna/bootcamp2019/GoBarber/.eslintrc.js
[Info  - 16:00:14] Failed to load config "airbnb-base" to extend from. Referenced from: /home/anna/bootcamp2019/GoBarber/.eslintrc.js
[Info  - 16:00:14] Failed to load config "airbnb-base" to extend from. Referenced from: /home/anna/bootcamp2019/GoBarber/.eslintrc.js
[Info  - 16:00:15] Failed to load config "airbnb-base" to extend from. Referenced from: /home/anna/bootcamp2019/GoBarber/.eslintrc.js
[Info  - 16:00:15] Failed to load config "airbnb-base" to extend from. Referenced from: /home/anna/bootcamp2019/GoBarber/.eslintrc.js
[Info  - 16:00:15] Failed to load config "airbnb-base" to extend from. Referenced from: /home/anna/bootcamp2019/GoBarber/.eslintrc.js
[Info  - 16:00:15] Failed to load config "airbnb-base" to extend from. Referenced from: /home/anna/bootcamp2019/GoBarber/.eslintrc.js
[Info  - 16:00:15] Failed to load config "airbnb-base" to extend from. Referenced from: /home/anna/bootcamp2019/GoBarber/.eslintrc.js
[Info  - 16:00:16] Failed to load config "airbnb-base" to extend from. Referenced from: /home/anna/bootcamp2019/GoBarber/.eslintrc.js
[Info  - 16:00:16] Failed to load config "airbnb-base" to extend from. Referenced from: /home/anna/bootcamp2019/GoBarber/.eslintrc.js
[Info  - 16:00:16] Failed to load config "airbnb-base" to extend from. Referenced from: /home/anna/bootcamp2019/GoBarber/.eslintrc.js
[Info  - 16:00:16] Failed to load config "airbnb-base" to extend from. Referenced from: /home/anna/bootcamp2019/GoBarber/.eslintrc.js
[Info  - 16:00:16] Failed to load config "airbnb-base" to extend from. Referenced from: /home/anna/bootcamp2019/GoBarber/.eslintrc.js
[Info  - 16:00:16] Failed to load config "airbnb-base" to extend from. Referenced from: /home/anna/bootcamp2019/GoBarber/.eslintrc.js
[Info  - 16:00:17] Failed to load config "airbnb-base" to extend from. Referenced from: /home/anna/bootcamp2019/GoBarber/.eslintrc.js
[Info  - 16:00:17] Failed to load config "airbnb-base" to extend from. Referenced from: /home/anna/bootcamp2019/GoBarber/.eslintrc.js
[Info  - 16:00:17] Failed to load config "airbnb-base" to extend from. Referenced from: /home/anna/bootcamp2019/GoBarber/.eslintrc.js
[Info  - 16:00:17] Failed to load config "airbnb-base" to extend from. Referenced from: /home/anna/bootcamp2019/GoBarber/.eslintrc.js
[Info  - 16:00:17] Failed to load config "airbnb-base" to extend from. Referenced from: /home/anna/bootcamp2019/GoBarber/.eslintrc.js
[Info  - 16:00:17] Failed to load config "airbnb-base" to extend from. Referenced from: /home/anna/bootcamp2019/GoBarber/.eslintrc.js
[Info  - 16:00:17] Failed to load config "airbnb-base" to extend from. Referenced from: /home/anna/bootcamp2019/GoBarber/.eslintrc.js
[Info  - 16:00:18] Failed to load config "airbnb-base" to extend from. Referenced from: /home/anna/bootcamp2019/GoBarber/.eslintrc.js
[Info  - 16:00:18] Failed to load config "airbnb-base" to extend from. Referenced from: /home/anna/bootcamp2019/GoBarber/.eslintrc.js
[Info  - 16:00:18] Failed to load config "airbnb-base" to extend from. Referenced from: /home/anna/bootcamp2019/GoBarber/.eslintrc.js
[Info  - 16:00:18] Failed to load config "airbnb-base" to extend from. Referenced from: /home/anna/bootcamp2019/GoBarber/.eslintrc.js
[Info  - 16:00:19] Failed to load config "airbnb-base" to extend from. Referenced from: /home/anna/bootcamp2019/GoBarber/.eslintrc.js
[Info  - 16:00:19] Failed to load config "airbnb-base" to extend from. Referenced from: /home/anna/bootcamp2019/GoBarber/.eslintrc.js
[Info  - 16:00:19] Failed to load config "airbnb-base" to extend from. Referenced from: /home/anna/bootcamp2019/GoBarber/.eslintrc.js
[Info  - 16:00:21] Failed to load config "airbnb-base" to extend from. Referenced from: /home/anna/bootcamp2019/GoBarber/.eslintrc.js
[Info  - 16:00:22] Failed to load config "airbnb-base" to extend from. Referenced from: /home/anna/bootcamp2019/GoBarber/.eslintrc.js
[Info  - 16:00:22] Failed to load config "airbnb-base" to extend from. Referenced from: /home/anna/bootcamp2019/GoBarber/.eslintrc.js
[Info  - 16:00:22] Failed to load config "airbnb-base" to extend from. Referenced from: /home/anna/bootcamp2019/GoBarber/.eslintrc.js
[Info  - 16:00:22] Failed to load config "airbnb-base" to extend from. Referenced from: /home/anna/bootcamp2019/GoBarber/.eslintrc.js
[Info  - 16:00:22] Failed to load config "airbnb-base" to extend from. Referenced from: /home/anna/bootcamp2019/GoBarber/.eslintrc.js
[Info  - 16:00:22] Failed to load config "airbnb-base" to extend from. Referenced from: /home/anna/bootcamp2019/GoBarber/.eslintrc.js
[Info  - 16:00:22] Failed to load config "airbnb-base" to extend from. Referenced from: /home/anna/bootcamp2019/GoBarber/.eslintrc.js
[Info  - 16:00:22] Failed to load config "airbnb-base" to extend from. Referenced from: /home/anna/bootcamp2019/GoBarber/.eslintrc.js
[Info  - 16:00:23] Failed to load config "airbnb-base" to extend from. Referenced from: /home/anna/bootcamp2019/GoBarber/.eslintrc.js
[Info  - 16:00:23] Failed to load config "airbnb-base" to extend from. Referenced from: /home/anna/bootcamp2019/GoBarber/.eslintrc.js
[Info  - 16:00:23] Failed to load config "airbnb-base" to extend from. Referenced from: /home/anna/bootcamp2019/GoBarber/.eslintrc.js
[Info  - 16:00:23] Failed to load config "airbnb-base" to extend from. Referenced from: /home/anna/bootcamp2019/GoBarber/.eslintrc.js
[Info  - 16:00:23] Failed to load config "airbnb-base" to extend from. Referenced from: /home/anna/bootcamp2019/GoBarber/.eslintrc.js
[Info  - 16:00:23] Failed to load config "airbnb-base" to extend from. Referenced from: /home/anna/bootcamp2019/GoBarber/.eslintrc.js
[Info  - 16:00:24] Failed to load config "airbnb-base" to extend from. Referenced from: /home/anna/bootcamp2019/GoBarber/.eslintrc.js
[Info  - 16:00:24] Failed to load config "airbnb-base" to extend from. Referenced from: /home/anna/bootcamp2019/GoBarber/.eslintrc.js
[Info  - 16:00:24] Failed to load config "airbnb-base" to extend from. Referenced from: /home/anna/bootcamp2019/GoBarber/.eslintrc.js
[Info  - 16:00:24] Failed to load config "airbnb-base" to extend from. Referenced from: /home/anna/bootcamp2019/GoBarber/.eslintrc.js
[Info  - 16:00:24] Failed to load config "airbnb-base" to extend from. Referenced from: /home/anna/bootcamp2019/GoBarber/.eslintrc.js
[Info  - 16:00:24] Failed to load config "airbnb-base" to extend from. Referenced from: /home/anna/bootcamp2019/GoBarber/.eslintrc.js
[Info  - 16:00:26] Failed to load config "airbnb-base" to extend from. Referenced from: /home/anna/bootcamp2019/GoBarber/.eslintrc.js
[Info  - 16:00:26] Failed to load config "airbnb-base" to extend from. Referenced from: /home/anna/bootcamp2019/GoBarber/.eslintrc.js
[Info  - 16:00:26] Failed to load config "airbnb-base" to extend from. Referenced from: /home/anna/bootcamp2019/GoBarber/.eslintrc.js
[Info  - 16:00:26] Failed to load config "airbnb-base" to extend from. Referenced from: /home/anna/bootcamp2019/GoBarber/.eslintrc.js
[Info  - 16:00:26] Failed to load config "airbnb-base" to extend from. Referenced from: /home/anna/bootcamp2019/GoBarber/.eslintrc.js
[Info  - 16:00:27] Failed to load config "airbnb-base" to extend from. Referenced from: /home/anna/bootcamp2019/GoBarber/.eslintrc.js
[Info  - 16:00:27] Failed to load config "airbnb-base" to extend from. Referenced from: /home/anna/bootcamp2019/GoBarber/.eslintrc.js
[Info  - 16:00:27] Failed to load config "airbnb-base" to extend from. Referenced from: /home/anna/bootcamp2019/GoBarber/.eslintrc.js
[Info  - 16:00:27] Failed to load config "airbnb-base" to extend from. Referenced from: /home/anna/bootcamp2019/GoBarber/.eslintrc.js
[Info  - 16:00:27] Failed to load config "airbnb-base" to extend from. Referenced from: /home/anna/bootcamp2019/GoBarber/.eslintrc.js
[Info  - 16:00:29] Failed to load config "airbnb-base" to extend from. Referenced from: /home/anna/bootcamp2019/GoBarber/.eslintrc.js
[Info  - 16:00:29] Failed to load config "airbnb-base" to extend from. Referenced from: /home/anna/bootcamp2019/GoBarber/.eslintrc.js
[Info  - 16:00:30] Failed to load config "airbnb-base" to extend from. Referenced from: /home/anna/bootcamp2019/GoBarber/.eslintrc.js
[Info  - 16:00:30] Failed to load config "airbnb-base" to extend from. Referenced from: /home/anna/bootcamp2019/GoBarber/.eslintrc.js
[Info  - 16:00:30] Failed to load config "airbnb-base" to extend from. Referenced from: /home/anna/bootcamp2019/GoBarber/.eslintrc.js
[Info  - 16:00:31] Failed to load config "airbnb-base" to extend from. Referenced from: /home/anna/bootcamp2019/GoBarber/.eslintrc.js
[Info  - 16:00:31] Failed to load config "airbnb-base" to extend from. Referenced from: /home/anna/bootcamp2019/GoBarber/.eslintrc.js
[Info  - 16:00:31] Failed to load config "airbnb-base" to extend from. Referenced from: /home/anna/bootcamp2019/GoBarber/.eslintrc.js
[Info  - 16:00:31] Failed to load config "airbnb-base" to extend from. Referenced from: /home/anna/bootcamp2019/GoBarber/.eslintrc.js
[Info  - 16:00:31] Failed to load config "airbnb-base" to extend from. Referenced from: /home/anna/bootcamp2019/GoBarber/.eslintrc.js
[Info  - 16:00:31] Failed to load config "airbnb-base" to extend from. Referenced from: /home/anna/bootcamp2019/GoBarber/.eslintrc.js
[Info  - 16:00:31] Failed to load config "airbnb-base" to extend from. Referenced from: /home/anna/bootcamp2019/GoBarber/.eslintrc.js
[Info  - 16:00:31] Failed to load config "airbnb-base" to extend from. Referenced from: /home/anna/bootcamp2019/GoBarber/.eslintrc.js
[Info  - 16:00:32] Failed to load config "airbnb-base" to extend from. Referenced from: /home/anna/bootcamp2019/GoBarber/.eslintrc.js
[Info  - 16:00:33] Failed to load config "airbnb-base" to extend from. Referenced from: /home/anna/bootcamp2019/GoBarber/.eslintrc.js
[Info  - 16:00:35] Failed to load config "airbnb-base" to extend from. Referenced from: /home/anna/bootcamp2019/GoBarber/.eslintrc.js
[Info  - 16:01:58] Failed to load config "airbnb-base" to extend from. Referenced from: /home/anna/bootcamp2019/GoBarber/.eslintrc.js
[Info  - 16:01:59] Failed to load config "airbnb-base" to extend from. Referenced from: /home/anna/bootcamp2019/GoBarber/.eslintrc.js
[Info  - 16:01:59] Failed to load config "airbnb-base" to extend from. Referenced from: /home/anna/bootcamp2019/GoBarber/.eslintrc.js
[Info  - 16:01:59] Failed to load config "airbnb-base" to extend from. Referenced from: /home/anna/bootcamp2019/GoBarber/.eslintrc.js
[Info  - 16:01:59] Failed to load config "airbnb-base" to extend from. Referenced from: /home/anna/bootcamp2019/GoBarber/.eslintrc.js
[Info  - 16:01:59] Failed to load config "airbnb-base" to extend from. Referenced from: /home/anna/bootcamp2019/GoBarber/.eslintrc.js
[Info  - 16:01:59] Failed to load config "airbnb-base" to extend from. Referenced from: /home/anna/bootcamp2019/GoBarber/.eslintrc.js
[Info  - 16:02:02] Failed to load config "airbnb-base" to extend from. Referenced from: /home/anna/bootcamp2019/GoBarber/.eslintrc.js
