["INFO" - 18:53:07] Extension Name: "prettier-vscode".
["INFO" - 18:53:07] Extension Version: "3.18.0".
["INFO" - 18:53:07] Loaded module 'prettier@1.19.1' from '/home/anna/bootcamp2019/GoBarber/node_modules/prettier/index.js'
["INFO" - 18:53:07] Loaded module 'prettier@1.19.1' from '/home/anna/bootcamp2019/GoBarber/node_modules/prettier/index.js'
["INFO" - 18:53:07] Enabling prettier for languages
[
  "css",
  "graphql",
  "html",
  "javascript",
  "javascriptreact",
  "json",
  "json5",
  "jsonc",
  "less",
  "markdown",
  "mdx",
  "mongo",
  "postcss",
  "scss",
  "typescript",
  "typescriptreact",
  "vue",
  "yaml"
]
["INFO" - 18:53:07] Enabling prettier for range supported languages
[
  "graphql",
  "javascript",
  "javascriptreact",
  "json",
  "typescript",
  "typescriptreact"
]
["INFO" - 18:54:33] Loaded module 'prettier@1.19.1' from '/home/anna/bootcamp2019/GoBarber/node_modules/prettier/index.js'
["INFO" - 18:54:35] Loaded module 'prettier@1.19.1' from '/home/anna/bootcamp2019/GoBarber/node_modules/prettier/index.js'
["INFO" - 18:54:36] Loaded module 'prettier@1.19.1' from '/home/anna/bootcamp2019/GoBarber/node_modules/prettier/index.js'
["INFO" - 18:54:38] Loaded module 'prettier@1.19.1' from '/home/anna/bootcamp2019/GoBarber/node_modules/prettier/index.js'
["INFO" - 18:54:40] Loaded module 'prettier@1.19.1' from '/home/anna/bootcamp2019/GoBarber/node_modules/prettier/index.js'
["INFO" - 18:55:06] Loaded module 'prettier@1.19.1' from '/home/anna/bootcamp2019/GoBarber/node_modules/prettier/index.js'
["INFO" - 18:55:10] Loaded module 'prettier@1.19.1' from '/home/anna/bootcamp2019/GoBarber/node_modules/prettier/index.js'
["INFO" - 18:55:10] Loaded module 'prettier@1.19.1' from '/home/anna/bootcamp2019/GoBarber/node_modules/prettier/index.js'
["INFO" - 18:55:12] Loaded module 'prettier@1.19.1' from '/home/anna/bootcamp2019/GoBarber/node_modules/prettier/index.js'
["INFO" - 18:55:14] Loaded module 'prettier@1.19.1' from '/home/anna/bootcamp2019/GoBarber/node_modules/prettier/index.js'
["INFO" - 18:55:21] Loaded module 'prettier@1.19.1' from '/home/anna/bootcamp2019/GoBarber/node_modules/prettier/index.js'
["INFO" - 18:55:43] Loaded module 'prettier@1.19.1' from '/home/anna/bootcamp2019/GoBarber/node_modules/prettier/index.js'
["INFO" - 18:55:44] Loaded module 'prettier@1.19.1' from '/home/anna/bootcamp2019/GoBarber/node_modules/prettier/index.js'
["INFO" - 18:55:45] Loaded module 'prettier@1.19.1' from '/home/anna/bootcamp2019/GoBarber/node_modules/prettier/index.js'
["INFO" - 18:55:48] Loaded module 'prettier@1.19.1' from '/home/anna/bootcamp2019/GoBarber/node_modules/prettier/index.js'
